-- The C compiler identification is GNU 11.4.0
-- The CXX compiler identification is GNU 11.4.0
-- Detecting C compiler ABI info
-- Detecting C compiler ABI info - done
-- Check for working C compiler: /usr/bin/cc - skipped
-- Detecting C compile features
-- Detecting C compile features - done
-- Detecting CXX compiler ABI info
-- Detecting CXX compiler ABI info - done
-- Check for working CXX compiler: /usr/bin/c++ - skipped
-- Detecting CXX compile features
-- Detecting CXX compile features - done
-- Found ament_cmake: 1.3.13 (/opt/ros/humble/share/ament_cmake/cmake)
-- Found Python3: /usr/bin/python3 (found version "3.10.12") found components: Interpreter 
-- Found rclcpp: 16.0.18 (/opt/ros/humble/share/rclcpp/cmake)
-- Found rosidl_generator_c: 3.1.8 (/opt/ros/humble/share/rosidl_generator_c/cmake)
-- Found rosidl_adapter: 3.1.8 (/opt/ros/humble/share/rosidl_adapter/cmake)
-- Found rosidl_generator_cpp: 3.1.8 (/opt/ros/humble/share/rosidl_generator_cpp/cmake)
-- Using all available rosidl_typesupport_c: rosidl_typesupport_fastrtps_c;rosidl_typesupport_introspection_c
-- Using all available rosidl_typesupport_cpp: rosidl_typesupport_fastrtps_cpp;rosidl_typesupport_introspection_cpp
-- Found rmw_implementation_cmake: 6.1.2 (/opt/ros/humble/share/rmw_implementation_cmake/cmake)
-- Found rmw_fastrtps_cpp: 6.2.10 (/opt/ros/humble/share/rmw_fastrtps_cpp/cmake)
-- Found OpenSSL: /usr/lib/x86_64-linux-gnu/libcrypto.so (found version "3.0.2")  
-- Found FastRTPS: /opt/ros/humble/include  
-- Using RMW implementation 'rmw_fastrtps_cpp' as default
-- Looking for pthread.h
-- Looking for pthread.h - found
-- Performing Test CMAKE_HAVE_LIBC_PTHREAD
-- Performing Test CMAKE_HAVE_LIBC_PTHREAD - Success
-- Found Threads: TRUE  
-- Found geometry_msgs: 4.9.1 (/opt/ros/humble/share/geometry_msgs/cmake)
-- Found nav_msgs: 4.9.1 (/opt/ros/humble/share/nav_msgs/cmake)
-- Found visualization_msgs: 4.9.1 (/opt/ros/humble/share/visualization_msgs/cmake)
-- Found vacuum_core: 0.1.0 (/home/adam/opk/zadanie2/install/vacuum_core/share/vacuum_core/cmake)
-- Found vacuum_msgs: 0.1.0 (/home/adam/opk/zadanie2/install/vacuum_msgs/share/vacuum_msgs/cmake)
-- Found ament_lint_auto: 0.12.15 (/opt/ros/humble/share/ament_lint_auto/cmake)
-- Added test 'cppcheck' to perform static code analysis on C / C++ code
-- Configured cppcheck include dirs: 
-- Configured cppcheck exclude dirs and/or files: 
-- Added test 'lint_cmake' to check CMake code style
-- Added test 'uncrustify' to check C / C++ code style
-- Configured uncrustify additional arguments: 
-- Added test 'xmllint' to check XML markup files
-- Configuring done
-- Generating done
-- Build files have been written to: /home/adam/opk/zadanie2/build/vacuum_game
[ 16%] Building CXX object CMakeFiles/teleop_node.dir/src/teleop_node.cpp.o
[ 33%] Building CXX object CMakeFiles/bot_node.dir/src/bot_node.cpp.o
[ 50%] Building CXX object CMakeFiles/game_node.dir/src/game_node.cpp.o
[ 66%] Linking CXX executable teleop_node
[ 66%] Built target teleop_node
[ 83%] Linking CXX executable game_node
[ 83%] Built target game_node
[100%] Linking CXX executable bot_node
[100%] Built target bot_node
-- Install configuration: ""
-- Installing: /home/adam/opk/zadanie2/install/vacuum_game/lib/vacuum_game/game_node
-- Set runtime path of "/home/adam/opk/zadanie2/install/vacuum_game/lib/vacuum_game/game_node" to ""
-- Installing: /home/adam/opk/zadanie2/install/vacuum_game/lib/vacuum_game/teleop_node
-- Set runtime path of "/home/adam/opk/zadanie2/install/vacuum_game/lib/vacuum_game/teleop_node" to ""
-- Installing: /home/adam/opk/zadanie2/install/vacuum_game/lib/vacuum_game/bot_node
-- Set runtime path of "/home/adam/opk/zadanie2/install/vacuum_game/lib/vacuum_game/bot_node" to ""
-- Installing: /home/adam/opk/zadanie2/install/vacuum_game/share/ament_index/resource_index/package_run_dependencies/vacuum_game
-- Installing: /home/adam/opk/zadanie2/install/vacuum_game/share/ament_index/resource_index/parent_prefix_path/vacuum_game
-- Installing: /home/adam/opk/zadanie2/install/vacuum_game/share/vacuum_game/environment/ament_prefix_path.sh
-- Installing: /home/adam/opk/zadanie2/install/vacuum_game/share/vacuum_game/environment/ament_prefix_path.dsv
-- Installing: /home/adam/opk/zadanie2/install/vacuum_game/share/vacuum_game/environment/path.sh
-- Installing: /home/adam/opk/zadanie2/install/vacuum_game/share/vacuum_game/environment/path.dsv
-- Installing: /home/adam/opk/zadanie2/install/vacuum_game/share/vacuum_game/local_setup.bash
-- Installing: /home/adam/opk/zadanie2/install/vacuum_game/share/vacuum_game/local_setup.sh
-- Installing: /home/adam/opk/zadanie2/install/vacuum_game/share/vacuum_game/local_setup.zsh
-- Installing: /home/adam/opk/zadanie2/install/vacuum_game/share/vacuum_game/local_setup.dsv
-- Installing: /home/adam/opk/zadanie2/install/vacuum_game/share/vacuum_game/package.dsv
-- Installing: /home/adam/opk/zadanie2/install/vacuum_game/share/ament_index/resource_index/packages/vacuum_game
-- Installing: /home/adam/opk/zadanie2/install/vacuum_game/share/vacuum_game/cmake/vacuum_gameConfig.cmake
-- Installing: /home/adam/opk/zadanie2/install/vacuum_game/share/vacuum_game/cmake/vacuum_gameConfig-version.cmake
-- Installing: /home/adam/opk/zadanie2/install/vacuum_game/share/vacuum_game/package.xml
