-- Found ament_cmake: 1.3.13 (/opt/ros/humble/share/ament_cmake/cmake)
-- Override CMake install command with custom implementation using symlinks instead of copying resources
-- Found ament_cmake_gtest: 1.3.13 (/opt/ros/humble/share/ament_cmake_gtest/cmake)
-- Found gtest sources under '/opt/ros/humble/src/gtest_vendor': C++ tests using 'Google Test' will be built
-- Configuring done
-- Generating done
-- Build files have been written to: /home/adam/opk/zadanie2/build/core
[35m[1mConsolidate compiler generated dependencies of target gtest[0m
[35m[1mConsolidate compiler generated dependencies of target gtest_main[0m
[35m[1mConsolidate compiler generated dependencies of target core[0m
[  9%] Built target gtest_main
[ 19%] Built target gtest
[ 61%] Built target core
[35m[1mConsolidate compiler generated dependencies of target test_bot_controller[0m
[35m[1mConsolidate compiler generated dependencies of target test_world_manager[0m
[35m[1mConsolidate compiler generated dependencies of target test_trash_factory[0m
[35m[1mConsolidate compiler generated dependencies of target test_config_loader[0m
[ 71%] Built target test_bot_controller
[ 80%] Built target test_world_manager
[100%] Built target test_trash_factory
[100%] Built target test_config_loader
-- Install configuration: ""
-- Execute custom install script
-- Up-to-date symlink: /home/adam/opk/zadanie2/install/core/include/core/config/ConfigLoader.h
-- Up-to-date symlink: /home/adam/opk/zadanie2/install/core/include/core/config/GameConfig.h
-- Up-to-date symlink: /home/adam/opk/zadanie2/install/core/include/core/environment/Environment.h
-- Up-to-date symlink: /home/adam/opk/zadanie2/install/core/include/core/game/BotController.h
-- Up-to-date symlink: /home/adam/opk/zadanie2/install/core/include/core/game/GameLogic.h
-- Up-to-date symlink: /home/adam/opk/zadanie2/install/core/include/core/lidar/Lidar.h
-- Up-to-date symlink: /home/adam/opk/zadanie2/install/core/include/core/robot/Robot.h
-- Up-to-date symlink: /home/adam/opk/zadanie2/install/core/include/core/types/Geometry.h
-- Up-to-date symlink: /home/adam/opk/zadanie2/install/core/include/core/util/Exception.h
-- Up-to-date symlink: /home/adam/opk/zadanie2/install/core/include/core/world/Collectible.h
-- Up-to-date symlink: /home/adam/opk/zadanie2/install/core/include/core/world/Obstacle.h
-- Up-to-date symlink: /home/adam/opk/zadanie2/install/core/include/core/world/Station.h
-- Up-to-date symlink: /home/adam/opk/zadanie2/install/core/include/core/world/TrashFactory.h
-- Up-to-date symlink: /home/adam/opk/zadanie2/install/core/include/core/world/WorldManager.h
-- Up-to-date symlink: /home/adam/opk/zadanie2/install/core/include/core/world/WorldObject.h
-- Up-to-date symlink: /home/adam/opk/zadanie2/install/core/share/core/environment/library_path.sh
-- Up-to-date symlink: /home/adam/opk/zadanie2/install/core/share/core/environment/library_path.dsv
-- Up-to-date symlink: /home/adam/opk/zadanie2/install/core/share/ament_index/resource_index/package_run_dependencies/core
-- Up-to-date symlink: /home/adam/opk/zadanie2/install/core/share/ament_index/resource_index/parent_prefix_path/core
-- Up-to-date symlink: /home/adam/opk/zadanie2/install/core/share/core/environment/ament_prefix_path.sh
-- Up-to-date symlink: /home/adam/opk/zadanie2/install/core/share/core/environment/ament_prefix_path.dsv
-- Up-to-date symlink: /home/adam/opk/zadanie2/install/core/share/core/environment/path.sh
-- Up-to-date symlink: /home/adam/opk/zadanie2/install/core/share/core/environment/path.dsv
-- Up-to-date symlink: /home/adam/opk/zadanie2/install/core/share/core/local_setup.bash
-- Up-to-date symlink: /home/adam/opk/zadanie2/install/core/share/core/local_setup.sh
-- Up-to-date symlink: /home/adam/opk/zadanie2/install/core/share/core/local_setup.zsh
-- Up-to-date symlink: /home/adam/opk/zadanie2/install/core/share/core/local_setup.dsv
-- Symlinking: /home/adam/opk/zadanie2/install/core/share/core/package.dsv
-- Up-to-date symlink: /home/adam/opk/zadanie2/install/core/share/ament_index/resource_index/packages/core
-- Up-to-date symlink: /home/adam/opk/zadanie2/install/core/share/core/cmake/ament_cmake_export_include_directories-extras.cmake
-- Up-to-date symlink: /home/adam/opk/zadanie2/install/core/share/core/cmake/ament_cmake_export_libraries-extras.cmake
-- Up-to-date symlink: /home/adam/opk/zadanie2/install/core/share/core/cmake/ament_cmake_export_targets-extras.cmake
-- Up-to-date symlink: /home/adam/opk/zadanie2/install/core/share/core/cmake/ament_cmake_export_dependencies-extras.cmake
-- Up-to-date symlink: /home/adam/opk/zadanie2/install/core/share/core/cmake/coreConfig.cmake
-- Up-to-date symlink: /home/adam/opk/zadanie2/install/core/share/core/cmake/coreConfig-version.cmake
-- Up-to-date symlink: /home/adam/opk/zadanie2/install/core/share/core/package.xml
-- Up-to-date: /home/adam/opk/zadanie2/install/core/lib/libcore.so
-- Up-to-date: /home/adam/opk/zadanie2/install/core/share/core/cmake/export_coreExport.cmake
-- Up-to-date: /home/adam/opk/zadanie2/install/core/share/core/cmake/export_coreExport-noconfig.cmake
