[0.012s] Invoking command in '/home/adam/opk/zadanie2/build/core': CMAKE_PREFIX_PATH=${CMAKE_PREFIX_PATH}:/opt/ros/humble /usr/bin/cmake /home/adam/opk/zadanie2/src/core -DCMAKE_INSTALL_PREFIX=/home/adam/opk/zadanie2/install/core
[0.022s] -- Found ament_cmake: 1.3.13 (/opt/ros/humble/share/ament_cmake/cmake)
[0.111s] -- Override CMake install command with custom implementation using symlinks instead of copying resources
[0.123s] -- Found ament_cmake_gtest: 1.3.13 (/opt/ros/humble/share/ament_cmake_gtest/cmake)
[0.123s] -- Found gtest sources under '/opt/ros/humble/src/gtest_vendor': C++ tests using 'Google Test' will be built
[0.175s] -- Configuring done
[0.187s] -- Generating done
[0.191s] -- Build files have been written to: /home/adam/opk/zadanie2/build/core
[0.194s] Invoked command in '/home/adam/opk/zadanie2/build/core' returned '0': CMAKE_PREFIX_PATH=${CMAKE_PREFIX_PATH}:/opt/ros/humble /usr/bin/cmake /home/adam/opk/zadanie2/src/core -DCMAKE_INSTALL_PREFIX=/home/adam/opk/zadanie2/install/core
[0.195s] Invoking command in '/home/adam/opk/zadanie2/build/core': CMAKE_PREFIX_PATH=${CMAKE_PREFIX_PATH}:/opt/ros/humble /usr/bin/cmake --build /home/adam/opk/zadanie2/build/core -- -j12 -l12
[0.232s] [35m[1mConsolidate compiler generated dependencies of target gtest[0m
[0.232s] [35m[1mConsolidate compiler generated dependencies of target gtest_main[0m
[0.233s] [35m[1mConsolidate compiler generated dependencies of target core[0m
[0.245s] [  9%] Built target gtest_main
[0.245s] [ 19%] Built target gtest
[0.247s] [ 61%] Built target core
[0.257s] [35m[1mConsolidate compiler generated dependencies of target test_bot_controller[0m
[0.257s] [35m[1mConsolidate compiler generated dependencies of target test_world_manager[0m
[0.257s] [35m[1mConsolidate compiler generated dependencies of target test_trash_factory[0m
[0.257s] [35m[1mConsolidate compiler generated dependencies of target test_config_loader[0m
[0.270s] [ 71%] Built target test_bot_controller
[0.280s] [ 80%] Built target test_world_manager
[0.280s] [100%] Built target test_trash_factory
[0.280s] [100%] Built target test_config_loader
[0.289s] Invoked command in '/home/adam/opk/zadanie2/build/core' returned '0': CMAKE_PREFIX_PATH=${CMAKE_PREFIX_PATH}:/opt/ros/humble /usr/bin/cmake --build /home/adam/opk/zadanie2/build/core -- -j12 -l12
[0.297s] Invoking command in '/home/adam/opk/zadanie2/build/core': CMAKE_PREFIX_PATH=${CMAKE_PREFIX_PATH}:/opt/ros/humble /usr/bin/cmake --install /home/adam/opk/zadanie2/build/core
[0.304s] -- Install configuration: ""
[0.304s] -- Execute custom install script
[0.304s] -- Up-to-date symlink: /home/adam/opk/zadanie2/install/core/include/core/config/ConfigLoader.h
[0.304s] -- Up-to-date symlink: /home/adam/opk/zadanie2/install/core/include/core/config/GameConfig.h
[0.304s] -- Up-to-date symlink: /home/adam/opk/zadanie2/install/core/include/core/environment/Environment.h
[0.305s] -- Up-to-date symlink: /home/adam/opk/zadanie2/install/core/include/core/game/BotController.h
[0.305s] -- Up-to-date symlink: /home/adam/opk/zadanie2/install/core/include/core/game/GameLogic.h
[0.305s] -- Up-to-date symlink: /home/adam/opk/zadanie2/install/core/include/core/lidar/Lidar.h
[0.305s] -- Up-to-date symlink: /home/adam/opk/zadanie2/install/core/include/core/robot/Robot.h
[0.305s] -- Up-to-date symlink: /home/adam/opk/zadanie2/install/core/include/core/types/Geometry.h
[0.305s] -- Up-to-date symlink: /home/adam/opk/zadanie2/install/core/include/core/util/Exception.h
[0.305s] -- Up-to-date symlink: /home/adam/opk/zadanie2/install/core/include/core/world/Collectible.h
[0.305s] -- Up-to-date symlink: /home/adam/opk/zadanie2/install/core/include/core/world/Obstacle.h
[0.305s] -- Up-to-date symlink: /home/adam/opk/zadanie2/install/core/include/core/world/Station.h
[0.305s] -- Up-to-date symlink: /home/adam/opk/zadanie2/install/core/include/core/world/TrashFactory.h
[0.305s] -- Up-to-date symlink: /home/adam/opk/zadanie2/install/core/include/core/world/WorldManager.h
[0.305s] -- Up-to-date symlink: /home/adam/opk/zadanie2/install/core/include/core/world/WorldObject.h
[0.306s] -- Up-to-date symlink: /home/adam/opk/zadanie2/install/core/share/core/environment/library_path.sh
[0.306s] -- Up-to-date symlink: /home/adam/opk/zadanie2/install/core/share/core/environment/library_path.dsv
[0.306s] -- Up-to-date symlink: /home/adam/opk/zadanie2/install/core/share/ament_index/resource_index/package_run_dependencies/core
[0.306s] -- Up-to-date symlink: /home/adam/opk/zadanie2/install/core/share/ament_index/resource_index/parent_prefix_path/core
[0.306s] -- Up-to-date symlink: /home/adam/opk/zadanie2/install/core/share/core/environment/ament_prefix_path.sh
[0.306s] -- Up-to-date symlink: /home/adam/opk/zadanie2/install/core/share/core/environment/ament_prefix_path.dsv
[0.306s] -- Up-to-date symlink: /home/adam/opk/zadanie2/install/core/share/core/environment/path.sh
[0.306s] -- Up-to-date symlink: /home/adam/opk/zadanie2/install/core/share/core/environment/path.dsv
[0.306s] -- Up-to-date symlink: /home/adam/opk/zadanie2/install/core/share/core/local_setup.bash
[0.306s] -- Up-to-date symlink: /home/adam/opk/zadanie2/install/core/share/core/local_setup.sh
[0.306s] -- Up-to-date symlink: /home/adam/opk/zadanie2/install/core/share/core/local_setup.zsh
[0.306s] -- Up-to-date symlink: /home/adam/opk/zadanie2/install/core/share/core/local_setup.dsv
[0.306s] -- Symlinking: /home/adam/opk/zadanie2/install/core/share/core/package.dsv
[0.315s] -- Up-to-date symlink: /home/adam/opk/zadanie2/install/core/share/ament_index/resource_index/packages/core
[0.315s] -- Up-to-date symlink: /home/adam/opk/zadanie2/install/core/share/core/cmake/ament_cmake_export_include_directories-extras.cmake
[0.315s] -- Up-to-date symlink: /home/adam/opk/zadanie2/install/core/share/core/cmake/ament_cmake_export_libraries-extras.cmake
[0.315s] -- Up-to-date symlink: /home/adam/opk/zadanie2/install/core/share/core/cmake/ament_cmake_export_targets-extras.cmake
[0.315s] -- Up-to-date symlink: /home/adam/opk/zadanie2/install/core/share/core/cmake/ament_cmake_export_dependencies-extras.cmake
[0.315s] -- Up-to-date symlink: /home/adam/opk/zadanie2/install/core/share/core/cmake/coreConfig.cmake
[0.315s] -- Up-to-date symlink: /home/adam/opk/zadanie2/install/core/share/core/cmake/coreConfig-version.cmake
[0.315s] -- Up-to-date symlink: /home/adam/opk/zadanie2/install/core/share/core/package.xml
[0.315s] -- Up-to-date: /home/adam/opk/zadanie2/install/core/lib/libcore.so
[0.316s] -- Up-to-date: /home/adam/opk/zadanie2/install/core/share/core/cmake/export_coreExport.cmake
[0.316s] -- Up-to-date: /home/adam/opk/zadanie2/install/core/share/core/cmake/export_coreExport-noconfig.cmake
[0.317s] Invoked command in '/home/adam/opk/zadanie2/build/core' returned '0': CMAKE_PREFIX_PATH=${CMAKE_PREFIX_PATH}:/opt/ros/humble /usr/bin/cmake --install /home/adam/opk/zadanie2/build/core
