[0.064s] DEBUG:colcon:Command line arguments: ['/usr/bin/colcon', 'build', '--packages-select', 'nodes']
[0.064s] DEBUG:colcon:Parsed command line arguments: Namespace(log_base=None, log_level=None, verb_name='build', build_base='build', install_base='install', merge_install=False, symlink_install=False, test_result_base=None, continue_on_error=False, executor='parallel', parallel_workers=12, event_handlers=None, ignore_user_meta=False, metas=['./colcon.meta'], base_paths=['.'], packages_ignore=None, packages_ignore_regex=None, paths=None, packages_up_to=None, packages_up_to_regex=None, packages_above=None, packages_above_and_dependencies=None, packages_above_depth=None, packages_select_by_dep=None, packages_skip_by_dep=None, packages_skip_up_to=None, packages_select_build_failed=False, packages_skip_build_finished=False, packages_select_test_failures=False, packages_skip_test_passed=False, packages_select=['nodes'], packages_skip=None, packages_select_regex=None, packages_skip_regex=None, packages_start=None, packages_end=None, allow_overriding=[], cmake_args=None, cmake_target=None, cmake_target_skip_unavailable=False, cmake_clean_cache=False, cmake_clean_first=False, cmake_force_configure=False, ament_cmake_args=None, catkin_cmake_args=None, catkin_skip_building_tests=False, verb_parser=<colcon_defaults.argument_parser.defaults.DefaultArgumentsDecorator object at 0x77c3b404c3d0>, verb_extension=<colcon_core.verb.build.BuildVerb object at 0x77c3b401b370>, main=<bound method BuildVerb.main of <colcon_core.verb.build.BuildVerb object at 0x77c3b401b370>>)
[0.153s] Level 1:colcon.colcon_core.package_discovery:discover_packages(colcon_meta) check parameters
[0.153s] Level 1:colcon.colcon_core.package_discovery:discover_packages(recursive) check parameters
[0.153s] Level 1:colcon.colcon_core.package_discovery:discover_packages(ignore) check parameters
[0.153s] Level 1:colcon.colcon_core.package_discovery:discover_packages(path) check parameters
[0.153s] Level 1:colcon.colcon_core.package_discovery:discover_packages(colcon_meta) discover
[0.153s] Level 1:colcon.colcon_core.package_discovery:discover_packages(recursive) discover
[0.153s] INFO:colcon.colcon_core.package_discovery:Crawling recursively for packages in '/home/adam/opk/zadanie2'
[0.153s] Level 1:colcon.colcon_core.package_identification:_identify(.) by extensions ['ignore', 'ignore_ament_install']
[0.153s] Level 1:colcon.colcon_core.package_identification:_identify(.) by extension 'ignore'
[0.153s] Level 1:colcon.colcon_core.package_identification:_identify(.) by extension 'ignore_ament_install'
[0.153s] Level 1:colcon.colcon_core.package_identification:_identify(.) by extensions ['colcon_pkg']
[0.153s] Level 1:colcon.colcon_core.package_identification:_identify(.) by extension 'colcon_pkg'
[0.153s] Level 1:colcon.colcon_core.package_identification:_identify(.) by extensions ['colcon_meta']
[0.153s] Level 1:colcon.colcon_core.package_identification:_identify(.) by extension 'colcon_meta'
[0.153s] Level 1:colcon.colcon_core.package_identification:_identify(.) by extensions ['ros']
[0.153s] Level 1:colcon.colcon_core.package_identification:_identify(.) by extension 'ros'
[0.161s] Level 1:colcon.colcon_core.package_identification:_identify(.) by extensions ['cmake', 'python']
[0.161s] Level 1:colcon.colcon_core.package_identification:_identify(.) by extension 'cmake'
[0.161s] Level 1:colcon.colcon_core.package_identification:_identify(.) by extension 'python'
[0.161s] Level 1:colcon.colcon_core.package_identification:_identify(.) by extensions ['python_setup_py']
[0.161s] Level 1:colcon.colcon_core.package_identification:_identify(.) by extension 'python_setup_py'
[0.161s] Level 1:colcon.colcon_core.package_identification:_identify(build) by extensions ['ignore', 'ignore_ament_install']
[0.161s] Level 1:colcon.colcon_core.package_identification:_identify(build) by extension 'ignore'
[0.161s] Level 1:colcon.colcon_core.package_identification:_identify(build) ignored
[0.161s] Level 1:colcon.colcon_core.package_identification:_identify(install) by extensions ['ignore', 'ignore_ament_install']
[0.161s] Level 1:colcon.colcon_core.package_identification:_identify(install) by extension 'ignore'
[0.161s] Level 1:colcon.colcon_core.package_identification:_identify(install) ignored
[0.161s] Level 1:colcon.colcon_core.package_identification:_identify(log) by extensions ['ignore', 'ignore_ament_install']
[0.161s] Level 1:colcon.colcon_core.package_identification:_identify(log) by extension 'ignore'
[0.161s] Level 1:colcon.colcon_core.package_identification:_identify(log) ignored
[0.161s] Level 1:colcon.colcon_core.package_identification:_identify(src) by extensions ['ignore', 'ignore_ament_install']
[0.161s] Level 1:colcon.colcon_core.package_identification:_identify(src) by extension 'ignore'
[0.161s] Level 1:colcon.colcon_core.package_identification:_identify(src) by extension 'ignore_ament_install'
[0.161s] Level 1:colcon.colcon_core.package_identification:_identify(src) by extensions ['colcon_pkg']
[0.161s] Level 1:colcon.colcon_core.package_identification:_identify(src) by extension 'colcon_pkg'
[0.161s] Level 1:colcon.colcon_core.package_identification:_identify(src) by extensions ['colcon_meta']
[0.161s] Level 1:colcon.colcon_core.package_identification:_identify(src) by extension 'colcon_meta'
[0.161s] Level 1:colcon.colcon_core.package_identification:_identify(src) by extensions ['ros']
[0.162s] Level 1:colcon.colcon_core.package_identification:_identify(src) by extension 'ros'
[0.162s] Level 1:colcon.colcon_core.package_identification:_identify(src) by extensions ['cmake', 'python']
[0.162s] Level 1:colcon.colcon_core.package_identification:_identify(src) by extension 'cmake'
[0.162s] Level 1:colcon.colcon_core.package_identification:_identify(src) by extension 'python'
[0.162s] Level 1:colcon.colcon_core.package_identification:_identify(src) by extensions ['python_setup_py']
[0.162s] Level 1:colcon.colcon_core.package_identification:_identify(src) by extension 'python_setup_py'
[0.162s] Level 1:colcon.colcon_core.package_identification:_identify(src/bringup) by extensions ['ignore', 'ignore_ament_install']
[0.162s] Level 1:colcon.colcon_core.package_identification:_identify(src/bringup) by extension 'ignore'
[0.162s] Level 1:colcon.colcon_core.package_identification:_identify(src/bringup) by extension 'ignore_ament_install'
[0.162s] Level 1:colcon.colcon_core.package_identification:_identify(src/bringup) by extensions ['colcon_pkg']
[0.162s] Level 1:colcon.colcon_core.package_identification:_identify(src/bringup) by extension 'colcon_pkg'
[0.162s] Level 1:colcon.colcon_core.package_identification:_identify(src/bringup) by extensions ['colcon_meta']
[0.162s] Level 1:colcon.colcon_core.package_identification:_identify(src/bringup) by extension 'colcon_meta'
[0.162s] Level 1:colcon.colcon_core.package_identification:_identify(src/bringup) by extensions ['ros']
[0.162s] Level 1:colcon.colcon_core.package_identification:_identify(src/bringup) by extension 'ros'
[0.163s] DEBUG:colcon.colcon_core.package_identification:Package 'src/bringup' with type 'ros.ament_cmake' and name 'bringup'
[0.163s] Level 1:colcon.colcon_core.package_identification:_identify(src/core) by extensions ['ignore', 'ignore_ament_install']
[0.164s] Level 1:colcon.colcon_core.package_identification:_identify(src/core) by extension 'ignore'
[0.164s] Level 1:colcon.colcon_core.package_identification:_identify(src/core) by extension 'ignore_ament_install'
[0.164s] Level 1:colcon.colcon_core.package_identification:_identify(src/core) by extensions ['colcon_pkg']
[0.164s] Level 1:colcon.colcon_core.package_identification:_identify(src/core) by extension 'colcon_pkg'
[0.164s] Level 1:colcon.colcon_core.package_identification:_identify(src/core) by extensions ['colcon_meta']
[0.164s] Level 1:colcon.colcon_core.package_identification:_identify(src/core) by extension 'colcon_meta'
[0.164s] Level 1:colcon.colcon_core.package_identification:_identify(src/core) by extensions ['ros']
[0.164s] Level 1:colcon.colcon_core.package_identification:_identify(src/core) by extension 'ros'
[0.164s] DEBUG:colcon.colcon_core.package_identification:Package 'src/core' with type 'ros.ament_cmake' and name 'core'
[0.164s] Level 1:colcon.colcon_core.package_identification:_identify(src/msgs) by extensions ['ignore', 'ignore_ament_install']
[0.164s] Level 1:colcon.colcon_core.package_identification:_identify(src/msgs) by extension 'ignore'
[0.164s] Level 1:colcon.colcon_core.package_identification:_identify(src/msgs) by extension 'ignore_ament_install'
[0.164s] Level 1:colcon.colcon_core.package_identification:_identify(src/msgs) by extensions ['colcon_pkg']
[0.164s] Level 1:colcon.colcon_core.package_identification:_identify(src/msgs) by extension 'colcon_pkg'
[0.164s] Level 1:colcon.colcon_core.package_identification:_identify(src/msgs) by extensions ['colcon_meta']
[0.164s] Level 1:colcon.colcon_core.package_identification:_identify(src/msgs) by extension 'colcon_meta'
[0.164s] Level 1:colcon.colcon_core.package_identification:_identify(src/msgs) by extensions ['ros']
[0.164s] Level 1:colcon.colcon_core.package_identification:_identify(src/msgs) by extension 'ros'
[0.165s] DEBUG:colcon.colcon_core.package_identification:Package 'src/msgs' with type 'ros.ament_cmake' and name 'msgs'
[0.165s] Level 1:colcon.colcon_core.package_identification:_identify(src/nodes) by extensions ['ignore', 'ignore_ament_install']
[0.165s] Level 1:colcon.colcon_core.package_identification:_identify(src/nodes) by extension 'ignore'
[0.165s] Level 1:colcon.colcon_core.package_identification:_identify(src/nodes) by extension 'ignore_ament_install'
[0.165s] Level 1:colcon.colcon_core.package_identification:_identify(src/nodes) by extensions ['colcon_pkg']
[0.165s] Level 1:colcon.colcon_core.package_identification:_identify(src/nodes) by extension 'colcon_pkg'
[0.165s] Level 1:colcon.colcon_core.package_identification:_identify(src/nodes) by extensions ['colcon_meta']
[0.165s] Level 1:colcon.colcon_core.package_identification:_identify(src/nodes) by extension 'colcon_meta'
[0.165s] Level 1:colcon.colcon_core.package_identification:_identify(src/nodes) by extensions ['ros']
[0.165s] Level 1:colcon.colcon_core.package_identification:_identify(src/nodes) by extension 'ros'
[0.166s] DEBUG:colcon.colcon_core.package_identification:Package 'src/nodes' with type 'ros.ament_cmake' and name 'nodes'
[0.166s] Level 1:colcon.colcon_core.package_discovery:discover_packages(recursive) using defaults
[0.166s] Level 1:colcon.colcon_core.package_discovery:discover_packages(ignore) discover
[0.166s] Level 1:colcon.colcon_core.package_discovery:discover_packages(ignore) using defaults
[0.166s] Level 1:colcon.colcon_core.package_discovery:discover_packages(path) discover
[0.166s] Level 1:colcon.colcon_core.package_discovery:discover_packages(path) using defaults
[0.179s] INFO:colcon.colcon_core.package_selection:Skipping not selected package 'core' in 'src/core'
[0.179s] INFO:colcon.colcon_core.package_selection:Skipping not selected package 'msgs' in 'src/msgs'
[0.179s] INFO:colcon.colcon_core.package_selection:Skipping not selected package 'bringup' in 'src/bringup'
[0.179s] Level 1:colcon.colcon_core.package_discovery:discover_packages(prefix_path) check parameters
[0.179s] Level 1:colcon.colcon_core.package_discovery:discover_packages(prefix_path) discover
[0.180s] WARNING:colcon.colcon_ros.prefix_path.ament:The path '/home/adam/opk/zadanie2/install/nodes' in the environment variable AMENT_PREFIX_PATH doesn't exist
[0.180s] WARNING:colcon.colcon_ros.prefix_path.catkin:The path '/home/adam/opk/zadanie2/install/nodes' in the environment variable CMAKE_PREFIX_PATH doesn't exist
[0.181s] DEBUG:colcon.colcon_installed_package_information.package_discovery:Found 8 installed packages in /home/adam/opk/zadanie2/install
[0.181s] DEBUG:colcon.colcon_installed_package_information.package_discovery:Found 13 installed packages in /home/adam/rrm_ws/install
[0.181s] DEBUG:colcon.colcon_installed_package_information.package_discovery:Found 2 installed packages in /home/adam/install
[0.182s] DEBUG:colcon.colcon_installed_package_information.package_discovery:Found 274 installed packages in /opt/ros/humble
[0.189s] Level 1:colcon.colcon_core.package_discovery:discover_packages(prefix_path) using defaults
[0.211s] Level 5:colcon.colcon_core.verb:set package 'nodes' build argument 'cmake_args' from command line to 'None'
[0.211s] Level 5:colcon.colcon_core.verb:set package 'nodes' build argument 'cmake_target' from command line to 'None'
[0.211s] Level 5:colcon.colcon_core.verb:set package 'nodes' build argument 'cmake_target_skip_unavailable' from command line to 'False'
[0.211s] Level 5:colcon.colcon_core.verb:set package 'nodes' build argument 'cmake_clean_cache' from command line to 'False'
[0.211s] Level 5:colcon.colcon_core.verb:set package 'nodes' build argument 'cmake_clean_first' from command line to 'False'
[0.211s] Level 5:colcon.colcon_core.verb:set package 'nodes' build argument 'cmake_force_configure' from command line to 'False'
[0.211s] Level 5:colcon.colcon_core.verb:set package 'nodes' build argument 'ament_cmake_args' from command line to 'None'
[0.211s] Level 5:colcon.colcon_core.verb:set package 'nodes' build argument 'catkin_cmake_args' from command line to 'None'
[0.211s] Level 5:colcon.colcon_core.verb:set package 'nodes' build argument 'catkin_skip_building_tests' from command line to 'False'
[0.211s] DEBUG:colcon.colcon_core.verb:Building package 'nodes' with the following arguments: {'ament_cmake_args': None, 'build_base': '/home/adam/opk/zadanie2/build/nodes', 'catkin_cmake_args': None, 'catkin_skip_building_tests': False, 'cmake_args': None, 'cmake_clean_cache': False, 'cmake_clean_first': False, 'cmake_force_configure': False, 'cmake_target': None, 'cmake_target_skip_unavailable': False, 'install_base': '/home/adam/opk/zadanie2/install/nodes', 'merge_install': False, 'path': '/home/adam/opk/zadanie2/src/nodes', 'symlink_install': False, 'test_result_base': None}
[0.211s] INFO:colcon.colcon_core.executor:Executing jobs using 'parallel' executor
[0.213s] DEBUG:colcon.colcon_parallel_executor.executor.parallel:run_until_complete
[0.213s] INFO:colcon.colcon_ros.task.ament_cmake.build:Building ROS package in '/home/adam/opk/zadanie2/src/nodes' with build type 'ament_cmake'
[0.213s] INFO:colcon.colcon_cmake.task.cmake.build:Building CMake package in '/home/adam/opk/zadanie2/src/nodes'
[0.215s] INFO:colcon.colcon_core.plugin_system:Skipping extension 'colcon_core.shell.bat': Not used on non-Windows systems
[0.215s] INFO:colcon.colcon_core.shell:Skip shell extension 'powershell' for command environment: Not usable outside of PowerShell
[0.215s] DEBUG:colcon.colcon_core.shell:Skip shell extension 'dsv' for command environment
[0.228s] DEBUG:colcon.colcon_core.event_handler.log_command:Invoking command in '/home/adam/opk/zadanie2/build/nodes': CMAKE_PREFIX_PATH=/home/adam/opk/zadanie2/install/msgs:/home/adam/opk/zadanie2/install/core:/home/adam/opk/zadanie2/install/vacuum_bringup:/home/adam/opk/zadanie2/install/bringup:/home/adam/opk/zadanie2/install/vacuum_robot:/home/adam/opk/zadanie2/install/vacuum_game:/home/adam/opk/zadanie2/install/vacuum_msgs:/home/adam/opk/zadanie2/install/vacuum_core:/home/adam/opk/zadanie2/install/nodes:/home/adam/rrm_ws/install/zadanie5_model:/home/adam/rrm_ws/install/zad6ik:/home/adam/rrm_ws/install/zad6fk:/home/adam/rrm_ws/install/zad4:/home/adam/rrm_ws/install/zad1:/home/adam/rrm_ws/install/rrm_simple_robot_model:/home/adam/rrm_ws/install/rrm_sim:/home/adam/rrm_ws/install/rrm_projekt:/home/adam/rrm_ws/install/block1_elias:/home/adam/rrm_ws/install/rrm_msgs:/home/adam/rrm_ws/install/cv1:/home/adam/rrm_ws/install/abb_model:/home/adam/rrm_ws/install/abb_irb4600_ikfast:/opt/ros/humble LD_LIBRARY_PATH=/home/adam/opk/zadanie2/install/msgs/lib:/home/adam/opk/zadanie2/install/core/lib:/home/adam/opk/zadanie2/install/vacuum_msgs/lib:/home/adam/opk/zadanie2/install/vacuum_core/lib:/home/adam/rrm_ws/install/zad6ik/lib:/home/adam/rrm_ws/install/zad4/lib:/home/adam/rrm_ws/install/rrm_projekt/lib:/home/adam/rrm_ws/install/rrm_msgs/lib:/home/adam/rrm_ws/install/abb_irb4600_ikfast/lib:/opt/ros/humble/opt/rviz_ogre_vendor/lib:/opt/ros/humble/lib/x86_64-linux-gnu:/opt/ros/humble/lib /usr/bin/cmake /home/adam/opk/zadanie2/src/nodes -DCMAKE_INSTALL_PREFIX=/home/adam/opk/zadanie2/install/nodes
[1.543s] DEBUG:colcon.colcon_core.event_handler.log_command:Invoked command in '/home/adam/opk/zadanie2/build/nodes' returned '0': CMAKE_PREFIX_PATH=/home/adam/opk/zadanie2/install/msgs:/home/adam/opk/zadanie2/install/core:/home/adam/opk/zadanie2/install/vacuum_bringup:/home/adam/opk/zadanie2/install/bringup:/home/adam/opk/zadanie2/install/vacuum_robot:/home/adam/opk/zadanie2/install/vacuum_game:/home/adam/opk/zadanie2/install/vacuum_msgs:/home/adam/opk/zadanie2/install/vacuum_core:/home/adam/opk/zadanie2/install/nodes:/home/adam/rrm_ws/install/zadanie5_model:/home/adam/rrm_ws/install/zad6ik:/home/adam/rrm_ws/install/zad6fk:/home/adam/rrm_ws/install/zad4:/home/adam/rrm_ws/install/zad1:/home/adam/rrm_ws/install/rrm_simple_robot_model:/home/adam/rrm_ws/install/rrm_sim:/home/adam/rrm_ws/install/rrm_projekt:/home/adam/rrm_ws/install/block1_elias:/home/adam/rrm_ws/install/rrm_msgs:/home/adam/rrm_ws/install/cv1:/home/adam/rrm_ws/install/abb_model:/home/adam/rrm_ws/install/abb_irb4600_ikfast:/opt/ros/humble LD_LIBRARY_PATH=/home/adam/opk/zadanie2/install/msgs/lib:/home/adam/opk/zadanie2/install/core/lib:/home/adam/opk/zadanie2/install/vacuum_msgs/lib:/home/adam/opk/zadanie2/install/vacuum_core/lib:/home/adam/rrm_ws/install/zad6ik/lib:/home/adam/rrm_ws/install/zad4/lib:/home/adam/rrm_ws/install/rrm_projekt/lib:/home/adam/rrm_ws/install/rrm_msgs/lib:/home/adam/rrm_ws/install/abb_irb4600_ikfast/lib:/opt/ros/humble/opt/rviz_ogre_vendor/lib:/opt/ros/humble/lib/x86_64-linux-gnu:/opt/ros/humble/lib /usr/bin/cmake /home/adam/opk/zadanie2/src/nodes -DCMAKE_INSTALL_PREFIX=/home/adam/opk/zadanie2/install/nodes
[1.545s] DEBUG:colcon.colcon_core.event_handler.log_command:Invoking command in '/home/adam/opk/zadanie2/build/nodes': CMAKE_PREFIX_PATH=/home/adam/opk/zadanie2/install/msgs:/home/adam/opk/zadanie2/install/core:/home/adam/opk/zadanie2/install/vacuum_bringup:/home/adam/opk/zadanie2/install/bringup:/home/adam/opk/zadanie2/install/vacuum_robot:/home/adam/opk/zadanie2/install/vacuum_game:/home/adam/opk/zadanie2/install/vacuum_msgs:/home/adam/opk/zadanie2/install/vacuum_core:/home/adam/opk/zadanie2/install/nodes:/home/adam/rrm_ws/install/zadanie5_model:/home/adam/rrm_ws/install/zad6ik:/home/adam/rrm_ws/install/zad6fk:/home/adam/rrm_ws/install/zad4:/home/adam/rrm_ws/install/zad1:/home/adam/rrm_ws/install/rrm_simple_robot_model:/home/adam/rrm_ws/install/rrm_sim:/home/adam/rrm_ws/install/rrm_projekt:/home/adam/rrm_ws/install/block1_elias:/home/adam/rrm_ws/install/rrm_msgs:/home/adam/rrm_ws/install/cv1:/home/adam/rrm_ws/install/abb_model:/home/adam/rrm_ws/install/abb_irb4600_ikfast:/opt/ros/humble LD_LIBRARY_PATH=/home/adam/opk/zadanie2/install/msgs/lib:/home/adam/opk/zadanie2/install/core/lib:/home/adam/opk/zadanie2/install/vacuum_msgs/lib:/home/adam/opk/zadanie2/install/vacuum_core/lib:/home/adam/rrm_ws/install/zad6ik/lib:/home/adam/rrm_ws/install/zad4/lib:/home/adam/rrm_ws/install/rrm_projekt/lib:/home/adam/rrm_ws/install/rrm_msgs/lib:/home/adam/rrm_ws/install/abb_irb4600_ikfast/lib:/opt/ros/humble/opt/rviz_ogre_vendor/lib:/opt/ros/humble/lib/x86_64-linux-gnu:/opt/ros/humble/lib /usr/bin/cmake --build /home/adam/opk/zadanie2/build/nodes -- -j12 -l12
[12.962s] DEBUG:colcon.colcon_core.event_handler.log_command:Invoked command in '/home/adam/opk/zadanie2/build/nodes' returned '0': CMAKE_PREFIX_PATH=/home/adam/opk/zadanie2/install/msgs:/home/adam/opk/zadanie2/install/core:/home/adam/opk/zadanie2/install/vacuum_bringup:/home/adam/opk/zadanie2/install/bringup:/home/adam/opk/zadanie2/install/vacuum_robot:/home/adam/opk/zadanie2/install/vacuum_game:/home/adam/opk/zadanie2/install/vacuum_msgs:/home/adam/opk/zadanie2/install/vacuum_core:/home/adam/opk/zadanie2/install/nodes:/home/adam/rrm_ws/install/zadanie5_model:/home/adam/rrm_ws/install/zad6ik:/home/adam/rrm_ws/install/zad6fk:/home/adam/rrm_ws/install/zad4:/home/adam/rrm_ws/install/zad1:/home/adam/rrm_ws/install/rrm_simple_robot_model:/home/adam/rrm_ws/install/rrm_sim:/home/adam/rrm_ws/install/rrm_projekt:/home/adam/rrm_ws/install/block1_elias:/home/adam/rrm_ws/install/rrm_msgs:/home/adam/rrm_ws/install/cv1:/home/adam/rrm_ws/install/abb_model:/home/adam/rrm_ws/install/abb_irb4600_ikfast:/opt/ros/humble LD_LIBRARY_PATH=/home/adam/opk/zadanie2/install/msgs/lib:/home/adam/opk/zadanie2/install/core/lib:/home/adam/opk/zadanie2/install/vacuum_msgs/lib:/home/adam/opk/zadanie2/install/vacuum_core/lib:/home/adam/rrm_ws/install/zad6ik/lib:/home/adam/rrm_ws/install/zad4/lib:/home/adam/rrm_ws/install/rrm_projekt/lib:/home/adam/rrm_ws/install/rrm_msgs/lib:/home/adam/rrm_ws/install/abb_irb4600_ikfast/lib:/opt/ros/humble/opt/rviz_ogre_vendor/lib:/opt/ros/humble/lib/x86_64-linux-gnu:/opt/ros/humble/lib /usr/bin/cmake --build /home/adam/opk/zadanie2/build/nodes -- -j12 -l12
[12.971s] DEBUG:colcon.colcon_core.event_handler.log_command:Invoking command in '/home/adam/opk/zadanie2/build/nodes': CMAKE_PREFIX_PATH=/home/adam/opk/zadanie2/install/msgs:/home/adam/opk/zadanie2/install/core:/home/adam/opk/zadanie2/install/vacuum_bringup:/home/adam/opk/zadanie2/install/bringup:/home/adam/opk/zadanie2/install/vacuum_robot:/home/adam/opk/zadanie2/install/vacuum_game:/home/adam/opk/zadanie2/install/vacuum_msgs:/home/adam/opk/zadanie2/install/vacuum_core:/home/adam/opk/zadanie2/install/nodes:/home/adam/rrm_ws/install/zadanie5_model:/home/adam/rrm_ws/install/zad6ik:/home/adam/rrm_ws/install/zad6fk:/home/adam/rrm_ws/install/zad4:/home/adam/rrm_ws/install/zad1:/home/adam/rrm_ws/install/rrm_simple_robot_model:/home/adam/rrm_ws/install/rrm_sim:/home/adam/rrm_ws/install/rrm_projekt:/home/adam/rrm_ws/install/block1_elias:/home/adam/rrm_ws/install/rrm_msgs:/home/adam/rrm_ws/install/cv1:/home/adam/rrm_ws/install/abb_model:/home/adam/rrm_ws/install/abb_irb4600_ikfast:/opt/ros/humble LD_LIBRARY_PATH=/home/adam/opk/zadanie2/install/msgs/lib:/home/adam/opk/zadanie2/install/core/lib:/home/adam/opk/zadanie2/install/vacuum_msgs/lib:/home/adam/opk/zadanie2/install/vacuum_core/lib:/home/adam/rrm_ws/install/zad6ik/lib:/home/adam/rrm_ws/install/zad4/lib:/home/adam/rrm_ws/install/rrm_projekt/lib:/home/adam/rrm_ws/install/rrm_msgs/lib:/home/adam/rrm_ws/install/abb_irb4600_ikfast/lib:/opt/ros/humble/opt/rviz_ogre_vendor/lib:/opt/ros/humble/lib/x86_64-linux-gnu:/opt/ros/humble/lib /usr/bin/cmake --install /home/adam/opk/zadanie2/build/nodes
[12.994s] Level 1:colcon.colcon_core.environment:create_environment_scripts_only(nodes)
[12.994s] DEBUG:colcon.colcon_core.event_handler.log_command:Invoked command in '/home/adam/opk/zadanie2/build/nodes' returned '0': CMAKE_PREFIX_PATH=/home/adam/opk/zadanie2/install/msgs:/home/adam/opk/zadanie2/install/core:/home/adam/opk/zadanie2/install/vacuum_bringup:/home/adam/opk/zadanie2/install/bringup:/home/adam/opk/zadanie2/install/vacuum_robot:/home/adam/opk/zadanie2/install/vacuum_game:/home/adam/opk/zadanie2/install/vacuum_msgs:/home/adam/opk/zadanie2/install/vacuum_core:/home/adam/opk/zadanie2/install/nodes:/home/adam/rrm_ws/install/zadanie5_model:/home/adam/rrm_ws/install/zad6ik:/home/adam/rrm_ws/install/zad6fk:/home/adam/rrm_ws/install/zad4:/home/adam/rrm_ws/install/zad1:/home/adam/rrm_ws/install/rrm_simple_robot_model:/home/adam/rrm_ws/install/rrm_sim:/home/adam/rrm_ws/install/rrm_projekt:/home/adam/rrm_ws/install/block1_elias:/home/adam/rrm_ws/install/rrm_msgs:/home/adam/rrm_ws/install/cv1:/home/adam/rrm_ws/install/abb_model:/home/adam/rrm_ws/install/abb_irb4600_ikfast:/opt/ros/humble LD_LIBRARY_PATH=/home/adam/opk/zadanie2/install/msgs/lib:/home/adam/opk/zadanie2/install/core/lib:/home/adam/opk/zadanie2/install/vacuum_msgs/lib:/home/adam/opk/zadanie2/install/vacuum_core/lib:/home/adam/rrm_ws/install/zad6ik/lib:/home/adam/rrm_ws/install/zad4/lib:/home/adam/rrm_ws/install/rrm_projekt/lib:/home/adam/rrm_ws/install/rrm_msgs/lib:/home/adam/rrm_ws/install/abb_irb4600_ikfast/lib:/opt/ros/humble/opt/rviz_ogre_vendor/lib:/opt/ros/humble/lib/x86_64-linux-gnu:/opt/ros/humble/lib /usr/bin/cmake --install /home/adam/opk/zadanie2/build/nodes
[12.997s] Level 1:colcon.colcon_core.environment:checking '/home/adam/opk/zadanie2/install/nodes' for CMake module files
[12.997s] Level 1:colcon.colcon_core.environment:checking '/home/adam/opk/zadanie2/install/nodes' for CMake config files
[12.997s] Level 1:colcon.colcon_core.shell:create_environment_hook('nodes', 'cmake_prefix_path')
[12.998s] INFO:colcon.colcon_core.shell:Creating environment hook '/home/adam/opk/zadanie2/install/nodes/share/nodes/hook/cmake_prefix_path.ps1'
[12.998s] INFO:colcon.colcon_core.shell:Creating environment descriptor '/home/adam/opk/zadanie2/install/nodes/share/nodes/hook/cmake_prefix_path.dsv'
[12.999s] INFO:colcon.colcon_core.shell:Creating environment hook '/home/adam/opk/zadanie2/install/nodes/share/nodes/hook/cmake_prefix_path.sh'
[12.999s] Level 1:colcon.colcon_core.environment:checking '/home/adam/opk/zadanie2/install/nodes/lib'
[13.000s] Level 1:colcon.colcon_core.environment:checking '/home/adam/opk/zadanie2/install/nodes/bin'
[13.000s] Level 1:colcon.colcon_core.environment:checking '/home/adam/opk/zadanie2/install/nodes/lib/pkgconfig/nodes.pc'
[13.000s] Level 1:colcon.colcon_core.environment:checking '/home/adam/opk/zadanie2/install/nodes/lib/python3.10/site-packages'
[13.000s] Level 1:colcon.colcon_core.environment:checking '/home/adam/opk/zadanie2/install/nodes/bin'
[13.001s] INFO:colcon.colcon_core.shell:Creating package script '/home/adam/opk/zadanie2/install/nodes/share/nodes/package.ps1'
[13.001s] INFO:colcon.colcon_core.shell:Creating package descriptor '/home/adam/opk/zadanie2/install/nodes/share/nodes/package.dsv'
[13.002s] INFO:colcon.colcon_core.shell:Creating package script '/home/adam/opk/zadanie2/install/nodes/share/nodes/package.sh'
[13.003s] INFO:colcon.colcon_core.shell:Creating package script '/home/adam/opk/zadanie2/install/nodes/share/nodes/package.bash'
[13.004s] INFO:colcon.colcon_core.shell:Creating package script '/home/adam/opk/zadanie2/install/nodes/share/nodes/package.zsh'
[13.004s] Level 1:colcon.colcon_core.environment:create_file_with_runtime_dependencies(/home/adam/opk/zadanie2/install/nodes/share/colcon-core/packages/nodes)
[13.005s] Level 1:colcon.colcon_core.environment:create_environment_scripts_only(nodes)
[13.005s] Level 1:colcon.colcon_core.environment:checking '/home/adam/opk/zadanie2/install/nodes' for CMake module files
[13.006s] Level 1:colcon.colcon_core.environment:checking '/home/adam/opk/zadanie2/install/nodes' for CMake config files
[13.006s] Level 1:colcon.colcon_core.shell:create_environment_hook('nodes', 'cmake_prefix_path')
[13.006s] INFO:colcon.colcon_core.shell:Creating environment hook '/home/adam/opk/zadanie2/install/nodes/share/nodes/hook/cmake_prefix_path.ps1'
[13.006s] INFO:colcon.colcon_core.shell:Creating environment descriptor '/home/adam/opk/zadanie2/install/nodes/share/nodes/hook/cmake_prefix_path.dsv'
[13.006s] INFO:colcon.colcon_core.shell:Creating environment hook '/home/adam/opk/zadanie2/install/nodes/share/nodes/hook/cmake_prefix_path.sh'
[13.007s] Level 1:colcon.colcon_core.environment:checking '/home/adam/opk/zadanie2/install/nodes/lib'
[13.007s] Level 1:colcon.colcon_core.environment:checking '/home/adam/opk/zadanie2/install/nodes/bin'
[13.007s] Level 1:colcon.colcon_core.environment:checking '/home/adam/opk/zadanie2/install/nodes/lib/pkgconfig/nodes.pc'
[13.007s] Level 1:colcon.colcon_core.environment:checking '/home/adam/opk/zadanie2/install/nodes/lib/python3.10/site-packages'
[13.007s] Level 1:colcon.colcon_core.environment:checking '/home/adam/opk/zadanie2/install/nodes/bin'
[13.007s] INFO:colcon.colcon_core.shell:Creating package script '/home/adam/opk/zadanie2/install/nodes/share/nodes/package.ps1'
[13.008s] INFO:colcon.colcon_core.shell:Creating package descriptor '/home/adam/opk/zadanie2/install/nodes/share/nodes/package.dsv'
[13.010s] INFO:colcon.colcon_core.shell:Creating package script '/home/adam/opk/zadanie2/install/nodes/share/nodes/package.sh'
[13.010s] INFO:colcon.colcon_core.shell:Creating package script '/home/adam/opk/zadanie2/install/nodes/share/nodes/package.bash'
[13.010s] INFO:colcon.colcon_core.shell:Creating package script '/home/adam/opk/zadanie2/install/nodes/share/nodes/package.zsh'
[13.011s] Level 1:colcon.colcon_core.environment:create_file_with_runtime_dependencies(/home/adam/opk/zadanie2/install/nodes/share/colcon-core/packages/nodes)
[13.011s] DEBUG:colcon.colcon_parallel_executor.executor.parallel:closing loop
[13.011s] DEBUG:colcon.colcon_parallel_executor.executor.parallel:loop closed
[13.011s] DEBUG:colcon.colcon_parallel_executor.executor.parallel:run_until_complete finished with '0'
[13.011s] DEBUG:colcon.colcon_core.event_reactor:joining thread
[13.016s] INFO:colcon.colcon_core.plugin_system:Skipping extension 'colcon_notification.desktop_notification.terminal_notifier': Not used on non-Darwin systems
[13.016s] INFO:colcon.colcon_core.plugin_system:Skipping extension 'colcon_notification.desktop_notification.win32': Not used on non-Windows systems
[13.016s] INFO:colcon.colcon_notification.desktop_notification:Sending desktop notification using 'notify2'
[13.026s] DEBUG:colcon.colcon_core.event_reactor:joined thread
[13.027s] INFO:colcon.colcon_core.shell:Creating prefix script '/home/adam/opk/zadanie2/install/local_setup.ps1'
[13.028s] INFO:colcon.colcon_core.shell:Creating prefix util module '/home/adam/opk/zadanie2/install/_local_setup_util_ps1.py'
[13.029s] INFO:colcon.colcon_core.shell:Creating prefix chain script '/home/adam/opk/zadanie2/install/setup.ps1'
[13.030s] INFO:colcon.colcon_core.shell:Creating prefix script '/home/adam/opk/zadanie2/install/local_setup.sh'
[13.031s] INFO:colcon.colcon_core.shell:Creating prefix util module '/home/adam/opk/zadanie2/install/_local_setup_util_sh.py'
[13.031s] INFO:colcon.colcon_core.shell:Creating prefix chain script '/home/adam/opk/zadanie2/install/setup.sh'
[13.032s] INFO:colcon.colcon_core.shell:Creating prefix script '/home/adam/opk/zadanie2/install/local_setup.bash'
[13.033s] INFO:colcon.colcon_core.shell:Creating prefix chain script '/home/adam/opk/zadanie2/install/setup.bash'
[13.034s] INFO:colcon.colcon_core.shell:Creating prefix script '/home/adam/opk/zadanie2/install/local_setup.zsh'
[13.035s] INFO:colcon.colcon_core.shell:Creating prefix chain script '/home/adam/opk/zadanie2/install/setup.zsh'
