[0.010s] Invoking command in '/home/adam/opk/zadanie2/build/vacuum_game': AMENT_PREFIX_PATH=/home/adam/opk/zadanie2/install/vacuum_msgs:/home/adam/opk/zadanie2/install/vacuum_core:${AMENT_PREFIX_PATH} CMAKE_PREFIX_PATH=/home/adam/opk/zadanie2/install/vacuum_msgs:/home/adam/opk/zadanie2/install/vacuum_core:/home/adam/rrm_ws/install/zadanie5_model:/home/adam/rrm_ws/install/zad6ik:/home/adam/rrm_ws/install/zad6fk:/home/adam/rrm_ws/install/zad4:/home/adam/rrm_ws/install/zad1:/home/adam/rrm_ws/install/rrm_simple_robot_model:/home/adam/rrm_ws/install/rrm_sim:/home/adam/rrm_ws/install/rrm_projekt:/home/adam/rrm_ws/install/block1_elias:/home/adam/rrm_ws/install/rrm_msgs:/home/adam/rrm_ws/install/cv1:/opt/ros/humble LD_LIBRARY_PATH=/home/adam/opk/zadanie2/install/vacuum_msgs/lib:/home/adam/opk/zadanie2/install/vacuum_core/lib:${LD_LIBRARY_PATH} PYTHONPATH=/home/adam/opk/zadanie2/install/vacuum_msgs/local/lib/python3.10/dist-packages:${PYTHONPATH} /usr/bin/cmake /home/adam/opk/zadanie2/src/vacuum_game -DAMENT_CMAKE_SYMLINK_INSTALL=1 -DCMAKE_INSTALL_PREFIX=/home/adam/opk/zadanie2/install/vacuum_game
[0.022s] -- Found ament_cmake: 1.3.13 (/opt/ros/humble/share/ament_cmake/cmake)
[0.118s] -- Override CMake install command with custom implementation using symlinks instead of copying resources
[0.122s] -- Found rclcpp: 16.0.18 (/opt/ros/humble/share/rclcpp/cmake)
[0.138s] -- Found rosidl_generator_c: 3.1.8 (/opt/ros/humble/share/rosidl_generator_c/cmake)
[0.140s] -- Found rosidl_adapter: 3.1.8 (/opt/ros/humble/share/rosidl_adapter/cmake)
[0.143s] -- Found rosidl_generator_cpp: 3.1.8 (/opt/ros/humble/share/rosidl_generator_cpp/cmake)
[0.149s] -- Using all available rosidl_typesupport_c: rosidl_typesupport_fastrtps_c;rosidl_typesupport_introspection_c
[0.156s] -- Using all available rosidl_typesupport_cpp: rosidl_typesupport_fastrtps_cpp;rosidl_typesupport_introspection_cpp
[0.175s] -- Found rmw_implementation_cmake: 6.1.2 (/opt/ros/humble/share/rmw_implementation_cmake/cmake)
[0.176s] -- Found rmw_fastrtps_cpp: 6.2.10 (/opt/ros/humble/share/rmw_fastrtps_cpp/cmake)
[0.244s] -- Using RMW implementation 'rmw_fastrtps_cpp' as default
[0.276s] -- Found geometry_msgs: 4.9.1 (/opt/ros/humble/share/geometry_msgs/cmake)
[0.283s] -- Found nav_msgs: 4.9.1 (/opt/ros/humble/share/nav_msgs/cmake)
[0.293s] -- Found visualization_msgs: 4.9.1 (/opt/ros/humble/share/visualization_msgs/cmake)
[0.315s] -- Found vacuum_core: 0.1.0 (/home/adam/opk/zadanie2/install/vacuum_core/share/vacuum_core/cmake)
[0.321s] -- Found vacuum_msgs: 0.1.0 (/home/adam/opk/zadanie2/install/vacuum_msgs/share/vacuum_msgs/cmake)
[0.333s] -- Found ament_lint_auto: 0.12.15 (/opt/ros/humble/share/ament_lint_auto/cmake)
[0.386s] -- Added test 'cppcheck' to perform static code analysis on C / C++ code
[0.386s] -- Configured cppcheck include dirs: 
[0.386s] -- Configured cppcheck exclude dirs and/or files: 
[0.386s] -- Added test 'lint_cmake' to check CMake code style
[0.387s] -- Added test 'uncrustify' to check C / C++ code style
[0.387s] -- Configured uncrustify additional arguments: 
[0.387s] -- Added test 'xmllint' to check XML markup files
[0.388s] -- Configuring done
[0.402s] -- Generating done
[0.406s] -- Build files have been written to: /home/adam/opk/zadanie2/build/vacuum_game
[0.413s] Invoked command in '/home/adam/opk/zadanie2/build/vacuum_game' returned '0': AMENT_PREFIX_PATH=/home/adam/opk/zadanie2/install/vacuum_msgs:/home/adam/opk/zadanie2/install/vacuum_core:${AMENT_PREFIX_PATH} CMAKE_PREFIX_PATH=/home/adam/opk/zadanie2/install/vacuum_msgs:/home/adam/opk/zadanie2/install/vacuum_core:/home/adam/rrm_ws/install/zadanie5_model:/home/adam/rrm_ws/install/zad6ik:/home/adam/rrm_ws/install/zad6fk:/home/adam/rrm_ws/install/zad4:/home/adam/rrm_ws/install/zad1:/home/adam/rrm_ws/install/rrm_simple_robot_model:/home/adam/rrm_ws/install/rrm_sim:/home/adam/rrm_ws/install/rrm_projekt:/home/adam/rrm_ws/install/block1_elias:/home/adam/rrm_ws/install/rrm_msgs:/home/adam/rrm_ws/install/cv1:/opt/ros/humble LD_LIBRARY_PATH=/home/adam/opk/zadanie2/install/vacuum_msgs/lib:/home/adam/opk/zadanie2/install/vacuum_core/lib:${LD_LIBRARY_PATH} PYTHONPATH=/home/adam/opk/zadanie2/install/vacuum_msgs/local/lib/python3.10/dist-packages:${PYTHONPATH} /usr/bin/cmake /home/adam/opk/zadanie2/src/vacuum_game -DAMENT_CMAKE_SYMLINK_INSTALL=1 -DCMAKE_INSTALL_PREFIX=/home/adam/opk/zadanie2/install/vacuum_game
[0.413s] Invoking command in '/home/adam/opk/zadanie2/build/vacuum_game': AMENT_PREFIX_PATH=/home/adam/opk/zadanie2/install/vacuum_msgs:/home/adam/opk/zadanie2/install/vacuum_core:${AMENT_PREFIX_PATH} CMAKE_PREFIX_PATH=/home/adam/opk/zadanie2/install/vacuum_msgs:/home/adam/opk/zadanie2/install/vacuum_core:/home/adam/rrm_ws/install/zadanie5_model:/home/adam/rrm_ws/install/zad6ik:/home/adam/rrm_ws/install/zad6fk:/home/adam/rrm_ws/install/zad4:/home/adam/rrm_ws/install/zad1:/home/adam/rrm_ws/install/rrm_simple_robot_model:/home/adam/rrm_ws/install/rrm_sim:/home/adam/rrm_ws/install/rrm_projekt:/home/adam/rrm_ws/install/block1_elias:/home/adam/rrm_ws/install/rrm_msgs:/home/adam/rrm_ws/install/cv1:/opt/ros/humble LD_LIBRARY_PATH=/home/adam/opk/zadanie2/install/vacuum_msgs/lib:/home/adam/opk/zadanie2/install/vacuum_core/lib:${LD_LIBRARY_PATH} PYTHONPATH=/home/adam/opk/zadanie2/install/vacuum_msgs/local/lib/python3.10/dist-packages:${PYTHONPATH} /usr/bin/cmake --build /home/adam/opk/zadanie2/build/vacuum_game -- -j12 -l12
[0.447s] Consolidate compiler generated dependencies of target game_node
[0.449s] Consolidate compiler generated dependencies of target bot_node
[0.449s] Consolidate compiler generated dependencies of target teleop_node
[0.460s] [ 16%] Building CXX object CMakeFiles/bot_node.dir/src/bot_node.cpp.o
[0.461s] [ 50%] Linking CXX executable teleop_node
[0.461s] [ 50%] Building CXX object CMakeFiles/game_node.dir/src/game_node.cpp.o
[0.614s] [ 66%] Built target teleop_node
[6.407s] [ 83%] Linking CXX executable game_node
[6.883s] [ 83%] Built target game_node
[7.362s] [100%] Linking CXX executable bot_node
[8.020s] [100%] Built target bot_node
[8.031s] Invoked command in '/home/adam/opk/zadanie2/build/vacuum_game' returned '0': AMENT_PREFIX_PATH=/home/adam/opk/zadanie2/install/vacuum_msgs:/home/adam/opk/zadanie2/install/vacuum_core:${AMENT_PREFIX_PATH} CMAKE_PREFIX_PATH=/home/adam/opk/zadanie2/install/vacuum_msgs:/home/adam/opk/zadanie2/install/vacuum_core:/home/adam/rrm_ws/install/zadanie5_model:/home/adam/rrm_ws/install/zad6ik:/home/adam/rrm_ws/install/zad6fk:/home/adam/rrm_ws/install/zad4:/home/adam/rrm_ws/install/zad1:/home/adam/rrm_ws/install/rrm_simple_robot_model:/home/adam/rrm_ws/install/rrm_sim:/home/adam/rrm_ws/install/rrm_projekt:/home/adam/rrm_ws/install/block1_elias:/home/adam/rrm_ws/install/rrm_msgs:/home/adam/rrm_ws/install/cv1:/opt/ros/humble LD_LIBRARY_PATH=/home/adam/opk/zadanie2/install/vacuum_msgs/lib:/home/adam/opk/zadanie2/install/vacuum_core/lib:${LD_LIBRARY_PATH} PYTHONPATH=/home/adam/opk/zadanie2/install/vacuum_msgs/local/lib/python3.10/dist-packages:${PYTHONPATH} /usr/bin/cmake --build /home/adam/opk/zadanie2/build/vacuum_game -- -j12 -l12
[8.032s] Invoking command in '/home/adam/opk/zadanie2/build/vacuum_game': AMENT_PREFIX_PATH=/home/adam/opk/zadanie2/install/vacuum_msgs:/home/adam/opk/zadanie2/install/vacuum_core:${AMENT_PREFIX_PATH} CMAKE_PREFIX_PATH=/home/adam/opk/zadanie2/install/vacuum_msgs:/home/adam/opk/zadanie2/install/vacuum_core:/home/adam/rrm_ws/install/zadanie5_model:/home/adam/rrm_ws/install/zad6ik:/home/adam/rrm_ws/install/zad6fk:/home/adam/rrm_ws/install/zad4:/home/adam/rrm_ws/install/zad1:/home/adam/rrm_ws/install/rrm_simple_robot_model:/home/adam/rrm_ws/install/rrm_sim:/home/adam/rrm_ws/install/rrm_projekt:/home/adam/rrm_ws/install/block1_elias:/home/adam/rrm_ws/install/rrm_msgs:/home/adam/rrm_ws/install/cv1:/opt/ros/humble LD_LIBRARY_PATH=/home/adam/opk/zadanie2/install/vacuum_msgs/lib:/home/adam/opk/zadanie2/install/vacuum_core/lib:${LD_LIBRARY_PATH} PYTHONPATH=/home/adam/opk/zadanie2/install/vacuum_msgs/local/lib/python3.10/dist-packages:${PYTHONPATH} /usr/bin/cmake --install /home/adam/opk/zadanie2/build/vacuum_game
[8.039s] -- Install configuration: ""
[8.039s] -- Execute custom install script
[8.039s] -- Symlinking: /home/adam/opk/zadanie2/install/vacuum_game/lib/vacuum_game/game_node
[8.046s] -- Symlinking: /home/adam/opk/zadanie2/install/vacuum_game/lib/vacuum_game/teleop_node
[8.055s] -- Symlinking: /home/adam/opk/zadanie2/install/vacuum_game/lib/vacuum_game/bot_node
[8.062s] -- Symlinking: /home/adam/opk/zadanie2/install/vacuum_game/share/ament_index/resource_index/package_run_dependencies/vacuum_game
[8.070s] -- Symlinking: /home/adam/opk/zadanie2/install/vacuum_game/share/ament_index/resource_index/parent_prefix_path/vacuum_game
[8.077s] -- Symlinking: /home/adam/opk/zadanie2/install/vacuum_game/share/vacuum_game/environment/ament_prefix_path.sh
[8.084s] -- Symlinking: /home/adam/opk/zadanie2/install/vacuum_game/share/vacuum_game/environment/ament_prefix_path.dsv
[8.090s] -- Symlinking: /home/adam/opk/zadanie2/install/vacuum_game/share/vacuum_game/environment/path.sh
[8.096s] -- Symlinking: /home/adam/opk/zadanie2/install/vacuum_game/share/vacuum_game/environment/path.dsv
[8.102s] -- Symlinking: /home/adam/opk/zadanie2/install/vacuum_game/share/vacuum_game/local_setup.bash
[8.109s] -- Symlinking: /home/adam/opk/zadanie2/install/vacuum_game/share/vacuum_game/local_setup.sh
[8.115s] -- Symlinking: /home/adam/opk/zadanie2/install/vacuum_game/share/vacuum_game/local_setup.zsh
[8.122s] -- Symlinking: /home/adam/opk/zadanie2/install/vacuum_game/share/vacuum_game/local_setup.dsv
[8.128s] -- Symlinking: /home/adam/opk/zadanie2/install/vacuum_game/share/vacuum_game/package.dsv
[8.136s] -- Symlinking: /home/adam/opk/zadanie2/install/vacuum_game/share/ament_index/resource_index/packages/vacuum_game
[8.143s] -- Symlinking: /home/adam/opk/zadanie2/install/vacuum_game/share/vacuum_game/cmake/vacuum_gameConfig.cmake
[8.150s] -- Symlinking: /home/adam/opk/zadanie2/install/vacuum_game/share/vacuum_game/cmake/vacuum_gameConfig-version.cmake
[8.158s] -- Symlinking: /home/adam/opk/zadanie2/install/vacuum_game/share/vacuum_game/package.xml
[8.165s] Invoked command in '/home/adam/opk/zadanie2/build/vacuum_game' returned '0': AMENT_PREFIX_PATH=/home/adam/opk/zadanie2/install/vacuum_msgs:/home/adam/opk/zadanie2/install/vacuum_core:${AMENT_PREFIX_PATH} CMAKE_PREFIX_PATH=/home/adam/opk/zadanie2/install/vacuum_msgs:/home/adam/opk/zadanie2/install/vacuum_core:/home/adam/rrm_ws/install/zadanie5_model:/home/adam/rrm_ws/install/zad6ik:/home/adam/rrm_ws/install/zad6fk:/home/adam/rrm_ws/install/zad4:/home/adam/rrm_ws/install/zad1:/home/adam/rrm_ws/install/rrm_simple_robot_model:/home/adam/rrm_ws/install/rrm_sim:/home/adam/rrm_ws/install/rrm_projekt:/home/adam/rrm_ws/install/block1_elias:/home/adam/rrm_ws/install/rrm_msgs:/home/adam/rrm_ws/install/cv1:/opt/ros/humble LD_LIBRARY_PATH=/home/adam/opk/zadanie2/install/vacuum_msgs/lib:/home/adam/opk/zadanie2/install/vacuum_core/lib:${LD_LIBRARY_PATH} PYTHONPATH=/home/adam/opk/zadanie2/install/vacuum_msgs/local/lib/python3.10/dist-packages:${PYTHONPATH} /usr/bin/cmake --install /home/adam/opk/zadanie2/build/vacuum_game
