[  1%] Built target vacuum_msgs__cpp
[ 12%] Built target vacuum_msgs__rosidl_generator_c
[ 12%] Built target ament_cmake_python_symlink_vacuum_msgs
[ 24%] Built target vacuum_msgs__rosidl_typesupport_fastrtps_cpp
[ 35%] Built target vacuum_msgs__rosidl_typesupport_introspection_cpp
[ 46%] Built target vacuum_msgs__rosidl_typesupport_introspection_c
[ 58%] Built target vacuum_msgs__rosidl_typesupport_c
[ 69%] Built target vacuum_msgs__rosidl_typesupport_cpp
[ 81%] Built target vacuum_msgs__rosidl_typesupport_fastrtps_c
[ 81%] Built target vacuum_msgs
[ 82%] Built target vacuum_msgs__py
[ 92%] Built target vacuum_msgs__rosidl_generator_py
[ 94%] Built target vacuum_msgs__rosidl_typesupport_c__pyext
[ 97%] Built target vacuum_msgs__rosidl_typesupport_introspection_c__pyext
[100%] Built target vacuum_msgs__rosidl_typesupport_fastrtps_c__pyext
running egg_info
writing vacuum_msgs.egg-info/PKG-INFO
writing dependency_links to vacuum_msgs.egg-info/dependency_links.txt
writing top-level names to vacuum_msgs.egg-info/top_level.txt
reading manifest file 'vacuum_msgs.egg-info/SOURCES.txt'
writing manifest file 'vacuum_msgs.egg-info/SOURCES.txt'
[100%] Built target ament_cmake_python_build_vacuum_msgs_egg
-- Install configuration: ""
-- Execute custom install script
-- Up-to-date symlink: /home/adam/opk/zadanie2/install/vacuum_msgs/share/ament_index/resource_index/rosidl_interfaces/vacuum_msgs
-- Up-to-date symlink: /home/adam/opk/zadanie2/install/vacuum_msgs/include/vacuum_msgs/vacuum_msgs/msg/detail/game_state__functions.h
-- Up-to-date symlink: /home/adam/opk/zadanie2/install/vacuum_msgs/include/vacuum_msgs/vacuum_msgs/msg/detail/game_state__struct.h
-- Up-to-date symlink: /home/adam/opk/zadanie2/install/vacuum_msgs/include/vacuum_msgs/vacuum_msgs/msg/detail/game_state__type_support.h
-- Up-to-date symlink: /home/adam/opk/zadanie2/install/vacuum_msgs/include/vacuum_msgs/vacuum_msgs/msg/detail/robot_status__functions.h
-- Up-to-date symlink: /home/adam/opk/zadanie2/install/vacuum_msgs/include/vacuum_msgs/vacuum_msgs/msg/detail/robot_status__struct.h
-- Up-to-date symlink: /home/adam/opk/zadanie2/install/vacuum_msgs/include/vacuum_msgs/vacuum_msgs/msg/detail/robot_status__type_support.h
-- Up-to-date symlink: /home/adam/opk/zadanie2/install/vacuum_msgs/include/vacuum_msgs/vacuum_msgs/msg/detail/trash_count__functions.h
-- Up-to-date symlink: /home/adam/opk/zadanie2/install/vacuum_msgs/include/vacuum_msgs/vacuum_msgs/msg/detail/trash_count__struct.h
-- Up-to-date symlink: /home/adam/opk/zadanie2/install/vacuum_msgs/include/vacuum_msgs/vacuum_msgs/msg/detail/trash_count__type_support.h
-- Up-to-date symlink: /home/adam/opk/zadanie2/install/vacuum_msgs/include/vacuum_msgs/vacuum_msgs/msg/detail/trash_item__functions.h
-- Up-to-date symlink: /home/adam/opk/zadanie2/install/vacuum_msgs/include/vacuum_msgs/vacuum_msgs/msg/detail/trash_item__struct.h
-- Up-to-date symlink: /home/adam/opk/zadanie2/install/vacuum_msgs/include/vacuum_msgs/vacuum_msgs/msg/detail/trash_item__type_support.h
-- Up-to-date symlink: /home/adam/opk/zadanie2/install/vacuum_msgs/include/vacuum_msgs/vacuum_msgs/msg/game_state.h
-- Up-to-date symlink: /home/adam/opk/zadanie2/install/vacuum_msgs/include/vacuum_msgs/vacuum_msgs/msg/robot_status.h
-- Up-to-date symlink: /home/adam/opk/zadanie2/install/vacuum_msgs/include/vacuum_msgs/vacuum_msgs/msg/rosidl_generator_c__visibility_control.h
-- Up-to-date symlink: /home/adam/opk/zadanie2/install/vacuum_msgs/include/vacuum_msgs/vacuum_msgs/msg/trash_count.h
-- Up-to-date symlink: /home/adam/opk/zadanie2/install/vacuum_msgs/include/vacuum_msgs/vacuum_msgs/msg/trash_item.h
-- Up-to-date symlink: /home/adam/opk/zadanie2/install/vacuum_msgs/include/vacuum_msgs/vacuum_msgs/srv/collect_trash.h
-- Up-to-date symlink: /home/adam/opk/zadanie2/install/vacuum_msgs/include/vacuum_msgs/vacuum_msgs/srv/detail/collect_trash__functions.h
-- Up-to-date symlink: /home/adam/opk/zadanie2/install/vacuum_msgs/include/vacuum_msgs/vacuum_msgs/srv/detail/collect_trash__struct.h
-- Up-to-date symlink: /home/adam/opk/zadanie2/install/vacuum_msgs/include/vacuum_msgs/vacuum_msgs/srv/detail/collect_trash__type_support.h
-- Up-to-date symlink: /home/adam/opk/zadanie2/install/vacuum_msgs/include/vacuum_msgs/vacuum_msgs/srv/detail/reset_game__functions.h
-- Up-to-date symlink: /home/adam/opk/zadanie2/install/vacuum_msgs/include/vacuum_msgs/vacuum_msgs/srv/detail/reset_game__struct.h
-- Up-to-date symlink: /home/adam/opk/zadanie2/install/vacuum_msgs/include/vacuum_msgs/vacuum_msgs/srv/detail/reset_game__type_support.h
-- Up-to-date symlink: /home/adam/opk/zadanie2/install/vacuum_msgs/include/vacuum_msgs/vacuum_msgs/srv/detail/unload_trash__functions.h
-- Up-to-date symlink: /home/adam/opk/zadanie2/install/vacuum_msgs/include/vacuum_msgs/vacuum_msgs/srv/detail/unload_trash__struct.h
-- Up-to-date symlink: /home/adam/opk/zadanie2/install/vacuum_msgs/include/vacuum_msgs/vacuum_msgs/srv/detail/unload_trash__type_support.h
-- Up-to-date symlink: /home/adam/opk/zadanie2/install/vacuum_msgs/include/vacuum_msgs/vacuum_msgs/srv/reset_game.h
-- Up-to-date symlink: /home/adam/opk/zadanie2/install/vacuum_msgs/include/vacuum_msgs/vacuum_msgs/srv/unload_trash.h
-- Up-to-date symlink: /home/adam/opk/zadanie2/install/vacuum_msgs/share/vacuum_msgs/environment/library_path.sh
-- Up-to-date symlink: /home/adam/opk/zadanie2/install/vacuum_msgs/share/vacuum_msgs/environment/library_path.dsv
-- Up-to-date symlink: /home/adam/opk/zadanie2/install/vacuum_msgs/include/vacuum_msgs/vacuum_msgs/msg/detail/game_state__rosidl_typesupport_fastrtps_c.h
-- Up-to-date symlink: /home/adam/opk/zadanie2/install/vacuum_msgs/include/vacuum_msgs/vacuum_msgs/msg/detail/robot_status__rosidl_typesupport_fastrtps_c.h
-- Up-to-date symlink: /home/adam/opk/zadanie2/install/vacuum_msgs/include/vacuum_msgs/vacuum_msgs/msg/detail/trash_count__rosidl_typesupport_fastrtps_c.h
-- Up-to-date symlink: /home/adam/opk/zadanie2/install/vacuum_msgs/include/vacuum_msgs/vacuum_msgs/msg/detail/trash_item__rosidl_typesupport_fastrtps_c.h
-- Up-to-date symlink: /home/adam/opk/zadanie2/install/vacuum_msgs/include/vacuum_msgs/vacuum_msgs/msg/rosidl_typesupport_fastrtps_c__visibility_control.h
-- Up-to-date symlink: /home/adam/opk/zadanie2/install/vacuum_msgs/include/vacuum_msgs/vacuum_msgs/srv/detail/collect_trash__rosidl_typesupport_fastrtps_c.h
-- Up-to-date symlink: /home/adam/opk/zadanie2/install/vacuum_msgs/include/vacuum_msgs/vacuum_msgs/srv/detail/reset_game__rosidl_typesupport_fastrtps_c.h
-- Up-to-date symlink: /home/adam/opk/zadanie2/install/vacuum_msgs/include/vacuum_msgs/vacuum_msgs/srv/detail/unload_trash__rosidl_typesupport_fastrtps_c.h
-- Up-to-date symlink: /home/adam/opk/zadanie2/install/vacuum_msgs/include/vacuum_msgs/vacuum_msgs/msg/detail/game_state__rosidl_typesupport_introspection_c.h
-- Up-to-date symlink: /home/adam/opk/zadanie2/install/vacuum_msgs/include/vacuum_msgs/vacuum_msgs/msg/detail/robot_status__rosidl_typesupport_introspection_c.h
-- Up-to-date symlink: /home/adam/opk/zadanie2/install/vacuum_msgs/include/vacuum_msgs/vacuum_msgs/msg/detail/trash_count__rosidl_typesupport_introspection_c.h
-- Up-to-date symlink: /home/adam/opk/zadanie2/install/vacuum_msgs/include/vacuum_msgs/vacuum_msgs/msg/detail/trash_item__rosidl_typesupport_introspection_c.h
-- Up-to-date symlink: /home/adam/opk/zadanie2/install/vacuum_msgs/include/vacuum_msgs/vacuum_msgs/msg/rosidl_typesupport_introspection_c__visibility_control.h
-- Up-to-date symlink: /home/adam/opk/zadanie2/install/vacuum_msgs/include/vacuum_msgs/vacuum_msgs/srv/detail/collect_trash__rosidl_typesupport_introspection_c.h
-- Up-to-date symlink: /home/adam/opk/zadanie2/install/vacuum_msgs/include/vacuum_msgs/vacuum_msgs/srv/detail/reset_game__rosidl_typesupport_introspection_c.h
-- Up-to-date symlink: /home/adam/opk/zadanie2/install/vacuum_msgs/include/vacuum_msgs/vacuum_msgs/srv/detail/unload_trash__rosidl_typesupport_introspection_c.h
-- Up-to-date symlink: /home/adam/opk/zadanie2/install/vacuum_msgs/include/vacuum_msgs/vacuum_msgs/msg/detail/game_state__builder.hpp
-- Up-to-date symlink: /home/adam/opk/zadanie2/install/vacuum_msgs/include/vacuum_msgs/vacuum_msgs/msg/detail/game_state__struct.hpp
-- Up-to-date symlink: /home/adam/opk/zadanie2/install/vacuum_msgs/include/vacuum_msgs/vacuum_msgs/msg/detail/game_state__traits.hpp
-- Up-to-date symlink: /home/adam/opk/zadanie2/install/vacuum_msgs/include/vacuum_msgs/vacuum_msgs/msg/detail/game_state__type_support.hpp
-- Up-to-date symlink: /home/adam/opk/zadanie2/install/vacuum_msgs/include/vacuum_msgs/vacuum_msgs/msg/detail/robot_status__builder.hpp
-- Up-to-date symlink: /home/adam/opk/zadanie2/install/vacuum_msgs/include/vacuum_msgs/vacuum_msgs/msg/detail/robot_status__struct.hpp
-- Up-to-date symlink: /home/adam/opk/zadanie2/install/vacuum_msgs/include/vacuum_msgs/vacuum_msgs/msg/detail/robot_status__traits.hpp
-- Up-to-date symlink: /home/adam/opk/zadanie2/install/vacuum_msgs/include/vacuum_msgs/vacuum_msgs/msg/detail/robot_status__type_support.hpp
-- Up-to-date symlink: /home/adam/opk/zadanie2/install/vacuum_msgs/include/vacuum_msgs/vacuum_msgs/msg/detail/trash_count__builder.hpp
-- Up-to-date symlink: /home/adam/opk/zadanie2/install/vacuum_msgs/include/vacuum_msgs/vacuum_msgs/msg/detail/trash_count__struct.hpp
-- Up-to-date symlink: /home/adam/opk/zadanie2/install/vacuum_msgs/include/vacuum_msgs/vacuum_msgs/msg/detail/trash_count__traits.hpp
-- Up-to-date symlink: /home/adam/opk/zadanie2/install/vacuum_msgs/include/vacuum_msgs/vacuum_msgs/msg/detail/trash_count__type_support.hpp
-- Up-to-date symlink: /home/adam/opk/zadanie2/install/vacuum_msgs/include/vacuum_msgs/vacuum_msgs/msg/detail/trash_item__builder.hpp
-- Up-to-date symlink: /home/adam/opk/zadanie2/install/vacuum_msgs/include/vacuum_msgs/vacuum_msgs/msg/detail/trash_item__struct.hpp
-- Up-to-date symlink: /home/adam/opk/zadanie2/install/vacuum_msgs/include/vacuum_msgs/vacuum_msgs/msg/detail/trash_item__traits.hpp
-- Up-to-date symlink: /home/adam/opk/zadanie2/install/vacuum_msgs/include/vacuum_msgs/vacuum_msgs/msg/detail/trash_item__type_support.hpp
-- Up-to-date symlink: /home/adam/opk/zadanie2/install/vacuum_msgs/include/vacuum_msgs/vacuum_msgs/msg/game_state.hpp
-- Up-to-date symlink: /home/adam/opk/zadanie2/install/vacuum_msgs/include/vacuum_msgs/vacuum_msgs/msg/robot_status.hpp
-- Up-to-date symlink: /home/adam/opk/zadanie2/install/vacuum_msgs/include/vacuum_msgs/vacuum_msgs/msg/rosidl_generator_cpp__visibility_control.hpp
-- Up-to-date symlink: /home/adam/opk/zadanie2/install/vacuum_msgs/include/vacuum_msgs/vacuum_msgs/msg/trash_count.hpp
-- Up-to-date symlink: /home/adam/opk/zadanie2/install/vacuum_msgs/include/vacuum_msgs/vacuum_msgs/msg/trash_item.hpp
-- Up-to-date symlink: /home/adam/opk/zadanie2/install/vacuum_msgs/include/vacuum_msgs/vacuum_msgs/srv/collect_trash.hpp
-- Up-to-date symlink: /home/adam/opk/zadanie2/install/vacuum_msgs/include/vacuum_msgs/vacuum_msgs/srv/detail/collect_trash__builder.hpp
-- Up-to-date symlink: /home/adam/opk/zadanie2/install/vacuum_msgs/include/vacuum_msgs/vacuum_msgs/srv/detail/collect_trash__struct.hpp
-- Up-to-date symlink: /home/adam/opk/zadanie2/install/vacuum_msgs/include/vacuum_msgs/vacuum_msgs/srv/detail/collect_trash__traits.hpp
-- Up-to-date symlink: /home/adam/opk/zadanie2/install/vacuum_msgs/include/vacuum_msgs/vacuum_msgs/srv/detail/collect_trash__type_support.hpp
-- Up-to-date symlink: /home/adam/opk/zadanie2/install/vacuum_msgs/include/vacuum_msgs/vacuum_msgs/srv/detail/reset_game__builder.hpp
-- Up-to-date symlink: /home/adam/opk/zadanie2/install/vacuum_msgs/include/vacuum_msgs/vacuum_msgs/srv/detail/reset_game__struct.hpp
-- Up-to-date symlink: /home/adam/opk/zadanie2/install/vacuum_msgs/include/vacuum_msgs/vacuum_msgs/srv/detail/reset_game__traits.hpp
-- Up-to-date symlink: /home/adam/opk/zadanie2/install/vacuum_msgs/include/vacuum_msgs/vacuum_msgs/srv/detail/reset_game__type_support.hpp
-- Up-to-date symlink: /home/adam/opk/zadanie2/install/vacuum_msgs/include/vacuum_msgs/vacuum_msgs/srv/detail/unload_trash__builder.hpp
-- Up-to-date symlink: /home/adam/opk/zadanie2/install/vacuum_msgs/include/vacuum_msgs/vacuum_msgs/srv/detail/unload_trash__struct.hpp
-- Up-to-date symlink: /home/adam/opk/zadanie2/install/vacuum_msgs/include/vacuum_msgs/vacuum_msgs/srv/detail/unload_trash__traits.hpp
-- Up-to-date symlink: /home/adam/opk/zadanie2/install/vacuum_msgs/include/vacuum_msgs/vacuum_msgs/srv/detail/unload_trash__type_support.hpp
-- Up-to-date symlink: /home/adam/opk/zadanie2/install/vacuum_msgs/include/vacuum_msgs/vacuum_msgs/srv/reset_game.hpp
-- Up-to-date symlink: /home/adam/opk/zadanie2/install/vacuum_msgs/include/vacuum_msgs/vacuum_msgs/srv/unload_trash.hpp
-- Up-to-date symlink: /home/adam/opk/zadanie2/install/vacuum_msgs/include/vacuum_msgs/vacuum_msgs/msg/detail/game_state__rosidl_typesupport_fastrtps_cpp.hpp
-- Up-to-date symlink: /home/adam/opk/zadanie2/install/vacuum_msgs/include/vacuum_msgs/vacuum_msgs/msg/detail/robot_status__rosidl_typesupport_fastrtps_cpp.hpp
-- Up-to-date symlink: /home/adam/opk/zadanie2/install/vacuum_msgs/include/vacuum_msgs/vacuum_msgs/msg/detail/trash_count__rosidl_typesupport_fastrtps_cpp.hpp
-- Up-to-date symlink: /home/adam/opk/zadanie2/install/vacuum_msgs/include/vacuum_msgs/vacuum_msgs/msg/detail/trash_item__rosidl_typesupport_fastrtps_cpp.hpp
-- Up-to-date symlink: /home/adam/opk/zadanie2/install/vacuum_msgs/include/vacuum_msgs/vacuum_msgs/msg/rosidl_typesupport_fastrtps_cpp__visibility_control.h
-- Up-to-date symlink: /home/adam/opk/zadanie2/install/vacuum_msgs/include/vacuum_msgs/vacuum_msgs/srv/detail/collect_trash__rosidl_typesupport_fastrtps_cpp.hpp
-- Up-to-date symlink: /home/adam/opk/zadanie2/install/vacuum_msgs/include/vacuum_msgs/vacuum_msgs/srv/detail/reset_game__rosidl_typesupport_fastrtps_cpp.hpp
-- Up-to-date symlink: /home/adam/opk/zadanie2/install/vacuum_msgs/include/vacuum_msgs/vacuum_msgs/srv/detail/unload_trash__rosidl_typesupport_fastrtps_cpp.hpp
-- Up-to-date symlink: /home/adam/opk/zadanie2/install/vacuum_msgs/include/vacuum_msgs/vacuum_msgs/msg/detail/game_state__rosidl_typesupport_introspection_cpp.hpp
-- Up-to-date symlink: /home/adam/opk/zadanie2/install/vacuum_msgs/include/vacuum_msgs/vacuum_msgs/msg/detail/robot_status__rosidl_typesupport_introspection_cpp.hpp
-- Up-to-date symlink: /home/adam/opk/zadanie2/install/vacuum_msgs/include/vacuum_msgs/vacuum_msgs/msg/detail/trash_count__rosidl_typesupport_introspection_cpp.hpp
-- Up-to-date symlink: /home/adam/opk/zadanie2/install/vacuum_msgs/include/vacuum_msgs/vacuum_msgs/msg/detail/trash_item__rosidl_typesupport_introspection_cpp.hpp
-- Up-to-date symlink: /home/adam/opk/zadanie2/install/vacuum_msgs/include/vacuum_msgs/vacuum_msgs/srv/detail/collect_trash__rosidl_typesupport_introspection_cpp.hpp
-- Up-to-date symlink: /home/adam/opk/zadanie2/install/vacuum_msgs/include/vacuum_msgs/vacuum_msgs/srv/detail/reset_game__rosidl_typesupport_introspection_cpp.hpp
-- Up-to-date symlink: /home/adam/opk/zadanie2/install/vacuum_msgs/include/vacuum_msgs/vacuum_msgs/srv/detail/unload_trash__rosidl_typesupport_introspection_cpp.hpp
-- Up-to-date symlink: /home/adam/opk/zadanie2/install/vacuum_msgs/share/vacuum_msgs/environment/pythonpath.sh
-- Up-to-date symlink: /home/adam/opk/zadanie2/install/vacuum_msgs/share/vacuum_msgs/environment/pythonpath.dsv
-- Up-to-date symlink: /home/adam/opk/zadanie2/install/vacuum_msgs/local/lib/python3.10/dist-packages/vacuum_msgs-0.1.0-py3.10.egg-info/PKG-INFO
-- Up-to-date symlink: /home/adam/opk/zadanie2/install/vacuum_msgs/local/lib/python3.10/dist-packages/vacuum_msgs-0.1.0-py3.10.egg-info/SOURCES.txt
-- Up-to-date symlink: /home/adam/opk/zadanie2/install/vacuum_msgs/local/lib/python3.10/dist-packages/vacuum_msgs-0.1.0-py3.10.egg-info/dependency_links.txt
-- Up-to-date symlink: /home/adam/opk/zadanie2/install/vacuum_msgs/local/lib/python3.10/dist-packages/vacuum_msgs-0.1.0-py3.10.egg-info/top_level.txt
-- Up-to-date symlink: /home/adam/opk/zadanie2/install/vacuum_msgs/local/lib/python3.10/dist-packages/vacuum_msgs/__init__.py
-- Up-to-date symlink: /home/adam/opk/zadanie2/install/vacuum_msgs/local/lib/python3.10/dist-packages/vacuum_msgs/_vacuum_msgs_s.ep.rosidl_typesupport_c.c
-- Up-to-date symlink: /home/adam/opk/zadanie2/install/vacuum_msgs/local/lib/python3.10/dist-packages/vacuum_msgs/_vacuum_msgs_s.ep.rosidl_typesupport_fastrtps_c.c
-- Up-to-date symlink: /home/adam/opk/zadanie2/install/vacuum_msgs/local/lib/python3.10/dist-packages/vacuum_msgs/_vacuum_msgs_s.ep.rosidl_typesupport_introspection_c.c
-- Up-to-date symlink: /home/adam/opk/zadanie2/install/vacuum_msgs/local/lib/python3.10/dist-packages/vacuum_msgs/libvacuum_msgs__rosidl_generator_py.so
-- Up-to-date symlink: /home/adam/opk/zadanie2/install/vacuum_msgs/local/lib/python3.10/dist-packages/vacuum_msgs/msg/__init__.py
-- Up-to-date symlink: /home/adam/opk/zadanie2/install/vacuum_msgs/local/lib/python3.10/dist-packages/vacuum_msgs/msg/_game_state.py
-- Up-to-date symlink: /home/adam/opk/zadanie2/install/vacuum_msgs/local/lib/python3.10/dist-packages/vacuum_msgs/msg/_game_state_s.c
-- Up-to-date symlink: /home/adam/opk/zadanie2/install/vacuum_msgs/local/lib/python3.10/dist-packages/vacuum_msgs/msg/_robot_status.py
-- Up-to-date symlink: /home/adam/opk/zadanie2/install/vacuum_msgs/local/lib/python3.10/dist-packages/vacuum_msgs/msg/_robot_status_s.c
-- Up-to-date symlink: /home/adam/opk/zadanie2/install/vacuum_msgs/local/lib/python3.10/dist-packages/vacuum_msgs/msg/_trash_count.py
-- Up-to-date symlink: /home/adam/opk/zadanie2/install/vacuum_msgs/local/lib/python3.10/dist-packages/vacuum_msgs/msg/_trash_count_s.c
-- Up-to-date symlink: /home/adam/opk/zadanie2/install/vacuum_msgs/local/lib/python3.10/dist-packages/vacuum_msgs/msg/_trash_item.py
-- Up-to-date symlink: /home/adam/opk/zadanie2/install/vacuum_msgs/local/lib/python3.10/dist-packages/vacuum_msgs/msg/_trash_item_s.c
-- Up-to-date symlink: /home/adam/opk/zadanie2/install/vacuum_msgs/local/lib/python3.10/dist-packages/vacuum_msgs/srv/__init__.py
-- Up-to-date symlink: /home/adam/opk/zadanie2/install/vacuum_msgs/local/lib/python3.10/dist-packages/vacuum_msgs/srv/_collect_trash.py
-- Up-to-date symlink: /home/adam/opk/zadanie2/install/vacuum_msgs/local/lib/python3.10/dist-packages/vacuum_msgs/srv/_collect_trash_s.c
-- Up-to-date symlink: /home/adam/opk/zadanie2/install/vacuum_msgs/local/lib/python3.10/dist-packages/vacuum_msgs/srv/_reset_game.py
-- Up-to-date symlink: /home/adam/opk/zadanie2/install/vacuum_msgs/local/lib/python3.10/dist-packages/vacuum_msgs/srv/_reset_game_s.c
-- Up-to-date symlink: /home/adam/opk/zadanie2/install/vacuum_msgs/local/lib/python3.10/dist-packages/vacuum_msgs/srv/_unload_trash.py
-- Up-to-date symlink: /home/adam/opk/zadanie2/install/vacuum_msgs/local/lib/python3.10/dist-packages/vacuum_msgs/srv/_unload_trash_s.c
-- Up-to-date symlink: /home/adam/opk/zadanie2/install/vacuum_msgs/local/lib/python3.10/dist-packages/vacuum_msgs/vacuum_msgs_s__rosidl_typesupport_c.cpython-310-x86_64-linux-gnu.so
-- Up-to-date symlink: /home/adam/opk/zadanie2/install/vacuum_msgs/local/lib/python3.10/dist-packages/vacuum_msgs/vacuum_msgs_s__rosidl_typesupport_fastrtps_c.cpython-310-x86_64-linux-gnu.so
-- Up-to-date symlink: /home/adam/opk/zadanie2/install/vacuum_msgs/local/lib/python3.10/dist-packages/vacuum_msgs/vacuum_msgs_s__rosidl_typesupport_introspection_c.cpython-310-x86_64-linux-gnu.so
-- Up-to-date symlink: /home/adam/opk/zadanie2/install/vacuum_msgs/local/lib/python3.10/dist-packages/vacuum_msgs/vacuum_msgs_s__rosidl_typesupport_fastrtps_c.cpython-310-x86_64-linux-gnu.so
-- Up-to-date symlink: /home/adam/opk/zadanie2/install/vacuum_msgs/local/lib/python3.10/dist-packages/vacuum_msgs/vacuum_msgs_s__rosidl_typesupport_introspection_c.cpython-310-x86_64-linux-gnu.so
-- Up-to-date symlink: /home/adam/opk/zadanie2/install/vacuum_msgs/local/lib/python3.10/dist-packages/vacuum_msgs/vacuum_msgs_s__rosidl_typesupport_c.cpython-310-x86_64-linux-gnu.so
-- Up-to-date symlink: /home/adam/opk/zadanie2/install/vacuum_msgs/share/vacuum_msgs/msg/TrashItem.idl
-- Up-to-date symlink: /home/adam/opk/zadanie2/install/vacuum_msgs/share/vacuum_msgs/msg/TrashCount.idl
-- Up-to-date symlink: /home/adam/opk/zadanie2/install/vacuum_msgs/share/vacuum_msgs/msg/RobotStatus.idl
-- Up-to-date symlink: /home/adam/opk/zadanie2/install/vacuum_msgs/share/vacuum_msgs/msg/GameState.idl
-- Up-to-date symlink: /home/adam/opk/zadanie2/install/vacuum_msgs/share/vacuum_msgs/srv/CollectTrash.idl
-- Up-to-date symlink: /home/adam/opk/zadanie2/install/vacuum_msgs/share/vacuum_msgs/srv/UnloadTrash.idl
-- Up-to-date symlink: /home/adam/opk/zadanie2/install/vacuum_msgs/share/vacuum_msgs/srv/ResetGame.idl
-- Up-to-date symlink: /home/adam/opk/zadanie2/install/vacuum_msgs/share/vacuum_msgs/msg/TrashItem.msg
-- Up-to-date symlink: /home/adam/opk/zadanie2/install/vacuum_msgs/share/vacuum_msgs/msg/TrashCount.msg
-- Up-to-date symlink: /home/adam/opk/zadanie2/install/vacuum_msgs/share/vacuum_msgs/msg/RobotStatus.msg
-- Up-to-date symlink: /home/adam/opk/zadanie2/install/vacuum_msgs/share/vacuum_msgs/msg/GameState.msg
-- Up-to-date symlink: /home/adam/opk/zadanie2/install/vacuum_msgs/share/vacuum_msgs/srv/CollectTrash.srv
-- Up-to-date symlink: /home/adam/opk/zadanie2/install/vacuum_msgs/share/vacuum_msgs/srv/CollectTrash_Request.msg
-- Up-to-date symlink: /home/adam/opk/zadanie2/install/vacuum_msgs/share/vacuum_msgs/srv/CollectTrash_Response.msg
-- Up-to-date symlink: /home/adam/opk/zadanie2/install/vacuum_msgs/share/vacuum_msgs/srv/UnloadTrash.srv
-- Up-to-date symlink: /home/adam/opk/zadanie2/install/vacuum_msgs/share/vacuum_msgs/srv/UnloadTrash_Request.msg
-- Up-to-date symlink: /home/adam/opk/zadanie2/install/vacuum_msgs/share/vacuum_msgs/srv/UnloadTrash_Response.msg
-- Up-to-date symlink: /home/adam/opk/zadanie2/install/vacuum_msgs/share/vacuum_msgs/srv/ResetGame.srv
-- Up-to-date symlink: /home/adam/opk/zadanie2/install/vacuum_msgs/share/vacuum_msgs/srv/ResetGame_Request.msg
-- Up-to-date symlink: /home/adam/opk/zadanie2/install/vacuum_msgs/share/vacuum_msgs/srv/ResetGame_Response.msg
-- Up-to-date symlink: /home/adam/opk/zadanie2/install/vacuum_msgs/share/ament_index/resource_index/package_run_dependencies/vacuum_msgs
-- Up-to-date symlink: /home/adam/opk/zadanie2/install/vacuum_msgs/share/ament_index/resource_index/parent_prefix_path/vacuum_msgs
-- Up-to-date symlink: /home/adam/opk/zadanie2/install/vacuum_msgs/share/vacuum_msgs/environment/ament_prefix_path.sh
-- Up-to-date symlink: /home/adam/opk/zadanie2/install/vacuum_msgs/share/vacuum_msgs/environment/ament_prefix_path.dsv
-- Up-to-date symlink: /home/adam/opk/zadanie2/install/vacuum_msgs/share/vacuum_msgs/environment/path.sh
-- Up-to-date symlink: /home/adam/opk/zadanie2/install/vacuum_msgs/share/vacuum_msgs/environment/path.dsv
-- Up-to-date symlink: /home/adam/opk/zadanie2/install/vacuum_msgs/share/vacuum_msgs/local_setup.bash
-- Up-to-date symlink: /home/adam/opk/zadanie2/install/vacuum_msgs/share/vacuum_msgs/local_setup.sh
-- Up-to-date symlink: /home/adam/opk/zadanie2/install/vacuum_msgs/share/vacuum_msgs/local_setup.zsh
-- Up-to-date symlink: /home/adam/opk/zadanie2/install/vacuum_msgs/share/vacuum_msgs/local_setup.dsv
-- Symlinking: /home/adam/opk/zadanie2/install/vacuum_msgs/share/vacuum_msgs/package.dsv
-- Up-to-date symlink: /home/adam/opk/zadanie2/install/vacuum_msgs/share/ament_index/resource_index/packages/vacuum_msgs
-- Up-to-date symlink: /home/adam/opk/zadanie2/install/vacuum_msgs/share/vacuum_msgs/cmake/rosidl_cmake-extras.cmake
-- Up-to-date symlink: /home/adam/opk/zadanie2/install/vacuum_msgs/share/vacuum_msgs/cmake/ament_cmake_export_dependencies-extras.cmake
-- Up-to-date symlink: /home/adam/opk/zadanie2/install/vacuum_msgs/share/vacuum_msgs/cmake/ament_cmake_export_include_directories-extras.cmake
-- Up-to-date symlink: /home/adam/opk/zadanie2/install/vacuum_msgs/share/vacuum_msgs/cmake/ament_cmake_export_libraries-extras.cmake
-- Up-to-date symlink: /home/adam/opk/zadanie2/install/vacuum_msgs/share/vacuum_msgs/cmake/ament_cmake_export_targets-extras.cmake
-- Up-to-date symlink: /home/adam/opk/zadanie2/install/vacuum_msgs/share/vacuum_msgs/cmake/rosidl_cmake_export_typesupport_targets-extras.cmake
-- Up-to-date symlink: /home/adam/opk/zadanie2/install/vacuum_msgs/share/vacuum_msgs/cmake/rosidl_cmake_export_typesupport_libraries-extras.cmake
-- Up-to-date symlink: /home/adam/opk/zadanie2/install/vacuum_msgs/share/vacuum_msgs/cmake/vacuum_msgsConfig.cmake
-- Up-to-date symlink: /home/adam/opk/zadanie2/install/vacuum_msgs/share/vacuum_msgs/cmake/vacuum_msgsConfig-version.cmake
-- Up-to-date symlink: /home/adam/opk/zadanie2/install/vacuum_msgs/share/vacuum_msgs/package.xml
-- Up-to-date: /home/adam/opk/zadanie2/install/vacuum_msgs/lib/libvacuum_msgs__rosidl_generator_c.so
-- Up-to-date: /home/adam/opk/zadanie2/install/vacuum_msgs/lib/libvacuum_msgs__rosidl_typesupport_fastrtps_c.so
-- Up-to-date: /home/adam/opk/zadanie2/install/vacuum_msgs/lib/libvacuum_msgs__rosidl_typesupport_introspection_c.so
-- Up-to-date: /home/adam/opk/zadanie2/install/vacuum_msgs/lib/libvacuum_msgs__rosidl_typesupport_c.so
-- Up-to-date: /home/adam/opk/zadanie2/install/vacuum_msgs/lib/libvacuum_msgs__rosidl_typesupport_fastrtps_cpp.so
-- Up-to-date: /home/adam/opk/zadanie2/install/vacuum_msgs/lib/libvacuum_msgs__rosidl_typesupport_introspection_cpp.so
-- Up-to-date: /home/adam/opk/zadanie2/install/vacuum_msgs/lib/libvacuum_msgs__rosidl_typesupport_cpp.so
Listing '/home/adam/opk/zadanie2/install/vacuum_msgs/local/lib/python3.10/dist-packages/vacuum_msgs'...
Listing '/home/adam/opk/zadanie2/install/vacuum_msgs/local/lib/python3.10/dist-packages/vacuum_msgs/msg'...
Listing '/home/adam/opk/zadanie2/install/vacuum_msgs/local/lib/python3.10/dist-packages/vacuum_msgs/srv'...
-- Up-to-date: /home/adam/opk/zadanie2/install/vacuum_msgs/lib/libvacuum_msgs__rosidl_generator_py.so
-- Up-to-date: /home/adam/opk/zadanie2/install/vacuum_msgs/share/vacuum_msgs/cmake/export_vacuum_msgs__rosidl_generator_cExport.cmake
-- Up-to-date: /home/adam/opk/zadanie2/install/vacuum_msgs/share/vacuum_msgs/cmake/export_vacuum_msgs__rosidl_generator_cExport-noconfig.cmake
-- Up-to-date: /home/adam/opk/zadanie2/install/vacuum_msgs/share/vacuum_msgs/cmake/export_vacuum_msgs__rosidl_typesupport_fastrtps_cExport.cmake
-- Up-to-date: /home/adam/opk/zadanie2/install/vacuum_msgs/share/vacuum_msgs/cmake/export_vacuum_msgs__rosidl_typesupport_fastrtps_cExport-noconfig.cmake
-- Up-to-date: /home/adam/opk/zadanie2/install/vacuum_msgs/share/vacuum_msgs/cmake/vacuum_msgs__rosidl_typesupport_introspection_cExport.cmake
-- Up-to-date: /home/adam/opk/zadanie2/install/vacuum_msgs/share/vacuum_msgs/cmake/vacuum_msgs__rosidl_typesupport_introspection_cExport-noconfig.cmake
-- Up-to-date: /home/adam/opk/zadanie2/install/vacuum_msgs/share/vacuum_msgs/cmake/vacuum_msgs__rosidl_typesupport_cExport.cmake
-- Up-to-date: /home/adam/opk/zadanie2/install/vacuum_msgs/share/vacuum_msgs/cmake/vacuum_msgs__rosidl_typesupport_cExport-noconfig.cmake
-- Up-to-date: /home/adam/opk/zadanie2/install/vacuum_msgs/share/vacuum_msgs/cmake/export_vacuum_msgs__rosidl_generator_cppExport.cmake
-- Up-to-date: /home/adam/opk/zadanie2/install/vacuum_msgs/share/vacuum_msgs/cmake/export_vacuum_msgs__rosidl_typesupport_fastrtps_cppExport.cmake
-- Up-to-date: /home/adam/opk/zadanie2/install/vacuum_msgs/share/vacuum_msgs/cmake/export_vacuum_msgs__rosidl_typesupport_fastrtps_cppExport-noconfig.cmake
-- Up-to-date: /home/adam/opk/zadanie2/install/vacuum_msgs/share/vacuum_msgs/cmake/vacuum_msgs__rosidl_typesupport_introspection_cppExport.cmake
-- Up-to-date: /home/adam/opk/zadanie2/install/vacuum_msgs/share/vacuum_msgs/cmake/vacuum_msgs__rosidl_typesupport_introspection_cppExport-noconfig.cmake
-- Up-to-date: /home/adam/opk/zadanie2/install/vacuum_msgs/share/vacuum_msgs/cmake/vacuum_msgs__rosidl_typesupport_cppExport.cmake
-- Up-to-date: /home/adam/opk/zadanie2/install/vacuum_msgs/share/vacuum_msgs/cmake/vacuum_msgs__rosidl_typesupport_cppExport-noconfig.cmake
-- Up-to-date: /home/adam/opk/zadanie2/install/vacuum_msgs/share/vacuum_msgs/cmake/export_vacuum_msgs__rosidl_generator_pyExport.cmake
-- Up-to-date: /home/adam/opk/zadanie2/install/vacuum_msgs/share/vacuum_msgs/cmake/export_vacuum_msgs__rosidl_generator_pyExport-noconfig.cmake
