[0.008s] Invoking command in '/home/adam/opk/zadanie2/build/vacuum_msgs': CMAKE_PREFIX_PATH=${CMAKE_PREFIX_PATH}:/opt/ros/humble /usr/bin/cmake --build /home/adam/opk/zadanie2/build/vacuum_msgs -- -j12 -l12
[0.092s] [  1%] Built target vacuum_msgs__cpp
[0.096s] [ 12%] Built target vacuum_msgs__rosidl_generator_c
[0.113s] [ 12%] Built target ament_cmake_python_symlink_vacuum_msgs
[0.143s] [ 24%] Built target vacuum_msgs__rosidl_typesupport_fastrtps_cpp
[0.147s] [ 35%] Built target vacuum_msgs__rosidl_typesupport_introspection_cpp
[0.148s] [ 46%] Built target vacuum_msgs__rosidl_typesupport_introspection_c
[0.148s] [ 58%] Built target vacuum_msgs__rosidl_typesupport_c
[0.148s] [ 69%] Built target vacuum_msgs__rosidl_typesupport_cpp
[0.151s] [ 81%] Built target vacuum_msgs__rosidl_typesupport_fastrtps_c
[0.172s] [ 81%] Built target vacuum_msgs
[0.194s] [ 82%] Built target vacuum_msgs__py
[0.217s] [ 92%] Built target vacuum_msgs__rosidl_generator_py
[0.238s] [ 94%] Built target vacuum_msgs__rosidl_typesupport_c__pyext
[0.238s] [ 97%] Built target vacuum_msgs__rosidl_typesupport_introspection_c__pyext
[0.240s] [100%] Built target vacuum_msgs__rosidl_typesupport_fastrtps_c__pyext
[0.289s] running egg_info
[0.290s] writing vacuum_msgs.egg-info/PKG-INFO
[0.290s] writing dependency_links to vacuum_msgs.egg-info/dependency_links.txt
[0.290s] writing top-level names to vacuum_msgs.egg-info/top_level.txt
[0.293s] reading manifest file 'vacuum_msgs.egg-info/SOURCES.txt'
[0.293s] writing manifest file 'vacuum_msgs.egg-info/SOURCES.txt'
[0.317s] [100%] Built target ament_cmake_python_build_vacuum_msgs_egg
[0.330s] Invoked command in '/home/adam/opk/zadanie2/build/vacuum_msgs' returned '0': CMAKE_PREFIX_PATH=${CMAKE_PREFIX_PATH}:/opt/ros/humble /usr/bin/cmake --build /home/adam/opk/zadanie2/build/vacuum_msgs -- -j12 -l12
[0.337s] Invoking command in '/home/adam/opk/zadanie2/build/vacuum_msgs': CMAKE_PREFIX_PATH=${CMAKE_PREFIX_PATH}:/opt/ros/humble /usr/bin/cmake --install /home/adam/opk/zadanie2/build/vacuum_msgs
[0.344s] -- Install configuration: ""
[0.346s] -- Execute custom install script
[0.346s] -- Up-to-date symlink: /home/adam/opk/zadanie2/install/vacuum_msgs/share/ament_index/resource_index/rosidl_interfaces/vacuum_msgs
[0.347s] -- Up-to-date symlink: /home/adam/opk/zadanie2/install/vacuum_msgs/include/vacuum_msgs/vacuum_msgs/msg/detail/game_state__functions.h
[0.347s] -- Up-to-date symlink: /home/adam/opk/zadanie2/install/vacuum_msgs/include/vacuum_msgs/vacuum_msgs/msg/detail/game_state__struct.h
[0.347s] -- Up-to-date symlink: /home/adam/opk/zadanie2/install/vacuum_msgs/include/vacuum_msgs/vacuum_msgs/msg/detail/game_state__type_support.h
[0.348s] -- Up-to-date symlink: /home/adam/opk/zadanie2/install/vacuum_msgs/include/vacuum_msgs/vacuum_msgs/msg/detail/robot_status__functions.h
[0.348s] -- Up-to-date symlink: /home/adam/opk/zadanie2/install/vacuum_msgs/include/vacuum_msgs/vacuum_msgs/msg/detail/robot_status__struct.h
[0.348s] -- Up-to-date symlink: /home/adam/opk/zadanie2/install/vacuum_msgs/include/vacuum_msgs/vacuum_msgs/msg/detail/robot_status__type_support.h
[0.348s] -- Up-to-date symlink: /home/adam/opk/zadanie2/install/vacuum_msgs/include/vacuum_msgs/vacuum_msgs/msg/detail/trash_count__functions.h
[0.348s] -- Up-to-date symlink: /home/adam/opk/zadanie2/install/vacuum_msgs/include/vacuum_msgs/vacuum_msgs/msg/detail/trash_count__struct.h
[0.348s] -- Up-to-date symlink: /home/adam/opk/zadanie2/install/vacuum_msgs/include/vacuum_msgs/vacuum_msgs/msg/detail/trash_count__type_support.h
[0.348s] -- Up-to-date symlink: /home/adam/opk/zadanie2/install/vacuum_msgs/include/vacuum_msgs/vacuum_msgs/msg/detail/trash_item__functions.h
[0.348s] -- Up-to-date symlink: /home/adam/opk/zadanie2/install/vacuum_msgs/include/vacuum_msgs/vacuum_msgs/msg/detail/trash_item__struct.h
[0.348s] -- Up-to-date symlink: /home/adam/opk/zadanie2/install/vacuum_msgs/include/vacuum_msgs/vacuum_msgs/msg/detail/trash_item__type_support.h
[0.348s] -- Up-to-date symlink: /home/adam/opk/zadanie2/install/vacuum_msgs/include/vacuum_msgs/vacuum_msgs/msg/game_state.h
[0.348s] -- Up-to-date symlink: /home/adam/opk/zadanie2/install/vacuum_msgs/include/vacuum_msgs/vacuum_msgs/msg/robot_status.h
[0.349s] -- Up-to-date symlink: /home/adam/opk/zadanie2/install/vacuum_msgs/include/vacuum_msgs/vacuum_msgs/msg/rosidl_generator_c__visibility_control.h
[0.349s] -- Up-to-date symlink: /home/adam/opk/zadanie2/install/vacuum_msgs/include/vacuum_msgs/vacuum_msgs/msg/trash_count.h
[0.349s] -- Up-to-date symlink: /home/adam/opk/zadanie2/install/vacuum_msgs/include/vacuum_msgs/vacuum_msgs/msg/trash_item.h
[0.349s] -- Up-to-date symlink: /home/adam/opk/zadanie2/install/vacuum_msgs/include/vacuum_msgs/vacuum_msgs/srv/collect_trash.h
[0.349s] -- Up-to-date symlink: /home/adam/opk/zadanie2/install/vacuum_msgs/include/vacuum_msgs/vacuum_msgs/srv/detail/collect_trash__functions.h
[0.349s] -- Up-to-date symlink: /home/adam/opk/zadanie2/install/vacuum_msgs/include/vacuum_msgs/vacuum_msgs/srv/detail/collect_trash__struct.h
[0.349s] -- Up-to-date symlink: /home/adam/opk/zadanie2/install/vacuum_msgs/include/vacuum_msgs/vacuum_msgs/srv/detail/collect_trash__type_support.h
[0.349s] -- Up-to-date symlink: /home/adam/opk/zadanie2/install/vacuum_msgs/include/vacuum_msgs/vacuum_msgs/srv/detail/reset_game__functions.h
[0.349s] -- Up-to-date symlink: /home/adam/opk/zadanie2/install/vacuum_msgs/include/vacuum_msgs/vacuum_msgs/srv/detail/reset_game__struct.h
[0.349s] -- Up-to-date symlink: /home/adam/opk/zadanie2/install/vacuum_msgs/include/vacuum_msgs/vacuum_msgs/srv/detail/reset_game__type_support.h
[0.349s] -- Up-to-date symlink: /home/adam/opk/zadanie2/install/vacuum_msgs/include/vacuum_msgs/vacuum_msgs/srv/detail/unload_trash__functions.h
[0.349s] -- Up-to-date symlink: /home/adam/opk/zadanie2/install/vacuum_msgs/include/vacuum_msgs/vacuum_msgs/srv/detail/unload_trash__struct.h
[0.350s] -- Up-to-date symlink: /home/adam/opk/zadanie2/install/vacuum_msgs/include/vacuum_msgs/vacuum_msgs/srv/detail/unload_trash__type_support.h
[0.350s] -- Up-to-date symlink: /home/adam/opk/zadanie2/install/vacuum_msgs/include/vacuum_msgs/vacuum_msgs/srv/reset_game.h
[0.350s] -- Up-to-date symlink: /home/adam/opk/zadanie2/install/vacuum_msgs/include/vacuum_msgs/vacuum_msgs/srv/unload_trash.h
[0.350s] -- Up-to-date symlink: /home/adam/opk/zadanie2/install/vacuum_msgs/share/vacuum_msgs/environment/library_path.sh
[0.350s] -- Up-to-date symlink: /home/adam/opk/zadanie2/install/vacuum_msgs/share/vacuum_msgs/environment/library_path.dsv
[0.351s] -- Up-to-date symlink: /home/adam/opk/zadanie2/install/vacuum_msgs/include/vacuum_msgs/vacuum_msgs/msg/detail/game_state__rosidl_typesupport_fastrtps_c.h
[0.351s] -- Up-to-date symlink: /home/adam/opk/zadanie2/install/vacuum_msgs/include/vacuum_msgs/vacuum_msgs/msg/detail/robot_status__rosidl_typesupport_fastrtps_c.h
[0.351s] -- Up-to-date symlink: /home/adam/opk/zadanie2/install/vacuum_msgs/include/vacuum_msgs/vacuum_msgs/msg/detail/trash_count__rosidl_typesupport_fastrtps_c.h
[0.351s] -- Up-to-date symlink: /home/adam/opk/zadanie2/install/vacuum_msgs/include/vacuum_msgs/vacuum_msgs/msg/detail/trash_item__rosidl_typesupport_fastrtps_c.h
[0.351s] -- Up-to-date symlink: /home/adam/opk/zadanie2/install/vacuum_msgs/include/vacuum_msgs/vacuum_msgs/msg/rosidl_typesupport_fastrtps_c__visibility_control.h
[0.351s] -- Up-to-date symlink: /home/adam/opk/zadanie2/install/vacuum_msgs/include/vacuum_msgs/vacuum_msgs/srv/detail/collect_trash__rosidl_typesupport_fastrtps_c.h
[0.351s] -- Up-to-date symlink: /home/adam/opk/zadanie2/install/vacuum_msgs/include/vacuum_msgs/vacuum_msgs/srv/detail/reset_game__rosidl_typesupport_fastrtps_c.h
[0.352s] -- Up-to-date symlink: /home/adam/opk/zadanie2/install/vacuum_msgs/include/vacuum_msgs/vacuum_msgs/srv/detail/unload_trash__rosidl_typesupport_fastrtps_c.h
[0.352s] -- Up-to-date symlink: /home/adam/opk/zadanie2/install/vacuum_msgs/include/vacuum_msgs/vacuum_msgs/msg/detail/game_state__rosidl_typesupport_introspection_c.h
[0.352s] -- Up-to-date symlink: /home/adam/opk/zadanie2/install/vacuum_msgs/include/vacuum_msgs/vacuum_msgs/msg/detail/robot_status__rosidl_typesupport_introspection_c.h
[0.352s] -- Up-to-date symlink: /home/adam/opk/zadanie2/install/vacuum_msgs/include/vacuum_msgs/vacuum_msgs/msg/detail/trash_count__rosidl_typesupport_introspection_c.h
[0.352s] -- Up-to-date symlink: /home/adam/opk/zadanie2/install/vacuum_msgs/include/vacuum_msgs/vacuum_msgs/msg/detail/trash_item__rosidl_typesupport_introspection_c.h
[0.353s] -- Up-to-date symlink: /home/adam/opk/zadanie2/install/vacuum_msgs/include/vacuum_msgs/vacuum_msgs/msg/rosidl_typesupport_introspection_c__visibility_control.h
[0.353s] -- Up-to-date symlink: /home/adam/opk/zadanie2/install/vacuum_msgs/include/vacuum_msgs/vacuum_msgs/srv/detail/collect_trash__rosidl_typesupport_introspection_c.h
[0.353s] -- Up-to-date symlink: /home/adam/opk/zadanie2/install/vacuum_msgs/include/vacuum_msgs/vacuum_msgs/srv/detail/reset_game__rosidl_typesupport_introspection_c.h
[0.353s] -- Up-to-date symlink: /home/adam/opk/zadanie2/install/vacuum_msgs/include/vacuum_msgs/vacuum_msgs/srv/detail/unload_trash__rosidl_typesupport_introspection_c.h
[0.353s] -- Up-to-date symlink: /home/adam/opk/zadanie2/install/vacuum_msgs/include/vacuum_msgs/vacuum_msgs/msg/detail/game_state__builder.hpp
[0.354s] -- Up-to-date symlink: /home/adam/opk/zadanie2/install/vacuum_msgs/include/vacuum_msgs/vacuum_msgs/msg/detail/game_state__struct.hpp
[0.354s] -- Up-to-date symlink: /home/adam/opk/zadanie2/install/vacuum_msgs/include/vacuum_msgs/vacuum_msgs/msg/detail/game_state__traits.hpp
[0.354s] -- Up-to-date symlink: /home/adam/opk/zadanie2/install/vacuum_msgs/include/vacuum_msgs/vacuum_msgs/msg/detail/game_state__type_support.hpp
[0.354s] -- Up-to-date symlink: /home/adam/opk/zadanie2/install/vacuum_msgs/include/vacuum_msgs/vacuum_msgs/msg/detail/robot_status__builder.hpp
[0.354s] -- Up-to-date symlink: /home/adam/opk/zadanie2/install/vacuum_msgs/include/vacuum_msgs/vacuum_msgs/msg/detail/robot_status__struct.hpp
[0.354s] -- Up-to-date symlink: /home/adam/opk/zadanie2/install/vacuum_msgs/include/vacuum_msgs/vacuum_msgs/msg/detail/robot_status__traits.hpp
[0.354s] -- Up-to-date symlink: /home/adam/opk/zadanie2/install/vacuum_msgs/include/vacuum_msgs/vacuum_msgs/msg/detail/robot_status__type_support.hpp
[0.354s] -- Up-to-date symlink: /home/adam/opk/zadanie2/install/vacuum_msgs/include/vacuum_msgs/vacuum_msgs/msg/detail/trash_count__builder.hpp
[0.354s] -- Up-to-date symlink: /home/adam/opk/zadanie2/install/vacuum_msgs/include/vacuum_msgs/vacuum_msgs/msg/detail/trash_count__struct.hpp
[0.354s] -- Up-to-date symlink: /home/adam/opk/zadanie2/install/vacuum_msgs/include/vacuum_msgs/vacuum_msgs/msg/detail/trash_count__traits.hpp
[0.355s] -- Up-to-date symlink: /home/adam/opk/zadanie2/install/vacuum_msgs/include/vacuum_msgs/vacuum_msgs/msg/detail/trash_count__type_support.hpp
[0.355s] -- Up-to-date symlink: /home/adam/opk/zadanie2/install/vacuum_msgs/include/vacuum_msgs/vacuum_msgs/msg/detail/trash_item__builder.hpp
[0.355s] -- Up-to-date symlink: /home/adam/opk/zadanie2/install/vacuum_msgs/include/vacuum_msgs/vacuum_msgs/msg/detail/trash_item__struct.hpp
[0.355s] -- Up-to-date symlink: /home/adam/opk/zadanie2/install/vacuum_msgs/include/vacuum_msgs/vacuum_msgs/msg/detail/trash_item__traits.hpp
[0.355s] -- Up-to-date symlink: /home/adam/opk/zadanie2/install/vacuum_msgs/include/vacuum_msgs/vacuum_msgs/msg/detail/trash_item__type_support.hpp
[0.355s] -- Up-to-date symlink: /home/adam/opk/zadanie2/install/vacuum_msgs/include/vacuum_msgs/vacuum_msgs/msg/game_state.hpp
[0.355s] -- Up-to-date symlink: /home/adam/opk/zadanie2/install/vacuum_msgs/include/vacuum_msgs/vacuum_msgs/msg/robot_status.hpp
[0.355s] -- Up-to-date symlink: /home/adam/opk/zadanie2/install/vacuum_msgs/include/vacuum_msgs/vacuum_msgs/msg/rosidl_generator_cpp__visibility_control.hpp
[0.356s] -- Up-to-date symlink: /home/adam/opk/zadanie2/install/vacuum_msgs/include/vacuum_msgs/vacuum_msgs/msg/trash_count.hpp
[0.356s] -- Up-to-date symlink: /home/adam/opk/zadanie2/install/vacuum_msgs/include/vacuum_msgs/vacuum_msgs/msg/trash_item.hpp
[0.356s] -- Up-to-date symlink: /home/adam/opk/zadanie2/install/vacuum_msgs/include/vacuum_msgs/vacuum_msgs/srv/collect_trash.hpp
[0.356s] -- Up-to-date symlink: /home/adam/opk/zadanie2/install/vacuum_msgs/include/vacuum_msgs/vacuum_msgs/srv/detail/collect_trash__builder.hpp
[0.356s] -- Up-to-date symlink: /home/adam/opk/zadanie2/install/vacuum_msgs/include/vacuum_msgs/vacuum_msgs/srv/detail/collect_trash__struct.hpp
[0.356s] -- Up-to-date symlink: /home/adam/opk/zadanie2/install/vacuum_msgs/include/vacuum_msgs/vacuum_msgs/srv/detail/collect_trash__traits.hpp
[0.356s] -- Up-to-date symlink: /home/adam/opk/zadanie2/install/vacuum_msgs/include/vacuum_msgs/vacuum_msgs/srv/detail/collect_trash__type_support.hpp
[0.356s] -- Up-to-date symlink: /home/adam/opk/zadanie2/install/vacuum_msgs/include/vacuum_msgs/vacuum_msgs/srv/detail/reset_game__builder.hpp
[0.356s] -- Up-to-date symlink: /home/adam/opk/zadanie2/install/vacuum_msgs/include/vacuum_msgs/vacuum_msgs/srv/detail/reset_game__struct.hpp
[0.356s] -- Up-to-date symlink: /home/adam/opk/zadanie2/install/vacuum_msgs/include/vacuum_msgs/vacuum_msgs/srv/detail/reset_game__traits.hpp
[0.357s] -- Up-to-date symlink: /home/adam/opk/zadanie2/install/vacuum_msgs/include/vacuum_msgs/vacuum_msgs/srv/detail/reset_game__type_support.hpp
[0.357s] -- Up-to-date symlink: /home/adam/opk/zadanie2/install/vacuum_msgs/include/vacuum_msgs/vacuum_msgs/srv/detail/unload_trash__builder.hpp
[0.357s] -- Up-to-date symlink: /home/adam/opk/zadanie2/install/vacuum_msgs/include/vacuum_msgs/vacuum_msgs/srv/detail/unload_trash__struct.hpp
[0.357s] -- Up-to-date symlink: /home/adam/opk/zadanie2/install/vacuum_msgs/include/vacuum_msgs/vacuum_msgs/srv/detail/unload_trash__traits.hpp
[0.357s] -- Up-to-date symlink: /home/adam/opk/zadanie2/install/vacuum_msgs/include/vacuum_msgs/vacuum_msgs/srv/detail/unload_trash__type_support.hpp
[0.357s] -- Up-to-date symlink: /home/adam/opk/zadanie2/install/vacuum_msgs/include/vacuum_msgs/vacuum_msgs/srv/reset_game.hpp
[0.357s] -- Up-to-date symlink: /home/adam/opk/zadanie2/install/vacuum_msgs/include/vacuum_msgs/vacuum_msgs/srv/unload_trash.hpp
[0.358s] -- Up-to-date symlink: /home/adam/opk/zadanie2/install/vacuum_msgs/include/vacuum_msgs/vacuum_msgs/msg/detail/game_state__rosidl_typesupport_fastrtps_cpp.hpp
[0.358s] -- Up-to-date symlink: /home/adam/opk/zadanie2/install/vacuum_msgs/include/vacuum_msgs/vacuum_msgs/msg/detail/robot_status__rosidl_typesupport_fastrtps_cpp.hpp
[0.358s] -- Up-to-date symlink: /home/adam/opk/zadanie2/install/vacuum_msgs/include/vacuum_msgs/vacuum_msgs/msg/detail/trash_count__rosidl_typesupport_fastrtps_cpp.hpp
[0.358s] -- Up-to-date symlink: /home/adam/opk/zadanie2/install/vacuum_msgs/include/vacuum_msgs/vacuum_msgs/msg/detail/trash_item__rosidl_typesupport_fastrtps_cpp.hpp
[0.358s] -- Up-to-date symlink: /home/adam/opk/zadanie2/install/vacuum_msgs/include/vacuum_msgs/vacuum_msgs/msg/rosidl_typesupport_fastrtps_cpp__visibility_control.h
[0.358s] -- Up-to-date symlink: /home/adam/opk/zadanie2/install/vacuum_msgs/include/vacuum_msgs/vacuum_msgs/srv/detail/collect_trash__rosidl_typesupport_fastrtps_cpp.hpp
[0.358s] -- Up-to-date symlink: /home/adam/opk/zadanie2/install/vacuum_msgs/include/vacuum_msgs/vacuum_msgs/srv/detail/reset_game__rosidl_typesupport_fastrtps_cpp.hpp
[0.359s] -- Up-to-date symlink: /home/adam/opk/zadanie2/install/vacuum_msgs/include/vacuum_msgs/vacuum_msgs/srv/detail/unload_trash__rosidl_typesupport_fastrtps_cpp.hpp
[0.359s] -- Up-to-date symlink: /home/adam/opk/zadanie2/install/vacuum_msgs/include/vacuum_msgs/vacuum_msgs/msg/detail/game_state__rosidl_typesupport_introspection_cpp.hpp
[0.359s] -- Up-to-date symlink: /home/adam/opk/zadanie2/install/vacuum_msgs/include/vacuum_msgs/vacuum_msgs/msg/detail/robot_status__rosidl_typesupport_introspection_cpp.hpp
[0.359s] -- Up-to-date symlink: /home/adam/opk/zadanie2/install/vacuum_msgs/include/vacuum_msgs/vacuum_msgs/msg/detail/trash_count__rosidl_typesupport_introspection_cpp.hpp
[0.359s] -- Up-to-date symlink: /home/adam/opk/zadanie2/install/vacuum_msgs/include/vacuum_msgs/vacuum_msgs/msg/detail/trash_item__rosidl_typesupport_introspection_cpp.hpp
[0.359s] -- Up-to-date symlink: /home/adam/opk/zadanie2/install/vacuum_msgs/include/vacuum_msgs/vacuum_msgs/srv/detail/collect_trash__rosidl_typesupport_introspection_cpp.hpp
[0.359s] -- Up-to-date symlink: /home/adam/opk/zadanie2/install/vacuum_msgs/include/vacuum_msgs/vacuum_msgs/srv/detail/reset_game__rosidl_typesupport_introspection_cpp.hpp
[0.360s] -- Up-to-date symlink: /home/adam/opk/zadanie2/install/vacuum_msgs/include/vacuum_msgs/vacuum_msgs/srv/detail/unload_trash__rosidl_typesupport_introspection_cpp.hpp
[0.360s] -- Up-to-date symlink: /home/adam/opk/zadanie2/install/vacuum_msgs/share/vacuum_msgs/environment/pythonpath.sh
[0.360s] -- Up-to-date symlink: /home/adam/opk/zadanie2/install/vacuum_msgs/share/vacuum_msgs/environment/pythonpath.dsv
[0.360s] -- Up-to-date symlink: /home/adam/opk/zadanie2/install/vacuum_msgs/local/lib/python3.10/dist-packages/vacuum_msgs-0.1.0-py3.10.egg-info/PKG-INFO
[0.360s] -- Up-to-date symlink: /home/adam/opk/zadanie2/install/vacuum_msgs/local/lib/python3.10/dist-packages/vacuum_msgs-0.1.0-py3.10.egg-info/SOURCES.txt
[0.360s] -- Up-to-date symlink: /home/adam/opk/zadanie2/install/vacuum_msgs/local/lib/python3.10/dist-packages/vacuum_msgs-0.1.0-py3.10.egg-info/dependency_links.txt
[0.361s] -- Up-to-date symlink: /home/adam/opk/zadanie2/install/vacuum_msgs/local/lib/python3.10/dist-packages/vacuum_msgs-0.1.0-py3.10.egg-info/top_level.txt
[0.361s] -- Up-to-date symlink: /home/adam/opk/zadanie2/install/vacuum_msgs/local/lib/python3.10/dist-packages/vacuum_msgs/__init__.py
[0.361s] -- Up-to-date symlink: /home/adam/opk/zadanie2/install/vacuum_msgs/local/lib/python3.10/dist-packages/vacuum_msgs/_vacuum_msgs_s.ep.rosidl_typesupport_c.c
[0.361s] -- Up-to-date symlink: /home/adam/opk/zadanie2/install/vacuum_msgs/local/lib/python3.10/dist-packages/vacuum_msgs/_vacuum_msgs_s.ep.rosidl_typesupport_fastrtps_c.c
[0.362s] -- Up-to-date symlink: /home/adam/opk/zadanie2/install/vacuum_msgs/local/lib/python3.10/dist-packages/vacuum_msgs/_vacuum_msgs_s.ep.rosidl_typesupport_introspection_c.c
[0.362s] -- Up-to-date symlink: /home/adam/opk/zadanie2/install/vacuum_msgs/local/lib/python3.10/dist-packages/vacuum_msgs/libvacuum_msgs__rosidl_generator_py.so
[0.362s] -- Up-to-date symlink: /home/adam/opk/zadanie2/install/vacuum_msgs/local/lib/python3.10/dist-packages/vacuum_msgs/msg/__init__.py
[0.362s] -- Up-to-date symlink: /home/adam/opk/zadanie2/install/vacuum_msgs/local/lib/python3.10/dist-packages/vacuum_msgs/msg/_game_state.py
[0.362s] -- Up-to-date symlink: /home/adam/opk/zadanie2/install/vacuum_msgs/local/lib/python3.10/dist-packages/vacuum_msgs/msg/_game_state_s.c
[0.362s] -- Up-to-date symlink: /home/adam/opk/zadanie2/install/vacuum_msgs/local/lib/python3.10/dist-packages/vacuum_msgs/msg/_robot_status.py
[0.362s] -- Up-to-date symlink: /home/adam/opk/zadanie2/install/vacuum_msgs/local/lib/python3.10/dist-packages/vacuum_msgs/msg/_robot_status_s.c
[0.362s] -- Up-to-date symlink: /home/adam/opk/zadanie2/install/vacuum_msgs/local/lib/python3.10/dist-packages/vacuum_msgs/msg/_trash_count.py
[0.362s] -- Up-to-date symlink: /home/adam/opk/zadanie2/install/vacuum_msgs/local/lib/python3.10/dist-packages/vacuum_msgs/msg/_trash_count_s.c
[0.363s] -- Up-to-date symlink: /home/adam/opk/zadanie2/install/vacuum_msgs/local/lib/python3.10/dist-packages/vacuum_msgs/msg/_trash_item.py
[0.363s] -- Up-to-date symlink: /home/adam/opk/zadanie2/install/vacuum_msgs/local/lib/python3.10/dist-packages/vacuum_msgs/msg/_trash_item_s.c
[0.363s] -- Up-to-date symlink: /home/adam/opk/zadanie2/install/vacuum_msgs/local/lib/python3.10/dist-packages/vacuum_msgs/srv/__init__.py
[0.363s] -- Up-to-date symlink: /home/adam/opk/zadanie2/install/vacuum_msgs/local/lib/python3.10/dist-packages/vacuum_msgs/srv/_collect_trash.py
[0.363s] -- Up-to-date symlink: /home/adam/opk/zadanie2/install/vacuum_msgs/local/lib/python3.10/dist-packages/vacuum_msgs/srv/_collect_trash_s.c
[0.363s] -- Up-to-date symlink: /home/adam/opk/zadanie2/install/vacuum_msgs/local/lib/python3.10/dist-packages/vacuum_msgs/srv/_reset_game.py
[0.363s] -- Up-to-date symlink: /home/adam/opk/zadanie2/install/vacuum_msgs/local/lib/python3.10/dist-packages/vacuum_msgs/srv/_reset_game_s.c
[0.363s] -- Up-to-date symlink: /home/adam/opk/zadanie2/install/vacuum_msgs/local/lib/python3.10/dist-packages/vacuum_msgs/srv/_unload_trash.py
[0.364s] -- Up-to-date symlink: /home/adam/opk/zadanie2/install/vacuum_msgs/local/lib/python3.10/dist-packages/vacuum_msgs/srv/_unload_trash_s.c
[0.364s] -- Up-to-date symlink: /home/adam/opk/zadanie2/install/vacuum_msgs/local/lib/python3.10/dist-packages/vacuum_msgs/vacuum_msgs_s__rosidl_typesupport_c.cpython-310-x86_64-linux-gnu.so
[0.364s] -- Up-to-date symlink: /home/adam/opk/zadanie2/install/vacuum_msgs/local/lib/python3.10/dist-packages/vacuum_msgs/vacuum_msgs_s__rosidl_typesupport_fastrtps_c.cpython-310-x86_64-linux-gnu.so
[0.364s] -- Up-to-date symlink: /home/adam/opk/zadanie2/install/vacuum_msgs/local/lib/python3.10/dist-packages/vacuum_msgs/vacuum_msgs_s__rosidl_typesupport_introspection_c.cpython-310-x86_64-linux-gnu.so
[0.364s] -- Up-to-date symlink: /home/adam/opk/zadanie2/install/vacuum_msgs/local/lib/python3.10/dist-packages/vacuum_msgs/vacuum_msgs_s__rosidl_typesupport_fastrtps_c.cpython-310-x86_64-linux-gnu.so
[0.364s] -- Up-to-date symlink: /home/adam/opk/zadanie2/install/vacuum_msgs/local/lib/python3.10/dist-packages/vacuum_msgs/vacuum_msgs_s__rosidl_typesupport_introspection_c.cpython-310-x86_64-linux-gnu.so
[0.365s] -- Up-to-date symlink: /home/adam/opk/zadanie2/install/vacuum_msgs/local/lib/python3.10/dist-packages/vacuum_msgs/vacuum_msgs_s__rosidl_typesupport_c.cpython-310-x86_64-linux-gnu.so
[0.365s] -- Up-to-date symlink: /home/adam/opk/zadanie2/install/vacuum_msgs/share/vacuum_msgs/msg/TrashItem.idl
[0.365s] -- Up-to-date symlink: /home/adam/opk/zadanie2/install/vacuum_msgs/share/vacuum_msgs/msg/TrashCount.idl
[0.365s] -- Up-to-date symlink: /home/adam/opk/zadanie2/install/vacuum_msgs/share/vacuum_msgs/msg/RobotStatus.idl
[0.365s] -- Up-to-date symlink: /home/adam/opk/zadanie2/install/vacuum_msgs/share/vacuum_msgs/msg/GameState.idl
[0.365s] -- Up-to-date symlink: /home/adam/opk/zadanie2/install/vacuum_msgs/share/vacuum_msgs/srv/CollectTrash.idl
[0.366s] -- Up-to-date symlink: /home/adam/opk/zadanie2/install/vacuum_msgs/share/vacuum_msgs/srv/UnloadTrash.idl
[0.366s] -- Up-to-date symlink: /home/adam/opk/zadanie2/install/vacuum_msgs/share/vacuum_msgs/srv/ResetGame.idl
[0.366s] -- Up-to-date symlink: /home/adam/opk/zadanie2/install/vacuum_msgs/share/vacuum_msgs/msg/TrashItem.msg
[0.366s] -- Up-to-date symlink: /home/adam/opk/zadanie2/install/vacuum_msgs/share/vacuum_msgs/msg/TrashCount.msg
[0.366s] -- Up-to-date symlink: /home/adam/opk/zadanie2/install/vacuum_msgs/share/vacuum_msgs/msg/RobotStatus.msg
[0.366s] -- Up-to-date symlink: /home/adam/opk/zadanie2/install/vacuum_msgs/share/vacuum_msgs/msg/GameState.msg
[0.366s] -- Up-to-date symlink: /home/adam/opk/zadanie2/install/vacuum_msgs/share/vacuum_msgs/srv/CollectTrash.srv
[0.367s] -- Up-to-date symlink: /home/adam/opk/zadanie2/install/vacuum_msgs/share/vacuum_msgs/srv/CollectTrash_Request.msg
[0.367s] -- Up-to-date symlink: /home/adam/opk/zadanie2/install/vacuum_msgs/share/vacuum_msgs/srv/CollectTrash_Response.msg
[0.367s] -- Up-to-date symlink: /home/adam/opk/zadanie2/install/vacuum_msgs/share/vacuum_msgs/srv/UnloadTrash.srv
[0.367s] -- Up-to-date symlink: /home/adam/opk/zadanie2/install/vacuum_msgs/share/vacuum_msgs/srv/UnloadTrash_Request.msg
[0.367s] -- Up-to-date symlink: /home/adam/opk/zadanie2/install/vacuum_msgs/share/vacuum_msgs/srv/UnloadTrash_Response.msg
[0.367s] -- Up-to-date symlink: /home/adam/opk/zadanie2/install/vacuum_msgs/share/vacuum_msgs/srv/ResetGame.srv
[0.367s] -- Up-to-date symlink: /home/adam/opk/zadanie2/install/vacuum_msgs/share/vacuum_msgs/srv/ResetGame_Request.msg
[0.368s] -- Up-to-date symlink: /home/adam/opk/zadanie2/install/vacuum_msgs/share/vacuum_msgs/srv/ResetGame_Response.msg
[0.368s] -- Up-to-date symlink: /home/adam/opk/zadanie2/install/vacuum_msgs/share/ament_index/resource_index/package_run_dependencies/vacuum_msgs
[0.368s] -- Up-to-date symlink: /home/adam/opk/zadanie2/install/vacuum_msgs/share/ament_index/resource_index/parent_prefix_path/vacuum_msgs
[0.368s] -- Up-to-date symlink: /home/adam/opk/zadanie2/install/vacuum_msgs/share/vacuum_msgs/environment/ament_prefix_path.sh
[0.368s] -- Up-to-date symlink: /home/adam/opk/zadanie2/install/vacuum_msgs/share/vacuum_msgs/environment/ament_prefix_path.dsv
[0.368s] -- Up-to-date symlink: /home/adam/opk/zadanie2/install/vacuum_msgs/share/vacuum_msgs/environment/path.sh
[0.369s] -- Up-to-date symlink: /home/adam/opk/zadanie2/install/vacuum_msgs/share/vacuum_msgs/environment/path.dsv
[0.369s] -- Up-to-date symlink: /home/adam/opk/zadanie2/install/vacuum_msgs/share/vacuum_msgs/local_setup.bash
[0.369s] -- Up-to-date symlink: /home/adam/opk/zadanie2/install/vacuum_msgs/share/vacuum_msgs/local_setup.sh
[0.369s] -- Up-to-date symlink: /home/adam/opk/zadanie2/install/vacuum_msgs/share/vacuum_msgs/local_setup.zsh
[0.369s] -- Up-to-date symlink: /home/adam/opk/zadanie2/install/vacuum_msgs/share/vacuum_msgs/local_setup.dsv
[0.369s] -- Symlinking: /home/adam/opk/zadanie2/install/vacuum_msgs/share/vacuum_msgs/package.dsv
[0.379s] -- Up-to-date symlink: /home/adam/opk/zadanie2/install/vacuum_msgs/share/ament_index/resource_index/packages/vacuum_msgs
[0.379s] -- Up-to-date symlink: /home/adam/opk/zadanie2/install/vacuum_msgs/share/vacuum_msgs/cmake/rosidl_cmake-extras.cmake
[0.379s] -- Up-to-date symlink: /home/adam/opk/zadanie2/install/vacuum_msgs/share/vacuum_msgs/cmake/ament_cmake_export_dependencies-extras.cmake
[0.380s] -- Up-to-date symlink: /home/adam/opk/zadanie2/install/vacuum_msgs/share/vacuum_msgs/cmake/ament_cmake_export_include_directories-extras.cmake
[0.380s] -- Up-to-date symlink: /home/adam/opk/zadanie2/install/vacuum_msgs/share/vacuum_msgs/cmake/ament_cmake_export_libraries-extras.cmake
[0.381s] -- Up-to-date symlink: /home/adam/opk/zadanie2/install/vacuum_msgs/share/vacuum_msgs/cmake/ament_cmake_export_targets-extras.cmake
[0.381s] -- Up-to-date symlink: /home/adam/opk/zadanie2/install/vacuum_msgs/share/vacuum_msgs/cmake/rosidl_cmake_export_typesupport_targets-extras.cmake
[0.381s] -- Up-to-date symlink: /home/adam/opk/zadanie2/install/vacuum_msgs/share/vacuum_msgs/cmake/rosidl_cmake_export_typesupport_libraries-extras.cmake
[0.381s] -- Up-to-date symlink: /home/adam/opk/zadanie2/install/vacuum_msgs/share/vacuum_msgs/cmake/vacuum_msgsConfig.cmake
[0.381s] -- Up-to-date symlink: /home/adam/opk/zadanie2/install/vacuum_msgs/share/vacuum_msgs/cmake/vacuum_msgsConfig-version.cmake
[0.381s] -- Up-to-date symlink: /home/adam/opk/zadanie2/install/vacuum_msgs/share/vacuum_msgs/package.xml
[0.381s] -- Up-to-date: /home/adam/opk/zadanie2/install/vacuum_msgs/lib/libvacuum_msgs__rosidl_generator_c.so
[0.381s] -- Up-to-date: /home/adam/opk/zadanie2/install/vacuum_msgs/lib/libvacuum_msgs__rosidl_typesupport_fastrtps_c.so
[0.382s] -- Up-to-date: /home/adam/opk/zadanie2/install/vacuum_msgs/lib/libvacuum_msgs__rosidl_typesupport_introspection_c.so
[0.382s] -- Up-to-date: /home/adam/opk/zadanie2/install/vacuum_msgs/lib/libvacuum_msgs__rosidl_typesupport_c.so
[0.382s] -- Up-to-date: /home/adam/opk/zadanie2/install/vacuum_msgs/lib/libvacuum_msgs__rosidl_typesupport_fastrtps_cpp.so
[0.383s] -- Up-to-date: /home/adam/opk/zadanie2/install/vacuum_msgs/lib/libvacuum_msgs__rosidl_typesupport_introspection_cpp.so
[0.383s] -- Up-to-date: /home/adam/opk/zadanie2/install/vacuum_msgs/lib/libvacuum_msgs__rosidl_typesupport_cpp.so
[0.423s] Listing '/home/adam/opk/zadanie2/install/vacuum_msgs/local/lib/python3.10/dist-packages/vacuum_msgs'...
[0.423s] Listing '/home/adam/opk/zadanie2/install/vacuum_msgs/local/lib/python3.10/dist-packages/vacuum_msgs/msg'...
[0.423s] Listing '/home/adam/opk/zadanie2/install/vacuum_msgs/local/lib/python3.10/dist-packages/vacuum_msgs/srv'...
[0.426s] -- Up-to-date: /home/adam/opk/zadanie2/install/vacuum_msgs/lib/libvacuum_msgs__rosidl_generator_py.so
[0.426s] -- Up-to-date: /home/adam/opk/zadanie2/install/vacuum_msgs/share/vacuum_msgs/cmake/export_vacuum_msgs__rosidl_generator_cExport.cmake
[0.427s] -- Up-to-date: /home/adam/opk/zadanie2/install/vacuum_msgs/share/vacuum_msgs/cmake/export_vacuum_msgs__rosidl_generator_cExport-noconfig.cmake
[0.427s] -- Up-to-date: /home/adam/opk/zadanie2/install/vacuum_msgs/share/vacuum_msgs/cmake/export_vacuum_msgs__rosidl_typesupport_fastrtps_cExport.cmake
[0.427s] -- Up-to-date: /home/adam/opk/zadanie2/install/vacuum_msgs/share/vacuum_msgs/cmake/export_vacuum_msgs__rosidl_typesupport_fastrtps_cExport-noconfig.cmake
[0.427s] -- Up-to-date: /home/adam/opk/zadanie2/install/vacuum_msgs/share/vacuum_msgs/cmake/vacuum_msgs__rosidl_typesupport_introspection_cExport.cmake
[0.427s] -- Up-to-date: /home/adam/opk/zadanie2/install/vacuum_msgs/share/vacuum_msgs/cmake/vacuum_msgs__rosidl_typesupport_introspection_cExport-noconfig.cmake
[0.427s] -- Up-to-date: /home/adam/opk/zadanie2/install/vacuum_msgs/share/vacuum_msgs/cmake/vacuum_msgs__rosidl_typesupport_cExport.cmake
[0.427s] -- Up-to-date: /home/adam/opk/zadanie2/install/vacuum_msgs/share/vacuum_msgs/cmake/vacuum_msgs__rosidl_typesupport_cExport-noconfig.cmake
[0.427s] -- Up-to-date: /home/adam/opk/zadanie2/install/vacuum_msgs/share/vacuum_msgs/cmake/export_vacuum_msgs__rosidl_generator_cppExport.cmake
[0.427s] -- Up-to-date: /home/adam/opk/zadanie2/install/vacuum_msgs/share/vacuum_msgs/cmake/export_vacuum_msgs__rosidl_typesupport_fastrtps_cppExport.cmake
[0.428s] -- Up-to-date: /home/adam/opk/zadanie2/install/vacuum_msgs/share/vacuum_msgs/cmake/export_vacuum_msgs__rosidl_typesupport_fastrtps_cppExport-noconfig.cmake
[0.428s] -- Up-to-date: /home/adam/opk/zadanie2/install/vacuum_msgs/share/vacuum_msgs/cmake/vacuum_msgs__rosidl_typesupport_introspection_cppExport.cmake
[0.428s] -- Up-to-date: /home/adam/opk/zadanie2/install/vacuum_msgs/share/vacuum_msgs/cmake/vacuum_msgs__rosidl_typesupport_introspection_cppExport-noconfig.cmake
[0.428s] -- Up-to-date: /home/adam/opk/zadanie2/install/vacuum_msgs/share/vacuum_msgs/cmake/vacuum_msgs__rosidl_typesupport_cppExport.cmake
[0.428s] -- Up-to-date: /home/adam/opk/zadanie2/install/vacuum_msgs/share/vacuum_msgs/cmake/vacuum_msgs__rosidl_typesupport_cppExport-noconfig.cmake
[0.428s] -- Up-to-date: /home/adam/opk/zadanie2/install/vacuum_msgs/share/vacuum_msgs/cmake/export_vacuum_msgs__rosidl_generator_pyExport.cmake
[0.428s] -- Up-to-date: /home/adam/opk/zadanie2/install/vacuum_msgs/share/vacuum_msgs/cmake/export_vacuum_msgs__rosidl_generator_pyExport-noconfig.cmake
[0.430s] Invoked command in '/home/adam/opk/zadanie2/build/vacuum_msgs' returned '0': CMAKE_PREFIX_PATH=${CMAKE_PREFIX_PATH}:/opt/ros/humble /usr/bin/cmake --install /home/adam/opk/zadanie2/build/vacuum_msgs
