-- The C compiler identification is GNU 11.4.0
-- The CXX compiler identification is GNU 11.4.0
-- Detecting C compiler ABI info
-- Detecting C compiler ABI info - done
-- Check for working C compiler: /usr/bin/cc - skipped
-- Detecting C compile features
-- Detecting C compile features - done
-- Detecting CXX compiler ABI info
-- Detecting CXX compiler ABI info - done
-- Check for working CXX compiler: /usr/bin/c++ - skipped
-- Detecting CXX compile features
-- Detecting CXX compile features - done
-- Found ament_cmake: 1.3.13 (/opt/ros/humble/share/ament_cmake/cmake)
-- Found Python3: /usr/bin/python3 (found version "3.10.12") found components: Interpreter 
-- Found OpenCV: /usr (found version "4.5.4") 
-- Looking for pthread.h
-- Looking for pthread.h - found
-- Performing Test CMAKE_HAVE_LIBC_PTHREAD
-- Performing Test CMAKE_HAVE_LIBC_PTHREAD - Success
-- Found Threads: TRUE  
-- Found ament_cmake_gtest: 1.3.13 (/opt/ros/humble/share/ament_cmake_gtest/cmake)
-- Found gtest sources under '/opt/ros/humble/src/gtest_vendor': C++ tests using 'Google Test' will be built
-- Configuring done
-- Generating done
-- Build files have been written to: /home/adam/opk/zadanie2/build/vacuum_core
[  4%] Building CXX object CMakeFiles/vacuum_core.dir/src/Environment.cpp.o
[  9%] Building CXX object CMakeFiles/vacuum_core.dir/src/TrashFactory.cpp.o
[ 14%] Building CXX object CMakeFiles/vacuum_core.dir/src/GameLogic.cpp.o
[ 19%] Building CXX object CMakeFiles/vacuum_core.dir/src/BotController.cpp.o
[ 23%] Building CXX object gtest/CMakeFiles/gtest.dir/src/gtest-all.cc.o
[ 28%] Building CXX object gtest/CMakeFiles/gtest_main.dir/src/gtest_main.cc.o
[ 33%] Building CXX object CMakeFiles/vacuum_core.dir/src/WorldManager.cpp.o
[ 38%] Building CXX object CMakeFiles/vacuum_core.dir/src/Robot.cpp.o
[ 42%] Building CXX object CMakeFiles/vacuum_core.dir/src/Lidar.cpp.o
[ 47%] Building CXX object CMakeFiles/vacuum_core.dir/src/ConfigLoader.cpp.o
[ 52%] Linking CXX static library libgtest_main.a
[ 52%] Built target gtest_main
[ 57%] Linking CXX shared library libvacuum_core.so
[ 57%] Built target vacuum_core
[ 61%] Linking CXX static library libgtest.a
[ 61%] Built target gtest
[ 66%] Building CXX object CMakeFiles/test_world_manager.dir/test/test_world_manager.cpp.o
[ 71%] Building CXX object CMakeFiles/test_config_loader.dir/test/test_config_loader.cpp.o
[ 76%] Building CXX object CMakeFiles/test_trash_factory.dir/test/test_trash_factory.cpp.o
[ 80%] Building CXX object CMakeFiles/test_bot_controller.dir/test/test_bot_controller.cpp.o
[ 85%] Linking CXX executable test_config_loader
[ 90%] Linking CXX executable test_trash_factory
[ 95%] Linking CXX executable test_world_manager
[100%] Linking CXX executable test_bot_controller
[100%] Built target test_world_manager
[100%] Built target test_trash_factory
[100%] Built target test_config_loader
[100%] Built target test_bot_controller
-- Install configuration: ""
-- Installing: /home/adam/opk/zadanie2/install/vacuum_core/include
-- Installing: /home/adam/opk/zadanie2/install/vacuum_core/include/vacuum_core
-- Installing: /home/adam/opk/zadanie2/install/vacuum_core/include/vacuum_core/config
-- Installing: /home/adam/opk/zadanie2/install/vacuum_core/include/vacuum_core/config/ConfigLoader.h
-- Installing: /home/adam/opk/zadanie2/install/vacuum_core/include/vacuum_core/config/GameConfig.h
-- Installing: /home/adam/opk/zadanie2/install/vacuum_core/include/vacuum_core/world
-- Installing: /home/adam/opk/zadanie2/install/vacuum_core/include/vacuum_core/world/WorldObject.h
-- Installing: /home/adam/opk/zadanie2/install/vacuum_core/include/vacuum_core/world/Obstacle.h
-- Installing: /home/adam/opk/zadanie2/install/vacuum_core/include/vacuum_core/world/WorldManager.h
-- Installing: /home/adam/opk/zadanie2/install/vacuum_core/include/vacuum_core/world/Station.h
-- Installing: /home/adam/opk/zadanie2/install/vacuum_core/include/vacuum_core/world/Collectible.h
-- Installing: /home/adam/opk/zadanie2/install/vacuum_core/include/vacuum_core/world/TrashFactory.h
-- Installing: /home/adam/opk/zadanie2/install/vacuum_core/include/vacuum_core/environment
-- Installing: /home/adam/opk/zadanie2/install/vacuum_core/include/vacuum_core/environment/Environment.h
-- Installing: /home/adam/opk/zadanie2/install/vacuum_core/include/vacuum_core/lidar
-- Installing: /home/adam/opk/zadanie2/install/vacuum_core/include/vacuum_core/lidar/Lidar.h
-- Installing: /home/adam/opk/zadanie2/install/vacuum_core/include/vacuum_core/util
-- Installing: /home/adam/opk/zadanie2/install/vacuum_core/include/vacuum_core/util/Exception.h
-- Installing: /home/adam/opk/zadanie2/install/vacuum_core/include/vacuum_core/types
-- Installing: /home/adam/opk/zadanie2/install/vacuum_core/include/vacuum_core/types/Geometry.h
-- Installing: /home/adam/opk/zadanie2/install/vacuum_core/include/vacuum_core/game
-- Installing: /home/adam/opk/zadanie2/install/vacuum_core/include/vacuum_core/game/BotController.h
-- Installing: /home/adam/opk/zadanie2/install/vacuum_core/include/vacuum_core/game/GameLogic.h
-- Installing: /home/adam/opk/zadanie2/install/vacuum_core/include/vacuum_core/robot
-- Installing: /home/adam/opk/zadanie2/install/vacuum_core/include/vacuum_core/robot/Robot.h
-- Installing: /home/adam/opk/zadanie2/install/vacuum_core/lib/libvacuum_core.so
-- Installing: /home/adam/opk/zadanie2/install/vacuum_core/share/vacuum_core/environment/library_path.sh
-- Installing: /home/adam/opk/zadanie2/install/vacuum_core/share/vacuum_core/environment/library_path.dsv
-- Installing: /home/adam/opk/zadanie2/install/vacuum_core/share/ament_index/resource_index/package_run_dependencies/vacuum_core
-- Installing: /home/adam/opk/zadanie2/install/vacuum_core/share/ament_index/resource_index/parent_prefix_path/vacuum_core
-- Installing: /home/adam/opk/zadanie2/install/vacuum_core/share/vacuum_core/environment/ament_prefix_path.sh
-- Installing: /home/adam/opk/zadanie2/install/vacuum_core/share/vacuum_core/environment/ament_prefix_path.dsv
-- Installing: /home/adam/opk/zadanie2/install/vacuum_core/share/vacuum_core/environment/path.sh
-- Installing: /home/adam/opk/zadanie2/install/vacuum_core/share/vacuum_core/environment/path.dsv
-- Installing: /home/adam/opk/zadanie2/install/vacuum_core/share/vacuum_core/local_setup.bash
-- Installing: /home/adam/opk/zadanie2/install/vacuum_core/share/vacuum_core/local_setup.sh
-- Installing: /home/adam/opk/zadanie2/install/vacuum_core/share/vacuum_core/local_setup.zsh
-- Installing: /home/adam/opk/zadanie2/install/vacuum_core/share/vacuum_core/local_setup.dsv
-- Installing: /home/adam/opk/zadanie2/install/vacuum_core/share/vacuum_core/package.dsv
-- Installing: /home/adam/opk/zadanie2/install/vacuum_core/share/ament_index/resource_index/packages/vacuum_core
-- Installing: /home/adam/opk/zadanie2/install/vacuum_core/share/vacuum_core/cmake/export_vacuum_coreExport.cmake
-- Installing: /home/adam/opk/zadanie2/install/vacuum_core/share/vacuum_core/cmake/export_vacuum_coreExport-noconfig.cmake
-- Installing: /home/adam/opk/zadanie2/install/vacuum_core/share/vacuum_core/cmake/ament_cmake_export_include_directories-extras.cmake
-- Installing: /home/adam/opk/zadanie2/install/vacuum_core/share/vacuum_core/cmake/ament_cmake_export_libraries-extras.cmake
-- Installing: /home/adam/opk/zadanie2/install/vacuum_core/share/vacuum_core/cmake/ament_cmake_export_targets-extras.cmake
-- Installing: /home/adam/opk/zadanie2/install/vacuum_core/share/vacuum_core/cmake/ament_cmake_export_dependencies-extras.cmake
-- Installing: /home/adam/opk/zadanie2/install/vacuum_core/share/vacuum_core/cmake/vacuum_coreConfig.cmake
-- Installing: /home/adam/opk/zadanie2/install/vacuum_core/share/vacuum_core/cmake/vacuum_coreConfig-version.cmake
-- Installing: /home/adam/opk/zadanie2/install/vacuum_core/share/vacuum_core/package.xml
