[0.011s] Invoking command in '/home/adam/opk/zadanie2/build/nodes': AMENT_PREFIX_PATH=/home/adam/opk/zadanie2/install/msgs:/home/adam/opk/zadanie2/install/core:${AMENT_PREFIX_PATH} CMAKE_PREFIX_PATH=/home/adam/opk/zadanie2/install/msgs:/home/adam/opk/zadanie2/install/core:/home/adam/opk/zadanie2/install/vacuum_bringup:/home/adam/opk/zadanie2/install/vacuum_robot:/home/adam/opk/zadanie2/install/vacuum_game:/home/adam/opk/zadanie2/install/vacuum_msgs:/home/adam/opk/zadanie2/install/vacuum_core:/home/adam/rrm_ws/install/zadanie5_model:/home/adam/rrm_ws/install/zad6ik:/home/adam/rrm_ws/install/zad6fk:/home/adam/rrm_ws/install/zad4:/home/adam/rrm_ws/install/zad1:/home/adam/rrm_ws/install/rrm_simple_robot_model:/home/adam/rrm_ws/install/rrm_sim:/home/adam/rrm_ws/install/rrm_projekt:/home/adam/rrm_ws/install/block1_elias:/home/adam/rrm_ws/install/rrm_msgs:/home/adam/rrm_ws/install/cv1:/home/adam/rrm_ws/install/abb_model:/home/adam/rrm_ws/install/abb_irb4600_ikfast:/opt/ros/humble LD_LIBRARY_PATH=/home/adam/opk/zadanie2/install/msgs/lib:/home/adam/opk/zadanie2/install/core/lib:${LD_LIBRARY_PATH} PYTHONPATH=/home/adam/opk/zadanie2/install/msgs/local/lib/python3.10/dist-packages:${PYTHONPATH} /usr/bin/cmake /home/adam/opk/zadanie2/src/nodes -DCMAKE_INSTALL_PREFIX=/home/adam/opk/zadanie2/install/nodes
[0.063s] -- The C compiler identification is GNU 11.4.0
[0.110s] -- The CXX compiler identification is GNU 11.4.0
[0.116s] -- Detecting C compiler ABI info
[0.177s] -- Detecting C compiler ABI info - done
[0.184s] -- Check for working C compiler: /usr/bin/cc - skipped
[0.184s] -- Detecting C compile features
[0.185s] -- Detecting C compile features - done
[0.187s] -- Detecting CXX compiler ABI info
[0.260s] -- Detecting CXX compiler ABI info - done
[0.265s] -- Check for working CXX compiler: /usr/bin/c++ - skipped
[0.265s] -- Detecting CXX compile features
[0.265s] -- Detecting CXX compile features - done
[0.267s] -- Found ament_cmake: 1.3.13 (/opt/ros/humble/share/ament_cmake/cmake)
[0.392s] -- Found Python3: /usr/bin/python3 (found version "3.10.12") found components: Interpreter 
[0.489s] -- Found rclcpp: 16.0.18 (/opt/ros/humble/share/rclcpp/cmake)
[0.526s] -- Found rosidl_generator_c: 3.1.8 (/opt/ros/humble/share/rosidl_generator_c/cmake)
[0.531s] -- Found rosidl_adapter: 3.1.8 (/opt/ros/humble/share/rosidl_adapter/cmake)
[0.538s] -- Found rosidl_generator_cpp: 3.1.8 (/opt/ros/humble/share/rosidl_generator_cpp/cmake)
[0.548s] -- Using all available rosidl_typesupport_c: rosidl_typesupport_fastrtps_c;rosidl_typesupport_introspection_c
[0.562s] -- Using all available rosidl_typesupport_cpp: rosidl_typesupport_fastrtps_cpp;rosidl_typesupport_introspection_cpp
[0.613s] -- Found rmw_implementation_cmake: 6.1.2 (/opt/ros/humble/share/rmw_implementation_cmake/cmake)
[0.616s] -- Found rmw_fastrtps_cpp: 6.2.10 (/opt/ros/humble/share/rmw_fastrtps_cpp/cmake)
[0.709s] -- Found OpenSSL: /usr/lib/x86_64-linux-gnu/libcrypto.so (found version "3.0.2")  
[0.732s] -- Found FastRTPS: /opt/ros/humble/include  
[0.773s] -- Using RMW implementation 'rmw_fastrtps_cpp' as default
[0.789s] -- Looking for pthread.h
[0.854s] -- Looking for pthread.h - found
[0.854s] -- Performing Test CMAKE_HAVE_LIBC_PTHREAD
[0.921s] -- Performing Test CMAKE_HAVE_LIBC_PTHREAD - Success
[0.922s] -- Found Threads: TRUE  
[0.982s] -- Found geometry_msgs: 4.9.1 (/opt/ros/humble/share/geometry_msgs/cmake)
[1.000s] -- Found sensor_msgs: 4.9.1 (/opt/ros/humble/share/sensor_msgs/cmake)
[1.016s] -- Found nav_msgs: 4.9.1 (/opt/ros/humble/share/nav_msgs/cmake)
[1.032s] -- Found tf2: 0.25.19 (/opt/ros/humble/share/tf2/cmake)
[1.042s] -- Found tf2_ros: 0.25.19 (/opt/ros/humble/share/tf2_ros/cmake)
[1.126s] -- Found tf2_geometry_msgs: 0.25.19 (/opt/ros/humble/share/tf2_geometry_msgs/cmake)
[1.137s] -- Found eigen3_cmake_module: 0.1.1 (/opt/ros/humble/share/eigen3_cmake_module/cmake)
[1.138s] -- Found Eigen3: TRUE (found version "3.4.0") 
[1.139s] -- Ensuring Eigen3 include directory is part of orocos-kdl CMake target
[1.141s] -- Found visualization_msgs: 4.9.1 (/opt/ros/humble/share/visualization_msgs/cmake)
[1.155s] -- Found core: 0.1.0 (/home/adam/opk/zadanie2/install/core/share/core/cmake)
[1.165s] -- Found msgs: 0.1.0 (/home/adam/opk/zadanie2/install/msgs/share/msgs/cmake)
[1.195s] -- Found ament_lint_auto: 0.12.15 (/opt/ros/humble/share/ament_lint_auto/cmake)
[1.269s] -- Added test 'cppcheck' to perform static code analysis on C / C++ code
[1.269s] -- Configured cppcheck include dirs: 
[1.269s] -- Configured cppcheck exclude dirs and/or files: 
[1.270s] -- Added test 'lint_cmake' to check CMake code style
[1.271s] -- Added test 'uncrustify' to check C / C++ code style
[1.271s] -- Configured uncrustify additional arguments: 
[1.271s] -- Added test 'xmllint' to check XML markup files
[1.272s] -- Configuring done
[1.295s] -- Generating done
[1.303s] -- Build files have been written to: /home/adam/opk/zadanie2/build/nodes
[1.313s] Invoked command in '/home/adam/opk/zadanie2/build/nodes' returned '0': AMENT_PREFIX_PATH=/home/adam/opk/zadanie2/install/msgs:/home/adam/opk/zadanie2/install/core:${AMENT_PREFIX_PATH} CMAKE_PREFIX_PATH=/home/adam/opk/zadanie2/install/msgs:/home/adam/opk/zadanie2/install/core:/home/adam/opk/zadanie2/install/vacuum_bringup:/home/adam/opk/zadanie2/install/vacuum_robot:/home/adam/opk/zadanie2/install/vacuum_game:/home/adam/opk/zadanie2/install/vacuum_msgs:/home/adam/opk/zadanie2/install/vacuum_core:/home/adam/rrm_ws/install/zadanie5_model:/home/adam/rrm_ws/install/zad6ik:/home/adam/rrm_ws/install/zad6fk:/home/adam/rrm_ws/install/zad4:/home/adam/rrm_ws/install/zad1:/home/adam/rrm_ws/install/rrm_simple_robot_model:/home/adam/rrm_ws/install/rrm_sim:/home/adam/rrm_ws/install/rrm_projekt:/home/adam/rrm_ws/install/block1_elias:/home/adam/rrm_ws/install/rrm_msgs:/home/adam/rrm_ws/install/cv1:/home/adam/rrm_ws/install/abb_model:/home/adam/rrm_ws/install/abb_irb4600_ikfast:/opt/ros/humble LD_LIBRARY_PATH=/home/adam/opk/zadanie2/install/msgs/lib:/home/adam/opk/zadanie2/install/core/lib:${LD_LIBRARY_PATH} PYTHONPATH=/home/adam/opk/zadanie2/install/msgs/local/lib/python3.10/dist-packages:${PYTHONPATH} /usr/bin/cmake /home/adam/opk/zadanie2/src/nodes -DCMAKE_INSTALL_PREFIX=/home/adam/opk/zadanie2/install/nodes
[1.314s] Invoking command in '/home/adam/opk/zadanie2/build/nodes': AMENT_PREFIX_PATH=/home/adam/opk/zadanie2/install/msgs:/home/adam/opk/zadanie2/install/core:${AMENT_PREFIX_PATH} CMAKE_PREFIX_PATH=/home/adam/opk/zadanie2/install/msgs:/home/adam/opk/zadanie2/install/core:/home/adam/opk/zadanie2/install/vacuum_bringup:/home/adam/opk/zadanie2/install/vacuum_robot:/home/adam/opk/zadanie2/install/vacuum_game:/home/adam/opk/zadanie2/install/vacuum_msgs:/home/adam/opk/zadanie2/install/vacuum_core:/home/adam/rrm_ws/install/zadanie5_model:/home/adam/rrm_ws/install/zad6ik:/home/adam/rrm_ws/install/zad6fk:/home/adam/rrm_ws/install/zad4:/home/adam/rrm_ws/install/zad1:/home/adam/rrm_ws/install/rrm_simple_robot_model:/home/adam/rrm_ws/install/rrm_sim:/home/adam/rrm_ws/install/rrm_projekt:/home/adam/rrm_ws/install/block1_elias:/home/adam/rrm_ws/install/rrm_msgs:/home/adam/rrm_ws/install/cv1:/home/adam/rrm_ws/install/abb_model:/home/adam/rrm_ws/install/abb_irb4600_ikfast:/opt/ros/humble LD_LIBRARY_PATH=/home/adam/opk/zadanie2/install/msgs/lib:/home/adam/opk/zadanie2/install/core/lib:${LD_LIBRARY_PATH} PYTHONPATH=/home/adam/opk/zadanie2/install/msgs/local/lib/python3.10/dist-packages:${PYTHONPATH} /usr/bin/cmake --build /home/adam/opk/zadanie2/build/nodes -- -j12 -l12
[1.361s] [ 50%] [32mBuilding CXX object CMakeFiles/teleop_node.dir/src/teleop_node.cpp.o[0m
[1.361s] [ 50%] [32mBuilding CXX object CMakeFiles/bot_node.dir/src/bot_node.cpp.o[0m
[1.361s] [ 50%] [32mBuilding CXX object CMakeFiles/lidar_node.dir/src/lidar_node.cpp.o[0m
[1.361s] [ 50%] [32mBuilding CXX object CMakeFiles/game_node.dir/src/game_node.cpp.o[0m
[1.361s] [ 50%] [32mBuilding CXX object CMakeFiles/robot_node.dir/src/robot_node.cpp.o[0m
[4.816s] [ 60%] [32m[1mLinking CXX executable teleop_node[0m
[4.970s] [ 60%] Built target teleop_node
[7.666s] [ 70%] [32m[1mLinking CXX executable lidar_node[0m
[7.926s] [ 80%] [32m[1mLinking CXX executable game_node[0m
[8.218s] [ 80%] Built target lidar_node
[8.502s] [ 80%] Built target game_node
[11.489s] [ 90%] [32m[1mLinking CXX executable bot_node[0m
[11.826s] [100%] [32m[1mLinking CXX executable robot_node[0m
[12.112s] [100%] Built target bot_node
[12.646s] [100%] Built target robot_node
[12.658s] Invoked command in '/home/adam/opk/zadanie2/build/nodes' returned '0': AMENT_PREFIX_PATH=/home/adam/opk/zadanie2/install/msgs:/home/adam/opk/zadanie2/install/core:${AMENT_PREFIX_PATH} CMAKE_PREFIX_PATH=/home/adam/opk/zadanie2/install/msgs:/home/adam/opk/zadanie2/install/core:/home/adam/opk/zadanie2/install/vacuum_bringup:/home/adam/opk/zadanie2/install/vacuum_robot:/home/adam/opk/zadanie2/install/vacuum_game:/home/adam/opk/zadanie2/install/vacuum_msgs:/home/adam/opk/zadanie2/install/vacuum_core:/home/adam/rrm_ws/install/zadanie5_model:/home/adam/rrm_ws/install/zad6ik:/home/adam/rrm_ws/install/zad6fk:/home/adam/rrm_ws/install/zad4:/home/adam/rrm_ws/install/zad1:/home/adam/rrm_ws/install/rrm_simple_robot_model:/home/adam/rrm_ws/install/rrm_sim:/home/adam/rrm_ws/install/rrm_projekt:/home/adam/rrm_ws/install/block1_elias:/home/adam/rrm_ws/install/rrm_msgs:/home/adam/rrm_ws/install/cv1:/home/adam/rrm_ws/install/abb_model:/home/adam/rrm_ws/install/abb_irb4600_ikfast:/opt/ros/humble LD_LIBRARY_PATH=/home/adam/opk/zadanie2/install/msgs/lib:/home/adam/opk/zadanie2/install/core/lib:${LD_LIBRARY_PATH} PYTHONPATH=/home/adam/opk/zadanie2/install/msgs/local/lib/python3.10/dist-packages:${PYTHONPATH} /usr/bin/cmake --build /home/adam/opk/zadanie2/build/nodes -- -j12 -l12
[12.659s] Invoking command in '/home/adam/opk/zadanie2/build/nodes': AMENT_PREFIX_PATH=/home/adam/opk/zadanie2/install/msgs:/home/adam/opk/zadanie2/install/core:${AMENT_PREFIX_PATH} CMAKE_PREFIX_PATH=/home/adam/opk/zadanie2/install/msgs:/home/adam/opk/zadanie2/install/core:/home/adam/opk/zadanie2/install/vacuum_bringup:/home/adam/opk/zadanie2/install/vacuum_robot:/home/adam/opk/zadanie2/install/vacuum_game:/home/adam/opk/zadanie2/install/vacuum_msgs:/home/adam/opk/zadanie2/install/vacuum_core:/home/adam/rrm_ws/install/zadanie5_model:/home/adam/rrm_ws/install/zad6ik:/home/adam/rrm_ws/install/zad6fk:/home/adam/rrm_ws/install/zad4:/home/adam/rrm_ws/install/zad1:/home/adam/rrm_ws/install/rrm_simple_robot_model:/home/adam/rrm_ws/install/rrm_sim:/home/adam/rrm_ws/install/rrm_projekt:/home/adam/rrm_ws/install/block1_elias:/home/adam/rrm_ws/install/rrm_msgs:/home/adam/rrm_ws/install/cv1:/home/adam/rrm_ws/install/abb_model:/home/adam/rrm_ws/install/abb_irb4600_ikfast:/opt/ros/humble LD_LIBRARY_PATH=/home/adam/opk/zadanie2/install/msgs/lib:/home/adam/opk/zadanie2/install/core/lib:${LD_LIBRARY_PATH} PYTHONPATH=/home/adam/opk/zadanie2/install/msgs/local/lib/python3.10/dist-packages:${PYTHONPATH} /usr/bin/cmake --install /home/adam/opk/zadanie2/build/nodes
[12.669s] -- Install configuration: ""
[12.669s] -- Installing: /home/adam/opk/zadanie2/install/nodes/lib/nodes/robot_node
[12.674s] -- Set runtime path of "/home/adam/opk/zadanie2/install/nodes/lib/nodes/robot_node" to ""
[12.674s] -- Installing: /home/adam/opk/zadanie2/install/nodes/lib/nodes/lidar_node
[12.676s] -- Set runtime path of "/home/adam/opk/zadanie2/install/nodes/lib/nodes/lidar_node" to ""
[12.676s] -- Installing: /home/adam/opk/zadanie2/install/nodes/lib/nodes/game_node
[12.678s] -- Set runtime path of "/home/adam/opk/zadanie2/install/nodes/lib/nodes/game_node" to ""
[12.678s] -- Installing: /home/adam/opk/zadanie2/install/nodes/lib/nodes/teleop_node
[12.678s] -- Set runtime path of "/home/adam/opk/zadanie2/install/nodes/lib/nodes/teleop_node" to ""
[12.678s] -- Installing: /home/adam/opk/zadanie2/install/nodes/lib/nodes/bot_node
[12.681s] -- Set runtime path of "/home/adam/opk/zadanie2/install/nodes/lib/nodes/bot_node" to ""
[12.681s] -- Installing: /home/adam/opk/zadanie2/install/nodes/share/ament_index/resource_index/package_run_dependencies/nodes
[12.681s] -- Installing: /home/adam/opk/zadanie2/install/nodes/share/ament_index/resource_index/parent_prefix_path/nodes
[12.681s] -- Installing: /home/adam/opk/zadanie2/install/nodes/share/nodes/environment/ament_prefix_path.sh
[12.681s] -- Installing: /home/adam/opk/zadanie2/install/nodes/share/nodes/environment/ament_prefix_path.dsv
[12.681s] -- Installing: /home/adam/opk/zadanie2/install/nodes/share/nodes/environment/path.sh
[12.681s] -- Installing: /home/adam/opk/zadanie2/install/nodes/share/nodes/environment/path.dsv
[12.681s] -- Installing: /home/adam/opk/zadanie2/install/nodes/share/nodes/local_setup.bash
[12.682s] -- Installing: /home/adam/opk/zadanie2/install/nodes/share/nodes/local_setup.sh
[12.682s] -- Installing: /home/adam/opk/zadanie2/install/nodes/share/nodes/local_setup.zsh
[12.682s] -- Installing: /home/adam/opk/zadanie2/install/nodes/share/nodes/local_setup.dsv
[12.682s] -- Installing: /home/adam/opk/zadanie2/install/nodes/share/nodes/package.dsv
[12.682s] -- Installing: /home/adam/opk/zadanie2/install/nodes/share/ament_index/resource_index/packages/nodes
[12.682s] -- Installing: /home/adam/opk/zadanie2/install/nodes/share/nodes/cmake/nodesConfig.cmake
[12.682s] -- Installing: /home/adam/opk/zadanie2/install/nodes/share/nodes/cmake/nodesConfig-version.cmake
[12.682s] -- Installing: /home/adam/opk/zadanie2/install/nodes/share/nodes/package.xml
[12.683s] Invoked command in '/home/adam/opk/zadanie2/build/nodes' returned '0': AMENT_PREFIX_PATH=/home/adam/opk/zadanie2/install/msgs:/home/adam/opk/zadanie2/install/core:${AMENT_PREFIX_PATH} CMAKE_PREFIX_PATH=/home/adam/opk/zadanie2/install/msgs:/home/adam/opk/zadanie2/install/core:/home/adam/opk/zadanie2/install/vacuum_bringup:/home/adam/opk/zadanie2/install/vacuum_robot:/home/adam/opk/zadanie2/install/vacuum_game:/home/adam/opk/zadanie2/install/vacuum_msgs:/home/adam/opk/zadanie2/install/vacuum_core:/home/adam/rrm_ws/install/zadanie5_model:/home/adam/rrm_ws/install/zad6ik:/home/adam/rrm_ws/install/zad6fk:/home/adam/rrm_ws/install/zad4:/home/adam/rrm_ws/install/zad1:/home/adam/rrm_ws/install/rrm_simple_robot_model:/home/adam/rrm_ws/install/rrm_sim:/home/adam/rrm_ws/install/rrm_projekt:/home/adam/rrm_ws/install/block1_elias:/home/adam/rrm_ws/install/rrm_msgs:/home/adam/rrm_ws/install/cv1:/home/adam/rrm_ws/install/abb_model:/home/adam/rrm_ws/install/abb_irb4600_ikfast:/opt/ros/humble LD_LIBRARY_PATH=/home/adam/opk/zadanie2/install/msgs/lib:/home/adam/opk/zadanie2/install/core/lib:${LD_LIBRARY_PATH} PYTHONPATH=/home/adam/opk/zadanie2/install/msgs/local/lib/python3.10/dist-packages:${PYTHONPATH} /usr/bin/cmake --install /home/adam/opk/zadanie2/build/nodes
