[0.011s] Invoking command in '/home/adam/opk/zadanie2/build/vacuum_game': CMAKE_PREFIX_PATH=/home/adam/opk/zadanie2/install/vacuum_msgs:/home/adam/opk/zadanie2/install/vacuum_core:/home/adam/opk/zadanie2/install/vacuum_bringup:/home/adam/opk/zadanie2/install/vacuum_robot:/home/adam/opk/zadanie2/install/vacuum_game:/home/adam/rrm_ws/install/zadanie5_model:/home/adam/rrm_ws/install/zad6ik:/home/adam/rrm_ws/install/zad6fk:/home/adam/rrm_ws/install/zad4:/home/adam/rrm_ws/install/zad1:/home/adam/rrm_ws/install/rrm_simple_robot_model:/home/adam/rrm_ws/install/rrm_sim:/home/adam/rrm_ws/install/rrm_projekt:/home/adam/rrm_ws/install/block1_elias:/home/adam/rrm_ws/install/rrm_msgs:/home/adam/rrm_ws/install/cv1:/home/adam/rrm_ws/install/abb_model:/home/adam/rrm_ws/install/abb_irb4600_ikfast:/opt/ros/humble /usr/bin/cmake --build /home/adam/opk/zadanie2/build/vacuum_game -- -j12 -l12
[0.070s] [ 33%] Built target teleop_node
[0.074s] [ 66%] Built target game_node
[0.082s] [100%] Built target bot_node
[0.097s] Invoked command in '/home/adam/opk/zadanie2/build/vacuum_game' returned '0': CMAKE_PREFIX_PATH=/home/adam/opk/zadanie2/install/vacuum_msgs:/home/adam/opk/zadanie2/install/vacuum_core:/home/adam/opk/zadanie2/install/vacuum_bringup:/home/adam/opk/zadanie2/install/vacuum_robot:/home/adam/opk/zadanie2/install/vacuum_game:/home/adam/rrm_ws/install/zadanie5_model:/home/adam/rrm_ws/install/zad6ik:/home/adam/rrm_ws/install/zad6fk:/home/adam/rrm_ws/install/zad4:/home/adam/rrm_ws/install/zad1:/home/adam/rrm_ws/install/rrm_simple_robot_model:/home/adam/rrm_ws/install/rrm_sim:/home/adam/rrm_ws/install/rrm_projekt:/home/adam/rrm_ws/install/block1_elias:/home/adam/rrm_ws/install/rrm_msgs:/home/adam/rrm_ws/install/cv1:/home/adam/rrm_ws/install/abb_model:/home/adam/rrm_ws/install/abb_irb4600_ikfast:/opt/ros/humble /usr/bin/cmake --build /home/adam/opk/zadanie2/build/vacuum_game -- -j12 -l12
[0.098s] Invoking command in '/home/adam/opk/zadanie2/build/vacuum_game': CMAKE_PREFIX_PATH=/home/adam/opk/zadanie2/install/vacuum_msgs:/home/adam/opk/zadanie2/install/vacuum_core:/home/adam/opk/zadanie2/install/vacuum_bringup:/home/adam/opk/zadanie2/install/vacuum_robot:/home/adam/opk/zadanie2/install/vacuum_game:/home/adam/rrm_ws/install/zadanie5_model:/home/adam/rrm_ws/install/zad6ik:/home/adam/rrm_ws/install/zad6fk:/home/adam/rrm_ws/install/zad4:/home/adam/rrm_ws/install/zad1:/home/adam/rrm_ws/install/rrm_simple_robot_model:/home/adam/rrm_ws/install/rrm_sim:/home/adam/rrm_ws/install/rrm_projekt:/home/adam/rrm_ws/install/block1_elias:/home/adam/rrm_ws/install/rrm_msgs:/home/adam/rrm_ws/install/cv1:/home/adam/rrm_ws/install/abb_model:/home/adam/rrm_ws/install/abb_irb4600_ikfast:/opt/ros/humble /usr/bin/cmake --install /home/adam/opk/zadanie2/build/vacuum_game
[0.103s] -- Install configuration: ""
[0.103s] -- Execute custom install script
[0.104s] -- Up-to-date symlink: /home/adam/opk/zadanie2/install/vacuum_game/lib/vacuum_game/game_node
[0.104s] -- Up-to-date symlink: /home/adam/opk/zadanie2/install/vacuum_game/lib/vacuum_game/teleop_node
[0.104s] -- Up-to-date symlink: /home/adam/opk/zadanie2/install/vacuum_game/lib/vacuum_game/bot_node
[0.104s] -- Up-to-date symlink: /home/adam/opk/zadanie2/install/vacuum_game/share/ament_index/resource_index/package_run_dependencies/vacuum_game
[0.104s] -- Up-to-date symlink: /home/adam/opk/zadanie2/install/vacuum_game/share/ament_index/resource_index/parent_prefix_path/vacuum_game
[0.104s] -- Up-to-date symlink: /home/adam/opk/zadanie2/install/vacuum_game/share/vacuum_game/environment/ament_prefix_path.sh
[0.104s] -- Up-to-date symlink: /home/adam/opk/zadanie2/install/vacuum_game/share/vacuum_game/environment/ament_prefix_path.dsv
[0.104s] -- Up-to-date symlink: /home/adam/opk/zadanie2/install/vacuum_game/share/vacuum_game/environment/path.sh
[0.105s] -- Up-to-date symlink: /home/adam/opk/zadanie2/install/vacuum_game/share/vacuum_game/environment/path.dsv
[0.105s] -- Up-to-date symlink: /home/adam/opk/zadanie2/install/vacuum_game/share/vacuum_game/local_setup.bash
[0.105s] -- Up-to-date symlink: /home/adam/opk/zadanie2/install/vacuum_game/share/vacuum_game/local_setup.sh
[0.105s] -- Up-to-date symlink: /home/adam/opk/zadanie2/install/vacuum_game/share/vacuum_game/local_setup.zsh
[0.105s] -- Up-to-date symlink: /home/adam/opk/zadanie2/install/vacuum_game/share/vacuum_game/local_setup.dsv
[0.105s] -- Symlinking: /home/adam/opk/zadanie2/install/vacuum_game/share/vacuum_game/package.dsv
[0.111s] -- Up-to-date symlink: /home/adam/opk/zadanie2/install/vacuum_game/share/ament_index/resource_index/packages/vacuum_game
[0.111s] -- Up-to-date symlink: /home/adam/opk/zadanie2/install/vacuum_game/share/vacuum_game/cmake/vacuum_gameConfig.cmake
[0.111s] -- Up-to-date symlink: /home/adam/opk/zadanie2/install/vacuum_game/share/vacuum_game/cmake/vacuum_gameConfig-version.cmake
[0.111s] -- Up-to-date symlink: /home/adam/opk/zadanie2/install/vacuum_game/share/vacuum_game/package.xml
[0.124s] Invoked command in '/home/adam/opk/zadanie2/build/vacuum_game' returned '0': CMAKE_PREFIX_PATH=/home/adam/opk/zadanie2/install/vacuum_msgs:/home/adam/opk/zadanie2/install/vacuum_core:/home/adam/opk/zadanie2/install/vacuum_bringup:/home/adam/opk/zadanie2/install/vacuum_robot:/home/adam/opk/zadanie2/install/vacuum_game:/home/adam/rrm_ws/install/zadanie5_model:/home/adam/rrm_ws/install/zad6ik:/home/adam/rrm_ws/install/zad6fk:/home/adam/rrm_ws/install/zad4:/home/adam/rrm_ws/install/zad1:/home/adam/rrm_ws/install/rrm_simple_robot_model:/home/adam/rrm_ws/install/rrm_sim:/home/adam/rrm_ws/install/rrm_projekt:/home/adam/rrm_ws/install/block1_elias:/home/adam/rrm_ws/install/rrm_msgs:/home/adam/rrm_ws/install/cv1:/home/adam/rrm_ws/install/abb_model:/home/adam/rrm_ws/install/abb_irb4600_ikfast:/opt/ros/humble /usr/bin/cmake --install /home/adam/opk/zadanie2/build/vacuum_game
