[0.008s] Invoking command in '/home/adam/opk/zadanie2/build/msgs': CMAKE_PREFIX_PATH=${CMAKE_PREFIX_PATH}:/opt/ros/humble /usr/bin/cmake /home/adam/opk/zadanie2/src/msgs -DAMENT_CMAKE_SYMLINK_INSTALL=1 -DCMAKE_INSTALL_PREFIX=/home/adam/opk/zadanie2/install/msgs
[0.017s] -- Found ament_cmake: 1.3.13 (/opt/ros/humble/share/ament_cmake/cmake)
[0.108s] -- Override CMake install command with custom implementation using symlinks instead of copying resources
[0.162s] -- Found rosidl_default_generators: 1.2.0 (/opt/ros/humble/share/rosidl_default_generators/cmake)
[0.165s] -- Using all available rosidl_typesupport_c: rosidl_typesupport_fastrtps_c;rosidl_typesupport_introspection_c
[0.167s] -- Found rosidl_adapter: 3.1.8 (/opt/ros/humble/share/rosidl_adapter/cmake)
[0.186s] -- Using all available rosidl_typesupport_cpp: rosidl_typesupport_fastrtps_cpp;rosidl_typesupport_introspection_cpp
[0.201s] -- Found std_msgs: 4.9.1 (/opt/ros/humble/share/std_msgs/cmake)
[0.216s] -- Found geometry_msgs: 4.9.1 (/opt/ros/humble/share/geometry_msgs/cmake)
[0.499s] -- Found ament_cmake_ros: 0.10.0 (/opt/ros/humble/share/ament_cmake_ros/cmake)
[0.697s] -- Using all available rosidl_typesupport_c: rosidl_typesupport_fastrtps_c;rosidl_typesupport_introspection_c
[0.933s] -- Using all available rosidl_typesupport_cpp: rosidl_typesupport_fastrtps_cpp;rosidl_typesupport_introspection_cpp
[0.961s] -- Found python_cmake_module: 0.10.0 (/opt/ros/humble/share/python_cmake_module/cmake)
[0.990s] -- Using PYTHON_EXECUTABLE: /usr/bin/python3
[0.990s] -- Using PYTHON_INCLUDE_DIRS: /usr/include/python3.10
[0.990s] -- Using PYTHON_LIBRARIES: /usr/lib/x86_64-linux-gnu/libpython3.10.so
[1.030s] -- Configuring done
[1.056s] -- Generating done
[1.063s] -- Build files have been written to: /home/adam/opk/zadanie2/build/msgs
[1.068s] Invoked command in '/home/adam/opk/zadanie2/build/msgs' returned '0': CMAKE_PREFIX_PATH=${CMAKE_PREFIX_PATH}:/opt/ros/humble /usr/bin/cmake /home/adam/opk/zadanie2/src/msgs -DAMENT_CMAKE_SYMLINK_INSTALL=1 -DCMAKE_INSTALL_PREFIX=/home/adam/opk/zadanie2/install/msgs
[1.070s] Invoking command in '/home/adam/opk/zadanie2/build/msgs': CMAKE_PREFIX_PATH=${CMAKE_PREFIX_PATH}:/opt/ros/humble /usr/bin/cmake --build /home/adam/opk/zadanie2/build/msgs -- -j12 -l12
[1.108s] [35m[1mConsolidate compiler generated dependencies of target msgs__rosidl_generator_c[0m
[1.118s] failed to create symbolic link '/home/adam/opk/zadanie2/build/msgs/ament_cmake_python/msgs/msgs' because existing path cannot be removed: Is a directory
[1.118s] [  1%] Built target msgs__cpp
[1.118s] gmake[2]: *** [CMakeFiles/ament_cmake_python_symlink_msgs.dir/build.make:70: CMakeFiles/ament_cmake_python_symlink_msgs] Error 1
[1.119s] gmake[1]: *** [CMakeFiles/Makefile2:421: CMakeFiles/ament_cmake_python_symlink_msgs.dir/all] Error 2
[1.119s] gmake[1]: *** Waiting for unfinished jobs....
[1.119s] [ 12%] Built target msgs__rosidl_generator_c
[1.119s] gmake: *** [Makefile:146: all] Error 2
[1.121s] Invoked command in '/home/adam/opk/zadanie2/build/msgs' returned '2': CMAKE_PREFIX_PATH=${CMAKE_PREFIX_PATH}:/opt/ros/humble /usr/bin/cmake --build /home/adam/opk/zadanie2/build/msgs -- -j12 -l12
