-- The C compiler identification is GNU 11.4.0
-- The CXX compiler identification is GNU 11.4.0
-- Detecting C compiler ABI info
-- Detecting C compiler ABI info - done
-- Check for working C compiler: /usr/bin/cc - skipped
-- Detecting C compile features
-- Detecting C compile features - done
-- Detecting CXX compiler ABI info
-- Detecting CXX compiler ABI info - done
-- Check for working CXX compiler: /usr/bin/c++ - skipped
-- Detecting CXX compile features
-- Detecting CXX compile features - done
-- Found ament_cmake: 1.3.13 (/opt/ros/humble/share/ament_cmake/cmake)
-- Found Python3: /usr/bin/python3 (found version "3.10.12") found components: Interpreter 
-- Found OpenCV: /usr (found version "4.5.4") 
-- Looking for pthread.h
-- Looking for pthread.h - found
-- Performing Test CMAKE_HAVE_LIBC_PTHREAD
-- Performing Test CMAKE_HAVE_LIBC_PTHREAD - Success
-- Found Threads: TRUE  
-- Found ament_cmake_gtest: 1.3.13 (/opt/ros/humble/share/ament_cmake_gtest/cmake)
-- Found gtest sources under '/opt/ros/humble/src/gtest_vendor': C++ tests using 'Google Test' will be built
-- Configuring done
-- Generating done
-- Build files have been written to: /home/adam/opk/zadanie2/build/core
[  4%] [32mBuilding CXX object CMakeFiles/core.dir/src/TrashFactory.cpp.o[0m
[  9%] [32mBuilding CXX object CMakeFiles/core.dir/src/BotController.cpp.o[0m
[ 14%] [32mBuilding CXX object gtest/CMakeFiles/gtest.dir/src/gtest-all.cc.o[0m
[ 19%] [32mBuilding CXX object CMakeFiles/core.dir/src/ConfigLoader.cpp.o[0m
[ 23%] [32mBuilding CXX object gtest/CMakeFiles/gtest_main.dir/src/gtest_main.cc.o[0m
[ 28%] [32mBuilding CXX object CMakeFiles/core.dir/src/Environment.cpp.o[0m
[ 33%] [32mBuilding CXX object CMakeFiles/core.dir/src/Robot.cpp.o[0m
[ 38%] [32mBuilding CXX object CMakeFiles/core.dir/src/Lidar.cpp.o[0m
[ 42%] [32mBuilding CXX object CMakeFiles/core.dir/src/GameLogic.cpp.o[0m
[ 47%] [32mBuilding CXX object CMakeFiles/core.dir/src/WorldManager.cpp.o[0m
[ 52%] [32m[1mLinking CXX static library libgtest_main.a[0m
[ 52%] Built target gtest_main
[ 57%] [32m[1mLinking CXX shared library libcore.so[0m
[ 57%] Built target core
[ 61%] [32m[1mLinking CXX static library libgtest.a[0m
[ 61%] Built target gtest
[ 66%] [32mBuilding CXX object CMakeFiles/test_world_manager.dir/test/test_world_manager.cpp.o[0m
[ 71%] [32mBuilding CXX object CMakeFiles/test_trash_factory.dir/test/test_trash_factory.cpp.o[0m
[ 76%] [32mBuilding CXX object CMakeFiles/test_config_loader.dir/test/test_config_loader.cpp.o[0m
[ 80%] [32mBuilding CXX object CMakeFiles/test_bot_controller.dir/test/test_bot_controller.cpp.o[0m
[ 85%] [32m[1mLinking CXX executable test_bot_controller[0m
[ 90%] [32m[1mLinking CXX executable test_world_manager[0m
[ 95%] [32m[1mLinking CXX executable test_trash_factory[0m
[100%] [32m[1mLinking CXX executable test_config_loader[0m
[100%] Built target test_bot_controller
[100%] Built target test_world_manager
[100%] Built target test_trash_factory
[100%] Built target test_config_loader
-- Install configuration: ""
-- Installing: /home/adam/opk/zadanie2/install/core/include
-- Installing: /home/adam/opk/zadanie2/install/core/include/core
-- Installing: /home/adam/opk/zadanie2/install/core/include/core/config
-- Installing: /home/adam/opk/zadanie2/install/core/include/core/config/ConfigLoader.h
-- Installing: /home/adam/opk/zadanie2/install/core/include/core/config/GameConfig.h
-- Installing: /home/adam/opk/zadanie2/install/core/include/core/world
-- Installing: /home/adam/opk/zadanie2/install/core/include/core/world/WorldObject.h
-- Installing: /home/adam/opk/zadanie2/install/core/include/core/world/Obstacle.h
-- Installing: /home/adam/opk/zadanie2/install/core/include/core/world/WorldManager.h
-- Installing: /home/adam/opk/zadanie2/install/core/include/core/world/Station.h
-- Installing: /home/adam/opk/zadanie2/install/core/include/core/world/Collectible.h
-- Installing: /home/adam/opk/zadanie2/install/core/include/core/world/TrashFactory.h
-- Installing: /home/adam/opk/zadanie2/install/core/include/core/environment
-- Installing: /home/adam/opk/zadanie2/install/core/include/core/environment/Environment.h
-- Installing: /home/adam/opk/zadanie2/install/core/include/core/lidar
-- Installing: /home/adam/opk/zadanie2/install/core/include/core/lidar/Lidar.h
-- Installing: /home/adam/opk/zadanie2/install/core/include/core/util
-- Installing: /home/adam/opk/zadanie2/install/core/include/core/util/Exception.h
-- Installing: /home/adam/opk/zadanie2/install/core/include/core/types
-- Installing: /home/adam/opk/zadanie2/install/core/include/core/types/Geometry.h
-- Installing: /home/adam/opk/zadanie2/install/core/include/core/game
-- Installing: /home/adam/opk/zadanie2/install/core/include/core/game/BotController.h
-- Installing: /home/adam/opk/zadanie2/install/core/include/core/game/GameLogic.h
-- Installing: /home/adam/opk/zadanie2/install/core/include/core/robot
-- Installing: /home/adam/opk/zadanie2/install/core/include/core/robot/Robot.h
-- Installing: /home/adam/opk/zadanie2/install/core/lib/libcore.so
-- Installing: /home/adam/opk/zadanie2/install/core/share/core/environment/library_path.sh
-- Installing: /home/adam/opk/zadanie2/install/core/share/core/environment/library_path.dsv
-- Installing: /home/adam/opk/zadanie2/install/core/share/ament_index/resource_index/package_run_dependencies/core
-- Installing: /home/adam/opk/zadanie2/install/core/share/ament_index/resource_index/parent_prefix_path/core
-- Installing: /home/adam/opk/zadanie2/install/core/share/core/environment/ament_prefix_path.sh
-- Installing: /home/adam/opk/zadanie2/install/core/share/core/environment/ament_prefix_path.dsv
-- Installing: /home/adam/opk/zadanie2/install/core/share/core/environment/path.sh
-- Installing: /home/adam/opk/zadanie2/install/core/share/core/environment/path.dsv
-- Installing: /home/adam/opk/zadanie2/install/core/share/core/local_setup.bash
-- Installing: /home/adam/opk/zadanie2/install/core/share/core/local_setup.sh
-- Installing: /home/adam/opk/zadanie2/install/core/share/core/local_setup.zsh
-- Installing: /home/adam/opk/zadanie2/install/core/share/core/local_setup.dsv
-- Installing: /home/adam/opk/zadanie2/install/core/share/core/package.dsv
-- Installing: /home/adam/opk/zadanie2/install/core/share/ament_index/resource_index/packages/core
-- Installing: /home/adam/opk/zadanie2/install/core/share/core/cmake/export_coreExport.cmake
-- Installing: /home/adam/opk/zadanie2/install/core/share/core/cmake/export_coreExport-noconfig.cmake
-- Installing: /home/adam/opk/zadanie2/install/core/share/core/cmake/ament_cmake_export_include_directories-extras.cmake
-- Installing: /home/adam/opk/zadanie2/install/core/share/core/cmake/ament_cmake_export_libraries-extras.cmake
-- Installing: /home/adam/opk/zadanie2/install/core/share/core/cmake/ament_cmake_export_targets-extras.cmake
-- Installing: /home/adam/opk/zadanie2/install/core/share/core/cmake/ament_cmake_export_dependencies-extras.cmake
-- Installing: /home/adam/opk/zadanie2/install/core/share/core/cmake/coreConfig.cmake
-- Installing: /home/adam/opk/zadanie2/install/core/share/core/cmake/coreConfig-version.cmake
-- Installing: /home/adam/opk/zadanie2/install/core/share/core/package.xml
