[0.010s] Invoking command in '/home/adam/opk/zadanie2/build/core': CMAKE_PREFIX_PATH=${CMAKE_PREFIX_PATH}:/opt/ros/humble /usr/bin/cmake /home/adam/opk/zadanie2/src/core -DCMAKE_INSTALL_PREFIX=/home/adam/opk/zadanie2/install/core
[0.277s] -- The C compiler identification is GNU 11.4.0
[0.339s] -- The CXX compiler identification is GNU 11.4.0
[0.354s] -- Detecting C compiler ABI info
[0.421s] -- Detecting C compiler ABI info - done
[0.429s] -- Check for working C compiler: /usr/bin/cc - skipped
[0.433s] -- Detecting C compile features
[0.434s] -- Detecting C compile features - done
[0.437s] -- Detecting CXX compiler ABI info
[0.505s] -- Detecting CXX compiler ABI info - done
[0.512s] -- Check for working CXX compiler: /usr/bin/c++ - skipped
[0.513s] -- Detecting CXX compile features
[0.513s] -- Detecting CXX compile features - done
[0.523s] -- Found ament_cmake: 1.3.13 (/opt/ros/humble/share/ament_cmake/cmake)
[0.665s] -- Found Python3: /usr/bin/python3 (found version "3.10.12") found components: Interpreter 
[0.766s] -- Found OpenCV: /usr (found version "4.5.4") 
[0.770s] -- Looking for pthread.h
[0.828s] -- Looking for pthread.h - found
[0.828s] -- Performing Test CMAKE_HAVE_LIBC_PTHREAD
[0.889s] -- Performing Test CMAKE_HAVE_LIBC_PTHREAD - Success
[0.890s] -- Found Threads: TRUE  
[0.903s] -- Found ament_cmake_gtest: 1.3.13 (/opt/ros/humble/share/ament_cmake_gtest/cmake)
[0.907s] -- Found gtest sources under '/opt/ros/humble/src/gtest_vendor': C++ tests using 'Google Test' will be built
[0.970s] -- Configuring done
[0.984s] -- Generating done
[0.988s] -- Build files have been written to: /home/adam/opk/zadanie2/build/core
[0.993s] Invoked command in '/home/adam/opk/zadanie2/build/core' returned '0': CMAKE_PREFIX_PATH=${CMAKE_PREFIX_PATH}:/opt/ros/humble /usr/bin/cmake /home/adam/opk/zadanie2/src/core -DCMAKE_INSTALL_PREFIX=/home/adam/opk/zadanie2/install/core
[0.993s] Invoking command in '/home/adam/opk/zadanie2/build/core': CMAKE_PREFIX_PATH=${CMAKE_PREFIX_PATH}:/opt/ros/humble /usr/bin/cmake --build /home/adam/opk/zadanie2/build/core -- -j12 -l12
[1.044s] [  4%] [32mBuilding CXX object CMakeFiles/core.dir/src/TrashFactory.cpp.o[0m
[1.044s] [  9%] [32mBuilding CXX object CMakeFiles/core.dir/src/BotController.cpp.o[0m
[1.044s] [ 14%] [32mBuilding CXX object gtest/CMakeFiles/gtest.dir/src/gtest-all.cc.o[0m
[1.044s] [ 19%] [32mBuilding CXX object CMakeFiles/core.dir/src/ConfigLoader.cpp.o[0m
[1.044s] [ 23%] [32mBuilding CXX object gtest/CMakeFiles/gtest_main.dir/src/gtest_main.cc.o[0m
[1.044s] [ 28%] [32mBuilding CXX object CMakeFiles/core.dir/src/Environment.cpp.o[0m
[1.044s] [ 33%] [32mBuilding CXX object CMakeFiles/core.dir/src/Robot.cpp.o[0m
[1.045s] [ 38%] [32mBuilding CXX object CMakeFiles/core.dir/src/Lidar.cpp.o[0m
[1.046s] [ 42%] [32mBuilding CXX object CMakeFiles/core.dir/src/GameLogic.cpp.o[0m
[1.047s] [ 47%] [32mBuilding CXX object CMakeFiles/core.dir/src/WorldManager.cpp.o[0m
[1.920s] [ 52%] [32m[1mLinking CXX static library libgtest_main.a[0m
[1.960s] [ 52%] Built target gtest_main
[2.516s] [ 57%] [32m[1mLinking CXX shared library libcore.so[0m
[2.634s] [ 57%] Built target core
[3.471s] [ 61%] [32m[1mLinking CXX static library libgtest.a[0m
[3.582s] [ 61%] Built target gtest
[3.619s] [ 66%] [32mBuilding CXX object CMakeFiles/test_world_manager.dir/test/test_world_manager.cpp.o[0m
[3.625s] [ 71%] [32mBuilding CXX object CMakeFiles/test_trash_factory.dir/test/test_trash_factory.cpp.o[0m
[3.631s] [ 76%] [32mBuilding CXX object CMakeFiles/test_config_loader.dir/test/test_config_loader.cpp.o[0m
[3.635s] [ 80%] [32mBuilding CXX object CMakeFiles/test_bot_controller.dir/test/test_bot_controller.cpp.o[0m
[4.978s] [ 85%] [32m[1mLinking CXX executable test_bot_controller[0m
[5.080s] [ 90%] [32m[1mLinking CXX executable test_world_manager[0m
[5.211s] [ 95%] [32m[1mLinking CXX executable test_trash_factory[0m
[5.232s] [100%] [32m[1mLinking CXX executable test_config_loader[0m
[5.290s] [100%] Built target test_bot_controller
[5.389s] [100%] Built target test_world_manager
[5.511s] [100%] Built target test_trash_factory
[5.533s] [100%] Built target test_config_loader
[5.544s] Invoked command in '/home/adam/opk/zadanie2/build/core' returned '0': CMAKE_PREFIX_PATH=${CMAKE_PREFIX_PATH}:/opt/ros/humble /usr/bin/cmake --build /home/adam/opk/zadanie2/build/core -- -j12 -l12
[5.555s] Invoking command in '/home/adam/opk/zadanie2/build/core': CMAKE_PREFIX_PATH=${CMAKE_PREFIX_PATH}:/opt/ros/humble /usr/bin/cmake --install /home/adam/opk/zadanie2/build/core
[5.563s] -- Install configuration: ""
[5.563s] -- Installing: /home/adam/opk/zadanie2/install/core/include
[5.563s] -- Installing: /home/adam/opk/zadanie2/install/core/include/core
[5.563s] -- Installing: /home/adam/opk/zadanie2/install/core/include/core/config
[5.563s] -- Installing: /home/adam/opk/zadanie2/install/core/include/core/config/ConfigLoader.h
[5.564s] -- Installing: /home/adam/opk/zadanie2/install/core/include/core/config/GameConfig.h
[5.564s] -- Installing: /home/adam/opk/zadanie2/install/core/include/core/world
[5.564s] -- Installing: /home/adam/opk/zadanie2/install/core/include/core/world/WorldObject.h
[5.564s] -- Installing: /home/adam/opk/zadanie2/install/core/include/core/world/Obstacle.h
[5.564s] -- Installing: /home/adam/opk/zadanie2/install/core/include/core/world/WorldManager.h
[5.564s] -- Installing: /home/adam/opk/zadanie2/install/core/include/core/world/Station.h
[5.564s] -- Installing: /home/adam/opk/zadanie2/install/core/include/core/world/Collectible.h
[5.564s] -- Installing: /home/adam/opk/zadanie2/install/core/include/core/world/TrashFactory.h
[5.564s] -- Installing: /home/adam/opk/zadanie2/install/core/include/core/environment
[5.564s] -- Installing: /home/adam/opk/zadanie2/install/core/include/core/environment/Environment.h
[5.564s] -- Installing: /home/adam/opk/zadanie2/install/core/include/core/lidar
[5.564s] -- Installing: /home/adam/opk/zadanie2/install/core/include/core/lidar/Lidar.h
[5.565s] -- Installing: /home/adam/opk/zadanie2/install/core/include/core/util
[5.565s] -- Installing: /home/adam/opk/zadanie2/install/core/include/core/util/Exception.h
[5.565s] -- Installing: /home/adam/opk/zadanie2/install/core/include/core/types
[5.565s] -- Installing: /home/adam/opk/zadanie2/install/core/include/core/types/Geometry.h
[5.565s] -- Installing: /home/adam/opk/zadanie2/install/core/include/core/game
[5.565s] -- Installing: /home/adam/opk/zadanie2/install/core/include/core/game/BotController.h
[5.565s] -- Installing: /home/adam/opk/zadanie2/install/core/include/core/game/GameLogic.h
[5.565s] -- Installing: /home/adam/opk/zadanie2/install/core/include/core/robot
[5.565s] -- Installing: /home/adam/opk/zadanie2/install/core/include/core/robot/Robot.h
[5.565s] -- Installing: /home/adam/opk/zadanie2/install/core/lib/libcore.so
[5.566s] -- Installing: /home/adam/opk/zadanie2/install/core/share/core/environment/library_path.sh
[5.567s] -- Installing: /home/adam/opk/zadanie2/install/core/share/core/environment/library_path.dsv
[5.567s] -- Installing: /home/adam/opk/zadanie2/install/core/share/ament_index/resource_index/package_run_dependencies/core
[5.567s] -- Installing: /home/adam/opk/zadanie2/install/core/share/ament_index/resource_index/parent_prefix_path/core
[5.567s] -- Installing: /home/adam/opk/zadanie2/install/core/share/core/environment/ament_prefix_path.sh
[5.567s] -- Installing: /home/adam/opk/zadanie2/install/core/share/core/environment/ament_prefix_path.dsv
[5.567s] -- Installing: /home/adam/opk/zadanie2/install/core/share/core/environment/path.sh
[5.567s] -- Installing: /home/adam/opk/zadanie2/install/core/share/core/environment/path.dsv
[5.567s] -- Installing: /home/adam/opk/zadanie2/install/core/share/core/local_setup.bash
[5.568s] -- Installing: /home/adam/opk/zadanie2/install/core/share/core/local_setup.sh
[5.568s] -- Installing: /home/adam/opk/zadanie2/install/core/share/core/local_setup.zsh
[5.568s] -- Installing: /home/adam/opk/zadanie2/install/core/share/core/local_setup.dsv
[5.568s] -- Installing: /home/adam/opk/zadanie2/install/core/share/core/package.dsv
[5.568s] -- Installing: /home/adam/opk/zadanie2/install/core/share/ament_index/resource_index/packages/core
[5.568s] -- Installing: /home/adam/opk/zadanie2/install/core/share/core/cmake/export_coreExport.cmake
[5.568s] -- Installing: /home/adam/opk/zadanie2/install/core/share/core/cmake/export_coreExport-noconfig.cmake
[5.568s] -- Installing: /home/adam/opk/zadanie2/install/core/share/core/cmake/ament_cmake_export_include_directories-extras.cmake
[5.569s] -- Installing: /home/adam/opk/zadanie2/install/core/share/core/cmake/ament_cmake_export_libraries-extras.cmake
[5.569s] -- Installing: /home/adam/opk/zadanie2/install/core/share/core/cmake/ament_cmake_export_targets-extras.cmake
[5.569s] -- Installing: /home/adam/opk/zadanie2/install/core/share/core/cmake/ament_cmake_export_dependencies-extras.cmake
[5.569s] -- Installing: /home/adam/opk/zadanie2/install/core/share/core/cmake/coreConfig.cmake
[5.569s] -- Installing: /home/adam/opk/zadanie2/install/core/share/core/cmake/coreConfig-version.cmake
[5.569s] -- Installing: /home/adam/opk/zadanie2/install/core/share/core/package.xml
[5.571s] Invoked command in '/home/adam/opk/zadanie2/build/core' returned '0': CMAKE_PREFIX_PATH=${CMAKE_PREFIX_PATH}:/opt/ros/humble /usr/bin/cmake --install /home/adam/opk/zadanie2/build/core
