[0.011s] Invoking command in '/home/adam/opk/zadanie2/build/vacuum_game': AMENT_PREFIX_PATH=/home/adam/opk/zadanie2/install/vacuum_msgs:/home/adam/opk/zadanie2/install/vacuum_core:${AMENT_PREFIX_PATH} CMAKE_PREFIX_PATH=/home/adam/opk/zadanie2/install/vacuum_msgs:/home/adam/opk/zadanie2/install/vacuum_core:/home/adam/rrm_ws/install/zadanie5_model:/home/adam/rrm_ws/install/zad6ik:/home/adam/rrm_ws/install/zad6fk:/home/adam/rrm_ws/install/zad4:/home/adam/rrm_ws/install/zad1:/home/adam/rrm_ws/install/rrm_simple_robot_model:/home/adam/rrm_ws/install/rrm_sim:/home/adam/rrm_ws/install/rrm_projekt:/home/adam/rrm_ws/install/block1_elias:/home/adam/rrm_ws/install/rrm_msgs:/home/adam/rrm_ws/install/cv1:/opt/ros/humble LD_LIBRARY_PATH=/home/adam/opk/zadanie2/install/vacuum_msgs/lib:/home/adam/opk/zadanie2/install/vacuum_core/lib:${LD_LIBRARY_PATH} PYTHONPATH=/home/adam/opk/zadanie2/install/vacuum_msgs/local/lib/python3.10/dist-packages:${PYTHONPATH} /usr/bin/cmake --build /home/adam/opk/zadanie2/build/vacuum_game -- -j12 -l12
[0.053s] [ 33%] Built target teleop_node
[0.112s] Consolidate compiler generated dependencies of target bot_node
[0.112s] Consolidate compiler generated dependencies of target game_node
[0.125s] [ 50%] Building CXX object CMakeFiles/game_node.dir/src/game_node.cpp.o
[0.127s] [ 83%] Built target bot_node
[5.281s] [100%] Linking CXX executable game_node
[5.715s] [100%] Built target game_node
[5.724s] Invoked command in '/home/adam/opk/zadanie2/build/vacuum_game' returned '0': AMENT_PREFIX_PATH=/home/adam/opk/zadanie2/install/vacuum_msgs:/home/adam/opk/zadanie2/install/vacuum_core:${AMENT_PREFIX_PATH} CMAKE_PREFIX_PATH=/home/adam/opk/zadanie2/install/vacuum_msgs:/home/adam/opk/zadanie2/install/vacuum_core:/home/adam/rrm_ws/install/zadanie5_model:/home/adam/rrm_ws/install/zad6ik:/home/adam/rrm_ws/install/zad6fk:/home/adam/rrm_ws/install/zad4:/home/adam/rrm_ws/install/zad1:/home/adam/rrm_ws/install/rrm_simple_robot_model:/home/adam/rrm_ws/install/rrm_sim:/home/adam/rrm_ws/install/rrm_projekt:/home/adam/rrm_ws/install/block1_elias:/home/adam/rrm_ws/install/rrm_msgs:/home/adam/rrm_ws/install/cv1:/opt/ros/humble LD_LIBRARY_PATH=/home/adam/opk/zadanie2/install/vacuum_msgs/lib:/home/adam/opk/zadanie2/install/vacuum_core/lib:${LD_LIBRARY_PATH} PYTHONPATH=/home/adam/opk/zadanie2/install/vacuum_msgs/local/lib/python3.10/dist-packages:${PYTHONPATH} /usr/bin/cmake --build /home/adam/opk/zadanie2/build/vacuum_game -- -j12 -l12
[5.733s] Invoking command in '/home/adam/opk/zadanie2/build/vacuum_game': AMENT_PREFIX_PATH=/home/adam/opk/zadanie2/install/vacuum_msgs:/home/adam/opk/zadanie2/install/vacuum_core:${AMENT_PREFIX_PATH} CMAKE_PREFIX_PATH=/home/adam/opk/zadanie2/install/vacuum_msgs:/home/adam/opk/zadanie2/install/vacuum_core:/home/adam/rrm_ws/install/zadanie5_model:/home/adam/rrm_ws/install/zad6ik:/home/adam/rrm_ws/install/zad6fk:/home/adam/rrm_ws/install/zad4:/home/adam/rrm_ws/install/zad1:/home/adam/rrm_ws/install/rrm_simple_robot_model:/home/adam/rrm_ws/install/rrm_sim:/home/adam/rrm_ws/install/rrm_projekt:/home/adam/rrm_ws/install/block1_elias:/home/adam/rrm_ws/install/rrm_msgs:/home/adam/rrm_ws/install/cv1:/opt/ros/humble LD_LIBRARY_PATH=/home/adam/opk/zadanie2/install/vacuum_msgs/lib:/home/adam/opk/zadanie2/install/vacuum_core/lib:${LD_LIBRARY_PATH} PYTHONPATH=/home/adam/opk/zadanie2/install/vacuum_msgs/local/lib/python3.10/dist-packages:${PYTHONPATH} /usr/bin/cmake --install /home/adam/opk/zadanie2/build/vacuum_game
[5.738s] -- Install configuration: ""
[5.738s] -- Execute custom install script
[5.738s] -- Up-to-date symlink: /home/adam/opk/zadanie2/install/vacuum_game/lib/vacuum_game/game_node
[5.738s] -- Up-to-date symlink: /home/adam/opk/zadanie2/install/vacuum_game/lib/vacuum_game/teleop_node
[5.738s] -- Up-to-date symlink: /home/adam/opk/zadanie2/install/vacuum_game/lib/vacuum_game/bot_node
[5.738s] -- Up-to-date symlink: /home/adam/opk/zadanie2/install/vacuum_game/share/ament_index/resource_index/package_run_dependencies/vacuum_game
[5.738s] -- Up-to-date symlink: /home/adam/opk/zadanie2/install/vacuum_game/share/ament_index/resource_index/parent_prefix_path/vacuum_game
[5.738s] -- Up-to-date symlink: /home/adam/opk/zadanie2/install/vacuum_game/share/vacuum_game/environment/ament_prefix_path.sh
[5.739s] -- Up-to-date symlink: /home/adam/opk/zadanie2/install/vacuum_game/share/vacuum_game/environment/ament_prefix_path.dsv
[5.739s] -- Up-to-date symlink: /home/adam/opk/zadanie2/install/vacuum_game/share/vacuum_game/environment/path.sh
[5.739s] -- Up-to-date symlink: /home/adam/opk/zadanie2/install/vacuum_game/share/vacuum_game/environment/path.dsv
[5.739s] -- Up-to-date symlink: /home/adam/opk/zadanie2/install/vacuum_game/share/vacuum_game/local_setup.bash
[5.739s] -- Up-to-date symlink: /home/adam/opk/zadanie2/install/vacuum_game/share/vacuum_game/local_setup.sh
[5.739s] -- Up-to-date symlink: /home/adam/opk/zadanie2/install/vacuum_game/share/vacuum_game/local_setup.zsh
[5.739s] -- Up-to-date symlink: /home/adam/opk/zadanie2/install/vacuum_game/share/vacuum_game/local_setup.dsv
[5.739s] -- Symlinking: /home/adam/opk/zadanie2/install/vacuum_game/share/vacuum_game/package.dsv
[5.746s] -- Up-to-date symlink: /home/adam/opk/zadanie2/install/vacuum_game/share/ament_index/resource_index/packages/vacuum_game
[5.746s] -- Up-to-date symlink: /home/adam/opk/zadanie2/install/vacuum_game/share/vacuum_game/cmake/vacuum_gameConfig.cmake
[5.746s] -- Up-to-date symlink: /home/adam/opk/zadanie2/install/vacuum_game/share/vacuum_game/cmake/vacuum_gameConfig-version.cmake
[5.746s] -- Up-to-date symlink: /home/adam/opk/zadanie2/install/vacuum_game/share/vacuum_game/package.xml
[5.747s] Invoked command in '/home/adam/opk/zadanie2/build/vacuum_game' returned '0': AMENT_PREFIX_PATH=/home/adam/opk/zadanie2/install/vacuum_msgs:/home/adam/opk/zadanie2/install/vacuum_core:${AMENT_PREFIX_PATH} CMAKE_PREFIX_PATH=/home/adam/opk/zadanie2/install/vacuum_msgs:/home/adam/opk/zadanie2/install/vacuum_core:/home/adam/rrm_ws/install/zadanie5_model:/home/adam/rrm_ws/install/zad6ik:/home/adam/rrm_ws/install/zad6fk:/home/adam/rrm_ws/install/zad4:/home/adam/rrm_ws/install/zad1:/home/adam/rrm_ws/install/rrm_simple_robot_model:/home/adam/rrm_ws/install/rrm_sim:/home/adam/rrm_ws/install/rrm_projekt:/home/adam/rrm_ws/install/block1_elias:/home/adam/rrm_ws/install/rrm_msgs:/home/adam/rrm_ws/install/cv1:/opt/ros/humble LD_LIBRARY_PATH=/home/adam/opk/zadanie2/install/vacuum_msgs/lib:/home/adam/opk/zadanie2/install/vacuum_core/lib:${LD_LIBRARY_PATH} PYTHONPATH=/home/adam/opk/zadanie2/install/vacuum_msgs/local/lib/python3.10/dist-packages:${PYTHONPATH} /usr/bin/cmake --install /home/adam/opk/zadanie2/build/vacuum_game
