[0.009s] Invoking command in '/home/adam/opk/zadanie2/build/vacuum_core': CMAKE_PREFIX_PATH=${CMAKE_PREFIX_PATH}:/opt/ros/humble /usr/bin/cmake /home/adam/opk/zadanie2/src/vacuum_core -DCMAKE_INSTALL_PREFIX=/home/adam/opk/zadanie2/install/vacuum_core
[0.019s] -- Found ament_cmake: 1.3.13 (/opt/ros/humble/share/ament_cmake/cmake)
[0.112s] -- Override CMake install command with custom implementation using symlinks instead of copying resources
[0.126s] -- Found ament_cmake_gtest: 1.3.13 (/opt/ros/humble/share/ament_cmake_gtest/cmake)
[0.126s] -- Found gtest sources under '/opt/ros/humble/src/gtest_vendor': C++ tests using 'Google Test' will be built
[0.180s] -- Configuring done
[0.197s] -- Generating done
[0.201s] -- Build files have been written to: /home/adam/opk/zadanie2/build/vacuum_core
[0.205s] Invoked command in '/home/adam/opk/zadanie2/build/vacuum_core' returned '0': CMAKE_PREFIX_PATH=${CMAKE_PREFIX_PATH}:/opt/ros/humble /usr/bin/cmake /home/adam/opk/zadanie2/src/vacuum_core -DCMAKE_INSTALL_PREFIX=/home/adam/opk/zadanie2/install/vacuum_core
[0.206s] Invoking command in '/home/adam/opk/zadanie2/build/vacuum_core': CMAKE_PREFIX_PATH=${CMAKE_PREFIX_PATH}:/opt/ros/humble /usr/bin/cmake --build /home/adam/opk/zadanie2/build/vacuum_core -- -j12 -l12
[0.235s] [35m[1mConsolidate compiler generated dependencies of target gtest[0m
[0.236s] [35m[1mConsolidate compiler generated dependencies of target gtest_main[0m
[0.237s] [35m[1mConsolidate compiler generated dependencies of target vacuum_core[0m
[0.246s] [  9%] Built target gtest
[0.247s] [ 19%] Built target gtest_main
[0.254s] [ 61%] Built target vacuum_core
[0.262s] [35m[1mConsolidate compiler generated dependencies of target test_trash_factory[0m
[0.264s] [35m[1mConsolidate compiler generated dependencies of target test_bot_controller[0m
[0.264s] [35m[1mConsolidate compiler generated dependencies of target test_config_loader[0m
[0.264s] [35m[1mConsolidate compiler generated dependencies of target test_world_manager[0m
[0.273s] [ 71%] Built target test_trash_factory
[0.276s] [ 95%] Built target test_config_loader
[0.276s] [100%] Built target test_bot_controller
[0.276s] [100%] Built target test_world_manager
[0.286s] Invoked command in '/home/adam/opk/zadanie2/build/vacuum_core' returned '0': CMAKE_PREFIX_PATH=${CMAKE_PREFIX_PATH}:/opt/ros/humble /usr/bin/cmake --build /home/adam/opk/zadanie2/build/vacuum_core -- -j12 -l12
[0.293s] Invoking command in '/home/adam/opk/zadanie2/build/vacuum_core': CMAKE_PREFIX_PATH=${CMAKE_PREFIX_PATH}:/opt/ros/humble /usr/bin/cmake --install /home/adam/opk/zadanie2/build/vacuum_core
[0.299s] -- Install configuration: ""
[0.299s] -- Execute custom install script
[0.299s] -- Up-to-date symlink: /home/adam/opk/zadanie2/install/vacuum_core/include/vacuum_core/config/ConfigLoader.h
[0.299s] -- Up-to-date symlink: /home/adam/opk/zadanie2/install/vacuum_core/include/vacuum_core/config/GameConfig.h
[0.299s] -- Up-to-date symlink: /home/adam/opk/zadanie2/install/vacuum_core/include/vacuum_core/environment/Environment.h
[0.299s] -- Up-to-date symlink: /home/adam/opk/zadanie2/install/vacuum_core/include/vacuum_core/game/BotController.h
[0.300s] -- Up-to-date symlink: /home/adam/opk/zadanie2/install/vacuum_core/include/vacuum_core/game/GameLogic.h
[0.300s] -- Up-to-date symlink: /home/adam/opk/zadanie2/install/vacuum_core/include/vacuum_core/lidar/Lidar.h
[0.300s] -- Up-to-date symlink: /home/adam/opk/zadanie2/install/vacuum_core/include/vacuum_core/robot/Robot.h
[0.300s] -- Up-to-date symlink: /home/adam/opk/zadanie2/install/vacuum_core/include/vacuum_core/types/Geometry.h
[0.300s] -- Up-to-date symlink: /home/adam/opk/zadanie2/install/vacuum_core/include/vacuum_core/util/Exception.h
[0.300s] -- Up-to-date symlink: /home/adam/opk/zadanie2/install/vacuum_core/include/vacuum_core/world/Collectible.h
[0.300s] -- Up-to-date symlink: /home/adam/opk/zadanie2/install/vacuum_core/include/vacuum_core/world/Obstacle.h
[0.300s] -- Up-to-date symlink: /home/adam/opk/zadanie2/install/vacuum_core/include/vacuum_core/world/Station.h
[0.300s] -- Up-to-date symlink: /home/adam/opk/zadanie2/install/vacuum_core/include/vacuum_core/world/TrashFactory.h
[0.300s] -- Up-to-date symlink: /home/adam/opk/zadanie2/install/vacuum_core/include/vacuum_core/world/WorldManager.h
[0.300s] -- Up-to-date symlink: /home/adam/opk/zadanie2/install/vacuum_core/include/vacuum_core/world/WorldObject.h
[0.301s] -- Up-to-date symlink: /home/adam/opk/zadanie2/install/vacuum_core/share/vacuum_core/environment/library_path.sh
[0.301s] -- Up-to-date symlink: /home/adam/opk/zadanie2/install/vacuum_core/share/vacuum_core/environment/library_path.dsv
[0.301s] -- Up-to-date symlink: /home/adam/opk/zadanie2/install/vacuum_core/share/ament_index/resource_index/package_run_dependencies/vacuum_core
[0.301s] -- Up-to-date symlink: /home/adam/opk/zadanie2/install/vacuum_core/share/ament_index/resource_index/parent_prefix_path/vacuum_core
[0.301s] -- Up-to-date symlink: /home/adam/opk/zadanie2/install/vacuum_core/share/vacuum_core/environment/ament_prefix_path.sh
[0.301s] -- Up-to-date symlink: /home/adam/opk/zadanie2/install/vacuum_core/share/vacuum_core/environment/ament_prefix_path.dsv
[0.301s] -- Up-to-date symlink: /home/adam/opk/zadanie2/install/vacuum_core/share/vacuum_core/environment/path.sh
[0.301s] -- Up-to-date symlink: /home/adam/opk/zadanie2/install/vacuum_core/share/vacuum_core/environment/path.dsv
[0.301s] -- Up-to-date symlink: /home/adam/opk/zadanie2/install/vacuum_core/share/vacuum_core/local_setup.bash
[0.301s] -- Up-to-date symlink: /home/adam/opk/zadanie2/install/vacuum_core/share/vacuum_core/local_setup.sh
[0.301s] -- Up-to-date symlink: /home/adam/opk/zadanie2/install/vacuum_core/share/vacuum_core/local_setup.zsh
[0.301s] -- Up-to-date symlink: /home/adam/opk/zadanie2/install/vacuum_core/share/vacuum_core/local_setup.dsv
[0.301s] -- Symlinking: /home/adam/opk/zadanie2/install/vacuum_core/share/vacuum_core/package.dsv
[0.306s] -- Up-to-date symlink: /home/adam/opk/zadanie2/install/vacuum_core/share/ament_index/resource_index/packages/vacuum_core
[0.306s] -- Up-to-date symlink: /home/adam/opk/zadanie2/install/vacuum_core/share/vacuum_core/cmake/ament_cmake_export_include_directories-extras.cmake
[0.306s] -- Up-to-date symlink: /home/adam/opk/zadanie2/install/vacuum_core/share/vacuum_core/cmake/ament_cmake_export_libraries-extras.cmake
[0.306s] -- Up-to-date symlink: /home/adam/opk/zadanie2/install/vacuum_core/share/vacuum_core/cmake/ament_cmake_export_targets-extras.cmake
[0.306s] -- Up-to-date symlink: /home/adam/opk/zadanie2/install/vacuum_core/share/vacuum_core/cmake/ament_cmake_export_dependencies-extras.cmake
[0.307s] -- Up-to-date symlink: /home/adam/opk/zadanie2/install/vacuum_core/share/vacuum_core/cmake/vacuum_coreConfig.cmake
[0.307s] -- Up-to-date symlink: /home/adam/opk/zadanie2/install/vacuum_core/share/vacuum_core/cmake/vacuum_coreConfig-version.cmake
[0.307s] -- Up-to-date symlink: /home/adam/opk/zadanie2/install/vacuum_core/share/vacuum_core/package.xml
[0.307s] -- Up-to-date: /home/adam/opk/zadanie2/install/vacuum_core/lib/libvacuum_core.so
[0.307s] -- Up-to-date: /home/adam/opk/zadanie2/install/vacuum_core/share/vacuum_core/cmake/export_vacuum_coreExport.cmake
[0.307s] -- Up-to-date: /home/adam/opk/zadanie2/install/vacuum_core/share/vacuum_core/cmake/export_vacuum_coreExport-noconfig.cmake
[0.309s] Invoked command in '/home/adam/opk/zadanie2/build/vacuum_core' returned '0': CMAKE_PREFIX_PATH=${CMAKE_PREFIX_PATH}:/opt/ros/humble /usr/bin/cmake --install /home/adam/opk/zadanie2/build/vacuum_core
