-- Found ament_cmake: 1.3.13 (/opt/ros/humble/share/ament_cmake/cmake)
-- Override CMake install command with custom implementation using symlinks instead of copying resources
-- Found rclcpp: 16.0.18 (/opt/ros/humble/share/rclcpp/cmake)
-- Found rosidl_generator_c: 3.1.8 (/opt/ros/humble/share/rosidl_generator_c/cmake)
-- Found rosidl_adapter: 3.1.8 (/opt/ros/humble/share/rosidl_adapter/cmake)
-- Found rosidl_generator_cpp: 3.1.8 (/opt/ros/humble/share/rosidl_generator_cpp/cmake)
-- Using all available rosidl_typesupport_c: rosidl_typesupport_fastrtps_c;rosidl_typesupport_introspection_c
-- Using all available rosidl_typesupport_cpp: rosidl_typesupport_fastrtps_cpp;rosidl_typesupport_introspection_cpp
-- Found rmw_implementation_cmake: 6.1.2 (/opt/ros/humble/share/rmw_implementation_cmake/cmake)
-- Found rmw_fastrtps_cpp: 6.2.10 (/opt/ros/humble/share/rmw_fastrtps_cpp/cmake)
-- Using RMW implementation 'rmw_fastrtps_cpp' as default
-- Found geometry_msgs: 4.9.1 (/opt/ros/humble/share/geometry_msgs/cmake)
-- Found nav_msgs: 4.9.1 (/opt/ros/humble/share/nav_msgs/cmake)
-- Found visualization_msgs: 4.9.1 (/opt/ros/humble/share/visualization_msgs/cmake)
-- Found vacuum_core: 0.1.0 (/home/adam/opk/zadanie2/install/vacuum_core/share/vacuum_core/cmake)
-- Found vacuum_msgs: 0.1.0 (/home/adam/opk/zadanie2/install/vacuum_msgs/share/vacuum_msgs/cmake)
-- Found ament_lint_auto: 0.12.15 (/opt/ros/humble/share/ament_lint_auto/cmake)
-- Added test 'cppcheck' to perform static code analysis on C / C++ code
-- Configured cppcheck include dirs: 
-- Configured cppcheck exclude dirs and/or files: 
-- Added test 'lint_cmake' to check CMake code style
-- Added test 'uncrustify' to check C / C++ code style
-- Configured uncrustify additional arguments: 
-- Added test 'xmllint' to check XML markup files
-- Configuring done
-- Generating done
-- Build files have been written to: /home/adam/opk/zadanie2/build/vacuum_game
[35m[1mConsolidate compiler generated dependencies of target teleop_node[0m
[35m[1mConsolidate compiler generated dependencies of target bot_node[0m
[35m[1mConsolidate compiler generated dependencies of target game_node[0m
[ 33%] Built target teleop_node
[ 66%] Built target bot_node
[100%] Built target game_node
-- Install configuration: ""
-- Execute custom install script
-- Up-to-date symlink: /home/adam/opk/zadanie2/install/vacuum_game/lib/vacuum_game/game_node
-- Up-to-date symlink: /home/adam/opk/zadanie2/install/vacuum_game/lib/vacuum_game/teleop_node
-- Up-to-date symlink: /home/adam/opk/zadanie2/install/vacuum_game/lib/vacuum_game/bot_node
-- Up-to-date symlink: /home/adam/opk/zadanie2/install/vacuum_game/share/ament_index/resource_index/package_run_dependencies/vacuum_game
-- Up-to-date symlink: /home/adam/opk/zadanie2/install/vacuum_game/share/ament_index/resource_index/parent_prefix_path/vacuum_game
-- Up-to-date symlink: /home/adam/opk/zadanie2/install/vacuum_game/share/vacuum_game/environment/ament_prefix_path.sh
-- Up-to-date symlink: /home/adam/opk/zadanie2/install/vacuum_game/share/vacuum_game/environment/ament_prefix_path.dsv
-- Up-to-date symlink: /home/adam/opk/zadanie2/install/vacuum_game/share/vacuum_game/environment/path.sh
-- Up-to-date symlink: /home/adam/opk/zadanie2/install/vacuum_game/share/vacuum_game/environment/path.dsv
-- Up-to-date symlink: /home/adam/opk/zadanie2/install/vacuum_game/share/vacuum_game/local_setup.bash
-- Up-to-date symlink: /home/adam/opk/zadanie2/install/vacuum_game/share/vacuum_game/local_setup.sh
-- Up-to-date symlink: /home/adam/opk/zadanie2/install/vacuum_game/share/vacuum_game/local_setup.zsh
-- Up-to-date symlink: /home/adam/opk/zadanie2/install/vacuum_game/share/vacuum_game/local_setup.dsv
-- Symlinking: /home/adam/opk/zadanie2/install/vacuum_game/share/vacuum_game/package.dsv
-- Up-to-date symlink: /home/adam/opk/zadanie2/install/vacuum_game/share/ament_index/resource_index/packages/vacuum_game
-- Up-to-date symlink: /home/adam/opk/zadanie2/install/vacuum_game/share/vacuum_game/cmake/vacuum_gameConfig.cmake
-- Up-to-date symlink: /home/adam/opk/zadanie2/install/vacuum_game/share/vacuum_game/cmake/vacuum_gameConfig-version.cmake
-- Up-to-date symlink: /home/adam/opk/zadanie2/install/vacuum_game/share/vacuum_game/package.xml
