-- Found ament_cmake: 1.3.13 (/opt/ros/humble/share/ament_cmake/cmake)
-- Override CMake install command with custom implementation using symlinks instead of copying resources
-- Configuring done
-- Generating done
-- Build files have been written to: /home/adam/opk/zadanie2/build/vacuum_bringup
-- Install configuration: ""
-- Execute custom install script
-- Symlinking: /home/adam/opk/zadanie2/install/vacuum_bringup/share/vacuum_bringup/launch/duel.launch.py
-- Symlinking: /home/adam/opk/zadanie2/install/vacuum_bringup/share/vacuum_bringup/config/game_config.yaml
-- Symlinking: /home/adam/opk/zadanie2/install/vacuum_bringup/share/vacuum_bringup/config/vacuum.rviz
-- Symlinking: /home/adam/opk/zadanie2/install/vacuum_bringup/share/vacuum_bringup/maps/opk-map.png
-- Symlinking: /home/adam/opk/zadanie2/install/vacuum_bringup/share/ament_index/resource_index/package_run_dependencies/vacuum_bringup
-- Symlinking: /home/adam/opk/zadanie2/install/vacuum_bringup/share/ament_index/resource_index/parent_prefix_path/vacuum_bringup
-- Symlinking: /home/adam/opk/zadanie2/install/vacuum_bringup/share/vacuum_bringup/environment/ament_prefix_path.sh
-- Symlinking: /home/adam/opk/zadanie2/install/vacuum_bringup/share/vacuum_bringup/environment/ament_prefix_path.dsv
-- Symlinking: /home/adam/opk/zadanie2/install/vacuum_bringup/share/vacuum_bringup/environment/path.sh
-- Symlinking: /home/adam/opk/zadanie2/install/vacuum_bringup/share/vacuum_bringup/environment/path.dsv
-- Symlinking: /home/adam/opk/zadanie2/install/vacuum_bringup/share/vacuum_bringup/local_setup.bash
-- Symlinking: /home/adam/opk/zadanie2/install/vacuum_bringup/share/vacuum_bringup/local_setup.sh
-- Symlinking: /home/adam/opk/zadanie2/install/vacuum_bringup/share/vacuum_bringup/local_setup.zsh
-- Symlinking: /home/adam/opk/zadanie2/install/vacuum_bringup/share/vacuum_bringup/local_setup.dsv
-- Symlinking: /home/adam/opk/zadanie2/install/vacuum_bringup/share/vacuum_bringup/package.dsv
-- Symlinking: /home/adam/opk/zadanie2/install/vacuum_bringup/share/ament_index/resource_index/packages/vacuum_bringup
-- Symlinking: /home/adam/opk/zadanie2/install/vacuum_bringup/share/vacuum_bringup/cmake/vacuum_bringupConfig.cmake
-- Symlinking: /home/adam/opk/zadanie2/install/vacuum_bringup/share/vacuum_bringup/cmake/vacuum_bringupConfig-version.cmake
-- Symlinking: /home/adam/opk/zadanie2/install/vacuum_bringup/share/vacuum_bringup/package.xml
