[0.078s] DEBUG:colcon:Command line arguments: ['/usr/bin/colcon', 'build']
[0.078s] DEBUG:colcon:Parsed command line arguments: Namespace(log_base=None, log_level=None, verb_name='build', build_base='build', install_base='install', merge_install=False, symlink_install=False, test_result_base=None, continue_on_error=False, executor='parallel', parallel_workers=12, event_handlers=None, ignore_user_meta=False, metas=['./colcon.meta'], base_paths=['.'], packages_ignore=None, packages_ignore_regex=None, paths=None, packages_up_to=None, packages_up_to_regex=None, packages_above=None, packages_above_and_dependencies=None, packages_above_depth=None, packages_select_by_dep=None, packages_skip_by_dep=None, packages_skip_up_to=None, packages_select_build_failed=False, packages_skip_build_finished=False, packages_select_test_failures=False, packages_skip_test_passed=False, packages_select=None, packages_skip=None, packages_select_regex=None, packages_skip_regex=None, packages_start=None, packages_end=None, allow_overriding=[], cmake_args=None, cmake_target=None, cmake_target_skip_unavailable=False, cmake_clean_cache=False, cmake_clean_first=False, cmake_force_configure=False, ament_cmake_args=None, catkin_cmake_args=None, catkin_skip_building_tests=False, verb_parser=<colcon_defaults.argument_parser.defaults.DefaultArgumentsDecorator object at 0x7b3b87158160>, verb_extension=<colcon_core.verb.build.BuildVerb object at 0x7b3b87123100>, main=<bound method BuildVerb.main of <colcon_core.verb.build.BuildVerb object at 0x7b3b87123100>>)
[0.202s] Level 1:colcon.colcon_core.package_discovery:discover_packages(colcon_meta) check parameters
[0.202s] Level 1:colcon.colcon_core.package_discovery:discover_packages(recursive) check parameters
[0.202s] Level 1:colcon.colcon_core.package_discovery:discover_packages(ignore) check parameters
[0.202s] Level 1:colcon.colcon_core.package_discovery:discover_packages(path) check parameters
[0.202s] Level 1:colcon.colcon_core.package_discovery:discover_packages(colcon_meta) discover
[0.202s] Level 1:colcon.colcon_core.package_discovery:discover_packages(recursive) discover
[0.202s] INFO:colcon.colcon_core.package_discovery:Crawling recursively for packages in '/home/adam/opk/zadanie2'
[0.202s] Level 1:colcon.colcon_core.package_identification:_identify(.) by extensions ['ignore', 'ignore_ament_install']
[0.202s] Level 1:colcon.colcon_core.package_identification:_identify(.) by extension 'ignore'
[0.202s] Level 1:colcon.colcon_core.package_identification:_identify(.) by extension 'ignore_ament_install'
[0.202s] Level 1:colcon.colcon_core.package_identification:_identify(.) by extensions ['colcon_pkg']
[0.202s] Level 1:colcon.colcon_core.package_identification:_identify(.) by extension 'colcon_pkg'
[0.202s] Level 1:colcon.colcon_core.package_identification:_identify(.) by extensions ['colcon_meta']
[0.202s] Level 1:colcon.colcon_core.package_identification:_identify(.) by extension 'colcon_meta'
[0.202s] Level 1:colcon.colcon_core.package_identification:_identify(.) by extensions ['ros']
[0.202s] Level 1:colcon.colcon_core.package_identification:_identify(.) by extension 'ros'
[0.210s] Level 1:colcon.colcon_core.package_identification:_identify(.) by extensions ['cmake', 'python']
[0.210s] Level 1:colcon.colcon_core.package_identification:_identify(.) by extension 'cmake'
[0.210s] Level 1:colcon.colcon_core.package_identification:_identify(.) by extension 'python'
[0.210s] Level 1:colcon.colcon_core.package_identification:_identify(.) by extensions ['python_setup_py']
[0.210s] Level 1:colcon.colcon_core.package_identification:_identify(.) by extension 'python_setup_py'
[0.210s] Level 1:colcon.colcon_core.package_identification:_identify(build) by extensions ['ignore', 'ignore_ament_install']
[0.210s] Level 1:colcon.colcon_core.package_identification:_identify(build) by extension 'ignore'
[0.210s] Level 1:colcon.colcon_core.package_identification:_identify(build) ignored
[0.210s] Level 1:colcon.colcon_core.package_identification:_identify(install) by extensions ['ignore', 'ignore_ament_install']
[0.210s] Level 1:colcon.colcon_core.package_identification:_identify(install) by extension 'ignore'
[0.210s] Level 1:colcon.colcon_core.package_identification:_identify(install) ignored
[0.210s] Level 1:colcon.colcon_core.package_identification:_identify(log) by extensions ['ignore', 'ignore_ament_install']
[0.210s] Level 1:colcon.colcon_core.package_identification:_identify(log) by extension 'ignore'
[0.210s] Level 1:colcon.colcon_core.package_identification:_identify(log) ignored
[0.210s] Level 1:colcon.colcon_core.package_identification:_identify(src) by extensions ['ignore', 'ignore_ament_install']
[0.210s] Level 1:colcon.colcon_core.package_identification:_identify(src) by extension 'ignore'
[0.210s] Level 1:colcon.colcon_core.package_identification:_identify(src) by extension 'ignore_ament_install'
[0.210s] Level 1:colcon.colcon_core.package_identification:_identify(src) by extensions ['colcon_pkg']
[0.210s] Level 1:colcon.colcon_core.package_identification:_identify(src) by extension 'colcon_pkg'
[0.210s] Level 1:colcon.colcon_core.package_identification:_identify(src) by extensions ['colcon_meta']
[0.210s] Level 1:colcon.colcon_core.package_identification:_identify(src) by extension 'colcon_meta'
[0.210s] Level 1:colcon.colcon_core.package_identification:_identify(src) by extensions ['ros']
[0.210s] Level 1:colcon.colcon_core.package_identification:_identify(src) by extension 'ros'
[0.211s] Level 1:colcon.colcon_core.package_identification:_identify(src) by extensions ['cmake', 'python']
[0.211s] Level 1:colcon.colcon_core.package_identification:_identify(src) by extension 'cmake'
[0.211s] Level 1:colcon.colcon_core.package_identification:_identify(src) by extension 'python'
[0.211s] Level 1:colcon.colcon_core.package_identification:_identify(src) by extensions ['python_setup_py']
[0.211s] Level 1:colcon.colcon_core.package_identification:_identify(src) by extension 'python_setup_py'
[0.211s] Level 1:colcon.colcon_core.package_identification:_identify(src/vacuum_bringup) by extensions ['ignore', 'ignore_ament_install']
[0.211s] Level 1:colcon.colcon_core.package_identification:_identify(src/vacuum_bringup) by extension 'ignore'
[0.211s] Level 1:colcon.colcon_core.package_identification:_identify(src/vacuum_bringup) by extension 'ignore_ament_install'
[0.211s] Level 1:colcon.colcon_core.package_identification:_identify(src/vacuum_bringup) by extensions ['colcon_pkg']
[0.211s] Level 1:colcon.colcon_core.package_identification:_identify(src/vacuum_bringup) by extension 'colcon_pkg'
[0.211s] Level 1:colcon.colcon_core.package_identification:_identify(src/vacuum_bringup) by extensions ['colcon_meta']
[0.211s] Level 1:colcon.colcon_core.package_identification:_identify(src/vacuum_bringup) by extension 'colcon_meta'
[0.211s] Level 1:colcon.colcon_core.package_identification:_identify(src/vacuum_bringup) by extensions ['ros']
[0.211s] Level 1:colcon.colcon_core.package_identification:_identify(src/vacuum_bringup) by extension 'ros'
[0.213s] DEBUG:colcon.colcon_core.package_identification:Package 'src/vacuum_bringup' with type 'ros.ament_cmake' and name 'vacuum_bringup'
[0.213s] Level 1:colcon.colcon_core.package_identification:_identify(src/vacuum_core) by extensions ['ignore', 'ignore_ament_install']
[0.213s] Level 1:colcon.colcon_core.package_identification:_identify(src/vacuum_core) by extension 'ignore'
[0.213s] Level 1:colcon.colcon_core.package_identification:_identify(src/vacuum_core) by extension 'ignore_ament_install'
[0.213s] Level 1:colcon.colcon_core.package_identification:_identify(src/vacuum_core) by extensions ['colcon_pkg']
[0.213s] Level 1:colcon.colcon_core.package_identification:_identify(src/vacuum_core) by extension 'colcon_pkg'
[0.213s] Level 1:colcon.colcon_core.package_identification:_identify(src/vacuum_core) by extensions ['colcon_meta']
[0.213s] Level 1:colcon.colcon_core.package_identification:_identify(src/vacuum_core) by extension 'colcon_meta'
[0.213s] Level 1:colcon.colcon_core.package_identification:_identify(src/vacuum_core) by extensions ['ros']
[0.213s] Level 1:colcon.colcon_core.package_identification:_identify(src/vacuum_core) by extension 'ros'
[0.213s] DEBUG:colcon.colcon_core.package_identification:Package 'src/vacuum_core' with type 'ros.ament_cmake' and name 'vacuum_core'
[0.214s] Level 1:colcon.colcon_core.package_identification:_identify(src/vacuum_game) by extensions ['ignore', 'ignore_ament_install']
[0.214s] Level 1:colcon.colcon_core.package_identification:_identify(src/vacuum_game) by extension 'ignore'
[0.214s] Level 1:colcon.colcon_core.package_identification:_identify(src/vacuum_game) by extension 'ignore_ament_install'
[0.214s] Level 1:colcon.colcon_core.package_identification:_identify(src/vacuum_game) by extensions ['colcon_pkg']
[0.214s] Level 1:colcon.colcon_core.package_identification:_identify(src/vacuum_game) by extension 'colcon_pkg'
[0.214s] Level 1:colcon.colcon_core.package_identification:_identify(src/vacuum_game) by extensions ['colcon_meta']
[0.214s] Level 1:colcon.colcon_core.package_identification:_identify(src/vacuum_game) by extension 'colcon_meta'
[0.214s] Level 1:colcon.colcon_core.package_identification:_identify(src/vacuum_game) by extensions ['ros']
[0.214s] Level 1:colcon.colcon_core.package_identification:_identify(src/vacuum_game) by extension 'ros'
[0.215s] DEBUG:colcon.colcon_core.package_identification:Package 'src/vacuum_game' with type 'ros.ament_cmake' and name 'vacuum_game'
[0.215s] Level 1:colcon.colcon_core.package_identification:_identify(src/vacuum_msgs) by extensions ['ignore', 'ignore_ament_install']
[0.215s] Level 1:colcon.colcon_core.package_identification:_identify(src/vacuum_msgs) by extension 'ignore'
[0.215s] Level 1:colcon.colcon_core.package_identification:_identify(src/vacuum_msgs) by extension 'ignore_ament_install'
[0.215s] Level 1:colcon.colcon_core.package_identification:_identify(src/vacuum_msgs) by extensions ['colcon_pkg']
[0.215s] Level 1:colcon.colcon_core.package_identification:_identify(src/vacuum_msgs) by extension 'colcon_pkg'
[0.215s] Level 1:colcon.colcon_core.package_identification:_identify(src/vacuum_msgs) by extensions ['colcon_meta']
[0.215s] Level 1:colcon.colcon_core.package_identification:_identify(src/vacuum_msgs) by extension 'colcon_meta'
[0.215s] Level 1:colcon.colcon_core.package_identification:_identify(src/vacuum_msgs) by extensions ['ros']
[0.215s] Level 1:colcon.colcon_core.package_identification:_identify(src/vacuum_msgs) by extension 'ros'
[0.215s] DEBUG:colcon.colcon_core.package_identification:Package 'src/vacuum_msgs' with type 'ros.ament_cmake' and name 'vacuum_msgs'
[0.215s] Level 1:colcon.colcon_core.package_identification:_identify(src/vacuum_robot) by extensions ['ignore', 'ignore_ament_install']
[0.215s] Level 1:colcon.colcon_core.package_identification:_identify(src/vacuum_robot) by extension 'ignore'
[0.215s] Level 1:colcon.colcon_core.package_identification:_identify(src/vacuum_robot) by extension 'ignore_ament_install'
[0.215s] Level 1:colcon.colcon_core.package_identification:_identify(src/vacuum_robot) by extensions ['colcon_pkg']
[0.215s] Level 1:colcon.colcon_core.package_identification:_identify(src/vacuum_robot) by extension 'colcon_pkg'
[0.215s] Level 1:colcon.colcon_core.package_identification:_identify(src/vacuum_robot) by extensions ['colcon_meta']
[0.216s] Level 1:colcon.colcon_core.package_identification:_identify(src/vacuum_robot) by extension 'colcon_meta'
[0.216s] Level 1:colcon.colcon_core.package_identification:_identify(src/vacuum_robot) by extensions ['ros']
[0.216s] Level 1:colcon.colcon_core.package_identification:_identify(src/vacuum_robot) by extension 'ros'
[0.216s] DEBUG:colcon.colcon_core.package_identification:Package 'src/vacuum_robot' with type 'ros.ament_cmake' and name 'vacuum_robot'
[0.216s] Level 1:colcon.colcon_core.package_discovery:discover_packages(recursive) using defaults
[0.216s] Level 1:colcon.colcon_core.package_discovery:discover_packages(ignore) discover
[0.216s] Level 1:colcon.colcon_core.package_discovery:discover_packages(ignore) using defaults
[0.216s] Level 1:colcon.colcon_core.package_discovery:discover_packages(path) discover
[0.216s] Level 1:colcon.colcon_core.package_discovery:discover_packages(path) using defaults
[0.231s] Level 1:colcon.colcon_core.package_discovery:discover_packages(prefix_path) check parameters
[0.231s] Level 1:colcon.colcon_core.package_discovery:discover_packages(prefix_path) discover
[0.233s] DEBUG:colcon.colcon_installed_package_information.package_discovery:Found 5 installed packages in /home/adam/opk/zadanie2/install
[0.233s] DEBUG:colcon.colcon_installed_package_information.package_discovery:Found 13 installed packages in /home/adam/rrm_ws/install
[0.233s] DEBUG:colcon.colcon_installed_package_information.package_discovery:Found 2 installed packages in /home/adam/install
[0.234s] DEBUG:colcon.colcon_installed_package_information.package_discovery:Found 274 installed packages in /opt/ros/humble
[0.240s] Level 1:colcon.colcon_core.package_discovery:discover_packages(prefix_path) using defaults
[0.261s] Level 5:colcon.colcon_core.verb:set package 'vacuum_core' build argument 'cmake_args' from command line to 'None'
[0.261s] Level 5:colcon.colcon_core.verb:set package 'vacuum_core' build argument 'cmake_target' from command line to 'None'
[0.261s] Level 5:colcon.colcon_core.verb:set package 'vacuum_core' build argument 'cmake_target_skip_unavailable' from command line to 'False'
[0.261s] Level 5:colcon.colcon_core.verb:set package 'vacuum_core' build argument 'cmake_clean_cache' from command line to 'False'
[0.261s] Level 5:colcon.colcon_core.verb:set package 'vacuum_core' build argument 'cmake_clean_first' from command line to 'False'
[0.261s] Level 5:colcon.colcon_core.verb:set package 'vacuum_core' build argument 'cmake_force_configure' from command line to 'False'
[0.261s] Level 5:colcon.colcon_core.verb:set package 'vacuum_core' build argument 'ament_cmake_args' from command line to 'None'
[0.261s] Level 5:colcon.colcon_core.verb:set package 'vacuum_core' build argument 'catkin_cmake_args' from command line to 'None'
[0.261s] Level 5:colcon.colcon_core.verb:set package 'vacuum_core' build argument 'catkin_skip_building_tests' from command line to 'False'
[0.261s] DEBUG:colcon.colcon_core.verb:Building package 'vacuum_core' with the following arguments: {'ament_cmake_args': None, 'build_base': '/home/adam/opk/zadanie2/build/vacuum_core', 'catkin_cmake_args': None, 'catkin_skip_building_tests': False, 'cmake_args': None, 'cmake_clean_cache': False, 'cmake_clean_first': False, 'cmake_force_configure': False, 'cmake_target': None, 'cmake_target_skip_unavailable': False, 'install_base': '/home/adam/opk/zadanie2/install/vacuum_core', 'merge_install': False, 'path': '/home/adam/opk/zadanie2/src/vacuum_core', 'symlink_install': False, 'test_result_base': None}
[0.261s] Level 5:colcon.colcon_core.verb:set package 'vacuum_msgs' build argument 'cmake_args' from command line to 'None'
[0.261s] Level 5:colcon.colcon_core.verb:set package 'vacuum_msgs' build argument 'cmake_target' from command line to 'None'
[0.261s] Level 5:colcon.colcon_core.verb:set package 'vacuum_msgs' build argument 'cmake_target_skip_unavailable' from command line to 'False'
[0.261s] Level 5:colcon.colcon_core.verb:set package 'vacuum_msgs' build argument 'cmake_clean_cache' from command line to 'False'
[0.261s] Level 5:colcon.colcon_core.verb:set package 'vacuum_msgs' build argument 'cmake_clean_first' from command line to 'False'
[0.261s] Level 5:colcon.colcon_core.verb:set package 'vacuum_msgs' build argument 'cmake_force_configure' from command line to 'False'
[0.261s] Level 5:colcon.colcon_core.verb:set package 'vacuum_msgs' build argument 'ament_cmake_args' from command line to 'None'
[0.261s] Level 5:colcon.colcon_core.verb:set package 'vacuum_msgs' build argument 'catkin_cmake_args' from command line to 'None'
[0.261s] Level 5:colcon.colcon_core.verb:set package 'vacuum_msgs' build argument 'catkin_skip_building_tests' from command line to 'False'
[0.261s] DEBUG:colcon.colcon_core.verb:Building package 'vacuum_msgs' with the following arguments: {'ament_cmake_args': None, 'build_base': '/home/adam/opk/zadanie2/build/vacuum_msgs', 'catkin_cmake_args': None, 'catkin_skip_building_tests': False, 'cmake_args': None, 'cmake_clean_cache': False, 'cmake_clean_first': False, 'cmake_force_configure': False, 'cmake_target': None, 'cmake_target_skip_unavailable': False, 'install_base': '/home/adam/opk/zadanie2/install/vacuum_msgs', 'merge_install': False, 'path': '/home/adam/opk/zadanie2/src/vacuum_msgs', 'symlink_install': False, 'test_result_base': None}
[0.261s] Level 5:colcon.colcon_core.verb:set package 'vacuum_game' build argument 'cmake_args' from command line to 'None'
[0.261s] Level 5:colcon.colcon_core.verb:set package 'vacuum_game' build argument 'cmake_target' from command line to 'None'
[0.261s] Level 5:colcon.colcon_core.verb:set package 'vacuum_game' build argument 'cmake_target_skip_unavailable' from command line to 'False'
[0.261s] Level 5:colcon.colcon_core.verb:set package 'vacuum_game' build argument 'cmake_clean_cache' from command line to 'False'
[0.261s] Level 5:colcon.colcon_core.verb:set package 'vacuum_game' build argument 'cmake_clean_first' from command line to 'False'
[0.261s] Level 5:colcon.colcon_core.verb:set package 'vacuum_game' build argument 'cmake_force_configure' from command line to 'False'
[0.261s] Level 5:colcon.colcon_core.verb:set package 'vacuum_game' build argument 'ament_cmake_args' from command line to 'None'
[0.261s] Level 5:colcon.colcon_core.verb:set package 'vacuum_game' build argument 'catkin_cmake_args' from command line to 'None'
[0.261s] Level 5:colcon.colcon_core.verb:set package 'vacuum_game' build argument 'catkin_skip_building_tests' from command line to 'False'
[0.261s] DEBUG:colcon.colcon_core.verb:Building package 'vacuum_game' with the following arguments: {'ament_cmake_args': None, 'build_base': '/home/adam/opk/zadanie2/build/vacuum_game', 'catkin_cmake_args': None, 'catkin_skip_building_tests': False, 'cmake_args': None, 'cmake_clean_cache': False, 'cmake_clean_first': False, 'cmake_force_configure': False, 'cmake_target': None, 'cmake_target_skip_unavailable': False, 'install_base': '/home/adam/opk/zadanie2/install/vacuum_game', 'merge_install': False, 'path': '/home/adam/opk/zadanie2/src/vacuum_game', 'symlink_install': False, 'test_result_base': None}
[0.262s] Level 5:colcon.colcon_core.verb:set package 'vacuum_robot' build argument 'cmake_args' from command line to 'None'
[0.262s] Level 5:colcon.colcon_core.verb:set package 'vacuum_robot' build argument 'cmake_target' from command line to 'None'
[0.262s] Level 5:colcon.colcon_core.verb:set package 'vacuum_robot' build argument 'cmake_target_skip_unavailable' from command line to 'False'
[0.262s] Level 5:colcon.colcon_core.verb:set package 'vacuum_robot' build argument 'cmake_clean_cache' from command line to 'False'
[0.262s] Level 5:colcon.colcon_core.verb:set package 'vacuum_robot' build argument 'cmake_clean_first' from command line to 'False'
[0.262s] Level 5:colcon.colcon_core.verb:set package 'vacuum_robot' build argument 'cmake_force_configure' from command line to 'False'
[0.262s] Level 5:colcon.colcon_core.verb:set package 'vacuum_robot' build argument 'ament_cmake_args' from command line to 'None'
[0.262s] Level 5:colcon.colcon_core.verb:set package 'vacuum_robot' build argument 'catkin_cmake_args' from command line to 'None'
[0.262s] Level 5:colcon.colcon_core.verb:set package 'vacuum_robot' build argument 'catkin_skip_building_tests' from command line to 'False'
[0.262s] DEBUG:colcon.colcon_core.verb:Building package 'vacuum_robot' with the following arguments: {'ament_cmake_args': None, 'build_base': '/home/adam/opk/zadanie2/build/vacuum_robot', 'catkin_cmake_args': None, 'catkin_skip_building_tests': False, 'cmake_args': None, 'cmake_clean_cache': False, 'cmake_clean_first': False, 'cmake_force_configure': False, 'cmake_target': None, 'cmake_target_skip_unavailable': False, 'install_base': '/home/adam/opk/zadanie2/install/vacuum_robot', 'merge_install': False, 'path': '/home/adam/opk/zadanie2/src/vacuum_robot', 'symlink_install': False, 'test_result_base': None}
[0.262s] Level 5:colcon.colcon_core.verb:set package 'vacuum_bringup' build argument 'cmake_args' from command line to 'None'
[0.262s] Level 5:colcon.colcon_core.verb:set package 'vacuum_bringup' build argument 'cmake_target' from command line to 'None'
[0.262s] Level 5:colcon.colcon_core.verb:set package 'vacuum_bringup' build argument 'cmake_target_skip_unavailable' from command line to 'False'
[0.262s] Level 5:colcon.colcon_core.verb:set package 'vacuum_bringup' build argument 'cmake_clean_cache' from command line to 'False'
[0.262s] Level 5:colcon.colcon_core.verb:set package 'vacuum_bringup' build argument 'cmake_clean_first' from command line to 'False'
[0.262s] Level 5:colcon.colcon_core.verb:set package 'vacuum_bringup' build argument 'cmake_force_configure' from command line to 'False'
[0.262s] Level 5:colcon.colcon_core.verb:set package 'vacuum_bringup' build argument 'ament_cmake_args' from command line to 'None'
[0.262s] Level 5:colcon.colcon_core.verb:set package 'vacuum_bringup' build argument 'catkin_cmake_args' from command line to 'None'
[0.262s] Level 5:colcon.colcon_core.verb:set package 'vacuum_bringup' build argument 'catkin_skip_building_tests' from command line to 'False'
[0.262s] DEBUG:colcon.colcon_core.verb:Building package 'vacuum_bringup' with the following arguments: {'ament_cmake_args': None, 'build_base': '/home/adam/opk/zadanie2/build/vacuum_bringup', 'catkin_cmake_args': None, 'catkin_skip_building_tests': False, 'cmake_args': None, 'cmake_clean_cache': False, 'cmake_clean_first': False, 'cmake_force_configure': False, 'cmake_target': None, 'cmake_target_skip_unavailable': False, 'install_base': '/home/adam/opk/zadanie2/install/vacuum_bringup', 'merge_install': False, 'path': '/home/adam/opk/zadanie2/src/vacuum_bringup', 'symlink_install': False, 'test_result_base': None}
[0.262s] INFO:colcon.colcon_core.executor:Executing jobs using 'parallel' executor
[0.263s] DEBUG:colcon.colcon_parallel_executor.executor.parallel:run_until_complete
[0.263s] INFO:colcon.colcon_ros.task.ament_cmake.build:Building ROS package in '/home/adam/opk/zadanie2/src/vacuum_core' with build type 'ament_cmake'
[0.263s] INFO:colcon.colcon_cmake.task.cmake.build:Building CMake package in '/home/adam/opk/zadanie2/src/vacuum_core'
[0.273s] INFO:colcon.colcon_core.plugin_system:Skipping extension 'colcon_core.shell.bat': Not used on non-Windows systems
[0.273s] INFO:colcon.colcon_core.shell:Skip shell extension 'powershell' for command environment: Not usable outside of PowerShell
[0.273s] DEBUG:colcon.colcon_core.shell:Skip shell extension 'dsv' for command environment
[0.276s] INFO:colcon.colcon_ros.task.ament_cmake.build:Building ROS package in '/home/adam/opk/zadanie2/src/vacuum_msgs' with build type 'ament_cmake'
[0.276s] INFO:colcon.colcon_cmake.task.cmake.build:Building CMake package in '/home/adam/opk/zadanie2/src/vacuum_msgs'
[0.276s] INFO:colcon.colcon_core.shell:Skip shell extension 'powershell' for command environment: Not usable outside of PowerShell
[0.276s] DEBUG:colcon.colcon_core.shell:Skip shell extension 'dsv' for command environment
[0.281s] DEBUG:colcon.colcon_core.event_handler.log_command:Invoking command in '/home/adam/opk/zadanie2/build/vacuum_core': CMAKE_PREFIX_PATH=${CMAKE_PREFIX_PATH}:/opt/ros/humble /usr/bin/cmake --build /home/adam/opk/zadanie2/build/vacuum_core -- -j12 -l12
[0.284s] DEBUG:colcon.colcon_core.event_handler.log_command:Invoking command in '/home/adam/opk/zadanie2/build/vacuum_msgs': CMAKE_PREFIX_PATH=${CMAKE_PREFIX_PATH}:/opt/ros/humble /usr/bin/cmake --build /home/adam/opk/zadanie2/build/vacuum_msgs -- -j12 -l12
[0.362s] DEBUG:colcon.colcon_core.event_handler.log_command:Invoked command in '/home/adam/opk/zadanie2/build/vacuum_core' returned '0': CMAKE_PREFIX_PATH=${CMAKE_PREFIX_PATH}:/opt/ros/humble /usr/bin/cmake --build /home/adam/opk/zadanie2/build/vacuum_core -- -j12 -l12
[0.371s] DEBUG:colcon.colcon_core.event_handler.log_command:Invoking command in '/home/adam/opk/zadanie2/build/vacuum_core': CMAKE_PREFIX_PATH=${CMAKE_PREFIX_PATH}:/opt/ros/humble /usr/bin/cmake --install /home/adam/opk/zadanie2/build/vacuum_core
[0.391s] Level 1:colcon.colcon_core.environment:create_environment_scripts_only(vacuum_core)
[0.391s] DEBUG:colcon.colcon_core.event_handler.log_command:Invoked command in '/home/adam/opk/zadanie2/build/vacuum_core' returned '0': CMAKE_PREFIX_PATH=${CMAKE_PREFIX_PATH}:/opt/ros/humble /usr/bin/cmake --install /home/adam/opk/zadanie2/build/vacuum_core
[0.395s] Level 1:colcon.colcon_core.environment:checking '/home/adam/opk/zadanie2/install/vacuum_core' for CMake module files
[0.395s] Level 1:colcon.colcon_core.environment:checking '/home/adam/opk/zadanie2/install/vacuum_core' for CMake config files
[0.395s] Level 1:colcon.colcon_core.shell:create_environment_hook('vacuum_core', 'cmake_prefix_path')
[0.395s] INFO:colcon.colcon_core.shell:Creating environment hook '/home/adam/opk/zadanie2/install/vacuum_core/share/vacuum_core/hook/cmake_prefix_path.ps1'
[0.396s] INFO:colcon.colcon_core.shell:Creating environment descriptor '/home/adam/opk/zadanie2/install/vacuum_core/share/vacuum_core/hook/cmake_prefix_path.dsv'
[0.396s] INFO:colcon.colcon_core.shell:Creating environment hook '/home/adam/opk/zadanie2/install/vacuum_core/share/vacuum_core/hook/cmake_prefix_path.sh'
[0.397s] Level 1:colcon.colcon_core.environment:checking '/home/adam/opk/zadanie2/install/vacuum_core/lib'
[0.397s] Level 1:colcon.colcon_core.shell:create_environment_hook('vacuum_core', 'ld_library_path_lib')
[0.397s] INFO:colcon.colcon_core.shell:Creating environment hook '/home/adam/opk/zadanie2/install/vacuum_core/share/vacuum_core/hook/ld_library_path_lib.ps1'
[0.397s] INFO:colcon.colcon_core.shell:Creating environment descriptor '/home/adam/opk/zadanie2/install/vacuum_core/share/vacuum_core/hook/ld_library_path_lib.dsv'
[0.397s] INFO:colcon.colcon_core.shell:Creating environment hook '/home/adam/opk/zadanie2/install/vacuum_core/share/vacuum_core/hook/ld_library_path_lib.sh'
[0.398s] Level 1:colcon.colcon_core.environment:checking '/home/adam/opk/zadanie2/install/vacuum_core/bin'
[0.398s] Level 1:colcon.colcon_core.environment:checking '/home/adam/opk/zadanie2/install/vacuum_core/lib/pkgconfig/vacuum_core.pc'
[0.398s] Level 1:colcon.colcon_core.environment:checking '/home/adam/opk/zadanie2/install/vacuum_core/lib/python3.10/site-packages'
[0.398s] Level 1:colcon.colcon_core.environment:checking '/home/adam/opk/zadanie2/install/vacuum_core/bin'
[0.398s] INFO:colcon.colcon_core.shell:Creating package script '/home/adam/opk/zadanie2/install/vacuum_core/share/vacuum_core/package.ps1'
[0.399s] INFO:colcon.colcon_core.shell:Creating package descriptor '/home/adam/opk/zadanie2/install/vacuum_core/share/vacuum_core/package.dsv'
[0.399s] INFO:colcon.colcon_core.shell:Creating package script '/home/adam/opk/zadanie2/install/vacuum_core/share/vacuum_core/package.sh'
[0.400s] INFO:colcon.colcon_core.shell:Creating package script '/home/adam/opk/zadanie2/install/vacuum_core/share/vacuum_core/package.bash'
[0.400s] INFO:colcon.colcon_core.shell:Creating package script '/home/adam/opk/zadanie2/install/vacuum_core/share/vacuum_core/package.zsh'
[0.401s] Level 1:colcon.colcon_core.environment:create_file_with_runtime_dependencies(/home/adam/opk/zadanie2/install/vacuum_core/share/colcon-core/packages/vacuum_core)
[0.401s] Level 1:colcon.colcon_core.environment:create_environment_scripts_only(vacuum_core)
[0.401s] Level 1:colcon.colcon_core.environment:checking '/home/adam/opk/zadanie2/install/vacuum_core' for CMake module files
[0.401s] Level 1:colcon.colcon_core.environment:checking '/home/adam/opk/zadanie2/install/vacuum_core' for CMake config files
[0.401s] Level 1:colcon.colcon_core.shell:create_environment_hook('vacuum_core', 'cmake_prefix_path')
[0.401s] INFO:colcon.colcon_core.shell:Creating environment hook '/home/adam/opk/zadanie2/install/vacuum_core/share/vacuum_core/hook/cmake_prefix_path.ps1'
[0.402s] INFO:colcon.colcon_core.shell:Creating environment descriptor '/home/adam/opk/zadanie2/install/vacuum_core/share/vacuum_core/hook/cmake_prefix_path.dsv'
[0.402s] INFO:colcon.colcon_core.shell:Creating environment hook '/home/adam/opk/zadanie2/install/vacuum_core/share/vacuum_core/hook/cmake_prefix_path.sh'
[0.402s] Level 1:colcon.colcon_core.environment:checking '/home/adam/opk/zadanie2/install/vacuum_core/lib'
[0.402s] Level 1:colcon.colcon_core.shell:create_environment_hook('vacuum_core', 'ld_library_path_lib')
[0.402s] INFO:colcon.colcon_core.shell:Creating environment hook '/home/adam/opk/zadanie2/install/vacuum_core/share/vacuum_core/hook/ld_library_path_lib.ps1'
[0.403s] INFO:colcon.colcon_core.shell:Creating environment descriptor '/home/adam/opk/zadanie2/install/vacuum_core/share/vacuum_core/hook/ld_library_path_lib.dsv'
[0.403s] INFO:colcon.colcon_core.shell:Creating environment hook '/home/adam/opk/zadanie2/install/vacuum_core/share/vacuum_core/hook/ld_library_path_lib.sh'
[0.403s] Level 1:colcon.colcon_core.environment:checking '/home/adam/opk/zadanie2/install/vacuum_core/bin'
[0.403s] Level 1:colcon.colcon_core.environment:checking '/home/adam/opk/zadanie2/install/vacuum_core/lib/pkgconfig/vacuum_core.pc'
[0.403s] Level 1:colcon.colcon_core.environment:checking '/home/adam/opk/zadanie2/install/vacuum_core/lib/python3.10/site-packages'
[0.403s] Level 1:colcon.colcon_core.environment:checking '/home/adam/opk/zadanie2/install/vacuum_core/bin'
[0.403s] INFO:colcon.colcon_core.shell:Creating package script '/home/adam/opk/zadanie2/install/vacuum_core/share/vacuum_core/package.ps1'
[0.404s] INFO:colcon.colcon_core.shell:Creating package descriptor '/home/adam/opk/zadanie2/install/vacuum_core/share/vacuum_core/package.dsv'
[0.404s] INFO:colcon.colcon_core.shell:Creating package script '/home/adam/opk/zadanie2/install/vacuum_core/share/vacuum_core/package.sh'
[0.404s] INFO:colcon.colcon_core.shell:Creating package script '/home/adam/opk/zadanie2/install/vacuum_core/share/vacuum_core/package.bash'
[0.404s] INFO:colcon.colcon_core.shell:Creating package script '/home/adam/opk/zadanie2/install/vacuum_core/share/vacuum_core/package.zsh'
[0.405s] Level 1:colcon.colcon_core.environment:create_file_with_runtime_dependencies(/home/adam/opk/zadanie2/install/vacuum_core/share/colcon-core/packages/vacuum_core)
[0.522s] DEBUG:colcon.colcon_core.event_handler.log_command:Invoked command in '/home/adam/opk/zadanie2/build/vacuum_msgs' returned '0': CMAKE_PREFIX_PATH=${CMAKE_PREFIX_PATH}:/opt/ros/humble /usr/bin/cmake --build /home/adam/opk/zadanie2/build/vacuum_msgs -- -j12 -l12
[0.531s] DEBUG:colcon.colcon_core.event_handler.log_command:Invoking command in '/home/adam/opk/zadanie2/build/vacuum_msgs': CMAKE_PREFIX_PATH=${CMAKE_PREFIX_PATH}:/opt/ros/humble /usr/bin/cmake --install /home/adam/opk/zadanie2/build/vacuum_msgs
[0.604s] Level 1:colcon.colcon_core.environment:create_environment_scripts_only(vacuum_msgs)
[0.604s] Level 1:colcon.colcon_core.environment:checking '/home/adam/opk/zadanie2/install/vacuum_msgs' for CMake module files
[0.605s] DEBUG:colcon.colcon_core.event_handler.log_command:Invoked command in '/home/adam/opk/zadanie2/build/vacuum_msgs' returned '0': CMAKE_PREFIX_PATH=${CMAKE_PREFIX_PATH}:/opt/ros/humble /usr/bin/cmake --install /home/adam/opk/zadanie2/build/vacuum_msgs
[0.605s] Level 1:colcon.colcon_core.environment:checking '/home/adam/opk/zadanie2/install/vacuum_msgs' for CMake config files
[0.606s] Level 1:colcon.colcon_core.shell:create_environment_hook('vacuum_msgs', 'cmake_prefix_path')
[0.606s] INFO:colcon.colcon_core.shell:Creating environment hook '/home/adam/opk/zadanie2/install/vacuum_msgs/share/vacuum_msgs/hook/cmake_prefix_path.ps1'
[0.607s] INFO:colcon.colcon_core.shell:Creating environment descriptor '/home/adam/opk/zadanie2/install/vacuum_msgs/share/vacuum_msgs/hook/cmake_prefix_path.dsv'
[0.607s] INFO:colcon.colcon_core.shell:Creating environment hook '/home/adam/opk/zadanie2/install/vacuum_msgs/share/vacuum_msgs/hook/cmake_prefix_path.sh'
[0.607s] Level 1:colcon.colcon_core.environment:checking '/home/adam/opk/zadanie2/install/vacuum_msgs/lib'
[0.608s] Level 1:colcon.colcon_core.shell:create_environment_hook('vacuum_msgs', 'ld_library_path_lib')
[0.608s] INFO:colcon.colcon_core.shell:Creating environment hook '/home/adam/opk/zadanie2/install/vacuum_msgs/share/vacuum_msgs/hook/ld_library_path_lib.ps1'
[0.608s] INFO:colcon.colcon_core.shell:Creating environment descriptor '/home/adam/opk/zadanie2/install/vacuum_msgs/share/vacuum_msgs/hook/ld_library_path_lib.dsv'
[0.608s] INFO:colcon.colcon_core.shell:Creating environment hook '/home/adam/opk/zadanie2/install/vacuum_msgs/share/vacuum_msgs/hook/ld_library_path_lib.sh'
[0.609s] Level 1:colcon.colcon_core.environment:checking '/home/adam/opk/zadanie2/install/vacuum_msgs/bin'
[0.609s] Level 1:colcon.colcon_core.environment:checking '/home/adam/opk/zadanie2/install/vacuum_msgs/lib/pkgconfig/vacuum_msgs.pc'
[0.609s] Level 1:colcon.colcon_core.environment:checking '/home/adam/opk/zadanie2/install/vacuum_msgs/lib/python3.10/site-packages'
[0.609s] Level 1:colcon.colcon_core.environment:checking '/home/adam/opk/zadanie2/install/vacuum_msgs/bin'
[0.609s] INFO:colcon.colcon_core.shell:Creating package script '/home/adam/opk/zadanie2/install/vacuum_msgs/share/vacuum_msgs/package.ps1'
[0.609s] INFO:colcon.colcon_core.shell:Creating package descriptor '/home/adam/opk/zadanie2/install/vacuum_msgs/share/vacuum_msgs/package.dsv'
[0.610s] INFO:colcon.colcon_core.shell:Creating package script '/home/adam/opk/zadanie2/install/vacuum_msgs/share/vacuum_msgs/package.sh'
[0.610s] INFO:colcon.colcon_core.shell:Creating package script '/home/adam/opk/zadanie2/install/vacuum_msgs/share/vacuum_msgs/package.bash'
[0.610s] INFO:colcon.colcon_core.shell:Creating package script '/home/adam/opk/zadanie2/install/vacuum_msgs/share/vacuum_msgs/package.zsh'
[0.610s] Level 1:colcon.colcon_core.environment:create_file_with_runtime_dependencies(/home/adam/opk/zadanie2/install/vacuum_msgs/share/colcon-core/packages/vacuum_msgs)
[0.610s] Level 1:colcon.colcon_core.environment:create_environment_scripts_only(vacuum_msgs)
[0.611s] Level 1:colcon.colcon_core.environment:checking '/home/adam/opk/zadanie2/install/vacuum_msgs' for CMake module files
[0.611s] Level 1:colcon.colcon_core.environment:checking '/home/adam/opk/zadanie2/install/vacuum_msgs' for CMake config files
[0.611s] Level 1:colcon.colcon_core.shell:create_environment_hook('vacuum_msgs', 'cmake_prefix_path')
[0.611s] INFO:colcon.colcon_core.shell:Creating environment hook '/home/adam/opk/zadanie2/install/vacuum_msgs/share/vacuum_msgs/hook/cmake_prefix_path.ps1'
[0.611s] INFO:colcon.colcon_core.shell:Creating environment descriptor '/home/adam/opk/zadanie2/install/vacuum_msgs/share/vacuum_msgs/hook/cmake_prefix_path.dsv'
[0.612s] INFO:colcon.colcon_core.shell:Creating environment hook '/home/adam/opk/zadanie2/install/vacuum_msgs/share/vacuum_msgs/hook/cmake_prefix_path.sh'
[0.612s] Level 1:colcon.colcon_core.environment:checking '/home/adam/opk/zadanie2/install/vacuum_msgs/lib'
[0.612s] Level 1:colcon.colcon_core.shell:create_environment_hook('vacuum_msgs', 'ld_library_path_lib')
[0.612s] INFO:colcon.colcon_core.shell:Creating environment hook '/home/adam/opk/zadanie2/install/vacuum_msgs/share/vacuum_msgs/hook/ld_library_path_lib.ps1'
[0.612s] INFO:colcon.colcon_core.shell:Creating environment descriptor '/home/adam/opk/zadanie2/install/vacuum_msgs/share/vacuum_msgs/hook/ld_library_path_lib.dsv'
[0.612s] INFO:colcon.colcon_core.shell:Creating environment hook '/home/adam/opk/zadanie2/install/vacuum_msgs/share/vacuum_msgs/hook/ld_library_path_lib.sh'
[0.613s] Level 1:colcon.colcon_core.environment:checking '/home/adam/opk/zadanie2/install/vacuum_msgs/bin'
[0.613s] Level 1:colcon.colcon_core.environment:checking '/home/adam/opk/zadanie2/install/vacuum_msgs/lib/pkgconfig/vacuum_msgs.pc'
[0.613s] Level 1:colcon.colcon_core.environment:checking '/home/adam/opk/zadanie2/install/vacuum_msgs/lib/python3.10/site-packages'
[0.613s] Level 1:colcon.colcon_core.environment:checking '/home/adam/opk/zadanie2/install/vacuum_msgs/bin'
[0.613s] INFO:colcon.colcon_core.shell:Creating package script '/home/adam/opk/zadanie2/install/vacuum_msgs/share/vacuum_msgs/package.ps1'
[0.613s] INFO:colcon.colcon_core.shell:Creating package descriptor '/home/adam/opk/zadanie2/install/vacuum_msgs/share/vacuum_msgs/package.dsv'
[0.614s] INFO:colcon.colcon_core.shell:Creating package script '/home/adam/opk/zadanie2/install/vacuum_msgs/share/vacuum_msgs/package.sh'
[0.614s] INFO:colcon.colcon_core.shell:Creating package script '/home/adam/opk/zadanie2/install/vacuum_msgs/share/vacuum_msgs/package.bash'
[0.614s] INFO:colcon.colcon_core.shell:Creating package script '/home/adam/opk/zadanie2/install/vacuum_msgs/share/vacuum_msgs/package.zsh'
[0.614s] Level 1:colcon.colcon_core.environment:create_file_with_runtime_dependencies(/home/adam/opk/zadanie2/install/vacuum_msgs/share/colcon-core/packages/vacuum_msgs)
[0.614s] INFO:colcon.colcon_ros.task.ament_cmake.build:Building ROS package in '/home/adam/opk/zadanie2/src/vacuum_game' with build type 'ament_cmake'
[0.615s] INFO:colcon.colcon_cmake.task.cmake.build:Building CMake package in '/home/adam/opk/zadanie2/src/vacuum_game'
[0.615s] INFO:colcon.colcon_core.shell:Skip shell extension 'powershell' for command environment: Not usable outside of PowerShell
[0.615s] DEBUG:colcon.colcon_core.shell:Skip shell extension 'dsv' for command environment
[0.617s] INFO:colcon.colcon_ros.task.ament_cmake.build:Building ROS package in '/home/adam/opk/zadanie2/src/vacuum_robot' with build type 'ament_cmake'
[0.617s] INFO:colcon.colcon_cmake.task.cmake.build:Building CMake package in '/home/adam/opk/zadanie2/src/vacuum_robot'
[0.617s] INFO:colcon.colcon_core.shell:Skip shell extension 'powershell' for command environment: Not usable outside of PowerShell
[0.617s] DEBUG:colcon.colcon_core.shell:Skip shell extension 'dsv' for command environment
[0.626s] DEBUG:colcon.colcon_core.event_handler.log_command:Invoking command in '/home/adam/opk/zadanie2/build/vacuum_game': CMAKE_PREFIX_PATH=/home/adam/opk/zadanie2/install/vacuum_msgs:/home/adam/opk/zadanie2/install/vacuum_core:/home/adam/opk/zadanie2/install/vacuum_bringup:/home/adam/opk/zadanie2/install/vacuum_robot:/home/adam/opk/zadanie2/install/vacuum_game:/home/adam/rrm_ws/install/zadanie5_model:/home/adam/rrm_ws/install/zad6ik:/home/adam/rrm_ws/install/zad6fk:/home/adam/rrm_ws/install/zad4:/home/adam/rrm_ws/install/zad1:/home/adam/rrm_ws/install/rrm_simple_robot_model:/home/adam/rrm_ws/install/rrm_sim:/home/adam/rrm_ws/install/rrm_projekt:/home/adam/rrm_ws/install/block1_elias:/home/adam/rrm_ws/install/rrm_msgs:/home/adam/rrm_ws/install/cv1:/home/adam/rrm_ws/install/abb_model:/home/adam/rrm_ws/install/abb_irb4600_ikfast:/opt/ros/humble /usr/bin/cmake --build /home/adam/opk/zadanie2/build/vacuum_game -- -j12 -l12
[0.628s] DEBUG:colcon.colcon_core.event_handler.log_command:Invoking command in '/home/adam/opk/zadanie2/build/vacuum_robot': CMAKE_PREFIX_PATH=/home/adam/opk/zadanie2/install/vacuum_msgs:/home/adam/opk/zadanie2/install/vacuum_core:/home/adam/opk/zadanie2/install/vacuum_bringup:/home/adam/opk/zadanie2/install/vacuum_robot:/home/adam/opk/zadanie2/install/vacuum_game:/home/adam/rrm_ws/install/zadanie5_model:/home/adam/rrm_ws/install/zad6ik:/home/adam/rrm_ws/install/zad6fk:/home/adam/rrm_ws/install/zad4:/home/adam/rrm_ws/install/zad1:/home/adam/rrm_ws/install/rrm_simple_robot_model:/home/adam/rrm_ws/install/rrm_sim:/home/adam/rrm_ws/install/rrm_projekt:/home/adam/rrm_ws/install/block1_elias:/home/adam/rrm_ws/install/rrm_msgs:/home/adam/rrm_ws/install/cv1:/home/adam/rrm_ws/install/abb_model:/home/adam/rrm_ws/install/abb_irb4600_ikfast:/opt/ros/humble /usr/bin/cmake --build /home/adam/opk/zadanie2/build/vacuum_robot -- -j12 -l12
[0.700s] DEBUG:colcon.colcon_core.event_handler.log_command:Invoked command in '/home/adam/opk/zadanie2/build/vacuum_robot' returned '0': CMAKE_PREFIX_PATH=/home/adam/opk/zadanie2/install/vacuum_msgs:/home/adam/opk/zadanie2/install/vacuum_core:/home/adam/opk/zadanie2/install/vacuum_bringup:/home/adam/opk/zadanie2/install/vacuum_robot:/home/adam/opk/zadanie2/install/vacuum_game:/home/adam/rrm_ws/install/zadanie5_model:/home/adam/rrm_ws/install/zad6ik:/home/adam/rrm_ws/install/zad6fk:/home/adam/rrm_ws/install/zad4:/home/adam/rrm_ws/install/zad1:/home/adam/rrm_ws/install/rrm_simple_robot_model:/home/adam/rrm_ws/install/rrm_sim:/home/adam/rrm_ws/install/rrm_projekt:/home/adam/rrm_ws/install/block1_elias:/home/adam/rrm_ws/install/rrm_msgs:/home/adam/rrm_ws/install/cv1:/home/adam/rrm_ws/install/abb_model:/home/adam/rrm_ws/install/abb_irb4600_ikfast:/opt/ros/humble /usr/bin/cmake --build /home/adam/opk/zadanie2/build/vacuum_robot -- -j12 -l12
[0.711s] DEBUG:colcon.colcon_core.event_handler.log_command:Invoking command in '/home/adam/opk/zadanie2/build/vacuum_robot': CMAKE_PREFIX_PATH=/home/adam/opk/zadanie2/install/vacuum_msgs:/home/adam/opk/zadanie2/install/vacuum_core:/home/adam/opk/zadanie2/install/vacuum_bringup:/home/adam/opk/zadanie2/install/vacuum_robot:/home/adam/opk/zadanie2/install/vacuum_game:/home/adam/rrm_ws/install/zadanie5_model:/home/adam/rrm_ws/install/zad6ik:/home/adam/rrm_ws/install/zad6fk:/home/adam/rrm_ws/install/zad4:/home/adam/rrm_ws/install/zad1:/home/adam/rrm_ws/install/rrm_simple_robot_model:/home/adam/rrm_ws/install/rrm_sim:/home/adam/rrm_ws/install/rrm_projekt:/home/adam/rrm_ws/install/block1_elias:/home/adam/rrm_ws/install/rrm_msgs:/home/adam/rrm_ws/install/cv1:/home/adam/rrm_ws/install/abb_model:/home/adam/rrm_ws/install/abb_irb4600_ikfast:/opt/ros/humble /usr/bin/cmake --install /home/adam/opk/zadanie2/build/vacuum_robot
[0.712s] DEBUG:colcon.colcon_core.event_handler.log_command:Invoked command in '/home/adam/opk/zadanie2/build/vacuum_game' returned '0': CMAKE_PREFIX_PATH=/home/adam/opk/zadanie2/install/vacuum_msgs:/home/adam/opk/zadanie2/install/vacuum_core:/home/adam/opk/zadanie2/install/vacuum_bringup:/home/adam/opk/zadanie2/install/vacuum_robot:/home/adam/opk/zadanie2/install/vacuum_game:/home/adam/rrm_ws/install/zadanie5_model:/home/adam/rrm_ws/install/zad6ik:/home/adam/rrm_ws/install/zad6fk:/home/adam/rrm_ws/install/zad4:/home/adam/rrm_ws/install/zad1:/home/adam/rrm_ws/install/rrm_simple_robot_model:/home/adam/rrm_ws/install/rrm_sim:/home/adam/rrm_ws/install/rrm_projekt:/home/adam/rrm_ws/install/block1_elias:/home/adam/rrm_ws/install/rrm_msgs:/home/adam/rrm_ws/install/cv1:/home/adam/rrm_ws/install/abb_model:/home/adam/rrm_ws/install/abb_irb4600_ikfast:/opt/ros/humble /usr/bin/cmake --build /home/adam/opk/zadanie2/build/vacuum_game -- -j12 -l12
[0.713s] DEBUG:colcon.colcon_core.event_handler.log_command:Invoking command in '/home/adam/opk/zadanie2/build/vacuum_game': CMAKE_PREFIX_PATH=/home/adam/opk/zadanie2/install/vacuum_msgs:/home/adam/opk/zadanie2/install/vacuum_core:/home/adam/opk/zadanie2/install/vacuum_bringup:/home/adam/opk/zadanie2/install/vacuum_robot:/home/adam/opk/zadanie2/install/vacuum_game:/home/adam/rrm_ws/install/zadanie5_model:/home/adam/rrm_ws/install/zad6ik:/home/adam/rrm_ws/install/zad6fk:/home/adam/rrm_ws/install/zad4:/home/adam/rrm_ws/install/zad1:/home/adam/rrm_ws/install/rrm_simple_robot_model:/home/adam/rrm_ws/install/rrm_sim:/home/adam/rrm_ws/install/rrm_projekt:/home/adam/rrm_ws/install/block1_elias:/home/adam/rrm_ws/install/rrm_msgs:/home/adam/rrm_ws/install/cv1:/home/adam/rrm_ws/install/abb_model:/home/adam/rrm_ws/install/abb_irb4600_ikfast:/opt/ros/humble /usr/bin/cmake --install /home/adam/opk/zadanie2/build/vacuum_game
[0.727s] Level 1:colcon.colcon_core.environment:create_environment_scripts_only(vacuum_robot)
[0.727s] Level 1:colcon.colcon_core.environment:checking '/home/adam/opk/zadanie2/install/vacuum_robot' for CMake module files
[0.728s] DEBUG:colcon.colcon_core.event_handler.log_command:Invoked command in '/home/adam/opk/zadanie2/build/vacuum_robot' returned '0': CMAKE_PREFIX_PATH=/home/adam/opk/zadanie2/install/vacuum_msgs:/home/adam/opk/zadanie2/install/vacuum_core:/home/adam/opk/zadanie2/install/vacuum_bringup:/home/adam/opk/zadanie2/install/vacuum_robot:/home/adam/opk/zadanie2/install/vacuum_game:/home/adam/rrm_ws/install/zadanie5_model:/home/adam/rrm_ws/install/zad6ik:/home/adam/rrm_ws/install/zad6fk:/home/adam/rrm_ws/install/zad4:/home/adam/rrm_ws/install/zad1:/home/adam/rrm_ws/install/rrm_simple_robot_model:/home/adam/rrm_ws/install/rrm_sim:/home/adam/rrm_ws/install/rrm_projekt:/home/adam/rrm_ws/install/block1_elias:/home/adam/rrm_ws/install/rrm_msgs:/home/adam/rrm_ws/install/cv1:/home/adam/rrm_ws/install/abb_model:/home/adam/rrm_ws/install/abb_irb4600_ikfast:/opt/ros/humble /usr/bin/cmake --install /home/adam/opk/zadanie2/build/vacuum_robot
[0.728s] Level 1:colcon.colcon_core.environment:checking '/home/adam/opk/zadanie2/install/vacuum_robot' for CMake config files
[0.729s] Level 1:colcon.colcon_core.shell:create_environment_hook('vacuum_robot', 'cmake_prefix_path')
[0.729s] INFO:colcon.colcon_core.shell:Creating environment hook '/home/adam/opk/zadanie2/install/vacuum_robot/share/vacuum_robot/hook/cmake_prefix_path.ps1'
[0.729s] INFO:colcon.colcon_core.shell:Creating environment descriptor '/home/adam/opk/zadanie2/install/vacuum_robot/share/vacuum_robot/hook/cmake_prefix_path.dsv'
[0.730s] INFO:colcon.colcon_core.shell:Creating environment hook '/home/adam/opk/zadanie2/install/vacuum_robot/share/vacuum_robot/hook/cmake_prefix_path.sh'
[0.730s] Level 1:colcon.colcon_core.environment:checking '/home/adam/opk/zadanie2/install/vacuum_robot/lib'
[0.731s] Level 1:colcon.colcon_core.environment:checking '/home/adam/opk/zadanie2/install/vacuum_robot/bin'
[0.731s] Level 1:colcon.colcon_core.environment:checking '/home/adam/opk/zadanie2/install/vacuum_robot/lib/pkgconfig/vacuum_robot.pc'
[0.731s] Level 1:colcon.colcon_core.environment:checking '/home/adam/opk/zadanie2/install/vacuum_robot/lib/python3.10/site-packages'
[0.731s] Level 1:colcon.colcon_core.environment:checking '/home/adam/opk/zadanie2/install/vacuum_robot/bin'
[0.732s] INFO:colcon.colcon_core.shell:Creating package script '/home/adam/opk/zadanie2/install/vacuum_robot/share/vacuum_robot/package.ps1'
[0.732s] INFO:colcon.colcon_core.shell:Creating package descriptor '/home/adam/opk/zadanie2/install/vacuum_robot/share/vacuum_robot/package.dsv'
[0.732s] INFO:colcon.colcon_core.shell:Creating package script '/home/adam/opk/zadanie2/install/vacuum_robot/share/vacuum_robot/package.sh'
[0.733s] INFO:colcon.colcon_core.shell:Creating package script '/home/adam/opk/zadanie2/install/vacuum_robot/share/vacuum_robot/package.bash'
[0.733s] INFO:colcon.colcon_core.shell:Creating package script '/home/adam/opk/zadanie2/install/vacuum_robot/share/vacuum_robot/package.zsh'
[0.734s] Level 1:colcon.colcon_core.environment:create_file_with_runtime_dependencies(/home/adam/opk/zadanie2/install/vacuum_robot/share/colcon-core/packages/vacuum_robot)
[0.734s] Level 1:colcon.colcon_core.environment:create_environment_scripts_only(vacuum_robot)
[0.734s] Level 1:colcon.colcon_core.environment:checking '/home/adam/opk/zadanie2/install/vacuum_robot' for CMake module files
[0.735s] Level 1:colcon.colcon_core.environment:checking '/home/adam/opk/zadanie2/install/vacuum_robot' for CMake config files
[0.735s] Level 1:colcon.colcon_core.shell:create_environment_hook('vacuum_robot', 'cmake_prefix_path')
[0.735s] INFO:colcon.colcon_core.shell:Creating environment hook '/home/adam/opk/zadanie2/install/vacuum_robot/share/vacuum_robot/hook/cmake_prefix_path.ps1'
[0.735s] INFO:colcon.colcon_core.shell:Creating environment descriptor '/home/adam/opk/zadanie2/install/vacuum_robot/share/vacuum_robot/hook/cmake_prefix_path.dsv'
[0.735s] INFO:colcon.colcon_core.shell:Creating environment hook '/home/adam/opk/zadanie2/install/vacuum_robot/share/vacuum_robot/hook/cmake_prefix_path.sh'
[0.736s] Level 1:colcon.colcon_core.environment:checking '/home/adam/opk/zadanie2/install/vacuum_robot/lib'
[0.736s] Level 1:colcon.colcon_core.environment:checking '/home/adam/opk/zadanie2/install/vacuum_robot/bin'
[0.736s] Level 1:colcon.colcon_core.environment:checking '/home/adam/opk/zadanie2/install/vacuum_robot/lib/pkgconfig/vacuum_robot.pc'
[0.736s] Level 1:colcon.colcon_core.environment:checking '/home/adam/opk/zadanie2/install/vacuum_robot/lib/python3.10/site-packages'
[0.736s] Level 1:colcon.colcon_core.environment:checking '/home/adam/opk/zadanie2/install/vacuum_robot/bin'
[0.736s] INFO:colcon.colcon_core.shell:Creating package script '/home/adam/opk/zadanie2/install/vacuum_robot/share/vacuum_robot/package.ps1'
[0.736s] INFO:colcon.colcon_core.shell:Creating package descriptor '/home/adam/opk/zadanie2/install/vacuum_robot/share/vacuum_robot/package.dsv'
[0.737s] INFO:colcon.colcon_core.shell:Creating package script '/home/adam/opk/zadanie2/install/vacuum_robot/share/vacuum_robot/package.sh'
[0.737s] INFO:colcon.colcon_core.shell:Creating package script '/home/adam/opk/zadanie2/install/vacuum_robot/share/vacuum_robot/package.bash'
[0.737s] INFO:colcon.colcon_core.shell:Creating package script '/home/adam/opk/zadanie2/install/vacuum_robot/share/vacuum_robot/package.zsh'
[0.737s] Level 1:colcon.colcon_core.environment:create_file_with_runtime_dependencies(/home/adam/opk/zadanie2/install/vacuum_robot/share/colcon-core/packages/vacuum_robot)
[0.738s] Level 1:colcon.colcon_core.environment:create_environment_scripts_only(vacuum_game)
[0.738s] Level 1:colcon.colcon_core.environment:checking '/home/adam/opk/zadanie2/install/vacuum_game' for CMake module files
[0.739s] DEBUG:colcon.colcon_core.event_handler.log_command:Invoked command in '/home/adam/opk/zadanie2/build/vacuum_game' returned '0': CMAKE_PREFIX_PATH=/home/adam/opk/zadanie2/install/vacuum_msgs:/home/adam/opk/zadanie2/install/vacuum_core:/home/adam/opk/zadanie2/install/vacuum_bringup:/home/adam/opk/zadanie2/install/vacuum_robot:/home/adam/opk/zadanie2/install/vacuum_game:/home/adam/rrm_ws/install/zadanie5_model:/home/adam/rrm_ws/install/zad6ik:/home/adam/rrm_ws/install/zad6fk:/home/adam/rrm_ws/install/zad4:/home/adam/rrm_ws/install/zad1:/home/adam/rrm_ws/install/rrm_simple_robot_model:/home/adam/rrm_ws/install/rrm_sim:/home/adam/rrm_ws/install/rrm_projekt:/home/adam/rrm_ws/install/block1_elias:/home/adam/rrm_ws/install/rrm_msgs:/home/adam/rrm_ws/install/cv1:/home/adam/rrm_ws/install/abb_model:/home/adam/rrm_ws/install/abb_irb4600_ikfast:/opt/ros/humble /usr/bin/cmake --install /home/adam/opk/zadanie2/build/vacuum_game
[0.739s] Level 1:colcon.colcon_core.environment:checking '/home/adam/opk/zadanie2/install/vacuum_game' for CMake config files
[0.740s] Level 1:colcon.colcon_core.shell:create_environment_hook('vacuum_game', 'cmake_prefix_path')
[0.740s] INFO:colcon.colcon_core.shell:Creating environment hook '/home/adam/opk/zadanie2/install/vacuum_game/share/vacuum_game/hook/cmake_prefix_path.ps1'
[0.740s] INFO:colcon.colcon_core.shell:Creating environment descriptor '/home/adam/opk/zadanie2/install/vacuum_game/share/vacuum_game/hook/cmake_prefix_path.dsv'
[0.741s] INFO:colcon.colcon_core.shell:Creating environment hook '/home/adam/opk/zadanie2/install/vacuum_game/share/vacuum_game/hook/cmake_prefix_path.sh'
[0.741s] Level 1:colcon.colcon_core.environment:checking '/home/adam/opk/zadanie2/install/vacuum_game/lib'
[0.741s] Level 1:colcon.colcon_core.environment:checking '/home/adam/opk/zadanie2/install/vacuum_game/bin'
[0.742s] Level 1:colcon.colcon_core.environment:checking '/home/adam/opk/zadanie2/install/vacuum_game/lib/pkgconfig/vacuum_game.pc'
[0.742s] Level 1:colcon.colcon_core.environment:checking '/home/adam/opk/zadanie2/install/vacuum_game/lib/python3.10/site-packages'
[0.742s] Level 1:colcon.colcon_core.environment:checking '/home/adam/opk/zadanie2/install/vacuum_game/bin'
[0.742s] INFO:colcon.colcon_core.shell:Creating package script '/home/adam/opk/zadanie2/install/vacuum_game/share/vacuum_game/package.ps1'
[0.743s] INFO:colcon.colcon_core.shell:Creating package descriptor '/home/adam/opk/zadanie2/install/vacuum_game/share/vacuum_game/package.dsv'
[0.743s] INFO:colcon.colcon_core.shell:Creating package script '/home/adam/opk/zadanie2/install/vacuum_game/share/vacuum_game/package.sh'
[0.744s] INFO:colcon.colcon_core.shell:Creating package script '/home/adam/opk/zadanie2/install/vacuum_game/share/vacuum_game/package.bash'
[0.744s] INFO:colcon.colcon_core.shell:Creating package script '/home/adam/opk/zadanie2/install/vacuum_game/share/vacuum_game/package.zsh'
[0.744s] Level 1:colcon.colcon_core.environment:create_file_with_runtime_dependencies(/home/adam/opk/zadanie2/install/vacuum_game/share/colcon-core/packages/vacuum_game)
[0.745s] Level 1:colcon.colcon_core.environment:create_environment_scripts_only(vacuum_game)
[0.745s] Level 1:colcon.colcon_core.environment:checking '/home/adam/opk/zadanie2/install/vacuum_game' for CMake module files
[0.746s] Level 1:colcon.colcon_core.environment:checking '/home/adam/opk/zadanie2/install/vacuum_game' for CMake config files
[0.746s] Level 1:colcon.colcon_core.shell:create_environment_hook('vacuum_game', 'cmake_prefix_path')
[0.746s] INFO:colcon.colcon_core.shell:Creating environment hook '/home/adam/opk/zadanie2/install/vacuum_game/share/vacuum_game/hook/cmake_prefix_path.ps1'
[0.747s] INFO:colcon.colcon_core.shell:Creating environment descriptor '/home/adam/opk/zadanie2/install/vacuum_game/share/vacuum_game/hook/cmake_prefix_path.dsv'
[0.747s] INFO:colcon.colcon_core.shell:Creating environment hook '/home/adam/opk/zadanie2/install/vacuum_game/share/vacuum_game/hook/cmake_prefix_path.sh'
[0.748s] Level 1:colcon.colcon_core.environment:checking '/home/adam/opk/zadanie2/install/vacuum_game/lib'
[0.748s] Level 1:colcon.colcon_core.environment:checking '/home/adam/opk/zadanie2/install/vacuum_game/bin'
[0.748s] Level 1:colcon.colcon_core.environment:checking '/home/adam/opk/zadanie2/install/vacuum_game/lib/pkgconfig/vacuum_game.pc'
[0.748s] Level 1:colcon.colcon_core.environment:checking '/home/adam/opk/zadanie2/install/vacuum_game/lib/python3.10/site-packages'
[0.748s] Level 1:colcon.colcon_core.environment:checking '/home/adam/opk/zadanie2/install/vacuum_game/bin'
[0.748s] INFO:colcon.colcon_core.shell:Creating package script '/home/adam/opk/zadanie2/install/vacuum_game/share/vacuum_game/package.ps1'
[0.748s] INFO:colcon.colcon_core.shell:Creating package descriptor '/home/adam/opk/zadanie2/install/vacuum_game/share/vacuum_game/package.dsv'
[0.749s] INFO:colcon.colcon_core.shell:Creating package script '/home/adam/opk/zadanie2/install/vacuum_game/share/vacuum_game/package.sh'
[0.749s] INFO:colcon.colcon_core.shell:Creating package script '/home/adam/opk/zadanie2/install/vacuum_game/share/vacuum_game/package.bash'
[0.749s] INFO:colcon.colcon_core.shell:Creating package script '/home/adam/opk/zadanie2/install/vacuum_game/share/vacuum_game/package.zsh'
[0.749s] Level 1:colcon.colcon_core.environment:create_file_with_runtime_dependencies(/home/adam/opk/zadanie2/install/vacuum_game/share/colcon-core/packages/vacuum_game)
[0.750s] INFO:colcon.colcon_ros.task.ament_cmake.build:Building ROS package in '/home/adam/opk/zadanie2/src/vacuum_bringup' with build type 'ament_cmake'
[0.750s] INFO:colcon.colcon_cmake.task.cmake.build:Building CMake package in '/home/adam/opk/zadanie2/src/vacuum_bringup'
[0.750s] INFO:colcon.colcon_core.shell:Skip shell extension 'powershell' for command environment: Not usable outside of PowerShell
[0.750s] DEBUG:colcon.colcon_core.shell:Skip shell extension 'dsv' for command environment
[0.763s] DEBUG:colcon.colcon_core.event_handler.log_command:Invoking command in '/home/adam/opk/zadanie2/build/vacuum_bringup': CMAKE_PREFIX_PATH=/home/adam/opk/zadanie2/install/vacuum_robot:/home/adam/opk/zadanie2/install/vacuum_game:/home/adam/opk/zadanie2/install/vacuum_msgs:/home/adam/opk/zadanie2/install/vacuum_core:/home/adam/opk/zadanie2/install/vacuum_bringup:/home/adam/rrm_ws/install/zadanie5_model:/home/adam/rrm_ws/install/zad6ik:/home/adam/rrm_ws/install/zad6fk:/home/adam/rrm_ws/install/zad4:/home/adam/rrm_ws/install/zad1:/home/adam/rrm_ws/install/rrm_simple_robot_model:/home/adam/rrm_ws/install/rrm_sim:/home/adam/rrm_ws/install/rrm_projekt:/home/adam/rrm_ws/install/block1_elias:/home/adam/rrm_ws/install/rrm_msgs:/home/adam/rrm_ws/install/cv1:/home/adam/rrm_ws/install/abb_model:/home/adam/rrm_ws/install/abb_irb4600_ikfast:/opt/ros/humble /usr/bin/cmake --build /home/adam/opk/zadanie2/build/vacuum_bringup -- -j12 -l12
[0.792s] DEBUG:colcon.colcon_core.event_handler.log_command:Invoked command in '/home/adam/opk/zadanie2/build/vacuum_bringup' returned '0': CMAKE_PREFIX_PATH=/home/adam/opk/zadanie2/install/vacuum_robot:/home/adam/opk/zadanie2/install/vacuum_game:/home/adam/opk/zadanie2/install/vacuum_msgs:/home/adam/opk/zadanie2/install/vacuum_core:/home/adam/opk/zadanie2/install/vacuum_bringup:/home/adam/rrm_ws/install/zadanie5_model:/home/adam/rrm_ws/install/zad6ik:/home/adam/rrm_ws/install/zad6fk:/home/adam/rrm_ws/install/zad4:/home/adam/rrm_ws/install/zad1:/home/adam/rrm_ws/install/rrm_simple_robot_model:/home/adam/rrm_ws/install/rrm_sim:/home/adam/rrm_ws/install/rrm_projekt:/home/adam/rrm_ws/install/block1_elias:/home/adam/rrm_ws/install/rrm_msgs:/home/adam/rrm_ws/install/cv1:/home/adam/rrm_ws/install/abb_model:/home/adam/rrm_ws/install/abb_irb4600_ikfast:/opt/ros/humble /usr/bin/cmake --build /home/adam/opk/zadanie2/build/vacuum_bringup -- -j12 -l12
[0.794s] DEBUG:colcon.colcon_core.event_handler.log_command:Invoking command in '/home/adam/opk/zadanie2/build/vacuum_bringup': CMAKE_PREFIX_PATH=/home/adam/opk/zadanie2/install/vacuum_robot:/home/adam/opk/zadanie2/install/vacuum_game:/home/adam/opk/zadanie2/install/vacuum_msgs:/home/adam/opk/zadanie2/install/vacuum_core:/home/adam/opk/zadanie2/install/vacuum_bringup:/home/adam/rrm_ws/install/zadanie5_model:/home/adam/rrm_ws/install/zad6ik:/home/adam/rrm_ws/install/zad6fk:/home/adam/rrm_ws/install/zad4:/home/adam/rrm_ws/install/zad1:/home/adam/rrm_ws/install/rrm_simple_robot_model:/home/adam/rrm_ws/install/rrm_sim:/home/adam/rrm_ws/install/rrm_projekt:/home/adam/rrm_ws/install/block1_elias:/home/adam/rrm_ws/install/rrm_msgs:/home/adam/rrm_ws/install/cv1:/home/adam/rrm_ws/install/abb_model:/home/adam/rrm_ws/install/abb_irb4600_ikfast:/opt/ros/humble /usr/bin/cmake --install /home/adam/opk/zadanie2/build/vacuum_bringup
[0.813s] Level 1:colcon.colcon_core.environment:create_environment_scripts_only(vacuum_bringup)
[0.813s] DEBUG:colcon.colcon_core.event_handler.log_command:Invoked command in '/home/adam/opk/zadanie2/build/vacuum_bringup' returned '0': CMAKE_PREFIX_PATH=/home/adam/opk/zadanie2/install/vacuum_robot:/home/adam/opk/zadanie2/install/vacuum_game:/home/adam/opk/zadanie2/install/vacuum_msgs:/home/adam/opk/zadanie2/install/vacuum_core:/home/adam/opk/zadanie2/install/vacuum_bringup:/home/adam/rrm_ws/install/zadanie5_model:/home/adam/rrm_ws/install/zad6ik:/home/adam/rrm_ws/install/zad6fk:/home/adam/rrm_ws/install/zad4:/home/adam/rrm_ws/install/zad1:/home/adam/rrm_ws/install/rrm_simple_robot_model:/home/adam/rrm_ws/install/rrm_sim:/home/adam/rrm_ws/install/rrm_projekt:/home/adam/rrm_ws/install/block1_elias:/home/adam/rrm_ws/install/rrm_msgs:/home/adam/rrm_ws/install/cv1:/home/adam/rrm_ws/install/abb_model:/home/adam/rrm_ws/install/abb_irb4600_ikfast:/opt/ros/humble /usr/bin/cmake --install /home/adam/opk/zadanie2/build/vacuum_bringup
[0.814s] Level 1:colcon.colcon_core.environment:checking '/home/adam/opk/zadanie2/install/vacuum_bringup' for CMake module files
[0.814s] Level 1:colcon.colcon_core.environment:checking '/home/adam/opk/zadanie2/install/vacuum_bringup' for CMake config files
[0.814s] Level 1:colcon.colcon_core.shell:create_environment_hook('vacuum_bringup', 'cmake_prefix_path')
[0.814s] INFO:colcon.colcon_core.shell:Creating environment hook '/home/adam/opk/zadanie2/install/vacuum_bringup/share/vacuum_bringup/hook/cmake_prefix_path.ps1'
[0.815s] INFO:colcon.colcon_core.shell:Creating environment descriptor '/home/adam/opk/zadanie2/install/vacuum_bringup/share/vacuum_bringup/hook/cmake_prefix_path.dsv'
[0.815s] INFO:colcon.colcon_core.shell:Creating environment hook '/home/adam/opk/zadanie2/install/vacuum_bringup/share/vacuum_bringup/hook/cmake_prefix_path.sh'
[0.815s] Level 1:colcon.colcon_core.environment:checking '/home/adam/opk/zadanie2/install/vacuum_bringup/bin'
[0.815s] Level 1:colcon.colcon_core.environment:checking '/home/adam/opk/zadanie2/install/vacuum_bringup/lib/pkgconfig/vacuum_bringup.pc'
[0.815s] Level 1:colcon.colcon_core.environment:checking '/home/adam/opk/zadanie2/install/vacuum_bringup/lib/python3.10/site-packages'
[0.816s] Level 1:colcon.colcon_core.environment:checking '/home/adam/opk/zadanie2/install/vacuum_bringup/bin'
[0.816s] INFO:colcon.colcon_core.shell:Creating package script '/home/adam/opk/zadanie2/install/vacuum_bringup/share/vacuum_bringup/package.ps1'
[0.816s] INFO:colcon.colcon_core.shell:Creating package descriptor '/home/adam/opk/zadanie2/install/vacuum_bringup/share/vacuum_bringup/package.dsv'
[0.816s] INFO:colcon.colcon_core.shell:Creating package script '/home/adam/opk/zadanie2/install/vacuum_bringup/share/vacuum_bringup/package.sh'
[0.816s] INFO:colcon.colcon_core.shell:Creating package script '/home/adam/opk/zadanie2/install/vacuum_bringup/share/vacuum_bringup/package.bash'
[0.816s] INFO:colcon.colcon_core.shell:Creating package script '/home/adam/opk/zadanie2/install/vacuum_bringup/share/vacuum_bringup/package.zsh'
[0.817s] Level 1:colcon.colcon_core.environment:create_file_with_runtime_dependencies(/home/adam/opk/zadanie2/install/vacuum_bringup/share/colcon-core/packages/vacuum_bringup)
[0.817s] Level 1:colcon.colcon_core.environment:create_environment_scripts_only(vacuum_bringup)
[0.817s] Level 1:colcon.colcon_core.environment:checking '/home/adam/opk/zadanie2/install/vacuum_bringup' for CMake module files
[0.817s] Level 1:colcon.colcon_core.environment:checking '/home/adam/opk/zadanie2/install/vacuum_bringup' for CMake config files
[0.817s] Level 1:colcon.colcon_core.shell:create_environment_hook('vacuum_bringup', 'cmake_prefix_path')
[0.817s] INFO:colcon.colcon_core.shell:Creating environment hook '/home/adam/opk/zadanie2/install/vacuum_bringup/share/vacuum_bringup/hook/cmake_prefix_path.ps1'
[0.822s] INFO:colcon.colcon_core.shell:Creating environment descriptor '/home/adam/opk/zadanie2/install/vacuum_bringup/share/vacuum_bringup/hook/cmake_prefix_path.dsv'
[0.822s] INFO:colcon.colcon_core.shell:Creating environment hook '/home/adam/opk/zadanie2/install/vacuum_bringup/share/vacuum_bringup/hook/cmake_prefix_path.sh'
[0.823s] Level 1:colcon.colcon_core.environment:checking '/home/adam/opk/zadanie2/install/vacuum_bringup/bin'
[0.823s] Level 1:colcon.colcon_core.environment:checking '/home/adam/opk/zadanie2/install/vacuum_bringup/lib/pkgconfig/vacuum_bringup.pc'
[0.823s] Level 1:colcon.colcon_core.environment:checking '/home/adam/opk/zadanie2/install/vacuum_bringup/lib/python3.10/site-packages'
[0.823s] Level 1:colcon.colcon_core.environment:checking '/home/adam/opk/zadanie2/install/vacuum_bringup/bin'
[0.823s] INFO:colcon.colcon_core.shell:Creating package script '/home/adam/opk/zadanie2/install/vacuum_bringup/share/vacuum_bringup/package.ps1'
[0.823s] INFO:colcon.colcon_core.shell:Creating package descriptor '/home/adam/opk/zadanie2/install/vacuum_bringup/share/vacuum_bringup/package.dsv'
[0.824s] INFO:colcon.colcon_core.shell:Creating package script '/home/adam/opk/zadanie2/install/vacuum_bringup/share/vacuum_bringup/package.sh'
[0.824s] INFO:colcon.colcon_core.shell:Creating package script '/home/adam/opk/zadanie2/install/vacuum_bringup/share/vacuum_bringup/package.bash'
[0.824s] INFO:colcon.colcon_core.shell:Creating package script '/home/adam/opk/zadanie2/install/vacuum_bringup/share/vacuum_bringup/package.zsh'
[0.824s] Level 1:colcon.colcon_core.environment:create_file_with_runtime_dependencies(/home/adam/opk/zadanie2/install/vacuum_bringup/share/colcon-core/packages/vacuum_bringup)
[0.824s] DEBUG:colcon.colcon_parallel_executor.executor.parallel:closing loop
[0.824s] DEBUG:colcon.colcon_parallel_executor.executor.parallel:loop closed
[0.824s] DEBUG:colcon.colcon_parallel_executor.executor.parallel:run_until_complete finished with '0'
[0.824s] DEBUG:colcon.colcon_core.event_reactor:joining thread
[0.830s] INFO:colcon.colcon_core.plugin_system:Skipping extension 'colcon_notification.desktop_notification.terminal_notifier': Not used on non-Darwin systems
[0.830s] INFO:colcon.colcon_core.plugin_system:Skipping extension 'colcon_notification.desktop_notification.win32': Not used on non-Windows systems
[0.830s] INFO:colcon.colcon_notification.desktop_notification:Sending desktop notification using 'notify2'
[0.844s] DEBUG:colcon.colcon_core.event_reactor:joined thread
[0.845s] INFO:colcon.colcon_core.shell:Creating prefix script '/home/adam/opk/zadanie2/install/local_setup.ps1'
[0.845s] INFO:colcon.colcon_core.shell:Creating prefix util module '/home/adam/opk/zadanie2/install/_local_setup_util_ps1.py'
[0.846s] INFO:colcon.colcon_core.shell:Creating prefix chain script '/home/adam/opk/zadanie2/install/setup.ps1'
[0.847s] INFO:colcon.colcon_core.shell:Creating prefix script '/home/adam/opk/zadanie2/install/local_setup.sh'
[0.848s] INFO:colcon.colcon_core.shell:Creating prefix util module '/home/adam/opk/zadanie2/install/_local_setup_util_sh.py'
[0.848s] INFO:colcon.colcon_core.shell:Creating prefix chain script '/home/adam/opk/zadanie2/install/setup.sh'
[0.849s] INFO:colcon.colcon_core.shell:Creating prefix script '/home/adam/opk/zadanie2/install/local_setup.bash'
[0.849s] INFO:colcon.colcon_core.shell:Creating prefix chain script '/home/adam/opk/zadanie2/install/setup.bash'
[0.850s] INFO:colcon.colcon_core.shell:Creating prefix script '/home/adam/opk/zadanie2/install/local_setup.zsh'
[0.850s] INFO:colcon.colcon_core.shell:Creating prefix chain script '/home/adam/opk/zadanie2/install/setup.zsh'
