[0.010s] Invoking command in '/home/adam/opk/zadanie2/build/core': CMAKE_PREFIX_PATH=${CMAKE_PREFIX_PATH}:/opt/ros/humble /usr/bin/cmake /home/adam/opk/zadanie2/src/core -DAMENT_CMAKE_SYMLINK_INSTALL=1 -DCMAKE_INSTALL_PREFIX=/home/adam/opk/zadanie2/install/core
[0.019s] -- Found ament_cmake: 1.3.13 (/opt/ros/humble/share/ament_cmake/cmake)
[0.110s] -- Override CMake install command with custom implementation using symlinks instead of copying resources
[0.174s] -- Found ament_cmake_gtest: 1.3.13 (/opt/ros/humble/share/ament_cmake_gtest/cmake)
[0.174s] -- Found gtest sources under '/opt/ros/humble/src/gtest_vendor': C++ tests using 'Google Test' will be built
[0.224s] -- Configuring done
[0.237s] -- Generating done
[0.241s] -- Build files have been written to: /home/adam/opk/zadanie2/build/core
[0.243s] Invoked command in '/home/adam/opk/zadanie2/build/core' returned '0': CMAKE_PREFIX_PATH=${CMAKE_PREFIX_PATH}:/opt/ros/humble /usr/bin/cmake /home/adam/opk/zadanie2/src/core -DAMENT_CMAKE_SYMLINK_INSTALL=1 -DCMAKE_INSTALL_PREFIX=/home/adam/opk/zadanie2/install/core
[0.245s] Invoking command in '/home/adam/opk/zadanie2/build/core': CMAKE_PREFIX_PATH=${CMAKE_PREFIX_PATH}:/opt/ros/humble /usr/bin/cmake --build /home/adam/opk/zadanie2/build/core -- -j12 -l12
[0.280s] [35m[1mConsolidate compiler generated dependencies of target core[0m
[0.280s] [35m[1mConsolidate compiler generated dependencies of target gtest_main[0m
[0.280s] [35m[1mConsolidate compiler generated dependencies of target gtest[0m
[0.292s] [  9%] Built target gtest
[0.293s] [ 19%] Built target gtest_main
[0.294s] [ 61%] Built target core
[0.304s] [35m[1mConsolidate compiler generated dependencies of target test_config_loader[0m
[0.305s] [35m[1mConsolidate compiler generated dependencies of target test_world_manager[0m
[0.305s] [35m[1mConsolidate compiler generated dependencies of target test_trash_factory[0m
[0.305s] [35m[1mConsolidate compiler generated dependencies of target test_bot_controller[0m
[0.315s] [ 71%] Built target test_config_loader
[0.318s] [ 80%] Built target test_world_manager
[0.319s] [100%] Built target test_bot_controller
[0.319s] [100%] Built target test_trash_factory
[0.332s] Invoked command in '/home/adam/opk/zadanie2/build/core' returned '0': CMAKE_PREFIX_PATH=${CMAKE_PREFIX_PATH}:/opt/ros/humble /usr/bin/cmake --build /home/adam/opk/zadanie2/build/core -- -j12 -l12
[0.341s] Invoking command in '/home/adam/opk/zadanie2/build/core': CMAKE_PREFIX_PATH=${CMAKE_PREFIX_PATH}:/opt/ros/humble /usr/bin/cmake --install /home/adam/opk/zadanie2/build/core
[0.349s] -- Install configuration: ""
[0.349s] -- Execute custom install script
[0.349s] -- Symlinking: /home/adam/opk/zadanie2/install/core/include/core/config/ConfigLoader.h
[0.357s] -- Symlinking: /home/adam/opk/zadanie2/install/core/include/core/config/GameConfig.h
[0.364s] -- Symlinking: /home/adam/opk/zadanie2/install/core/include/core/environment/Environment.h
[0.371s] -- Symlinking: /home/adam/opk/zadanie2/install/core/include/core/game/BotController.h
[0.377s] -- Symlinking: /home/adam/opk/zadanie2/install/core/include/core/game/GameLogic.h
[0.384s] -- Symlinking: /home/adam/opk/zadanie2/install/core/include/core/lidar/Lidar.h
[0.390s] -- Symlinking: /home/adam/opk/zadanie2/install/core/include/core/robot/Robot.h
[0.398s] -- Symlinking: /home/adam/opk/zadanie2/install/core/include/core/types/Geometry.h
[0.407s] -- Symlinking: /home/adam/opk/zadanie2/install/core/include/core/util/Exception.h
[0.414s] -- Symlinking: /home/adam/opk/zadanie2/install/core/include/core/world/Collectible.h
[0.423s] -- Symlinking: /home/adam/opk/zadanie2/install/core/include/core/world/Obstacle.h
[0.432s] -- Symlinking: /home/adam/opk/zadanie2/install/core/include/core/world/Station.h
[0.441s] -- Symlinking: /home/adam/opk/zadanie2/install/core/include/core/world/TrashFactory.h
[0.447s] -- Symlinking: /home/adam/opk/zadanie2/install/core/include/core/world/WorldManager.h
[0.455s] -- Symlinking: /home/adam/opk/zadanie2/install/core/include/core/world/WorldObject.h
[0.464s] -- Symlinking: /home/adam/opk/zadanie2/install/core/share/core/environment/library_path.sh
[0.471s] -- Symlinking: /home/adam/opk/zadanie2/install/core/share/core/environment/library_path.dsv
[0.479s] -- Symlinking: /home/adam/opk/zadanie2/install/core/share/ament_index/resource_index/package_run_dependencies/core
[0.487s] -- Symlinking: /home/adam/opk/zadanie2/install/core/share/ament_index/resource_index/parent_prefix_path/core
[0.495s] -- Symlinking: /home/adam/opk/zadanie2/install/core/share/core/environment/ament_prefix_path.sh
[0.503s] -- Symlinking: /home/adam/opk/zadanie2/install/core/share/core/environment/ament_prefix_path.dsv
[0.510s] -- Symlinking: /home/adam/opk/zadanie2/install/core/share/core/environment/path.sh
[0.517s] -- Symlinking: /home/adam/opk/zadanie2/install/core/share/core/environment/path.dsv
[0.523s] -- Symlinking: /home/adam/opk/zadanie2/install/core/share/core/local_setup.bash
[0.530s] -- Symlinking: /home/adam/opk/zadanie2/install/core/share/core/local_setup.sh
[0.537s] -- Symlinking: /home/adam/opk/zadanie2/install/core/share/core/local_setup.zsh
[0.546s] -- Symlinking: /home/adam/opk/zadanie2/install/core/share/core/local_setup.dsv
[0.555s] -- Symlinking: /home/adam/opk/zadanie2/install/core/share/core/package.dsv
[0.562s] -- Symlinking: /home/adam/opk/zadanie2/install/core/share/ament_index/resource_index/packages/core
[0.571s] -- Symlinking: /home/adam/opk/zadanie2/install/core/share/core/cmake/ament_cmake_export_include_directories-extras.cmake
[0.579s] -- Symlinking: /home/adam/opk/zadanie2/install/core/share/core/cmake/ament_cmake_export_libraries-extras.cmake
[0.589s] -- Symlinking: /home/adam/opk/zadanie2/install/core/share/core/cmake/ament_cmake_export_targets-extras.cmake
[0.596s] -- Symlinking: /home/adam/opk/zadanie2/install/core/share/core/cmake/ament_cmake_export_dependencies-extras.cmake
[0.602s] -- Symlinking: /home/adam/opk/zadanie2/install/core/share/core/cmake/coreConfig.cmake
[0.610s] -- Symlinking: /home/adam/opk/zadanie2/install/core/share/core/cmake/coreConfig-version.cmake
[0.618s] -- Symlinking: /home/adam/opk/zadanie2/install/core/share/core/package.xml
[0.625s] -- Up-to-date: /home/adam/opk/zadanie2/install/core/lib/libcore.so
[0.625s] -- Up-to-date: /home/adam/opk/zadanie2/install/core/share/core/cmake/export_coreExport.cmake
[0.625s] -- Up-to-date: /home/adam/opk/zadanie2/install/core/share/core/cmake/export_coreExport-noconfig.cmake
[0.627s] Invoked command in '/home/adam/opk/zadanie2/build/core' returned '0': CMAKE_PREFIX_PATH=${CMAKE_PREFIX_PATH}:/opt/ros/humble /usr/bin/cmake --install /home/adam/opk/zadanie2/build/core
