[0.011s] Invoking command in '/home/adam/opk/zadanie2/build/vacuum_bringup': AMENT_PREFIX_PATH=/home/adam/opk/zadanie2/install/vacuum_robot:/home/adam/opk/zadanie2/install/vacuum_game:/home/adam/opk/zadanie2/install/vacuum_msgs:/home/adam/opk/zadanie2/install/vacuum_core:${AMENT_PREFIX_PATH} CMAKE_PREFIX_PATH=/home/adam/opk/zadanie2/install/vacuum_robot:/home/adam/opk/zadanie2/install/vacuum_game:/home/adam/opk/zadanie2/install/vacuum_msgs:/home/adam/opk/zadanie2/install/vacuum_core:/home/adam/rrm_ws/install/zadanie5_model:/home/adam/rrm_ws/install/zad6ik:/home/adam/rrm_ws/install/zad6fk:/home/adam/rrm_ws/install/zad4:/home/adam/rrm_ws/install/zad1:/home/adam/rrm_ws/install/rrm_simple_robot_model:/home/adam/rrm_ws/install/rrm_sim:/home/adam/rrm_ws/install/block1_elias:/home/adam/rrm_ws/install/rrm_msgs:/home/adam/rrm_ws/install/cv1:/opt/ros/humble LD_LIBRARY_PATH=/home/adam/opk/zadanie2/install/vacuum_msgs/lib:/home/adam/opk/zadanie2/install/vacuum_core/lib:${LD_LIBRARY_PATH} PYTHONPATH=/home/adam/opk/zadanie2/install/vacuum_msgs/local/lib/python3.10/dist-packages:${PYTHONPATH} /usr/bin/cmake /home/adam/opk/zadanie2/src/vacuum_bringup -DCMAKE_INSTALL_PREFIX=/home/adam/opk/zadanie2/install/vacuum_bringup
[0.046s] -- The C compiler identification is GNU 11.4.0
[0.081s] -- The CXX compiler identification is GNU 11.4.0
[0.086s] -- Detecting C compiler ABI info
[0.134s] -- Detecting C compiler ABI info - done
[0.140s] -- Check for working C compiler: /usr/bin/cc - skipped
[0.140s] -- Detecting C compile features
[0.140s] -- Detecting C compile features - done
[0.142s] -- Detecting CXX compiler ABI info
[0.194s] -- Detecting CXX compiler ABI info - done
[0.198s] -- Check for working CXX compiler: /usr/bin/c++ - skipped
[0.198s] -- Detecting CXX compile features
[0.198s] -- Detecting CXX compile features - done
[0.200s] -- Found ament_cmake: 1.3.13 (/opt/ros/humble/share/ament_cmake/cmake)
[0.292s] -- Found Python3: /usr/bin/python3 (found version "3.10.12") found components: Interpreter 
[0.399s] -- Configuring done
[0.401s] -- Generating done
[0.401s] -- Build files have been written to: /home/adam/opk/zadanie2/build/vacuum_bringup
[0.405s] Invoked command in '/home/adam/opk/zadanie2/build/vacuum_bringup' returned '0': AMENT_PREFIX_PATH=/home/adam/opk/zadanie2/install/vacuum_robot:/home/adam/opk/zadanie2/install/vacuum_game:/home/adam/opk/zadanie2/install/vacuum_msgs:/home/adam/opk/zadanie2/install/vacuum_core:${AMENT_PREFIX_PATH} CMAKE_PREFIX_PATH=/home/adam/opk/zadanie2/install/vacuum_robot:/home/adam/opk/zadanie2/install/vacuum_game:/home/adam/opk/zadanie2/install/vacuum_msgs:/home/adam/opk/zadanie2/install/vacuum_core:/home/adam/rrm_ws/install/zadanie5_model:/home/adam/rrm_ws/install/zad6ik:/home/adam/rrm_ws/install/zad6fk:/home/adam/rrm_ws/install/zad4:/home/adam/rrm_ws/install/zad1:/home/adam/rrm_ws/install/rrm_simple_robot_model:/home/adam/rrm_ws/install/rrm_sim:/home/adam/rrm_ws/install/block1_elias:/home/adam/rrm_ws/install/rrm_msgs:/home/adam/rrm_ws/install/cv1:/opt/ros/humble LD_LIBRARY_PATH=/home/adam/opk/zadanie2/install/vacuum_msgs/lib:/home/adam/opk/zadanie2/install/vacuum_core/lib:${LD_LIBRARY_PATH} PYTHONPATH=/home/adam/opk/zadanie2/install/vacuum_msgs/local/lib/python3.10/dist-packages:${PYTHONPATH} /usr/bin/cmake /home/adam/opk/zadanie2/src/vacuum_bringup -DCMAKE_INSTALL_PREFIX=/home/adam/opk/zadanie2/install/vacuum_bringup
[0.405s] Invoking command in '/home/adam/opk/zadanie2/build/vacuum_bringup': AMENT_PREFIX_PATH=/home/adam/opk/zadanie2/install/vacuum_robot:/home/adam/opk/zadanie2/install/vacuum_game:/home/adam/opk/zadanie2/install/vacuum_msgs:/home/adam/opk/zadanie2/install/vacuum_core:${AMENT_PREFIX_PATH} CMAKE_PREFIX_PATH=/home/adam/opk/zadanie2/install/vacuum_robot:/home/adam/opk/zadanie2/install/vacuum_game:/home/adam/opk/zadanie2/install/vacuum_msgs:/home/adam/opk/zadanie2/install/vacuum_core:/home/adam/rrm_ws/install/zadanie5_model:/home/adam/rrm_ws/install/zad6ik:/home/adam/rrm_ws/install/zad6fk:/home/adam/rrm_ws/install/zad4:/home/adam/rrm_ws/install/zad1:/home/adam/rrm_ws/install/rrm_simple_robot_model:/home/adam/rrm_ws/install/rrm_sim:/home/adam/rrm_ws/install/block1_elias:/home/adam/rrm_ws/install/rrm_msgs:/home/adam/rrm_ws/install/cv1:/opt/ros/humble LD_LIBRARY_PATH=/home/adam/opk/zadanie2/install/vacuum_msgs/lib:/home/adam/opk/zadanie2/install/vacuum_core/lib:${LD_LIBRARY_PATH} PYTHONPATH=/home/adam/opk/zadanie2/install/vacuum_msgs/local/lib/python3.10/dist-packages:${PYTHONPATH} /usr/bin/cmake --build /home/adam/opk/zadanie2/build/vacuum_bringup -- -j12 -l12
[0.434s] Invoked command in '/home/adam/opk/zadanie2/build/vacuum_bringup' returned '0': AMENT_PREFIX_PATH=/home/adam/opk/zadanie2/install/vacuum_robot:/home/adam/opk/zadanie2/install/vacuum_game:/home/adam/opk/zadanie2/install/vacuum_msgs:/home/adam/opk/zadanie2/install/vacuum_core:${AMENT_PREFIX_PATH} CMAKE_PREFIX_PATH=/home/adam/opk/zadanie2/install/vacuum_robot:/home/adam/opk/zadanie2/install/vacuum_game:/home/adam/opk/zadanie2/install/vacuum_msgs:/home/adam/opk/zadanie2/install/vacuum_core:/home/adam/rrm_ws/install/zadanie5_model:/home/adam/rrm_ws/install/zad6ik:/home/adam/rrm_ws/install/zad6fk:/home/adam/rrm_ws/install/zad4:/home/adam/rrm_ws/install/zad1:/home/adam/rrm_ws/install/rrm_simple_robot_model:/home/adam/rrm_ws/install/rrm_sim:/home/adam/rrm_ws/install/block1_elias:/home/adam/rrm_ws/install/rrm_msgs:/home/adam/rrm_ws/install/cv1:/opt/ros/humble LD_LIBRARY_PATH=/home/adam/opk/zadanie2/install/vacuum_msgs/lib:/home/adam/opk/zadanie2/install/vacuum_core/lib:${LD_LIBRARY_PATH} PYTHONPATH=/home/adam/opk/zadanie2/install/vacuum_msgs/local/lib/python3.10/dist-packages:${PYTHONPATH} /usr/bin/cmake --build /home/adam/opk/zadanie2/build/vacuum_bringup -- -j12 -l12
[0.434s] Invoking command in '/home/adam/opk/zadanie2/build/vacuum_bringup': AMENT_PREFIX_PATH=/home/adam/opk/zadanie2/install/vacuum_robot:/home/adam/opk/zadanie2/install/vacuum_game:/home/adam/opk/zadanie2/install/vacuum_msgs:/home/adam/opk/zadanie2/install/vacuum_core:${AMENT_PREFIX_PATH} CMAKE_PREFIX_PATH=/home/adam/opk/zadanie2/install/vacuum_robot:/home/adam/opk/zadanie2/install/vacuum_game:/home/adam/opk/zadanie2/install/vacuum_msgs:/home/adam/opk/zadanie2/install/vacuum_core:/home/adam/rrm_ws/install/zadanie5_model:/home/adam/rrm_ws/install/zad6ik:/home/adam/rrm_ws/install/zad6fk:/home/adam/rrm_ws/install/zad4:/home/adam/rrm_ws/install/zad1:/home/adam/rrm_ws/install/rrm_simple_robot_model:/home/adam/rrm_ws/install/rrm_sim:/home/adam/rrm_ws/install/block1_elias:/home/adam/rrm_ws/install/rrm_msgs:/home/adam/rrm_ws/install/cv1:/opt/ros/humble LD_LIBRARY_PATH=/home/adam/opk/zadanie2/install/vacuum_msgs/lib:/home/adam/opk/zadanie2/install/vacuum_core/lib:${LD_LIBRARY_PATH} PYTHONPATH=/home/adam/opk/zadanie2/install/vacuum_msgs/local/lib/python3.10/dist-packages:${PYTHONPATH} /usr/bin/cmake --install /home/adam/opk/zadanie2/build/vacuum_bringup
[0.440s] -- Install configuration: ""
[0.440s] -- Installing: /home/adam/opk/zadanie2/install/vacuum_bringup/share/vacuum_bringup/launch
[0.440s] -- Installing: /home/adam/opk/zadanie2/install/vacuum_bringup/share/vacuum_bringup/launch/duel.launch.py
[0.440s] -- Installing: /home/adam/opk/zadanie2/install/vacuum_bringup/share/vacuum_bringup/config
[0.440s] -- Installing: /home/adam/opk/zadanie2/install/vacuum_bringup/share/vacuum_bringup/config/game_config.yaml
[0.440s] -- Installing: /home/adam/opk/zadanie2/install/vacuum_bringup/share/vacuum_bringup/config/vacuum.rviz
[0.440s] -- Installing: /home/adam/opk/zadanie2/install/vacuum_bringup/share/vacuum_bringup/maps
[0.440s] -- Installing: /home/adam/opk/zadanie2/install/vacuum_bringup/share/vacuum_bringup/maps/opk-map.png
[0.441s] -- Installing: /home/adam/opk/zadanie2/install/vacuum_bringup/share/ament_index/resource_index/package_run_dependencies/vacuum_bringup
[0.441s] -- Installing: /home/adam/opk/zadanie2/install/vacuum_bringup/share/ament_index/resource_index/parent_prefix_path/vacuum_bringup
[0.441s] -- Installing: /home/adam/opk/zadanie2/install/vacuum_bringup/share/vacuum_bringup/environment/ament_prefix_path.sh
[0.441s] -- Installing: /home/adam/opk/zadanie2/install/vacuum_bringup/share/vacuum_bringup/environment/ament_prefix_path.dsv
[0.441s] -- Installing: /home/adam/opk/zadanie2/install/vacuum_bringup/share/vacuum_bringup/environment/path.sh
[0.441s] -- Installing: /home/adam/opk/zadanie2/install/vacuum_bringup/share/vacuum_bringup/environment/path.dsv
[0.441s] -- Installing: /home/adam/opk/zadanie2/install/vacuum_bringup/share/vacuum_bringup/local_setup.bash
[0.441s] -- Installing: /home/adam/opk/zadanie2/install/vacuum_bringup/share/vacuum_bringup/local_setup.sh
[0.441s] -- Installing: /home/adam/opk/zadanie2/install/vacuum_bringup/share/vacuum_bringup/local_setup.zsh
[0.441s] -- Installing: /home/adam/opk/zadanie2/install/vacuum_bringup/share/vacuum_bringup/local_setup.dsv
[0.441s] -- Installing: /home/adam/opk/zadanie2/install/vacuum_bringup/share/vacuum_bringup/package.dsv
[0.441s] -- Installing: /home/adam/opk/zadanie2/install/vacuum_bringup/share/ament_index/resource_index/packages/vacuum_bringup
[0.441s] -- Installing: /home/adam/opk/zadanie2/install/vacuum_bringup/share/vacuum_bringup/cmake/vacuum_bringupConfig.cmake
[0.441s] -- Installing: /home/adam/opk/zadanie2/install/vacuum_bringup/share/vacuum_bringup/cmake/vacuum_bringupConfig-version.cmake
[0.442s] -- Installing: /home/adam/opk/zadanie2/install/vacuum_bringup/share/vacuum_bringup/package.xml
[0.443s] Invoked command in '/home/adam/opk/zadanie2/build/vacuum_bringup' returned '0': AMENT_PREFIX_PATH=/home/adam/opk/zadanie2/install/vacuum_robot:/home/adam/opk/zadanie2/install/vacuum_game:/home/adam/opk/zadanie2/install/vacuum_msgs:/home/adam/opk/zadanie2/install/vacuum_core:${AMENT_PREFIX_PATH} CMAKE_PREFIX_PATH=/home/adam/opk/zadanie2/install/vacuum_robot:/home/adam/opk/zadanie2/install/vacuum_game:/home/adam/opk/zadanie2/install/vacuum_msgs:/home/adam/opk/zadanie2/install/vacuum_core:/home/adam/rrm_ws/install/zadanie5_model:/home/adam/rrm_ws/install/zad6ik:/home/adam/rrm_ws/install/zad6fk:/home/adam/rrm_ws/install/zad4:/home/adam/rrm_ws/install/zad1:/home/adam/rrm_ws/install/rrm_simple_robot_model:/home/adam/rrm_ws/install/rrm_sim:/home/adam/rrm_ws/install/block1_elias:/home/adam/rrm_ws/install/rrm_msgs:/home/adam/rrm_ws/install/cv1:/opt/ros/humble LD_LIBRARY_PATH=/home/adam/opk/zadanie2/install/vacuum_msgs/lib:/home/adam/opk/zadanie2/install/vacuum_core/lib:${LD_LIBRARY_PATH} PYTHONPATH=/home/adam/opk/zadanie2/install/vacuum_msgs/local/lib/python3.10/dist-packages:${PYTHONPATH} /usr/bin/cmake --install /home/adam/opk/zadanie2/build/vacuum_bringup
