-- Install configuration: ""
-- Up-to-date: /home/adam/opk/zadanie2/install/bringup/share/bringup/launch
-- Up-to-date: /home/adam/opk/zadanie2/install/bringup/share/bringup/launch/duel.launch.py
-- Installing: /home/adam/opk/zadanie2/install/bringup/share/bringup/launch/pvp.launch.py
-- Up-to-date: /home/adam/opk/zadanie2/install/bringup/share/bringup/config
-- Installing: /home/adam/opk/zadanie2/install/bringup/share/bringup/config/game_config.yaml
-- Up-to-date: /home/adam/opk/zadanie2/install/bringup/share/bringup/config/vacuum.rviz
-- Up-to-date: /home/adam/opk/zadanie2/install/bringup/share/bringup/maps
-- Up-to-date: /home/adam/opk/zadanie2/install/bringup/share/bringup/maps/opk-map.png
-- Up-to-date: /home/adam/opk/zadanie2/install/bringup/share/ament_index/resource_index/package_run_dependencies/bringup
-- Up-to-date: /home/adam/opk/zadanie2/install/bringup/share/ament_index/resource_index/parent_prefix_path/bringup
-- Up-to-date: /home/adam/opk/zadanie2/install/bringup/share/bringup/environment/ament_prefix_path.sh
-- Up-to-date: /home/adam/opk/zadanie2/install/bringup/share/bringup/environment/ament_prefix_path.dsv
-- Up-to-date: /home/adam/opk/zadanie2/install/bringup/share/bringup/environment/path.sh
-- Up-to-date: /home/adam/opk/zadanie2/install/bringup/share/bringup/environment/path.dsv
-- Up-to-date: /home/adam/opk/zadanie2/install/bringup/share/bringup/local_setup.bash
-- Up-to-date: /home/adam/opk/zadanie2/install/bringup/share/bringup/local_setup.sh
-- Up-to-date: /home/adam/opk/zadanie2/install/bringup/share/bringup/local_setup.zsh
-- Up-to-date: /home/adam/opk/zadanie2/install/bringup/share/bringup/local_setup.dsv
-- Up-to-date: /home/adam/opk/zadanie2/install/bringup/share/bringup/package.dsv
-- Up-to-date: /home/adam/opk/zadanie2/install/bringup/share/ament_index/resource_index/packages/bringup
-- Up-to-date: /home/adam/opk/zadanie2/install/bringup/share/bringup/cmake/bringupConfig.cmake
-- Up-to-date: /home/adam/opk/zadanie2/install/bringup/share/bringup/cmake/bringupConfig-version.cmake
-- Up-to-date: /home/adam/opk/zadanie2/install/bringup/share/bringup/package.xml
