-- Found ament_cmake: 1.3.13 (/opt/ros/humble/share/ament_cmake/cmake)
-- Override CMake install command with custom implementation using symlinks instead of copying resources
-- Found rclcpp: 16.0.18 (/opt/ros/humble/share/rclcpp/cmake)
-- Found rosidl_generator_c: 3.1.8 (/opt/ros/humble/share/rosidl_generator_c/cmake)
-- Found rosidl_adapter: 3.1.8 (/opt/ros/humble/share/rosidl_adapter/cmake)
-- Found rosidl_generator_cpp: 3.1.8 (/opt/ros/humble/share/rosidl_generator_cpp/cmake)
-- Using all available rosidl_typesupport_c: rosidl_typesupport_fastrtps_c;rosidl_typesupport_introspection_c
-- Using all available rosidl_typesupport_cpp: rosidl_typesupport_fastrtps_cpp;rosidl_typesupport_introspection_cpp
-- Found rmw_implementation_cmake: 6.1.2 (/opt/ros/humble/share/rmw_implementation_cmake/cmake)
-- Found rmw_fastrtps_cpp: 6.2.10 (/opt/ros/humble/share/rmw_fastrtps_cpp/cmake)
-- Using RMW implementation 'rmw_fastrtps_cpp' as default
-- Found geometry_msgs: 4.9.1 (/opt/ros/humble/share/geometry_msgs/cmake)
-- Found sensor_msgs: 4.9.1 (/opt/ros/humble/share/sensor_msgs/cmake)
-- Found nav_msgs: 4.9.1 (/opt/ros/humble/share/nav_msgs/cmake)
-- Found tf2: 0.25.19 (/opt/ros/humble/share/tf2/cmake)
-- Found tf2_ros: 0.25.19 (/opt/ros/humble/share/tf2_ros/cmake)
-- Found tf2_geometry_msgs: 0.25.19 (/opt/ros/humble/share/tf2_geometry_msgs/cmake)
-- Found eigen3_cmake_module: 0.1.1 (/opt/ros/humble/share/eigen3_cmake_module/cmake)
-- Ensuring Eigen3 include directory is part of orocos-kdl CMake target
-- Found visualization_msgs: 4.9.1 (/opt/ros/humble/share/visualization_msgs/cmake)
-- Found core: 0.1.0 (/home/adam/opk/zadanie2/install/core/share/core/cmake)
-- Found msgs: 0.1.0 (/home/adam/opk/zadanie2/install/msgs/share/msgs/cmake)
-- Found ament_lint_auto: 0.12.15 (/opt/ros/humble/share/ament_lint_auto/cmake)
-- Added test 'cppcheck' to perform static code analysis on C / C++ code
-- Configured cppcheck include dirs: 
-- Configured cppcheck exclude dirs and/or files: 
-- Added test 'lint_cmake' to check CMake code style
-- Added test 'uncrustify' to check C / C++ code style
-- Configured uncrustify additional arguments: 
-- Added test 'xmllint' to check XML markup files
-- Configuring done
-- Generating done
-- Build files have been written to: /home/adam/opk/zadanie2/build/nodes
[35m[1mConsolidate compiler generated dependencies of target lidar_node[0m
[35m[1mConsolidate compiler generated dependencies of target teleop_node[0m
[35m[1mConsolidate compiler generated dependencies of target game_node[0m
[35m[1mConsolidate compiler generated dependencies of target robot_node[0m
[35m[1mConsolidate compiler generated dependencies of target bot_node[0m
[  8%] [32mBuilding CXX object CMakeFiles/pvp_teleop_node.dir/src/pvp_teleop_node.cpp.o[0m
[ 16%] [32m[1mLinking CXX executable lidar_node[0m
[ 33%] [32m[1mLinking CXX executable bot_node[0m
[ 33%] [32m[1mLinking CXX executable teleop_node[0m
[ 41%] [32m[1mLinking CXX executable robot_node[0m
[ 50%] [32m[1mLinking CXX executable game_node[0m
[ 58%] Built target teleop_node
[ 66%] Built target lidar_node
[ 75%] Built target game_node
[ 83%] Built target bot_node
[ 91%] Built target robot_node
[100%] [32m[1mLinking CXX executable pvp_teleop_node[0m
[100%] Built target pvp_teleop_node
-- Install configuration: ""
-- Execute custom install script
-- Symlinking: /home/adam/opk/zadanie2/install/nodes/lib/nodes/robot_node
-- Symlinking: /home/adam/opk/zadanie2/install/nodes/lib/nodes/lidar_node
-- Symlinking: /home/adam/opk/zadanie2/install/nodes/lib/nodes/game_node
-- Symlinking: /home/adam/opk/zadanie2/install/nodes/lib/nodes/teleop_node
-- Symlinking: /home/adam/opk/zadanie2/install/nodes/lib/nodes/bot_node
-- Symlinking: /home/adam/opk/zadanie2/install/nodes/lib/nodes/pvp_teleop_node
-- Symlinking: /home/adam/opk/zadanie2/install/nodes/share/ament_index/resource_index/package_run_dependencies/nodes
-- Symlinking: /home/adam/opk/zadanie2/install/nodes/share/ament_index/resource_index/parent_prefix_path/nodes
-- Symlinking: /home/adam/opk/zadanie2/install/nodes/share/nodes/environment/ament_prefix_path.sh
-- Symlinking: /home/adam/opk/zadanie2/install/nodes/share/nodes/environment/ament_prefix_path.dsv
-- Symlinking: /home/adam/opk/zadanie2/install/nodes/share/nodes/environment/path.sh
-- Symlinking: /home/adam/opk/zadanie2/install/nodes/share/nodes/environment/path.dsv
-- Symlinking: /home/adam/opk/zadanie2/install/nodes/share/nodes/local_setup.bash
-- Symlinking: /home/adam/opk/zadanie2/install/nodes/share/nodes/local_setup.sh
-- Symlinking: /home/adam/opk/zadanie2/install/nodes/share/nodes/local_setup.zsh
-- Symlinking: /home/adam/opk/zadanie2/install/nodes/share/nodes/local_setup.dsv
-- Symlinking: /home/adam/opk/zadanie2/install/nodes/share/nodes/package.dsv
-- Symlinking: /home/adam/opk/zadanie2/install/nodes/share/ament_index/resource_index/packages/nodes
-- Symlinking: /home/adam/opk/zadanie2/install/nodes/share/nodes/cmake/nodesConfig.cmake
-- Symlinking: /home/adam/opk/zadanie2/install/nodes/share/nodes/cmake/nodesConfig-version.cmake
-- Symlinking: /home/adam/opk/zadanie2/install/nodes/share/nodes/package.xml
