-- Found ament_cmake: 1.3.13 (/opt/ros/humble/share/ament_cmake/cmake)
-- Override CMake install command with custom implementation using symlinks instead of copying resources
-- Found ament_cmake_gtest: 1.3.13 (/opt/ros/humble/share/ament_cmake_gtest/cmake)
-- Found gtest sources under '/opt/ros/humble/src/gtest_vendor': C++ tests using 'Google Test' will be built
-- Configuring done
-- Generating done
-- Build files have been written to: /home/adam/opk/zadanie2/build/vacuum_core
Consolidate compiler generated dependencies of target gtest
Consolidate compiler generated dependencies of target gtest_main
Consolidate compiler generated dependencies of target vacuum_core
[  9%] Built target gtest_main
[ 19%] Built target gtest
[ 23%] Building CXX object CMakeFiles/vacuum_core.dir/src/Environment.cpp.o
[ 28%] Linking CXX shared library libvacuum_core.so
[ 61%] Built target vacuum_core
Consolidate compiler generated dependencies of target test_world_manager
Consolidate compiler generated dependencies of target test_bot_controller
Consolidate compiler generated dependencies of target test_trash_factory
Consolidate compiler generated dependencies of target test_config_loader
[ 71%] Linking CXX executable test_world_manager
[ 71%] Linking CXX executable test_bot_controller
[ 76%] Linking CXX executable test_trash_factory
[ 80%] Linking CXX executable test_config_loader
[ 90%] Built target test_bot_controller
[ 90%] Built target test_config_loader
[ 95%] Built target test_world_manager
[100%] Built target test_trash_factory
-- Install configuration: ""
-- Execute custom install script
-- Symlinking: /home/adam/opk/zadanie2/install/vacuum_core/include/vacuum_core/config/ConfigLoader.h
-- Symlinking: /home/adam/opk/zadanie2/install/vacuum_core/include/vacuum_core/config/GameConfig.h
-- Symlinking: /home/adam/opk/zadanie2/install/vacuum_core/include/vacuum_core/environment/Environment.h
-- Symlinking: /home/adam/opk/zadanie2/install/vacuum_core/include/vacuum_core/game/BotController.h
-- Symlinking: /home/adam/opk/zadanie2/install/vacuum_core/include/vacuum_core/game/GameLogic.h
-- Symlinking: /home/adam/opk/zadanie2/install/vacuum_core/include/vacuum_core/lidar/Lidar.h
-- Symlinking: /home/adam/opk/zadanie2/install/vacuum_core/include/vacuum_core/robot/Robot.h
-- Symlinking: /home/adam/opk/zadanie2/install/vacuum_core/include/vacuum_core/types/Geometry.h
-- Symlinking: /home/adam/opk/zadanie2/install/vacuum_core/include/vacuum_core/util/Exception.h
-- Symlinking: /home/adam/opk/zadanie2/install/vacuum_core/include/vacuum_core/world/Collectible.h
-- Symlinking: /home/adam/opk/zadanie2/install/vacuum_core/include/vacuum_core/world/Obstacle.h
-- Symlinking: /home/adam/opk/zadanie2/install/vacuum_core/include/vacuum_core/world/Station.h
-- Symlinking: /home/adam/opk/zadanie2/install/vacuum_core/include/vacuum_core/world/TrashFactory.h
-- Symlinking: /home/adam/opk/zadanie2/install/vacuum_core/include/vacuum_core/world/WorldManager.h
-- Symlinking: /home/adam/opk/zadanie2/install/vacuum_core/include/vacuum_core/world/WorldObject.h
-- Symlinking: /home/adam/opk/zadanie2/install/vacuum_core/share/vacuum_core/environment/library_path.sh
-- Symlinking: /home/adam/opk/zadanie2/install/vacuum_core/share/vacuum_core/environment/library_path.dsv
-- Symlinking: /home/adam/opk/zadanie2/install/vacuum_core/share/ament_index/resource_index/package_run_dependencies/vacuum_core
-- Symlinking: /home/adam/opk/zadanie2/install/vacuum_core/share/ament_index/resource_index/parent_prefix_path/vacuum_core
-- Symlinking: /home/adam/opk/zadanie2/install/vacuum_core/share/vacuum_core/environment/ament_prefix_path.sh
-- Symlinking: /home/adam/opk/zadanie2/install/vacuum_core/share/vacuum_core/environment/ament_prefix_path.dsv
-- Symlinking: /home/adam/opk/zadanie2/install/vacuum_core/share/vacuum_core/environment/path.sh
-- Symlinking: /home/adam/opk/zadanie2/install/vacuum_core/share/vacuum_core/environment/path.dsv
-- Symlinking: /home/adam/opk/zadanie2/install/vacuum_core/share/vacuum_core/local_setup.bash
-- Symlinking: /home/adam/opk/zadanie2/install/vacuum_core/share/vacuum_core/local_setup.sh
-- Symlinking: /home/adam/opk/zadanie2/install/vacuum_core/share/vacuum_core/local_setup.zsh
-- Symlinking: /home/adam/opk/zadanie2/install/vacuum_core/share/vacuum_core/local_setup.dsv
-- Symlinking: /home/adam/opk/zadanie2/install/vacuum_core/share/vacuum_core/package.dsv
-- Symlinking: /home/adam/opk/zadanie2/install/vacuum_core/share/ament_index/resource_index/packages/vacuum_core
-- Symlinking: /home/adam/opk/zadanie2/install/vacuum_core/share/vacuum_core/cmake/ament_cmake_export_include_directories-extras.cmake
-- Symlinking: /home/adam/opk/zadanie2/install/vacuum_core/share/vacuum_core/cmake/ament_cmake_export_libraries-extras.cmake
-- Symlinking: /home/adam/opk/zadanie2/install/vacuum_core/share/vacuum_core/cmake/ament_cmake_export_targets-extras.cmake
-- Symlinking: /home/adam/opk/zadanie2/install/vacuum_core/share/vacuum_core/cmake/ament_cmake_export_dependencies-extras.cmake
-- Symlinking: /home/adam/opk/zadanie2/install/vacuum_core/share/vacuum_core/cmake/vacuum_coreConfig.cmake
-- Symlinking: /home/adam/opk/zadanie2/install/vacuum_core/share/vacuum_core/cmake/vacuum_coreConfig-version.cmake
-- Symlinking: /home/adam/opk/zadanie2/install/vacuum_core/share/vacuum_core/package.xml
-- Installing: /home/adam/opk/zadanie2/install/vacuum_core/lib/libvacuum_core.so
-- Up-to-date: /home/adam/opk/zadanie2/install/vacuum_core/share/vacuum_core/cmake/export_vacuum_coreExport.cmake
-- Up-to-date: /home/adam/opk/zadanie2/install/vacuum_core/share/vacuum_core/cmake/export_vacuum_coreExport-noconfig.cmake
