[0.016s] Invoking command in '/home/adam/opk/zadanie2/build/vacuum_core': CMAKE_PREFIX_PATH=${CMAKE_PREFIX_PATH}:/opt/ros/humble /usr/bin/cmake /home/adam/opk/zadanie2/src/vacuum_core -DAMENT_CMAKE_SYMLINK_INSTALL=1 -DCMAKE_INSTALL_PREFIX=/home/adam/opk/zadanie2/install/vacuum_core
[0.028s] -- Found ament_cmake: 1.3.13 (/opt/ros/humble/share/ament_cmake/cmake)
[0.148s] -- Override CMake install command with custom implementation using symlinks instead of copying resources
[0.171s] -- Found ament_cmake_gtest: 1.3.13 (/opt/ros/humble/share/ament_cmake_gtest/cmake)
[0.172s] -- Found gtest sources under '/opt/ros/humble/src/gtest_vendor': C++ tests using 'Google Test' will be built
[0.224s] -- Configuring done
[0.237s] -- Generating done
[0.240s] -- Build files have been written to: /home/adam/opk/zadanie2/build/vacuum_core
[0.244s] Invoked command in '/home/adam/opk/zadanie2/build/vacuum_core' returned '0': CMAKE_PREFIX_PATH=${CMAKE_PREFIX_PATH}:/opt/ros/humble /usr/bin/cmake /home/adam/opk/zadanie2/src/vacuum_core -DAMENT_CMAKE_SYMLINK_INSTALL=1 -DCMAKE_INSTALL_PREFIX=/home/adam/opk/zadanie2/install/vacuum_core
[0.244s] Invoking command in '/home/adam/opk/zadanie2/build/vacuum_core': CMAKE_PREFIX_PATH=${CMAKE_PREFIX_PATH}:/opt/ros/humble /usr/bin/cmake --build /home/adam/opk/zadanie2/build/vacuum_core -- -j12 -l12
[0.282s] Consolidate compiler generated dependencies of target gtest
[0.282s] Consolidate compiler generated dependencies of target gtest_main
[0.288s] Consolidate compiler generated dependencies of target vacuum_core
[0.292s] [  9%] Built target gtest_main
[0.293s] [ 19%] Built target gtest
[0.299s] [ 23%] Building CXX object CMakeFiles/vacuum_core.dir/src/Environment.cpp.o
[0.855s] [ 28%] Linking CXX shared library libvacuum_core.so
[1.019s] [ 61%] Built target vacuum_core
[1.028s] Consolidate compiler generated dependencies of target test_world_manager
[1.028s] Consolidate compiler generated dependencies of target test_bot_controller
[1.031s] Consolidate compiler generated dependencies of target test_trash_factory
[1.031s] Consolidate compiler generated dependencies of target test_config_loader
[1.039s] [ 71%] Linking CXX executable test_world_manager
[1.039s] [ 71%] Linking CXX executable test_bot_controller
[1.039s] [ 76%] Linking CXX executable test_trash_factory
[1.041s] [ 80%] Linking CXX executable test_config_loader
[1.383s] [ 90%] Built target test_bot_controller
[1.383s] [ 90%] Built target test_config_loader
[1.383s] [ 95%] Built target test_world_manager
[1.386s] [100%] Built target test_trash_factory
[1.394s] Invoked command in '/home/adam/opk/zadanie2/build/vacuum_core' returned '0': CMAKE_PREFIX_PATH=${CMAKE_PREFIX_PATH}:/opt/ros/humble /usr/bin/cmake --build /home/adam/opk/zadanie2/build/vacuum_core -- -j12 -l12
[1.402s] Invoking command in '/home/adam/opk/zadanie2/build/vacuum_core': CMAKE_PREFIX_PATH=${CMAKE_PREFIX_PATH}:/opt/ros/humble /usr/bin/cmake --install /home/adam/opk/zadanie2/build/vacuum_core
[1.409s] -- Install configuration: ""
[1.409s] -- Execute custom install script
[1.410s] -- Symlinking: /home/adam/opk/zadanie2/install/vacuum_core/include/vacuum_core/config/ConfigLoader.h
[1.417s] -- Symlinking: /home/adam/opk/zadanie2/install/vacuum_core/include/vacuum_core/config/GameConfig.h
[1.424s] -- Symlinking: /home/adam/opk/zadanie2/install/vacuum_core/include/vacuum_core/environment/Environment.h
[1.431s] -- Symlinking: /home/adam/opk/zadanie2/install/vacuum_core/include/vacuum_core/game/BotController.h
[1.437s] -- Symlinking: /home/adam/opk/zadanie2/install/vacuum_core/include/vacuum_core/game/GameLogic.h
[1.443s] -- Symlinking: /home/adam/opk/zadanie2/install/vacuum_core/include/vacuum_core/lidar/Lidar.h
[1.450s] -- Symlinking: /home/adam/opk/zadanie2/install/vacuum_core/include/vacuum_core/robot/Robot.h
[1.459s] -- Symlinking: /home/adam/opk/zadanie2/install/vacuum_core/include/vacuum_core/types/Geometry.h
[1.464s] -- Symlinking: /home/adam/opk/zadanie2/install/vacuum_core/include/vacuum_core/util/Exception.h
[1.471s] -- Symlinking: /home/adam/opk/zadanie2/install/vacuum_core/include/vacuum_core/world/Collectible.h
[1.476s] -- Symlinking: /home/adam/opk/zadanie2/install/vacuum_core/include/vacuum_core/world/Obstacle.h
[1.483s] -- Symlinking: /home/adam/opk/zadanie2/install/vacuum_core/include/vacuum_core/world/Station.h
[1.488s] -- Symlinking: /home/adam/opk/zadanie2/install/vacuum_core/include/vacuum_core/world/TrashFactory.h
[1.494s] -- Symlinking: /home/adam/opk/zadanie2/install/vacuum_core/include/vacuum_core/world/WorldManager.h
[1.502s] -- Symlinking: /home/adam/opk/zadanie2/install/vacuum_core/include/vacuum_core/world/WorldObject.h
[1.509s] -- Symlinking: /home/adam/opk/zadanie2/install/vacuum_core/share/vacuum_core/environment/library_path.sh
[1.514s] -- Symlinking: /home/adam/opk/zadanie2/install/vacuum_core/share/vacuum_core/environment/library_path.dsv
[1.522s] -- Symlinking: /home/adam/opk/zadanie2/install/vacuum_core/share/ament_index/resource_index/package_run_dependencies/vacuum_core
[1.529s] -- Symlinking: /home/adam/opk/zadanie2/install/vacuum_core/share/ament_index/resource_index/parent_prefix_path/vacuum_core
[1.534s] -- Symlinking: /home/adam/opk/zadanie2/install/vacuum_core/share/vacuum_core/environment/ament_prefix_path.sh
[1.540s] -- Symlinking: /home/adam/opk/zadanie2/install/vacuum_core/share/vacuum_core/environment/ament_prefix_path.dsv
[1.547s] -- Symlinking: /home/adam/opk/zadanie2/install/vacuum_core/share/vacuum_core/environment/path.sh
[1.552s] -- Symlinking: /home/adam/opk/zadanie2/install/vacuum_core/share/vacuum_core/environment/path.dsv
[1.558s] -- Symlinking: /home/adam/opk/zadanie2/install/vacuum_core/share/vacuum_core/local_setup.bash
[1.563s] -- Symlinking: /home/adam/opk/zadanie2/install/vacuum_core/share/vacuum_core/local_setup.sh
[1.572s] -- Symlinking: /home/adam/opk/zadanie2/install/vacuum_core/share/vacuum_core/local_setup.zsh
[1.581s] -- Symlinking: /home/adam/opk/zadanie2/install/vacuum_core/share/vacuum_core/local_setup.dsv
[1.587s] -- Symlinking: /home/adam/opk/zadanie2/install/vacuum_core/share/vacuum_core/package.dsv
[1.593s] -- Symlinking: /home/adam/opk/zadanie2/install/vacuum_core/share/ament_index/resource_index/packages/vacuum_core
[1.598s] -- Symlinking: /home/adam/opk/zadanie2/install/vacuum_core/share/vacuum_core/cmake/ament_cmake_export_include_directories-extras.cmake
[1.605s] -- Symlinking: /home/adam/opk/zadanie2/install/vacuum_core/share/vacuum_core/cmake/ament_cmake_export_libraries-extras.cmake
[1.610s] -- Symlinking: /home/adam/opk/zadanie2/install/vacuum_core/share/vacuum_core/cmake/ament_cmake_export_targets-extras.cmake
[1.618s] -- Symlinking: /home/adam/opk/zadanie2/install/vacuum_core/share/vacuum_core/cmake/ament_cmake_export_dependencies-extras.cmake
[1.625s] -- Symlinking: /home/adam/opk/zadanie2/install/vacuum_core/share/vacuum_core/cmake/vacuum_coreConfig.cmake
[1.631s] -- Symlinking: /home/adam/opk/zadanie2/install/vacuum_core/share/vacuum_core/cmake/vacuum_coreConfig-version.cmake
[1.639s] -- Symlinking: /home/adam/opk/zadanie2/install/vacuum_core/share/vacuum_core/package.xml
[1.655s] -- Installing: /home/adam/opk/zadanie2/install/vacuum_core/lib/libvacuum_core.so
[1.656s] -- Up-to-date: /home/adam/opk/zadanie2/install/vacuum_core/share/vacuum_core/cmake/export_vacuum_coreExport.cmake
[1.656s] -- Up-to-date: /home/adam/opk/zadanie2/install/vacuum_core/share/vacuum_core/cmake/export_vacuum_coreExport-noconfig.cmake
[1.657s] Invoked command in '/home/adam/opk/zadanie2/build/vacuum_core' returned '0': CMAKE_PREFIX_PATH=${CMAKE_PREFIX_PATH}:/opt/ros/humble /usr/bin/cmake --install /home/adam/opk/zadanie2/build/vacuum_core
