[0.009s] Invoking command in '/home/adam/opk/zadanie2/build/vacuum_robot': CMAKE_PREFIX_PATH=/home/adam/opk/zadanie2/install/vacuum_msgs:/home/adam/opk/zadanie2/install/vacuum_core:/home/adam/opk/zadanie2/install/vacuum_bringup:/home/adam/opk/zadanie2/install/vacuum_robot:/home/adam/opk/zadanie2/install/vacuum_game:/home/adam/rrm_ws/install/zadanie5_model:/home/adam/rrm_ws/install/zad6ik:/home/adam/rrm_ws/install/zad6fk:/home/adam/rrm_ws/install/zad4:/home/adam/rrm_ws/install/zad1:/home/adam/rrm_ws/install/rrm_simple_robot_model:/home/adam/rrm_ws/install/rrm_sim:/home/adam/rrm_ws/install/rrm_projekt:/home/adam/rrm_ws/install/block1_elias:/home/adam/rrm_ws/install/rrm_msgs:/home/adam/rrm_ws/install/cv1:/opt/ros/humble /usr/bin/cmake /home/adam/opk/zadanie2/src/vacuum_robot -DCMAKE_INSTALL_PREFIX=/home/adam/opk/zadanie2/install/vacuum_robot
[0.017s] -- Found ament_cmake: 1.3.13 (/opt/ros/humble/share/ament_cmake/cmake)
[0.093s] -- Override CMake install command with custom implementation using symlinks instead of copying resources
[0.097s] -- Found rclcpp: 16.0.18 (/opt/ros/humble/share/rclcpp/cmake)
[0.113s] -- Found rosidl_generator_c: 3.1.8 (/opt/ros/humble/share/rosidl_generator_c/cmake)
[0.115s] -- Found rosidl_adapter: 3.1.8 (/opt/ros/humble/share/rosidl_adapter/cmake)
[0.118s] -- Found rosidl_generator_cpp: 3.1.8 (/opt/ros/humble/share/rosidl_generator_cpp/cmake)
[0.124s] -- Using all available rosidl_typesupport_c: rosidl_typesupport_fastrtps_c;rosidl_typesupport_introspection_c
[0.131s] -- Using all available rosidl_typesupport_cpp: rosidl_typesupport_fastrtps_cpp;rosidl_typesupport_introspection_cpp
[0.150s] -- Found rmw_implementation_cmake: 6.1.2 (/opt/ros/humble/share/rmw_implementation_cmake/cmake)
[0.151s] -- Found rmw_fastrtps_cpp: 6.2.10 (/opt/ros/humble/share/rmw_fastrtps_cpp/cmake)
[0.216s] -- Using RMW implementation 'rmw_fastrtps_cpp' as default
[0.248s] -- Found geometry_msgs: 4.9.1 (/opt/ros/humble/share/geometry_msgs/cmake)
[0.257s] -- Found sensor_msgs: 4.9.1 (/opt/ros/humble/share/sensor_msgs/cmake)
[0.267s] -- Found nav_msgs: 4.9.1 (/opt/ros/humble/share/nav_msgs/cmake)
[0.278s] -- Found tf2: 0.25.19 (/opt/ros/humble/share/tf2/cmake)
[0.280s] -- Found tf2_ros: 0.25.19 (/opt/ros/humble/share/tf2_ros/cmake)
[0.332s] -- Found tf2_geometry_msgs: 0.25.19 (/opt/ros/humble/share/tf2_geometry_msgs/cmake)
[0.334s] -- Found eigen3_cmake_module: 0.1.1 (/opt/ros/humble/share/eigen3_cmake_module/cmake)
[0.335s] -- Ensuring Eigen3 include directory is part of orocos-kdl CMake target
[0.336s] -- Found visualization_msgs: 4.9.1 (/opt/ros/humble/share/visualization_msgs/cmake)
[0.348s] -- Found vacuum_core: 0.1.0 (/home/adam/opk/zadanie2/install/vacuum_core/share/vacuum_core/cmake)
[0.354s] -- Found vacuum_msgs: 0.1.0 (/home/adam/opk/zadanie2/install/vacuum_msgs/share/vacuum_msgs/cmake)
[0.370s] -- Found ament_lint_auto: 0.12.15 (/opt/ros/humble/share/ament_lint_auto/cmake)
[0.420s] -- Added test 'cppcheck' to perform static code analysis on C / C++ code
[0.420s] -- Configured cppcheck include dirs: 
[0.420s] -- Configured cppcheck exclude dirs and/or files: 
[0.421s] -- Added test 'lint_cmake' to check CMake code style
[0.421s] -- Added test 'uncrustify' to check C / C++ code style
[0.421s] -- Configured uncrustify additional arguments: 
[0.421s] -- Added test 'xmllint' to check XML markup files
[0.422s] -- Configuring done
[0.434s] -- Generating done
[0.439s] -- Build files have been written to: /home/adam/opk/zadanie2/build/vacuum_robot
[0.449s] Invoked command in '/home/adam/opk/zadanie2/build/vacuum_robot' returned '0': CMAKE_PREFIX_PATH=/home/adam/opk/zadanie2/install/vacuum_msgs:/home/adam/opk/zadanie2/install/vacuum_core:/home/adam/opk/zadanie2/install/vacuum_bringup:/home/adam/opk/zadanie2/install/vacuum_robot:/home/adam/opk/zadanie2/install/vacuum_game:/home/adam/rrm_ws/install/zadanie5_model:/home/adam/rrm_ws/install/zad6ik:/home/adam/rrm_ws/install/zad6fk:/home/adam/rrm_ws/install/zad4:/home/adam/rrm_ws/install/zad1:/home/adam/rrm_ws/install/rrm_simple_robot_model:/home/adam/rrm_ws/install/rrm_sim:/home/adam/rrm_ws/install/rrm_projekt:/home/adam/rrm_ws/install/block1_elias:/home/adam/rrm_ws/install/rrm_msgs:/home/adam/rrm_ws/install/cv1:/opt/ros/humble /usr/bin/cmake /home/adam/opk/zadanie2/src/vacuum_robot -DCMAKE_INSTALL_PREFIX=/home/adam/opk/zadanie2/install/vacuum_robot
[0.450s] Invoking command in '/home/adam/opk/zadanie2/build/vacuum_robot': CMAKE_PREFIX_PATH=/home/adam/opk/zadanie2/install/vacuum_msgs:/home/adam/opk/zadanie2/install/vacuum_core:/home/adam/opk/zadanie2/install/vacuum_bringup:/home/adam/opk/zadanie2/install/vacuum_robot:/home/adam/opk/zadanie2/install/vacuum_game:/home/adam/rrm_ws/install/zadanie5_model:/home/adam/rrm_ws/install/zad6ik:/home/adam/rrm_ws/install/zad6fk:/home/adam/rrm_ws/install/zad4:/home/adam/rrm_ws/install/zad1:/home/adam/rrm_ws/install/rrm_simple_robot_model:/home/adam/rrm_ws/install/rrm_sim:/home/adam/rrm_ws/install/rrm_projekt:/home/adam/rrm_ws/install/block1_elias:/home/adam/rrm_ws/install/rrm_msgs:/home/adam/rrm_ws/install/cv1:/opt/ros/humble /usr/bin/cmake --build /home/adam/opk/zadanie2/build/vacuum_robot -- -j12 -l12
[0.477s] [35m[1mConsolidate compiler generated dependencies of target robot_node[0m
[0.478s] [35m[1mConsolidate compiler generated dependencies of target lidar_node[0m
[0.490s] [ 50%] Built target robot_node
[0.492s] [100%] Built target lidar_node
[0.501s] Invoked command in '/home/adam/opk/zadanie2/build/vacuum_robot' returned '0': CMAKE_PREFIX_PATH=/home/adam/opk/zadanie2/install/vacuum_msgs:/home/adam/opk/zadanie2/install/vacuum_core:/home/adam/opk/zadanie2/install/vacuum_bringup:/home/adam/opk/zadanie2/install/vacuum_robot:/home/adam/opk/zadanie2/install/vacuum_game:/home/adam/rrm_ws/install/zadanie5_model:/home/adam/rrm_ws/install/zad6ik:/home/adam/rrm_ws/install/zad6fk:/home/adam/rrm_ws/install/zad4:/home/adam/rrm_ws/install/zad1:/home/adam/rrm_ws/install/rrm_simple_robot_model:/home/adam/rrm_ws/install/rrm_sim:/home/adam/rrm_ws/install/rrm_projekt:/home/adam/rrm_ws/install/block1_elias:/home/adam/rrm_ws/install/rrm_msgs:/home/adam/rrm_ws/install/cv1:/opt/ros/humble /usr/bin/cmake --build /home/adam/opk/zadanie2/build/vacuum_robot -- -j12 -l12
[0.502s] Invoking command in '/home/adam/opk/zadanie2/build/vacuum_robot': CMAKE_PREFIX_PATH=/home/adam/opk/zadanie2/install/vacuum_msgs:/home/adam/opk/zadanie2/install/vacuum_core:/home/adam/opk/zadanie2/install/vacuum_bringup:/home/adam/opk/zadanie2/install/vacuum_robot:/home/adam/opk/zadanie2/install/vacuum_game:/home/adam/rrm_ws/install/zadanie5_model:/home/adam/rrm_ws/install/zad6ik:/home/adam/rrm_ws/install/zad6fk:/home/adam/rrm_ws/install/zad4:/home/adam/rrm_ws/install/zad1:/home/adam/rrm_ws/install/rrm_simple_robot_model:/home/adam/rrm_ws/install/rrm_sim:/home/adam/rrm_ws/install/rrm_projekt:/home/adam/rrm_ws/install/block1_elias:/home/adam/rrm_ws/install/rrm_msgs:/home/adam/rrm_ws/install/cv1:/opt/ros/humble /usr/bin/cmake --install /home/adam/opk/zadanie2/build/vacuum_robot
[0.506s] -- Install configuration: ""
[0.506s] -- Execute custom install script
[0.506s] -- Up-to-date symlink: /home/adam/opk/zadanie2/install/vacuum_robot/lib/vacuum_robot/robot_node
[0.506s] -- Up-to-date symlink: /home/adam/opk/zadanie2/install/vacuum_robot/lib/vacuum_robot/lidar_node
[0.507s] -- Up-to-date symlink: /home/adam/opk/zadanie2/install/vacuum_robot/share/ament_index/resource_index/package_run_dependencies/vacuum_robot
[0.507s] -- Up-to-date symlink: /home/adam/opk/zadanie2/install/vacuum_robot/share/ament_index/resource_index/parent_prefix_path/vacuum_robot
[0.507s] -- Up-to-date symlink: /home/adam/opk/zadanie2/install/vacuum_robot/share/vacuum_robot/environment/ament_prefix_path.sh
[0.507s] -- Up-to-date symlink: /home/adam/opk/zadanie2/install/vacuum_robot/share/vacuum_robot/environment/ament_prefix_path.dsv
[0.507s] -- Up-to-date symlink: /home/adam/opk/zadanie2/install/vacuum_robot/share/vacuum_robot/environment/path.sh
[0.507s] -- Up-to-date symlink: /home/adam/opk/zadanie2/install/vacuum_robot/share/vacuum_robot/environment/path.dsv
[0.507s] -- Up-to-date symlink: /home/adam/opk/zadanie2/install/vacuum_robot/share/vacuum_robot/local_setup.bash
[0.507s] -- Up-to-date symlink: /home/adam/opk/zadanie2/install/vacuum_robot/share/vacuum_robot/local_setup.sh
[0.507s] -- Up-to-date symlink: /home/adam/opk/zadanie2/install/vacuum_robot/share/vacuum_robot/local_setup.zsh
[0.507s] -- Up-to-date symlink: /home/adam/opk/zadanie2/install/vacuum_robot/share/vacuum_robot/local_setup.dsv
[0.507s] -- Symlinking: /home/adam/opk/zadanie2/install/vacuum_robot/share/vacuum_robot/package.dsv
[0.513s] -- Up-to-date symlink: /home/adam/opk/zadanie2/install/vacuum_robot/share/ament_index/resource_index/packages/vacuum_robot
[0.513s] -- Up-to-date symlink: /home/adam/opk/zadanie2/install/vacuum_robot/share/vacuum_robot/cmake/vacuum_robotConfig.cmake
[0.513s] -- Up-to-date symlink: /home/adam/opk/zadanie2/install/vacuum_robot/share/vacuum_robot/cmake/vacuum_robotConfig-version.cmake
[0.513s] -- Up-to-date symlink: /home/adam/opk/zadanie2/install/vacuum_robot/share/vacuum_robot/package.xml
[0.514s] Invoked command in '/home/adam/opk/zadanie2/build/vacuum_robot' returned '0': CMAKE_PREFIX_PATH=/home/adam/opk/zadanie2/install/vacuum_msgs:/home/adam/opk/zadanie2/install/vacuum_core:/home/adam/opk/zadanie2/install/vacuum_bringup:/home/adam/opk/zadanie2/install/vacuum_robot:/home/adam/opk/zadanie2/install/vacuum_game:/home/adam/rrm_ws/install/zadanie5_model:/home/adam/rrm_ws/install/zad6ik:/home/adam/rrm_ws/install/zad6fk:/home/adam/rrm_ws/install/zad4:/home/adam/rrm_ws/install/zad1:/home/adam/rrm_ws/install/rrm_simple_robot_model:/home/adam/rrm_ws/install/rrm_sim:/home/adam/rrm_ws/install/rrm_projekt:/home/adam/rrm_ws/install/block1_elias:/home/adam/rrm_ws/install/rrm_msgs:/home/adam/rrm_ws/install/cv1:/opt/ros/humble /usr/bin/cmake --install /home/adam/opk/zadanie2/build/vacuum_robot
