[0.011s] Invoking command in '/home/adam/opk/zadanie2/build/vacuum_robot': CMAKE_PREFIX_PATH=/home/adam/opk/zadanie2/install/vacuum_msgs:/home/adam/opk/zadanie2/install/vacuum_core:/home/adam/opk/zadanie2/install/vacuum_bringup:/home/adam/opk/zadanie2/install/vacuum_robot:/home/adam/opk/zadanie2/install/vacuum_game:/home/adam/rrm_ws/install/zadanie5_model:/home/adam/rrm_ws/install/zad6ik:/home/adam/rrm_ws/install/zad6fk:/home/adam/rrm_ws/install/zad4:/home/adam/rrm_ws/install/zad1:/home/adam/rrm_ws/install/rrm_simple_robot_model:/home/adam/rrm_ws/install/rrm_sim:/home/adam/rrm_ws/install/rrm_projekt:/home/adam/rrm_ws/install/block1_elias:/home/adam/rrm_ws/install/rrm_msgs:/home/adam/rrm_ws/install/cv1:/home/adam/rrm_ws/install/abb_model:/home/adam/rrm_ws/install/abb_irb4600_ikfast:/opt/ros/humble /usr/bin/cmake --build /home/adam/opk/zadanie2/build/vacuum_robot -- -j12 -l12
[0.066s] [ 50%] Built target robot_node
[0.071s] [100%] Built target lidar_node
[0.082s] Invoked command in '/home/adam/opk/zadanie2/build/vacuum_robot' returned '0': CMAKE_PREFIX_PATH=/home/adam/opk/zadanie2/install/vacuum_msgs:/home/adam/opk/zadanie2/install/vacuum_core:/home/adam/opk/zadanie2/install/vacuum_bringup:/home/adam/opk/zadanie2/install/vacuum_robot:/home/adam/opk/zadanie2/install/vacuum_game:/home/adam/rrm_ws/install/zadanie5_model:/home/adam/rrm_ws/install/zad6ik:/home/adam/rrm_ws/install/zad6fk:/home/adam/rrm_ws/install/zad4:/home/adam/rrm_ws/install/zad1:/home/adam/rrm_ws/install/rrm_simple_robot_model:/home/adam/rrm_ws/install/rrm_sim:/home/adam/rrm_ws/install/rrm_projekt:/home/adam/rrm_ws/install/block1_elias:/home/adam/rrm_ws/install/rrm_msgs:/home/adam/rrm_ws/install/cv1:/home/adam/rrm_ws/install/abb_model:/home/adam/rrm_ws/install/abb_irb4600_ikfast:/opt/ros/humble /usr/bin/cmake --build /home/adam/opk/zadanie2/build/vacuum_robot -- -j12 -l12
[0.093s] Invoking command in '/home/adam/opk/zadanie2/build/vacuum_robot': CMAKE_PREFIX_PATH=/home/adam/opk/zadanie2/install/vacuum_msgs:/home/adam/opk/zadanie2/install/vacuum_core:/home/adam/opk/zadanie2/install/vacuum_bringup:/home/adam/opk/zadanie2/install/vacuum_robot:/home/adam/opk/zadanie2/install/vacuum_game:/home/adam/rrm_ws/install/zadanie5_model:/home/adam/rrm_ws/install/zad6ik:/home/adam/rrm_ws/install/zad6fk:/home/adam/rrm_ws/install/zad4:/home/adam/rrm_ws/install/zad1:/home/adam/rrm_ws/install/rrm_simple_robot_model:/home/adam/rrm_ws/install/rrm_sim:/home/adam/rrm_ws/install/rrm_projekt:/home/adam/rrm_ws/install/block1_elias:/home/adam/rrm_ws/install/rrm_msgs:/home/adam/rrm_ws/install/cv1:/home/adam/rrm_ws/install/abb_model:/home/adam/rrm_ws/install/abb_irb4600_ikfast:/opt/ros/humble /usr/bin/cmake --install /home/adam/opk/zadanie2/build/vacuum_robot
[0.098s] -- Install configuration: ""
[0.098s] -- Execute custom install script
[0.098s] -- Up-to-date symlink: /home/adam/opk/zadanie2/install/vacuum_robot/lib/vacuum_robot/robot_node
[0.098s] -- Up-to-date symlink: /home/adam/opk/zadanie2/install/vacuum_robot/lib/vacuum_robot/lidar_node
[0.099s] -- Up-to-date symlink: /home/adam/opk/zadanie2/install/vacuum_robot/share/ament_index/resource_index/package_run_dependencies/vacuum_robot
[0.099s] -- Up-to-date symlink: /home/adam/opk/zadanie2/install/vacuum_robot/share/ament_index/resource_index/parent_prefix_path/vacuum_robot
[0.099s] -- Up-to-date symlink: /home/adam/opk/zadanie2/install/vacuum_robot/share/vacuum_robot/environment/ament_prefix_path.sh
[0.099s] -- Up-to-date symlink: /home/adam/opk/zadanie2/install/vacuum_robot/share/vacuum_robot/environment/ament_prefix_path.dsv
[0.099s] -- Up-to-date symlink: /home/adam/opk/zadanie2/install/vacuum_robot/share/vacuum_robot/environment/path.sh
[0.099s] -- Up-to-date symlink: /home/adam/opk/zadanie2/install/vacuum_robot/share/vacuum_robot/environment/path.dsv
[0.099s] -- Up-to-date symlink: /home/adam/opk/zadanie2/install/vacuum_robot/share/vacuum_robot/local_setup.bash
[0.099s] -- Up-to-date symlink: /home/adam/opk/zadanie2/install/vacuum_robot/share/vacuum_robot/local_setup.sh
[0.099s] -- Up-to-date symlink: /home/adam/opk/zadanie2/install/vacuum_robot/share/vacuum_robot/local_setup.zsh
[0.099s] -- Up-to-date symlink: /home/adam/opk/zadanie2/install/vacuum_robot/share/vacuum_robot/local_setup.dsv
[0.099s] -- Symlinking: /home/adam/opk/zadanie2/install/vacuum_robot/share/vacuum_robot/package.dsv
[0.107s] -- Up-to-date symlink: /home/adam/opk/zadanie2/install/vacuum_robot/share/ament_index/resource_index/packages/vacuum_robot
[0.107s] -- Up-to-date symlink: /home/adam/opk/zadanie2/install/vacuum_robot/share/vacuum_robot/cmake/vacuum_robotConfig.cmake
[0.107s] -- Up-to-date symlink: /home/adam/opk/zadanie2/install/vacuum_robot/share/vacuum_robot/cmake/vacuum_robotConfig-version.cmake
[0.107s] -- Up-to-date symlink: /home/adam/opk/zadanie2/install/vacuum_robot/share/vacuum_robot/package.xml
[0.110s] Invoked command in '/home/adam/opk/zadanie2/build/vacuum_robot' returned '0': CMAKE_PREFIX_PATH=/home/adam/opk/zadanie2/install/vacuum_msgs:/home/adam/opk/zadanie2/install/vacuum_core:/home/adam/opk/zadanie2/install/vacuum_bringup:/home/adam/opk/zadanie2/install/vacuum_robot:/home/adam/opk/zadanie2/install/vacuum_game:/home/adam/rrm_ws/install/zadanie5_model:/home/adam/rrm_ws/install/zad6ik:/home/adam/rrm_ws/install/zad6fk:/home/adam/rrm_ws/install/zad4:/home/adam/rrm_ws/install/zad1:/home/adam/rrm_ws/install/rrm_simple_robot_model:/home/adam/rrm_ws/install/rrm_sim:/home/adam/rrm_ws/install/rrm_projekt:/home/adam/rrm_ws/install/block1_elias:/home/adam/rrm_ws/install/rrm_msgs:/home/adam/rrm_ws/install/cv1:/home/adam/rrm_ws/install/abb_model:/home/adam/rrm_ws/install/abb_irb4600_ikfast:/opt/ros/humble /usr/bin/cmake --install /home/adam/opk/zadanie2/build/vacuum_robot
