[0.006s] Invoking command in '/home/adam/opk/zadanie2/build/vacuum_msgs': CMAKE_PREFIX_PATH=${CMAKE_PREFIX_PATH}:/opt/ros/humble /usr/bin/cmake /home/adam/opk/zadanie2/src/vacuum_msgs -DCMAKE_INSTALL_PREFIX=/home/adam/opk/zadanie2/install/vacuum_msgs
[0.017s] -- Found ament_cmake: 1.3.13 (/opt/ros/humble/share/ament_cmake/cmake)
[0.099s] -- Override CMake install command with custom implementation using symlinks instead of copying resources
[0.103s] -- Found rosidl_default_generators: 1.2.0 (/opt/ros/humble/share/rosidl_default_generators/cmake)
[0.105s] -- Using all available rosidl_typesupport_c: rosidl_typesupport_fastrtps_c;rosidl_typesupport_introspection_c
[0.107s] -- Found rosidl_adapter: 3.1.8 (/opt/ros/humble/share/rosidl_adapter/cmake)
[0.124s] -- Using all available rosidl_typesupport_cpp: rosidl_typesupport_fastrtps_cpp;rosidl_typesupport_introspection_cpp
[0.138s] -- Found std_msgs: 4.9.1 (/opt/ros/humble/share/std_msgs/cmake)
[0.151s] -- Found geometry_msgs: 4.9.1 (/opt/ros/humble/share/geometry_msgs/cmake)
[0.359s] -- Found ament_cmake_ros: 0.10.0 (/opt/ros/humble/share/ament_cmake_ros/cmake)
[0.511s] -- Using all available rosidl_typesupport_c: rosidl_typesupport_fastrtps_c;rosidl_typesupport_introspection_c
[0.725s] -- Using all available rosidl_typesupport_cpp: rosidl_typesupport_fastrtps_cpp;rosidl_typesupport_introspection_cpp
[0.740s] -- Found python_cmake_module: 0.10.0 (/opt/ros/humble/share/python_cmake_module/cmake)
[0.753s] -- Using PYTHON_EXECUTABLE: /usr/bin/python3
[0.753s] -- Using PYTHON_INCLUDE_DIRS: /usr/include/python3.10
[0.753s] -- Using PYTHON_LIBRARIES: /usr/lib/x86_64-linux-gnu/libpython3.10.so
[0.784s] -- Configuring done
[0.806s] -- Generating done
[0.813s] -- Build files have been written to: /home/adam/opk/zadanie2/build/vacuum_msgs
[0.818s] Invoked command in '/home/adam/opk/zadanie2/build/vacuum_msgs' returned '0': CMAKE_PREFIX_PATH=${CMAKE_PREFIX_PATH}:/opt/ros/humble /usr/bin/cmake /home/adam/opk/zadanie2/src/vacuum_msgs -DCMAKE_INSTALL_PREFIX=/home/adam/opk/zadanie2/install/vacuum_msgs
[0.819s] Invoking command in '/home/adam/opk/zadanie2/build/vacuum_msgs': CMAKE_PREFIX_PATH=${CMAKE_PREFIX_PATH}:/opt/ros/humble /usr/bin/cmake --build /home/adam/opk/zadanie2/build/vacuum_msgs -- -j12 -l12
[0.852s] [35m[1mConsolidate compiler generated dependencies of target vacuum_msgs__rosidl_generator_c[0m
[0.859s] [  1%] Built target vacuum_msgs__cpp
[0.863s] [ 12%] Built target vacuum_msgs__rosidl_generator_c
[0.867s] [ 12%] Built target ament_cmake_python_symlink_vacuum_msgs
[0.868s] [35m[1mConsolidate compiler generated dependencies of target vacuum_msgs__rosidl_typesupport_cpp[0m
[0.869s] [35m[1mConsolidate compiler generated dependencies of target vacuum_msgs__rosidl_typesupport_introspection_cpp[0m
[0.870s] [35m[1mConsolidate compiler generated dependencies of target vacuum_msgs__rosidl_typesupport_fastrtps_cpp[0m
[0.871s] [35m[1mConsolidate compiler generated dependencies of target vacuum_msgs__rosidl_typesupport_introspection_c[0m
[0.873s] [35m[1mConsolidate compiler generated dependencies of target vacuum_msgs__rosidl_typesupport_c[0m
[0.875s] [35m[1mConsolidate compiler generated dependencies of target vacuum_msgs__rosidl_typesupport_fastrtps_c[0m
[0.879s] [ 24%] Built target vacuum_msgs__rosidl_typesupport_cpp
[0.882s] [ 35%] Built target vacuum_msgs__rosidl_typesupport_c
[0.883s] [ 46%] Built target vacuum_msgs__rosidl_typesupport_introspection_c
[0.884s] [ 58%] Built target vacuum_msgs__rosidl_typesupport_introspection_cpp
[0.886s] [ 69%] Built target vacuum_msgs__rosidl_typesupport_fastrtps_cpp
[0.891s] [ 81%] Built target vacuum_msgs__rosidl_typesupport_fastrtps_c
[0.906s] [ 81%] Built target vacuum_msgs
[0.925s] [ 82%] Built target vacuum_msgs__py
[0.936s] [35m[1mConsolidate compiler generated dependencies of target vacuum_msgs__rosidl_generator_py[0m
[0.950s] [ 92%] Built target vacuum_msgs__rosidl_generator_py
[0.957s] [35m[1mConsolidate compiler generated dependencies of target vacuum_msgs__rosidl_typesupport_introspection_c__pyext[0m
[0.959s] [35m[1mConsolidate compiler generated dependencies of target vacuum_msgs__rosidl_typesupport_fastrtps_c__pyext[0m
[0.959s] [35m[1mConsolidate compiler generated dependencies of target vacuum_msgs__rosidl_typesupport_c__pyext[0m
[0.967s] [ 94%] Built target vacuum_msgs__rosidl_typesupport_introspection_c__pyext
[0.970s] [100%] Built target vacuum_msgs__rosidl_typesupport_fastrtps_c__pyext
[0.971s] [100%] Built target vacuum_msgs__rosidl_typesupport_c__pyext
[0.995s] running egg_info
[0.995s] writing vacuum_msgs.egg-info/PKG-INFO
[0.996s] writing dependency_links to vacuum_msgs.egg-info/dependency_links.txt
[0.996s] writing top-level names to vacuum_msgs.egg-info/top_level.txt
[0.997s] reading manifest file 'vacuum_msgs.egg-info/SOURCES.txt'
[0.997s] writing manifest file 'vacuum_msgs.egg-info/SOURCES.txt'
[1.014s] [100%] Built target ament_cmake_python_build_vacuum_msgs_egg
[1.023s] Invoked command in '/home/adam/opk/zadanie2/build/vacuum_msgs' returned '0': CMAKE_PREFIX_PATH=${CMAKE_PREFIX_PATH}:/opt/ros/humble /usr/bin/cmake --build /home/adam/opk/zadanie2/build/vacuum_msgs -- -j12 -l12
[1.024s] Invoking command in '/home/adam/opk/zadanie2/build/vacuum_msgs': CMAKE_PREFIX_PATH=${CMAKE_PREFIX_PATH}:/opt/ros/humble /usr/bin/cmake --install /home/adam/opk/zadanie2/build/vacuum_msgs
[1.029s] -- Install configuration: ""
[1.029s] -- Execute custom install script
[1.029s] -- Up-to-date symlink: /home/adam/opk/zadanie2/install/vacuum_msgs/share/ament_index/resource_index/rosidl_interfaces/vacuum_msgs
[1.029s] -- Up-to-date symlink: /home/adam/opk/zadanie2/install/vacuum_msgs/include/vacuum_msgs/vacuum_msgs/msg/detail/game_state__functions.h
[1.029s] -- Up-to-date symlink: /home/adam/opk/zadanie2/install/vacuum_msgs/include/vacuum_msgs/vacuum_msgs/msg/detail/game_state__struct.h
[1.030s] -- Up-to-date symlink: /home/adam/opk/zadanie2/install/vacuum_msgs/include/vacuum_msgs/vacuum_msgs/msg/detail/game_state__type_support.h
[1.030s] -- Up-to-date symlink: /home/adam/opk/zadanie2/install/vacuum_msgs/include/vacuum_msgs/vacuum_msgs/msg/detail/robot_status__functions.h
[1.030s] -- Up-to-date symlink: /home/adam/opk/zadanie2/install/vacuum_msgs/include/vacuum_msgs/vacuum_msgs/msg/detail/robot_status__struct.h
[1.030s] -- Up-to-date symlink: /home/adam/opk/zadanie2/install/vacuum_msgs/include/vacuum_msgs/vacuum_msgs/msg/detail/robot_status__type_support.h
[1.030s] -- Up-to-date symlink: /home/adam/opk/zadanie2/install/vacuum_msgs/include/vacuum_msgs/vacuum_msgs/msg/detail/trash_count__functions.h
[1.030s] -- Up-to-date symlink: /home/adam/opk/zadanie2/install/vacuum_msgs/include/vacuum_msgs/vacuum_msgs/msg/detail/trash_count__struct.h
[1.030s] -- Up-to-date symlink: /home/adam/opk/zadanie2/install/vacuum_msgs/include/vacuum_msgs/vacuum_msgs/msg/detail/trash_count__type_support.h
[1.030s] -- Up-to-date symlink: /home/adam/opk/zadanie2/install/vacuum_msgs/include/vacuum_msgs/vacuum_msgs/msg/detail/trash_item__functions.h
[1.030s] -- Up-to-date symlink: /home/adam/opk/zadanie2/install/vacuum_msgs/include/vacuum_msgs/vacuum_msgs/msg/detail/trash_item__struct.h
[1.030s] -- Up-to-date symlink: /home/adam/opk/zadanie2/install/vacuum_msgs/include/vacuum_msgs/vacuum_msgs/msg/detail/trash_item__type_support.h
[1.030s] -- Up-to-date symlink: /home/adam/opk/zadanie2/install/vacuum_msgs/include/vacuum_msgs/vacuum_msgs/msg/game_state.h
[1.030s] -- Up-to-date symlink: /home/adam/opk/zadanie2/install/vacuum_msgs/include/vacuum_msgs/vacuum_msgs/msg/robot_status.h
[1.030s] -- Up-to-date symlink: /home/adam/opk/zadanie2/install/vacuum_msgs/include/vacuum_msgs/vacuum_msgs/msg/rosidl_generator_c__visibility_control.h
[1.031s] -- Up-to-date symlink: /home/adam/opk/zadanie2/install/vacuum_msgs/include/vacuum_msgs/vacuum_msgs/msg/trash_count.h
[1.031s] -- Up-to-date symlink: /home/adam/opk/zadanie2/install/vacuum_msgs/include/vacuum_msgs/vacuum_msgs/msg/trash_item.h
[1.031s] -- Up-to-date symlink: /home/adam/opk/zadanie2/install/vacuum_msgs/include/vacuum_msgs/vacuum_msgs/srv/collect_trash.h
[1.031s] -- Up-to-date symlink: /home/adam/opk/zadanie2/install/vacuum_msgs/include/vacuum_msgs/vacuum_msgs/srv/detail/collect_trash__functions.h
[1.031s] -- Up-to-date symlink: /home/adam/opk/zadanie2/install/vacuum_msgs/include/vacuum_msgs/vacuum_msgs/srv/detail/collect_trash__struct.h
[1.031s] -- Up-to-date symlink: /home/adam/opk/zadanie2/install/vacuum_msgs/include/vacuum_msgs/vacuum_msgs/srv/detail/collect_trash__type_support.h
[1.031s] -- Up-to-date symlink: /home/adam/opk/zadanie2/install/vacuum_msgs/include/vacuum_msgs/vacuum_msgs/srv/detail/reset_game__functions.h
[1.031s] -- Up-to-date symlink: /home/adam/opk/zadanie2/install/vacuum_msgs/include/vacuum_msgs/vacuum_msgs/srv/detail/reset_game__struct.h
[1.031s] -- Up-to-date symlink: /home/adam/opk/zadanie2/install/vacuum_msgs/include/vacuum_msgs/vacuum_msgs/srv/detail/reset_game__type_support.h
[1.031s] -- Up-to-date symlink: /home/adam/opk/zadanie2/install/vacuum_msgs/include/vacuum_msgs/vacuum_msgs/srv/detail/unload_trash__functions.h
[1.031s] -- Up-to-date symlink: /home/adam/opk/zadanie2/install/vacuum_msgs/include/vacuum_msgs/vacuum_msgs/srv/detail/unload_trash__struct.h
[1.031s] -- Up-to-date symlink: /home/adam/opk/zadanie2/install/vacuum_msgs/include/vacuum_msgs/vacuum_msgs/srv/detail/unload_trash__type_support.h
[1.031s] -- Up-to-date symlink: /home/adam/opk/zadanie2/install/vacuum_msgs/include/vacuum_msgs/vacuum_msgs/srv/reset_game.h
[1.031s] -- Up-to-date symlink: /home/adam/opk/zadanie2/install/vacuum_msgs/include/vacuum_msgs/vacuum_msgs/srv/unload_trash.h
[1.032s] -- Up-to-date symlink: /home/adam/opk/zadanie2/install/vacuum_msgs/share/vacuum_msgs/environment/library_path.sh
[1.032s] -- Up-to-date symlink: /home/adam/opk/zadanie2/install/vacuum_msgs/share/vacuum_msgs/environment/library_path.dsv
[1.032s] -- Up-to-date symlink: /home/adam/opk/zadanie2/install/vacuum_msgs/include/vacuum_msgs/vacuum_msgs/msg/detail/game_state__rosidl_typesupport_fastrtps_c.h
[1.032s] -- Up-to-date symlink: /home/adam/opk/zadanie2/install/vacuum_msgs/include/vacuum_msgs/vacuum_msgs/msg/detail/robot_status__rosidl_typesupport_fastrtps_c.h
[1.032s] -- Up-to-date symlink: /home/adam/opk/zadanie2/install/vacuum_msgs/include/vacuum_msgs/vacuum_msgs/msg/detail/trash_count__rosidl_typesupport_fastrtps_c.h
[1.032s] -- Up-to-date symlink: /home/adam/opk/zadanie2/install/vacuum_msgs/include/vacuum_msgs/vacuum_msgs/msg/detail/trash_item__rosidl_typesupport_fastrtps_c.h
[1.032s] -- Up-to-date symlink: /home/adam/opk/zadanie2/install/vacuum_msgs/include/vacuum_msgs/vacuum_msgs/msg/rosidl_typesupport_fastrtps_c__visibility_control.h
[1.032s] -- Up-to-date symlink: /home/adam/opk/zadanie2/install/vacuum_msgs/include/vacuum_msgs/vacuum_msgs/srv/detail/collect_trash__rosidl_typesupport_fastrtps_c.h
[1.032s] -- Up-to-date symlink: /home/adam/opk/zadanie2/install/vacuum_msgs/include/vacuum_msgs/vacuum_msgs/srv/detail/reset_game__rosidl_typesupport_fastrtps_c.h
[1.032s] -- Up-to-date symlink: /home/adam/opk/zadanie2/install/vacuum_msgs/include/vacuum_msgs/vacuum_msgs/srv/detail/unload_trash__rosidl_typesupport_fastrtps_c.h
[1.032s] -- Up-to-date symlink: /home/adam/opk/zadanie2/install/vacuum_msgs/include/vacuum_msgs/vacuum_msgs/msg/detail/game_state__rosidl_typesupport_introspection_c.h
[1.032s] -- Up-to-date symlink: /home/adam/opk/zadanie2/install/vacuum_msgs/include/vacuum_msgs/vacuum_msgs/msg/detail/robot_status__rosidl_typesupport_introspection_c.h
[1.032s] -- Up-to-date symlink: /home/adam/opk/zadanie2/install/vacuum_msgs/include/vacuum_msgs/vacuum_msgs/msg/detail/trash_count__rosidl_typesupport_introspection_c.h
[1.032s] -- Up-to-date symlink: /home/adam/opk/zadanie2/install/vacuum_msgs/include/vacuum_msgs/vacuum_msgs/msg/detail/trash_item__rosidl_typesupport_introspection_c.h
[1.033s] -- Up-to-date symlink: /home/adam/opk/zadanie2/install/vacuum_msgs/include/vacuum_msgs/vacuum_msgs/msg/rosidl_typesupport_introspection_c__visibility_control.h
[1.033s] -- Up-to-date symlink: /home/adam/opk/zadanie2/install/vacuum_msgs/include/vacuum_msgs/vacuum_msgs/srv/detail/collect_trash__rosidl_typesupport_introspection_c.h
[1.033s] -- Up-to-date symlink: /home/adam/opk/zadanie2/install/vacuum_msgs/include/vacuum_msgs/vacuum_msgs/srv/detail/reset_game__rosidl_typesupport_introspection_c.h
[1.033s] -- Up-to-date symlink: /home/adam/opk/zadanie2/install/vacuum_msgs/include/vacuum_msgs/vacuum_msgs/srv/detail/unload_trash__rosidl_typesupport_introspection_c.h
[1.033s] -- Up-to-date symlink: /home/adam/opk/zadanie2/install/vacuum_msgs/include/vacuum_msgs/vacuum_msgs/msg/detail/game_state__builder.hpp
[1.033s] -- Up-to-date symlink: /home/adam/opk/zadanie2/install/vacuum_msgs/include/vacuum_msgs/vacuum_msgs/msg/detail/game_state__struct.hpp
[1.033s] -- Up-to-date symlink: /home/adam/opk/zadanie2/install/vacuum_msgs/include/vacuum_msgs/vacuum_msgs/msg/detail/game_state__traits.hpp
[1.033s] -- Up-to-date symlink: /home/adam/opk/zadanie2/install/vacuum_msgs/include/vacuum_msgs/vacuum_msgs/msg/detail/game_state__type_support.hpp
[1.033s] -- Up-to-date symlink: /home/adam/opk/zadanie2/install/vacuum_msgs/include/vacuum_msgs/vacuum_msgs/msg/detail/robot_status__builder.hpp
[1.033s] -- Up-to-date symlink: /home/adam/opk/zadanie2/install/vacuum_msgs/include/vacuum_msgs/vacuum_msgs/msg/detail/robot_status__struct.hpp
[1.033s] -- Up-to-date symlink: /home/adam/opk/zadanie2/install/vacuum_msgs/include/vacuum_msgs/vacuum_msgs/msg/detail/robot_status__traits.hpp
[1.033s] -- Up-to-date symlink: /home/adam/opk/zadanie2/install/vacuum_msgs/include/vacuum_msgs/vacuum_msgs/msg/detail/robot_status__type_support.hpp
[1.033s] -- Up-to-date symlink: /home/adam/opk/zadanie2/install/vacuum_msgs/include/vacuum_msgs/vacuum_msgs/msg/detail/trash_count__builder.hpp
[1.033s] -- Up-to-date symlink: /home/adam/opk/zadanie2/install/vacuum_msgs/include/vacuum_msgs/vacuum_msgs/msg/detail/trash_count__struct.hpp
[1.033s] -- Up-to-date symlink: /home/adam/opk/zadanie2/install/vacuum_msgs/include/vacuum_msgs/vacuum_msgs/msg/detail/trash_count__traits.hpp
[1.033s] -- Up-to-date symlink: /home/adam/opk/zadanie2/install/vacuum_msgs/include/vacuum_msgs/vacuum_msgs/msg/detail/trash_count__type_support.hpp
[1.033s] -- Up-to-date symlink: /home/adam/opk/zadanie2/install/vacuum_msgs/include/vacuum_msgs/vacuum_msgs/msg/detail/trash_item__builder.hpp
[1.033s] -- Up-to-date symlink: /home/adam/opk/zadanie2/install/vacuum_msgs/include/vacuum_msgs/vacuum_msgs/msg/detail/trash_item__struct.hpp
[1.033s] -- Up-to-date symlink: /home/adam/opk/zadanie2/install/vacuum_msgs/include/vacuum_msgs/vacuum_msgs/msg/detail/trash_item__traits.hpp
[1.033s] -- Up-to-date symlink: /home/adam/opk/zadanie2/install/vacuum_msgs/include/vacuum_msgs/vacuum_msgs/msg/detail/trash_item__type_support.hpp
[1.033s] -- Up-to-date symlink: /home/adam/opk/zadanie2/install/vacuum_msgs/include/vacuum_msgs/vacuum_msgs/msg/game_state.hpp
[1.033s] -- Up-to-date symlink: /home/adam/opk/zadanie2/install/vacuum_msgs/include/vacuum_msgs/vacuum_msgs/msg/robot_status.hpp
[1.033s] -- Up-to-date symlink: /home/adam/opk/zadanie2/install/vacuum_msgs/include/vacuum_msgs/vacuum_msgs/msg/rosidl_generator_cpp__visibility_control.hpp
[1.033s] -- Up-to-date symlink: /home/adam/opk/zadanie2/install/vacuum_msgs/include/vacuum_msgs/vacuum_msgs/msg/trash_count.hpp
[1.033s] -- Up-to-date symlink: /home/adam/opk/zadanie2/install/vacuum_msgs/include/vacuum_msgs/vacuum_msgs/msg/trash_item.hpp
[1.033s] -- Up-to-date symlink: /home/adam/opk/zadanie2/install/vacuum_msgs/include/vacuum_msgs/vacuum_msgs/srv/collect_trash.hpp
[1.033s] -- Up-to-date symlink: /home/adam/opk/zadanie2/install/vacuum_msgs/include/vacuum_msgs/vacuum_msgs/srv/detail/collect_trash__builder.hpp
[1.033s] -- Up-to-date symlink: /home/adam/opk/zadanie2/install/vacuum_msgs/include/vacuum_msgs/vacuum_msgs/srv/detail/collect_trash__struct.hpp
[1.033s] -- Up-to-date symlink: /home/adam/opk/zadanie2/install/vacuum_msgs/include/vacuum_msgs/vacuum_msgs/srv/detail/collect_trash__traits.hpp
[1.034s] -- Up-to-date symlink: /home/adam/opk/zadanie2/install/vacuum_msgs/include/vacuum_msgs/vacuum_msgs/srv/detail/collect_trash__type_support.hpp
[1.034s] -- Up-to-date symlink: /home/adam/opk/zadanie2/install/vacuum_msgs/include/vacuum_msgs/vacuum_msgs/srv/detail/reset_game__builder.hpp
[1.034s] -- Up-to-date symlink: /home/adam/opk/zadanie2/install/vacuum_msgs/include/vacuum_msgs/vacuum_msgs/srv/detail/reset_game__struct.hpp
[1.034s] -- Up-to-date symlink: /home/adam/opk/zadanie2/install/vacuum_msgs/include/vacuum_msgs/vacuum_msgs/srv/detail/reset_game__traits.hpp
[1.034s] -- Up-to-date symlink: /home/adam/opk/zadanie2/install/vacuum_msgs/include/vacuum_msgs/vacuum_msgs/srv/detail/reset_game__type_support.hpp
[1.034s] -- Up-to-date symlink: /home/adam/opk/zadanie2/install/vacuum_msgs/include/vacuum_msgs/vacuum_msgs/srv/detail/unload_trash__builder.hpp
[1.034s] -- Up-to-date symlink: /home/adam/opk/zadanie2/install/vacuum_msgs/include/vacuum_msgs/vacuum_msgs/srv/detail/unload_trash__struct.hpp
[1.034s] -- Up-to-date symlink: /home/adam/opk/zadanie2/install/vacuum_msgs/include/vacuum_msgs/vacuum_msgs/srv/detail/unload_trash__traits.hpp
[1.034s] -- Up-to-date symlink: /home/adam/opk/zadanie2/install/vacuum_msgs/include/vacuum_msgs/vacuum_msgs/srv/detail/unload_trash__type_support.hpp
[1.034s] -- Up-to-date symlink: /home/adam/opk/zadanie2/install/vacuum_msgs/include/vacuum_msgs/vacuum_msgs/srv/reset_game.hpp
[1.034s] -- Up-to-date symlink: /home/adam/opk/zadanie2/install/vacuum_msgs/include/vacuum_msgs/vacuum_msgs/srv/unload_trash.hpp
[1.034s] -- Up-to-date symlink: /home/adam/opk/zadanie2/install/vacuum_msgs/include/vacuum_msgs/vacuum_msgs/msg/detail/game_state__rosidl_typesupport_fastrtps_cpp.hpp
[1.034s] -- Up-to-date symlink: /home/adam/opk/zadanie2/install/vacuum_msgs/include/vacuum_msgs/vacuum_msgs/msg/detail/robot_status__rosidl_typesupport_fastrtps_cpp.hpp
[1.034s] -- Up-to-date symlink: /home/adam/opk/zadanie2/install/vacuum_msgs/include/vacuum_msgs/vacuum_msgs/msg/detail/trash_count__rosidl_typesupport_fastrtps_cpp.hpp
[1.034s] -- Up-to-date symlink: /home/adam/opk/zadanie2/install/vacuum_msgs/include/vacuum_msgs/vacuum_msgs/msg/detail/trash_item__rosidl_typesupport_fastrtps_cpp.hpp
[1.034s] -- Up-to-date symlink: /home/adam/opk/zadanie2/install/vacuum_msgs/include/vacuum_msgs/vacuum_msgs/msg/rosidl_typesupport_fastrtps_cpp__visibility_control.h
[1.034s] -- Up-to-date symlink: /home/adam/opk/zadanie2/install/vacuum_msgs/include/vacuum_msgs/vacuum_msgs/srv/detail/collect_trash__rosidl_typesupport_fastrtps_cpp.hpp
[1.034s] -- Up-to-date symlink: /home/adam/opk/zadanie2/install/vacuum_msgs/include/vacuum_msgs/vacuum_msgs/srv/detail/reset_game__rosidl_typesupport_fastrtps_cpp.hpp
[1.034s] -- Up-to-date symlink: /home/adam/opk/zadanie2/install/vacuum_msgs/include/vacuum_msgs/vacuum_msgs/srv/detail/unload_trash__rosidl_typesupport_fastrtps_cpp.hpp
[1.035s] -- Up-to-date symlink: /home/adam/opk/zadanie2/install/vacuum_msgs/include/vacuum_msgs/vacuum_msgs/msg/detail/game_state__rosidl_typesupport_introspection_cpp.hpp
[1.035s] -- Up-to-date symlink: /home/adam/opk/zadanie2/install/vacuum_msgs/include/vacuum_msgs/vacuum_msgs/msg/detail/robot_status__rosidl_typesupport_introspection_cpp.hpp
[1.035s] -- Up-to-date symlink: /home/adam/opk/zadanie2/install/vacuum_msgs/include/vacuum_msgs/vacuum_msgs/msg/detail/trash_count__rosidl_typesupport_introspection_cpp.hpp
[1.035s] -- Up-to-date symlink: /home/adam/opk/zadanie2/install/vacuum_msgs/include/vacuum_msgs/vacuum_msgs/msg/detail/trash_item__rosidl_typesupport_introspection_cpp.hpp
[1.035s] -- Up-to-date symlink: /home/adam/opk/zadanie2/install/vacuum_msgs/include/vacuum_msgs/vacuum_msgs/srv/detail/collect_trash__rosidl_typesupport_introspection_cpp.hpp
[1.035s] -- Up-to-date symlink: /home/adam/opk/zadanie2/install/vacuum_msgs/include/vacuum_msgs/vacuum_msgs/srv/detail/reset_game__rosidl_typesupport_introspection_cpp.hpp
[1.035s] -- Up-to-date symlink: /home/adam/opk/zadanie2/install/vacuum_msgs/include/vacuum_msgs/vacuum_msgs/srv/detail/unload_trash__rosidl_typesupport_introspection_cpp.hpp
[1.035s] -- Up-to-date symlink: /home/adam/opk/zadanie2/install/vacuum_msgs/share/vacuum_msgs/environment/pythonpath.sh
[1.035s] -- Up-to-date symlink: /home/adam/opk/zadanie2/install/vacuum_msgs/share/vacuum_msgs/environment/pythonpath.dsv
[1.035s] -- Up-to-date symlink: /home/adam/opk/zadanie2/install/vacuum_msgs/local/lib/python3.10/dist-packages/vacuum_msgs-0.1.0-py3.10.egg-info/PKG-INFO
[1.035s] -- Up-to-date symlink: /home/adam/opk/zadanie2/install/vacuum_msgs/local/lib/python3.10/dist-packages/vacuum_msgs-0.1.0-py3.10.egg-info/SOURCES.txt
[1.035s] -- Up-to-date symlink: /home/adam/opk/zadanie2/install/vacuum_msgs/local/lib/python3.10/dist-packages/vacuum_msgs-0.1.0-py3.10.egg-info/dependency_links.txt
[1.035s] -- Up-to-date symlink: /home/adam/opk/zadanie2/install/vacuum_msgs/local/lib/python3.10/dist-packages/vacuum_msgs-0.1.0-py3.10.egg-info/top_level.txt
[1.036s] -- Up-to-date symlink: /home/adam/opk/zadanie2/install/vacuum_msgs/local/lib/python3.10/dist-packages/vacuum_msgs/__init__.py
[1.036s] -- Up-to-date symlink: /home/adam/opk/zadanie2/install/vacuum_msgs/local/lib/python3.10/dist-packages/vacuum_msgs/_vacuum_msgs_s.ep.rosidl_typesupport_c.c
[1.036s] -- Up-to-date symlink: /home/adam/opk/zadanie2/install/vacuum_msgs/local/lib/python3.10/dist-packages/vacuum_msgs/_vacuum_msgs_s.ep.rosidl_typesupport_fastrtps_c.c
[1.036s] -- Up-to-date symlink: /home/adam/opk/zadanie2/install/vacuum_msgs/local/lib/python3.10/dist-packages/vacuum_msgs/_vacuum_msgs_s.ep.rosidl_typesupport_introspection_c.c
[1.036s] -- Up-to-date symlink: /home/adam/opk/zadanie2/install/vacuum_msgs/local/lib/python3.10/dist-packages/vacuum_msgs/libvacuum_msgs__rosidl_generator_py.so
[1.036s] -- Up-to-date symlink: /home/adam/opk/zadanie2/install/vacuum_msgs/local/lib/python3.10/dist-packages/vacuum_msgs/msg/__init__.py
[1.036s] -- Up-to-date symlink: /home/adam/opk/zadanie2/install/vacuum_msgs/local/lib/python3.10/dist-packages/vacuum_msgs/msg/_game_state.py
[1.036s] -- Up-to-date symlink: /home/adam/opk/zadanie2/install/vacuum_msgs/local/lib/python3.10/dist-packages/vacuum_msgs/msg/_game_state_s.c
[1.036s] -- Up-to-date symlink: /home/adam/opk/zadanie2/install/vacuum_msgs/local/lib/python3.10/dist-packages/vacuum_msgs/msg/_robot_status.py
[1.036s] -- Up-to-date symlink: /home/adam/opk/zadanie2/install/vacuum_msgs/local/lib/python3.10/dist-packages/vacuum_msgs/msg/_robot_status_s.c
[1.036s] -- Up-to-date symlink: /home/adam/opk/zadanie2/install/vacuum_msgs/local/lib/python3.10/dist-packages/vacuum_msgs/msg/_trash_count.py
[1.036s] -- Up-to-date symlink: /home/adam/opk/zadanie2/install/vacuum_msgs/local/lib/python3.10/dist-packages/vacuum_msgs/msg/_trash_count_s.c
[1.037s] -- Up-to-date symlink: /home/adam/opk/zadanie2/install/vacuum_msgs/local/lib/python3.10/dist-packages/vacuum_msgs/msg/_trash_item.py
[1.037s] -- Up-to-date symlink: /home/adam/opk/zadanie2/install/vacuum_msgs/local/lib/python3.10/dist-packages/vacuum_msgs/msg/_trash_item_s.c
[1.037s] -- Up-to-date symlink: /home/adam/opk/zadanie2/install/vacuum_msgs/local/lib/python3.10/dist-packages/vacuum_msgs/srv/__init__.py
[1.037s] -- Up-to-date symlink: /home/adam/opk/zadanie2/install/vacuum_msgs/local/lib/python3.10/dist-packages/vacuum_msgs/srv/_collect_trash.py
[1.037s] -- Up-to-date symlink: /home/adam/opk/zadanie2/install/vacuum_msgs/local/lib/python3.10/dist-packages/vacuum_msgs/srv/_collect_trash_s.c
[1.037s] -- Up-to-date symlink: /home/adam/opk/zadanie2/install/vacuum_msgs/local/lib/python3.10/dist-packages/vacuum_msgs/srv/_reset_game.py
[1.037s] -- Up-to-date symlink: /home/adam/opk/zadanie2/install/vacuum_msgs/local/lib/python3.10/dist-packages/vacuum_msgs/srv/_reset_game_s.c
[1.037s] -- Up-to-date symlink: /home/adam/opk/zadanie2/install/vacuum_msgs/local/lib/python3.10/dist-packages/vacuum_msgs/srv/_unload_trash.py
[1.037s] -- Up-to-date symlink: /home/adam/opk/zadanie2/install/vacuum_msgs/local/lib/python3.10/dist-packages/vacuum_msgs/srv/_unload_trash_s.c
[1.037s] -- Up-to-date symlink: /home/adam/opk/zadanie2/install/vacuum_msgs/local/lib/python3.10/dist-packages/vacuum_msgs/vacuum_msgs_s__rosidl_typesupport_c.cpython-310-x86_64-linux-gnu.so
[1.037s] -- Up-to-date symlink: /home/adam/opk/zadanie2/install/vacuum_msgs/local/lib/python3.10/dist-packages/vacuum_msgs/vacuum_msgs_s__rosidl_typesupport_fastrtps_c.cpython-310-x86_64-linux-gnu.so
[1.037s] -- Up-to-date symlink: /home/adam/opk/zadanie2/install/vacuum_msgs/local/lib/python3.10/dist-packages/vacuum_msgs/vacuum_msgs_s__rosidl_typesupport_introspection_c.cpython-310-x86_64-linux-gnu.so
[1.037s] -- Up-to-date symlink: /home/adam/opk/zadanie2/install/vacuum_msgs/local/lib/python3.10/dist-packages/vacuum_msgs/vacuum_msgs_s__rosidl_typesupport_fastrtps_c.cpython-310-x86_64-linux-gnu.so
[1.037s] -- Up-to-date symlink: /home/adam/opk/zadanie2/install/vacuum_msgs/local/lib/python3.10/dist-packages/vacuum_msgs/vacuum_msgs_s__rosidl_typesupport_introspection_c.cpython-310-x86_64-linux-gnu.so
[1.037s] -- Up-to-date symlink: /home/adam/opk/zadanie2/install/vacuum_msgs/local/lib/python3.10/dist-packages/vacuum_msgs/vacuum_msgs_s__rosidl_typesupport_c.cpython-310-x86_64-linux-gnu.so
[1.037s] -- Up-to-date symlink: /home/adam/opk/zadanie2/install/vacuum_msgs/share/vacuum_msgs/msg/TrashItem.idl
[1.037s] -- Up-to-date symlink: /home/adam/opk/zadanie2/install/vacuum_msgs/share/vacuum_msgs/msg/TrashCount.idl
[1.037s] -- Up-to-date symlink: /home/adam/opk/zadanie2/install/vacuum_msgs/share/vacuum_msgs/msg/RobotStatus.idl
[1.037s] -- Up-to-date symlink: /home/adam/opk/zadanie2/install/vacuum_msgs/share/vacuum_msgs/msg/GameState.idl
[1.037s] -- Up-to-date symlink: /home/adam/opk/zadanie2/install/vacuum_msgs/share/vacuum_msgs/srv/CollectTrash.idl
[1.037s] -- Up-to-date symlink: /home/adam/opk/zadanie2/install/vacuum_msgs/share/vacuum_msgs/srv/UnloadTrash.idl
[1.037s] -- Up-to-date symlink: /home/adam/opk/zadanie2/install/vacuum_msgs/share/vacuum_msgs/srv/ResetGame.idl
[1.037s] -- Up-to-date symlink: /home/adam/opk/zadanie2/install/vacuum_msgs/share/vacuum_msgs/msg/TrashItem.msg
[1.038s] -- Up-to-date symlink: /home/adam/opk/zadanie2/install/vacuum_msgs/share/vacuum_msgs/msg/TrashCount.msg
[1.038s] -- Up-to-date symlink: /home/adam/opk/zadanie2/install/vacuum_msgs/share/vacuum_msgs/msg/RobotStatus.msg
[1.038s] -- Up-to-date symlink: /home/adam/opk/zadanie2/install/vacuum_msgs/share/vacuum_msgs/msg/GameState.msg
[1.038s] -- Up-to-date symlink: /home/adam/opk/zadanie2/install/vacuum_msgs/share/vacuum_msgs/srv/CollectTrash.srv
[1.038s] -- Up-to-date symlink: /home/adam/opk/zadanie2/install/vacuum_msgs/share/vacuum_msgs/srv/CollectTrash_Request.msg
[1.038s] -- Up-to-date symlink: /home/adam/opk/zadanie2/install/vacuum_msgs/share/vacuum_msgs/srv/CollectTrash_Response.msg
[1.038s] -- Up-to-date symlink: /home/adam/opk/zadanie2/install/vacuum_msgs/share/vacuum_msgs/srv/UnloadTrash.srv
[1.038s] -- Up-to-date symlink: /home/adam/opk/zadanie2/install/vacuum_msgs/share/vacuum_msgs/srv/UnloadTrash_Request.msg
[1.038s] -- Up-to-date symlink: /home/adam/opk/zadanie2/install/vacuum_msgs/share/vacuum_msgs/srv/UnloadTrash_Response.msg
[1.038s] -- Up-to-date symlink: /home/adam/opk/zadanie2/install/vacuum_msgs/share/vacuum_msgs/srv/ResetGame.srv
[1.038s] -- Up-to-date symlink: /home/adam/opk/zadanie2/install/vacuum_msgs/share/vacuum_msgs/srv/ResetGame_Request.msg
[1.038s] -- Up-to-date symlink: /home/adam/opk/zadanie2/install/vacuum_msgs/share/vacuum_msgs/srv/ResetGame_Response.msg
[1.038s] -- Up-to-date symlink: /home/adam/opk/zadanie2/install/vacuum_msgs/share/ament_index/resource_index/package_run_dependencies/vacuum_msgs
[1.038s] -- Up-to-date symlink: /home/adam/opk/zadanie2/install/vacuum_msgs/share/ament_index/resource_index/parent_prefix_path/vacuum_msgs
[1.038s] -- Up-to-date symlink: /home/adam/opk/zadanie2/install/vacuum_msgs/share/vacuum_msgs/environment/ament_prefix_path.sh
[1.038s] -- Up-to-date symlink: /home/adam/opk/zadanie2/install/vacuum_msgs/share/vacuum_msgs/environment/ament_prefix_path.dsv
[1.039s] -- Up-to-date symlink: /home/adam/opk/zadanie2/install/vacuum_msgs/share/vacuum_msgs/environment/path.sh
[1.039s] -- Up-to-date symlink: /home/adam/opk/zadanie2/install/vacuum_msgs/share/vacuum_msgs/environment/path.dsv
[1.039s] -- Up-to-date symlink: /home/adam/opk/zadanie2/install/vacuum_msgs/share/vacuum_msgs/local_setup.bash
[1.039s] -- Up-to-date symlink: /home/adam/opk/zadanie2/install/vacuum_msgs/share/vacuum_msgs/local_setup.sh
[1.039s] -- Up-to-date symlink: /home/adam/opk/zadanie2/install/vacuum_msgs/share/vacuum_msgs/local_setup.zsh
[1.039s] -- Up-to-date symlink: /home/adam/opk/zadanie2/install/vacuum_msgs/share/vacuum_msgs/local_setup.dsv
[1.039s] -- Symlinking: /home/adam/opk/zadanie2/install/vacuum_msgs/share/vacuum_msgs/package.dsv
[1.044s] -- Up-to-date symlink: /home/adam/opk/zadanie2/install/vacuum_msgs/share/ament_index/resource_index/packages/vacuum_msgs
[1.044s] -- Up-to-date symlink: /home/adam/opk/zadanie2/install/vacuum_msgs/share/vacuum_msgs/cmake/rosidl_cmake-extras.cmake
[1.044s] -- Up-to-date symlink: /home/adam/opk/zadanie2/install/vacuum_msgs/share/vacuum_msgs/cmake/ament_cmake_export_dependencies-extras.cmake
[1.044s] -- Up-to-date symlink: /home/adam/opk/zadanie2/install/vacuum_msgs/share/vacuum_msgs/cmake/ament_cmake_export_include_directories-extras.cmake
[1.044s] -- Up-to-date symlink: /home/adam/opk/zadanie2/install/vacuum_msgs/share/vacuum_msgs/cmake/ament_cmake_export_libraries-extras.cmake
[1.044s] -- Up-to-date symlink: /home/adam/opk/zadanie2/install/vacuum_msgs/share/vacuum_msgs/cmake/ament_cmake_export_targets-extras.cmake
[1.044s] -- Up-to-date symlink: /home/adam/opk/zadanie2/install/vacuum_msgs/share/vacuum_msgs/cmake/rosidl_cmake_export_typesupport_targets-extras.cmake
[1.044s] -- Up-to-date symlink: /home/adam/opk/zadanie2/install/vacuum_msgs/share/vacuum_msgs/cmake/rosidl_cmake_export_typesupport_libraries-extras.cmake
[1.044s] -- Up-to-date symlink: /home/adam/opk/zadanie2/install/vacuum_msgs/share/vacuum_msgs/cmake/vacuum_msgsConfig.cmake
[1.044s] -- Up-to-date symlink: /home/adam/opk/zadanie2/install/vacuum_msgs/share/vacuum_msgs/cmake/vacuum_msgsConfig-version.cmake
[1.045s] -- Up-to-date symlink: /home/adam/opk/zadanie2/install/vacuum_msgs/share/vacuum_msgs/package.xml
[1.045s] -- Up-to-date: /home/adam/opk/zadanie2/install/vacuum_msgs/lib/libvacuum_msgs__rosidl_generator_c.so
[1.045s] -- Up-to-date: /home/adam/opk/zadanie2/install/vacuum_msgs/lib/libvacuum_msgs__rosidl_typesupport_fastrtps_c.so
[1.046s] -- Up-to-date: /home/adam/opk/zadanie2/install/vacuum_msgs/lib/libvacuum_msgs__rosidl_typesupport_introspection_c.so
[1.046s] -- Up-to-date: /home/adam/opk/zadanie2/install/vacuum_msgs/lib/libvacuum_msgs__rosidl_typesupport_c.so
[1.046s] -- Up-to-date: /home/adam/opk/zadanie2/install/vacuum_msgs/lib/libvacuum_msgs__rosidl_typesupport_fastrtps_cpp.so
[1.046s] -- Up-to-date: /home/adam/opk/zadanie2/install/vacuum_msgs/lib/libvacuum_msgs__rosidl_typesupport_introspection_cpp.so
[1.046s] -- Up-to-date: /home/adam/opk/zadanie2/install/vacuum_msgs/lib/libvacuum_msgs__rosidl_typesupport_cpp.so
[1.067s] Listing '/home/adam/opk/zadanie2/install/vacuum_msgs/local/lib/python3.10/dist-packages/vacuum_msgs'...
[1.067s] Compiling '/home/adam/opk/zadanie2/install/vacuum_msgs/local/lib/python3.10/dist-packages/vacuum_msgs/__init__.py'...
[1.067s] Listing '/home/adam/opk/zadanie2/install/vacuum_msgs/local/lib/python3.10/dist-packages/vacuum_msgs/msg'...
[1.067s] Listing '/home/adam/opk/zadanie2/install/vacuum_msgs/local/lib/python3.10/dist-packages/vacuum_msgs/srv'...
[1.070s] -- Up-to-date: /home/adam/opk/zadanie2/install/vacuum_msgs/lib/libvacuum_msgs__rosidl_generator_py.so
[1.070s] -- Up-to-date: /home/adam/opk/zadanie2/install/vacuum_msgs/share/vacuum_msgs/cmake/export_vacuum_msgs__rosidl_generator_cExport.cmake
[1.071s] -- Up-to-date: /home/adam/opk/zadanie2/install/vacuum_msgs/share/vacuum_msgs/cmake/export_vacuum_msgs__rosidl_generator_cExport-noconfig.cmake
[1.071s] -- Up-to-date: /home/adam/opk/zadanie2/install/vacuum_msgs/share/vacuum_msgs/cmake/export_vacuum_msgs__rosidl_typesupport_fastrtps_cExport.cmake
[1.071s] -- Up-to-date: /home/adam/opk/zadanie2/install/vacuum_msgs/share/vacuum_msgs/cmake/export_vacuum_msgs__rosidl_typesupport_fastrtps_cExport-noconfig.cmake
[1.071s] -- Up-to-date: /home/adam/opk/zadanie2/install/vacuum_msgs/share/vacuum_msgs/cmake/vacuum_msgs__rosidl_typesupport_introspection_cExport.cmake
[1.071s] -- Up-to-date: /home/adam/opk/zadanie2/install/vacuum_msgs/share/vacuum_msgs/cmake/vacuum_msgs__rosidl_typesupport_introspection_cExport-noconfig.cmake
[1.071s] -- Up-to-date: /home/adam/opk/zadanie2/install/vacuum_msgs/share/vacuum_msgs/cmake/vacuum_msgs__rosidl_typesupport_cExport.cmake
[1.071s] -- Up-to-date: /home/adam/opk/zadanie2/install/vacuum_msgs/share/vacuum_msgs/cmake/vacuum_msgs__rosidl_typesupport_cExport-noconfig.cmake
[1.071s] -- Up-to-date: /home/adam/opk/zadanie2/install/vacuum_msgs/share/vacuum_msgs/cmake/export_vacuum_msgs__rosidl_generator_cppExport.cmake
[1.071s] -- Up-to-date: /home/adam/opk/zadanie2/install/vacuum_msgs/share/vacuum_msgs/cmake/export_vacuum_msgs__rosidl_typesupport_fastrtps_cppExport.cmake
[1.071s] -- Up-to-date: /home/adam/opk/zadanie2/install/vacuum_msgs/share/vacuum_msgs/cmake/export_vacuum_msgs__rosidl_typesupport_fastrtps_cppExport-noconfig.cmake
[1.071s] -- Up-to-date: /home/adam/opk/zadanie2/install/vacuum_msgs/share/vacuum_msgs/cmake/vacuum_msgs__rosidl_typesupport_introspection_cppExport.cmake
[1.071s] -- Up-to-date: /home/adam/opk/zadanie2/install/vacuum_msgs/share/vacuum_msgs/cmake/vacuum_msgs__rosidl_typesupport_introspection_cppExport-noconfig.cmake
[1.071s] -- Up-to-date: /home/adam/opk/zadanie2/install/vacuum_msgs/share/vacuum_msgs/cmake/vacuum_msgs__rosidl_typesupport_cppExport.cmake
[1.071s] -- Up-to-date: /home/adam/opk/zadanie2/install/vacuum_msgs/share/vacuum_msgs/cmake/vacuum_msgs__rosidl_typesupport_cppExport-noconfig.cmake
[1.071s] -- Up-to-date: /home/adam/opk/zadanie2/install/vacuum_msgs/share/vacuum_msgs/cmake/export_vacuum_msgs__rosidl_generator_pyExport.cmake
[1.071s] -- Up-to-date: /home/adam/opk/zadanie2/install/vacuum_msgs/share/vacuum_msgs/cmake/export_vacuum_msgs__rosidl_generator_pyExport-noconfig.cmake
[1.072s] Invoked command in '/home/adam/opk/zadanie2/build/vacuum_msgs' returned '0': CMAKE_PREFIX_PATH=${CMAKE_PREFIX_PATH}:/opt/ros/humble /usr/bin/cmake --install /home/adam/opk/zadanie2/build/vacuum_msgs
