[0.062s] DEBUG:colcon:Command line arguments: ['/usr/bin/colcon', 'build', '--symlink-install']
[0.062s] DEBUG:colcon:Parsed command line arguments: Namespace(log_base=None, log_level=None, verb_name='build', build_base='build', install_base='install', merge_install=False, symlink_install=True, test_result_base=None, continue_on_error=False, executor='parallel', parallel_workers=12, event_handlers=None, ignore_user_meta=False, metas=['./colcon.meta'], base_paths=['.'], packages_ignore=None, packages_ignore_regex=None, paths=None, packages_up_to=None, packages_up_to_regex=None, packages_above=None, packages_above_and_dependencies=None, packages_above_depth=None, packages_select_by_dep=None, packages_skip_by_dep=None, packages_skip_up_to=None, packages_select_build_failed=False, packages_skip_build_finished=False, packages_select_test_failures=False, packages_skip_test_passed=False, packages_select=None, packages_skip=None, packages_select_regex=None, packages_skip_regex=None, packages_start=None, packages_end=None, allow_overriding=[], cmake_args=None, cmake_target=None, cmake_target_skip_unavailable=False, cmake_clean_cache=False, cmake_clean_first=False, cmake_force_configure=False, ament_cmake_args=None, catkin_cmake_args=None, catkin_skip_building_tests=False, verb_parser=<colcon_defaults.argument_parser.defaults.DefaultArgumentsDecorator object at 0x7c704da50130>, verb_extension=<colcon_core.verb.build.BuildVerb object at 0x7c704da1b0d0>, main=<bound method BuildVerb.main of <colcon_core.verb.build.BuildVerb object at 0x7c704da1b0d0>>)
[0.302s] Level 1:colcon.colcon_core.package_discovery:discover_packages(colcon_meta) check parameters
[0.302s] Level 1:colcon.colcon_core.package_discovery:discover_packages(recursive) check parameters
[0.302s] Level 1:colcon.colcon_core.package_discovery:discover_packages(ignore) check parameters
[0.302s] Level 1:colcon.colcon_core.package_discovery:discover_packages(path) check parameters
[0.302s] Level 1:colcon.colcon_core.package_discovery:discover_packages(colcon_meta) discover
[0.302s] Level 1:colcon.colcon_core.package_discovery:discover_packages(recursive) discover
[0.302s] INFO:colcon.colcon_core.package_discovery:Crawling recursively for packages in '/home/adam/opk/zadanie2'
[0.302s] Level 1:colcon.colcon_core.package_identification:_identify(.) by extensions ['ignore', 'ignore_ament_install']
[0.303s] Level 1:colcon.colcon_core.package_identification:_identify(.) by extension 'ignore'
[0.303s] Level 1:colcon.colcon_core.package_identification:_identify(.) by extension 'ignore_ament_install'
[0.303s] Level 1:colcon.colcon_core.package_identification:_identify(.) by extensions ['colcon_pkg']
[0.303s] Level 1:colcon.colcon_core.package_identification:_identify(.) by extension 'colcon_pkg'
[0.303s] Level 1:colcon.colcon_core.package_identification:_identify(.) by extensions ['colcon_meta']
[0.303s] Level 1:colcon.colcon_core.package_identification:_identify(.) by extension 'colcon_meta'
[0.303s] Level 1:colcon.colcon_core.package_identification:_identify(.) by extensions ['ros']
[0.303s] Level 1:colcon.colcon_core.package_identification:_identify(.) by extension 'ros'
[0.311s] Level 1:colcon.colcon_core.package_identification:_identify(.) by extensions ['cmake', 'python']
[0.311s] Level 1:colcon.colcon_core.package_identification:_identify(.) by extension 'cmake'
[0.311s] Level 1:colcon.colcon_core.package_identification:_identify(.) by extension 'python'
[0.311s] Level 1:colcon.colcon_core.package_identification:_identify(.) by extensions ['python_setup_py']
[0.311s] Level 1:colcon.colcon_core.package_identification:_identify(.) by extension 'python_setup_py'
[0.311s] Level 1:colcon.colcon_core.package_identification:_identify(build) by extensions ['ignore', 'ignore_ament_install']
[0.311s] Level 1:colcon.colcon_core.package_identification:_identify(build) by extension 'ignore'
[0.311s] Level 1:colcon.colcon_core.package_identification:_identify(build) ignored
[0.311s] Level 1:colcon.colcon_core.package_identification:_identify(install) by extensions ['ignore', 'ignore_ament_install']
[0.311s] Level 1:colcon.colcon_core.package_identification:_identify(install) by extension 'ignore'
[0.311s] Level 1:colcon.colcon_core.package_identification:_identify(install) ignored
[0.311s] Level 1:colcon.colcon_core.package_identification:_identify(log) by extensions ['ignore', 'ignore_ament_install']
[0.311s] Level 1:colcon.colcon_core.package_identification:_identify(log) by extension 'ignore'
[0.311s] Level 1:colcon.colcon_core.package_identification:_identify(log) ignored
[0.312s] Level 1:colcon.colcon_core.package_identification:_identify(src) by extensions ['ignore', 'ignore_ament_install']
[0.312s] Level 1:colcon.colcon_core.package_identification:_identify(src) by extension 'ignore'
[0.312s] Level 1:colcon.colcon_core.package_identification:_identify(src) by extension 'ignore_ament_install'
[0.312s] Level 1:colcon.colcon_core.package_identification:_identify(src) by extensions ['colcon_pkg']
[0.312s] Level 1:colcon.colcon_core.package_identification:_identify(src) by extension 'colcon_pkg'
[0.312s] Level 1:colcon.colcon_core.package_identification:_identify(src) by extensions ['colcon_meta']
[0.312s] Level 1:colcon.colcon_core.package_identification:_identify(src) by extension 'colcon_meta'
[0.312s] Level 1:colcon.colcon_core.package_identification:_identify(src) by extensions ['ros']
[0.312s] Level 1:colcon.colcon_core.package_identification:_identify(src) by extension 'ros'
[0.312s] Level 1:colcon.colcon_core.package_identification:_identify(src) by extensions ['cmake', 'python']
[0.312s] Level 1:colcon.colcon_core.package_identification:_identify(src) by extension 'cmake'
[0.312s] Level 1:colcon.colcon_core.package_identification:_identify(src) by extension 'python'
[0.312s] Level 1:colcon.colcon_core.package_identification:_identify(src) by extensions ['python_setup_py']
[0.312s] Level 1:colcon.colcon_core.package_identification:_identify(src) by extension 'python_setup_py'
[0.312s] Level 1:colcon.colcon_core.package_identification:_identify(src/vacuum_bringup) by extensions ['ignore', 'ignore_ament_install']
[0.312s] Level 1:colcon.colcon_core.package_identification:_identify(src/vacuum_bringup) by extension 'ignore'
[0.312s] Level 1:colcon.colcon_core.package_identification:_identify(src/vacuum_bringup) by extension 'ignore_ament_install'
[0.312s] Level 1:colcon.colcon_core.package_identification:_identify(src/vacuum_bringup) by extensions ['colcon_pkg']
[0.312s] Level 1:colcon.colcon_core.package_identification:_identify(src/vacuum_bringup) by extension 'colcon_pkg'
[0.312s] Level 1:colcon.colcon_core.package_identification:_identify(src/vacuum_bringup) by extensions ['colcon_meta']
[0.312s] Level 1:colcon.colcon_core.package_identification:_identify(src/vacuum_bringup) by extension 'colcon_meta'
[0.312s] Level 1:colcon.colcon_core.package_identification:_identify(src/vacuum_bringup) by extensions ['ros']
[0.312s] Level 1:colcon.colcon_core.package_identification:_identify(src/vacuum_bringup) by extension 'ros'
[0.313s] DEBUG:colcon.colcon_core.package_identification:Package 'src/vacuum_bringup' with type 'ros.ament_cmake' and name 'vacuum_bringup'
[0.313s] Level 1:colcon.colcon_core.package_identification:_identify(src/vacuum_core) by extensions ['ignore', 'ignore_ament_install']
[0.315s] Level 1:colcon.colcon_core.package_identification:_identify(src/vacuum_core) by extension 'ignore'
[0.315s] Level 1:colcon.colcon_core.package_identification:_identify(src/vacuum_core) by extension 'ignore_ament_install'
[0.315s] Level 1:colcon.colcon_core.package_identification:_identify(src/vacuum_core) by extensions ['colcon_pkg']
[0.315s] Level 1:colcon.colcon_core.package_identification:_identify(src/vacuum_core) by extension 'colcon_pkg'
[0.315s] Level 1:colcon.colcon_core.package_identification:_identify(src/vacuum_core) by extensions ['colcon_meta']
[0.315s] Level 1:colcon.colcon_core.package_identification:_identify(src/vacuum_core) by extension 'colcon_meta'
[0.315s] Level 1:colcon.colcon_core.package_identification:_identify(src/vacuum_core) by extensions ['ros']
[0.315s] Level 1:colcon.colcon_core.package_identification:_identify(src/vacuum_core) by extension 'ros'
[0.315s] DEBUG:colcon.colcon_core.package_identification:Package 'src/vacuum_core' with type 'ros.ament_cmake' and name 'vacuum_core'
[0.315s] Level 1:colcon.colcon_core.package_identification:_identify(src/vacuum_game) by extensions ['ignore', 'ignore_ament_install']
[0.315s] Level 1:colcon.colcon_core.package_identification:_identify(src/vacuum_game) by extension 'ignore'
[0.315s] Level 1:colcon.colcon_core.package_identification:_identify(src/vacuum_game) by extension 'ignore_ament_install'
[0.315s] Level 1:colcon.colcon_core.package_identification:_identify(src/vacuum_game) by extensions ['colcon_pkg']
[0.315s] Level 1:colcon.colcon_core.package_identification:_identify(src/vacuum_game) by extension 'colcon_pkg'
[0.315s] Level 1:colcon.colcon_core.package_identification:_identify(src/vacuum_game) by extensions ['colcon_meta']
[0.315s] Level 1:colcon.colcon_core.package_identification:_identify(src/vacuum_game) by extension 'colcon_meta'
[0.315s] Level 1:colcon.colcon_core.package_identification:_identify(src/vacuum_game) by extensions ['ros']
[0.315s] Level 1:colcon.colcon_core.package_identification:_identify(src/vacuum_game) by extension 'ros'
[0.316s] DEBUG:colcon.colcon_core.package_identification:Package 'src/vacuum_game' with type 'ros.ament_cmake' and name 'vacuum_game'
[0.316s] Level 1:colcon.colcon_core.package_identification:_identify(src/vacuum_msgs) by extensions ['ignore', 'ignore_ament_install']
[0.316s] Level 1:colcon.colcon_core.package_identification:_identify(src/vacuum_msgs) by extension 'ignore'
[0.316s] Level 1:colcon.colcon_core.package_identification:_identify(src/vacuum_msgs) by extension 'ignore_ament_install'
[0.316s] Level 1:colcon.colcon_core.package_identification:_identify(src/vacuum_msgs) by extensions ['colcon_pkg']
[0.316s] Level 1:colcon.colcon_core.package_identification:_identify(src/vacuum_msgs) by extension 'colcon_pkg'
[0.316s] Level 1:colcon.colcon_core.package_identification:_identify(src/vacuum_msgs) by extensions ['colcon_meta']
[0.316s] Level 1:colcon.colcon_core.package_identification:_identify(src/vacuum_msgs) by extension 'colcon_meta'
[0.316s] Level 1:colcon.colcon_core.package_identification:_identify(src/vacuum_msgs) by extensions ['ros']
[0.316s] Level 1:colcon.colcon_core.package_identification:_identify(src/vacuum_msgs) by extension 'ros'
[0.317s] DEBUG:colcon.colcon_core.package_identification:Package 'src/vacuum_msgs' with type 'ros.ament_cmake' and name 'vacuum_msgs'
[0.317s] Level 1:colcon.colcon_core.package_identification:_identify(src/vacuum_robot) by extensions ['ignore', 'ignore_ament_install']
[0.317s] Level 1:colcon.colcon_core.package_identification:_identify(src/vacuum_robot) by extension 'ignore'
[0.317s] Level 1:colcon.colcon_core.package_identification:_identify(src/vacuum_robot) by extension 'ignore_ament_install'
[0.317s] Level 1:colcon.colcon_core.package_identification:_identify(src/vacuum_robot) by extensions ['colcon_pkg']
[0.317s] Level 1:colcon.colcon_core.package_identification:_identify(src/vacuum_robot) by extension 'colcon_pkg'
[0.317s] Level 1:colcon.colcon_core.package_identification:_identify(src/vacuum_robot) by extensions ['colcon_meta']
[0.317s] Level 1:colcon.colcon_core.package_identification:_identify(src/vacuum_robot) by extension 'colcon_meta'
[0.317s] Level 1:colcon.colcon_core.package_identification:_identify(src/vacuum_robot) by extensions ['ros']
[0.317s] Level 1:colcon.colcon_core.package_identification:_identify(src/vacuum_robot) by extension 'ros'
[0.317s] DEBUG:colcon.colcon_core.package_identification:Package 'src/vacuum_robot' with type 'ros.ament_cmake' and name 'vacuum_robot'
[0.318s] Level 1:colcon.colcon_core.package_discovery:discover_packages(recursive) using defaults
[0.318s] Level 1:colcon.colcon_core.package_discovery:discover_packages(ignore) discover
[0.318s] Level 1:colcon.colcon_core.package_discovery:discover_packages(ignore) using defaults
[0.318s] Level 1:colcon.colcon_core.package_discovery:discover_packages(path) discover
[0.318s] Level 1:colcon.colcon_core.package_discovery:discover_packages(path) using defaults
[0.332s] Level 1:colcon.colcon_core.package_discovery:discover_packages(prefix_path) check parameters
[0.332s] Level 1:colcon.colcon_core.package_discovery:discover_packages(prefix_path) discover
[0.334s] DEBUG:colcon.colcon_installed_package_information.package_discovery:Found 5 installed packages in /home/adam/opk/zadanie2/install
[0.334s] DEBUG:colcon.colcon_installed_package_information.package_discovery:Found 11 installed packages in /home/adam/rrm_ws/install
[0.336s] DEBUG:colcon.colcon_installed_package_information.package_discovery:Found 274 installed packages in /opt/ros/humble
[0.345s] Level 1:colcon.colcon_core.package_discovery:discover_packages(prefix_path) using defaults
[0.380s] Level 5:colcon.colcon_core.verb:set package 'vacuum_core' build argument 'cmake_args' from command line to 'None'
[0.380s] Level 5:colcon.colcon_core.verb:set package 'vacuum_core' build argument 'cmake_target' from command line to 'None'
[0.380s] Level 5:colcon.colcon_core.verb:set package 'vacuum_core' build argument 'cmake_target_skip_unavailable' from command line to 'False'
[0.380s] Level 5:colcon.colcon_core.verb:set package 'vacuum_core' build argument 'cmake_clean_cache' from command line to 'False'
[0.380s] Level 5:colcon.colcon_core.verb:set package 'vacuum_core' build argument 'cmake_clean_first' from command line to 'False'
[0.380s] Level 5:colcon.colcon_core.verb:set package 'vacuum_core' build argument 'cmake_force_configure' from command line to 'False'
[0.380s] Level 5:colcon.colcon_core.verb:set package 'vacuum_core' build argument 'ament_cmake_args' from command line to 'None'
[0.380s] Level 5:colcon.colcon_core.verb:set package 'vacuum_core' build argument 'catkin_cmake_args' from command line to 'None'
[0.380s] Level 5:colcon.colcon_core.verb:set package 'vacuum_core' build argument 'catkin_skip_building_tests' from command line to 'False'
[0.380s] DEBUG:colcon.colcon_core.verb:Building package 'vacuum_core' with the following arguments: {'ament_cmake_args': None, 'build_base': '/home/adam/opk/zadanie2/build/vacuum_core', 'catkin_cmake_args': None, 'catkin_skip_building_tests': False, 'cmake_args': None, 'cmake_clean_cache': False, 'cmake_clean_first': False, 'cmake_force_configure': False, 'cmake_target': None, 'cmake_target_skip_unavailable': False, 'install_base': '/home/adam/opk/zadanie2/install/vacuum_core', 'merge_install': False, 'path': '/home/adam/opk/zadanie2/src/vacuum_core', 'symlink_install': True, 'test_result_base': None}
[0.380s] Level 5:colcon.colcon_core.verb:set package 'vacuum_msgs' build argument 'cmake_args' from command line to 'None'
[0.380s] Level 5:colcon.colcon_core.verb:set package 'vacuum_msgs' build argument 'cmake_target' from command line to 'None'
[0.380s] Level 5:colcon.colcon_core.verb:set package 'vacuum_msgs' build argument 'cmake_target_skip_unavailable' from command line to 'False'
[0.380s] Level 5:colcon.colcon_core.verb:set package 'vacuum_msgs' build argument 'cmake_clean_cache' from command line to 'False'
[0.380s] Level 5:colcon.colcon_core.verb:set package 'vacuum_msgs' build argument 'cmake_clean_first' from command line to 'False'
[0.380s] Level 5:colcon.colcon_core.verb:set package 'vacuum_msgs' build argument 'cmake_force_configure' from command line to 'False'
[0.380s] Level 5:colcon.colcon_core.verb:set package 'vacuum_msgs' build argument 'ament_cmake_args' from command line to 'None'
[0.380s] Level 5:colcon.colcon_core.verb:set package 'vacuum_msgs' build argument 'catkin_cmake_args' from command line to 'None'
[0.380s] Level 5:colcon.colcon_core.verb:set package 'vacuum_msgs' build argument 'catkin_skip_building_tests' from command line to 'False'
[0.380s] DEBUG:colcon.colcon_core.verb:Building package 'vacuum_msgs' with the following arguments: {'ament_cmake_args': None, 'build_base': '/home/adam/opk/zadanie2/build/vacuum_msgs', 'catkin_cmake_args': None, 'catkin_skip_building_tests': False, 'cmake_args': None, 'cmake_clean_cache': False, 'cmake_clean_first': False, 'cmake_force_configure': False, 'cmake_target': None, 'cmake_target_skip_unavailable': False, 'install_base': '/home/adam/opk/zadanie2/install/vacuum_msgs', 'merge_install': False, 'path': '/home/adam/opk/zadanie2/src/vacuum_msgs', 'symlink_install': True, 'test_result_base': None}
[0.380s] Level 5:colcon.colcon_core.verb:set package 'vacuum_game' build argument 'cmake_args' from command line to 'None'
[0.380s] Level 5:colcon.colcon_core.verb:set package 'vacuum_game' build argument 'cmake_target' from command line to 'None'
[0.380s] Level 5:colcon.colcon_core.verb:set package 'vacuum_game' build argument 'cmake_target_skip_unavailable' from command line to 'False'
[0.380s] Level 5:colcon.colcon_core.verb:set package 'vacuum_game' build argument 'cmake_clean_cache' from command line to 'False'
[0.380s] Level 5:colcon.colcon_core.verb:set package 'vacuum_game' build argument 'cmake_clean_first' from command line to 'False'
[0.380s] Level 5:colcon.colcon_core.verb:set package 'vacuum_game' build argument 'cmake_force_configure' from command line to 'False'
[0.380s] Level 5:colcon.colcon_core.verb:set package 'vacuum_game' build argument 'ament_cmake_args' from command line to 'None'
[0.380s] Level 5:colcon.colcon_core.verb:set package 'vacuum_game' build argument 'catkin_cmake_args' from command line to 'None'
[0.380s] Level 5:colcon.colcon_core.verb:set package 'vacuum_game' build argument 'catkin_skip_building_tests' from command line to 'False'
[0.380s] DEBUG:colcon.colcon_core.verb:Building package 'vacuum_game' with the following arguments: {'ament_cmake_args': None, 'build_base': '/home/adam/opk/zadanie2/build/vacuum_game', 'catkin_cmake_args': None, 'catkin_skip_building_tests': False, 'cmake_args': None, 'cmake_clean_cache': False, 'cmake_clean_first': False, 'cmake_force_configure': False, 'cmake_target': None, 'cmake_target_skip_unavailable': False, 'install_base': '/home/adam/opk/zadanie2/install/vacuum_game', 'merge_install': False, 'path': '/home/adam/opk/zadanie2/src/vacuum_game', 'symlink_install': True, 'test_result_base': None}
[0.381s] Level 5:colcon.colcon_core.verb:set package 'vacuum_robot' build argument 'cmake_args' from command line to 'None'
[0.381s] Level 5:colcon.colcon_core.verb:set package 'vacuum_robot' build argument 'cmake_target' from command line to 'None'
[0.381s] Level 5:colcon.colcon_core.verb:set package 'vacuum_robot' build argument 'cmake_target_skip_unavailable' from command line to 'False'
[0.381s] Level 5:colcon.colcon_core.verb:set package 'vacuum_robot' build argument 'cmake_clean_cache' from command line to 'False'
[0.381s] Level 5:colcon.colcon_core.verb:set package 'vacuum_robot' build argument 'cmake_clean_first' from command line to 'False'
[0.381s] Level 5:colcon.colcon_core.verb:set package 'vacuum_robot' build argument 'cmake_force_configure' from command line to 'False'
[0.381s] Level 5:colcon.colcon_core.verb:set package 'vacuum_robot' build argument 'ament_cmake_args' from command line to 'None'
[0.381s] Level 5:colcon.colcon_core.verb:set package 'vacuum_robot' build argument 'catkin_cmake_args' from command line to 'None'
[0.381s] Level 5:colcon.colcon_core.verb:set package 'vacuum_robot' build argument 'catkin_skip_building_tests' from command line to 'False'
[0.381s] DEBUG:colcon.colcon_core.verb:Building package 'vacuum_robot' with the following arguments: {'ament_cmake_args': None, 'build_base': '/home/adam/opk/zadanie2/build/vacuum_robot', 'catkin_cmake_args': None, 'catkin_skip_building_tests': False, 'cmake_args': None, 'cmake_clean_cache': False, 'cmake_clean_first': False, 'cmake_force_configure': False, 'cmake_target': None, 'cmake_target_skip_unavailable': False, 'install_base': '/home/adam/opk/zadanie2/install/vacuum_robot', 'merge_install': False, 'path': '/home/adam/opk/zadanie2/src/vacuum_robot', 'symlink_install': True, 'test_result_base': None}
[0.381s] Level 5:colcon.colcon_core.verb:set package 'vacuum_bringup' build argument 'cmake_args' from command line to 'None'
[0.381s] Level 5:colcon.colcon_core.verb:set package 'vacuum_bringup' build argument 'cmake_target' from command line to 'None'
[0.381s] Level 5:colcon.colcon_core.verb:set package 'vacuum_bringup' build argument 'cmake_target_skip_unavailable' from command line to 'False'
[0.381s] Level 5:colcon.colcon_core.verb:set package 'vacuum_bringup' build argument 'cmake_clean_cache' from command line to 'False'
[0.381s] Level 5:colcon.colcon_core.verb:set package 'vacuum_bringup' build argument 'cmake_clean_first' from command line to 'False'
[0.381s] Level 5:colcon.colcon_core.verb:set package 'vacuum_bringup' build argument 'cmake_force_configure' from command line to 'False'
[0.381s] Level 5:colcon.colcon_core.verb:set package 'vacuum_bringup' build argument 'ament_cmake_args' from command line to 'None'
[0.381s] Level 5:colcon.colcon_core.verb:set package 'vacuum_bringup' build argument 'catkin_cmake_args' from command line to 'None'
[0.381s] Level 5:colcon.colcon_core.verb:set package 'vacuum_bringup' build argument 'catkin_skip_building_tests' from command line to 'False'
[0.381s] DEBUG:colcon.colcon_core.verb:Building package 'vacuum_bringup' with the following arguments: {'ament_cmake_args': None, 'build_base': '/home/adam/opk/zadanie2/build/vacuum_bringup', 'catkin_cmake_args': None, 'catkin_skip_building_tests': False, 'cmake_args': None, 'cmake_clean_cache': False, 'cmake_clean_first': False, 'cmake_force_configure': False, 'cmake_target': None, 'cmake_target_skip_unavailable': False, 'install_base': '/home/adam/opk/zadanie2/install/vacuum_bringup', 'merge_install': False, 'path': '/home/adam/opk/zadanie2/src/vacuum_bringup', 'symlink_install': True, 'test_result_base': None}
[0.381s] INFO:colcon.colcon_core.executor:Executing jobs using 'parallel' executor
[0.382s] DEBUG:colcon.colcon_parallel_executor.executor.parallel:run_until_complete
[0.382s] INFO:colcon.colcon_ros.task.ament_cmake.build:Building ROS package in '/home/adam/opk/zadanie2/src/vacuum_core' with build type 'ament_cmake'
[0.382s] INFO:colcon.colcon_cmake.task.cmake.build:Building CMake package in '/home/adam/opk/zadanie2/src/vacuum_core'
[0.384s] INFO:colcon.colcon_core.plugin_system:Skipping extension 'colcon_core.shell.bat': Not used on non-Windows systems
[0.384s] INFO:colcon.colcon_core.shell:Skip shell extension 'powershell' for command environment: Not usable outside of PowerShell
[0.384s] DEBUG:colcon.colcon_core.shell:Skip shell extension 'dsv' for command environment
[0.386s] INFO:colcon.colcon_ros.task.ament_cmake.build:Building ROS package in '/home/adam/opk/zadanie2/src/vacuum_msgs' with build type 'ament_cmake'
[0.386s] INFO:colcon.colcon_cmake.task.cmake.build:Building CMake package in '/home/adam/opk/zadanie2/src/vacuum_msgs'
[0.386s] INFO:colcon.colcon_core.shell:Skip shell extension 'powershell' for command environment: Not usable outside of PowerShell
[0.386s] DEBUG:colcon.colcon_core.shell:Skip shell extension 'dsv' for command environment
[0.391s] DEBUG:colcon.colcon_core.event_handler.log_command:Invoking command in '/home/adam/opk/zadanie2/build/vacuum_core': CMAKE_PREFIX_PATH=${CMAKE_PREFIX_PATH}:/opt/ros/humble /usr/bin/cmake --build /home/adam/opk/zadanie2/build/vacuum_core -- -j12 -l12
[0.398s] DEBUG:colcon.colcon_core.event_handler.log_command:Invoking command in '/home/adam/opk/zadanie2/build/vacuum_msgs': CMAKE_PREFIX_PATH=${CMAKE_PREFIX_PATH}:/opt/ros/humble /usr/bin/cmake /home/adam/opk/zadanie2/src/vacuum_msgs -DAMENT_CMAKE_SYMLINK_INSTALL=1 -DCMAKE_INSTALL_PREFIX=/home/adam/opk/zadanie2/install/vacuum_msgs
[0.474s] DEBUG:colcon.colcon_core.event_handler.log_command:Invoked command in '/home/adam/opk/zadanie2/build/vacuum_core' returned '0': CMAKE_PREFIX_PATH=${CMAKE_PREFIX_PATH}:/opt/ros/humble /usr/bin/cmake --build /home/adam/opk/zadanie2/build/vacuum_core -- -j12 -l12
[0.482s] DEBUG:colcon.colcon_core.event_handler.log_command:Invoking command in '/home/adam/opk/zadanie2/build/vacuum_core': CMAKE_PREFIX_PATH=${CMAKE_PREFIX_PATH}:/opt/ros/humble /usr/bin/cmake --install /home/adam/opk/zadanie2/build/vacuum_core
[0.499s] Level 1:colcon.colcon_core.environment:create_environment_scripts_only(vacuum_core)
[0.500s] DEBUG:colcon.colcon_core.event_handler.log_command:Invoked command in '/home/adam/opk/zadanie2/build/vacuum_core' returned '0': CMAKE_PREFIX_PATH=${CMAKE_PREFIX_PATH}:/opt/ros/humble /usr/bin/cmake --install /home/adam/opk/zadanie2/build/vacuum_core
[0.502s] Level 1:colcon.colcon_core.environment:checking '/home/adam/opk/zadanie2/install/vacuum_core' for CMake module files
[0.502s] Level 1:colcon.colcon_core.environment:checking '/home/adam/opk/zadanie2/install/vacuum_core' for CMake config files
[0.503s] Level 1:colcon.colcon_core.shell:create_environment_hook('vacuum_core', 'cmake_prefix_path')
[0.503s] INFO:colcon.colcon_core.shell:Creating environment hook '/home/adam/opk/zadanie2/install/vacuum_core/share/vacuum_core/hook/cmake_prefix_path.ps1'
[0.504s] INFO:colcon.colcon_core.shell:Creating environment descriptor '/home/adam/opk/zadanie2/install/vacuum_core/share/vacuum_core/hook/cmake_prefix_path.dsv'
[0.504s] INFO:colcon.colcon_core.shell:Creating environment hook '/home/adam/opk/zadanie2/install/vacuum_core/share/vacuum_core/hook/cmake_prefix_path.sh'
[0.504s] Level 1:colcon.colcon_core.environment:checking '/home/adam/opk/zadanie2/install/vacuum_core/lib'
[0.504s] Level 1:colcon.colcon_core.shell:create_environment_hook('vacuum_core', 'ld_library_path_lib')
[0.504s] INFO:colcon.colcon_core.shell:Creating environment hook '/home/adam/opk/zadanie2/install/vacuum_core/share/vacuum_core/hook/ld_library_path_lib.ps1'
[0.505s] INFO:colcon.colcon_core.shell:Creating environment descriptor '/home/adam/opk/zadanie2/install/vacuum_core/share/vacuum_core/hook/ld_library_path_lib.dsv'
[0.505s] INFO:colcon.colcon_core.shell:Creating environment hook '/home/adam/opk/zadanie2/install/vacuum_core/share/vacuum_core/hook/ld_library_path_lib.sh'
[0.505s] Level 1:colcon.colcon_core.environment:checking '/home/adam/opk/zadanie2/install/vacuum_core/bin'
[0.505s] Level 1:colcon.colcon_core.environment:checking '/home/adam/opk/zadanie2/install/vacuum_core/lib/pkgconfig/vacuum_core.pc'
[0.505s] Level 1:colcon.colcon_core.environment:checking '/home/adam/opk/zadanie2/install/vacuum_core/lib/python3.10/site-packages'
[0.505s] Level 1:colcon.colcon_core.environment:checking '/home/adam/opk/zadanie2/install/vacuum_core/bin'
[0.506s] INFO:colcon.colcon_core.shell:Creating package script '/home/adam/opk/zadanie2/install/vacuum_core/share/vacuum_core/package.ps1'
[0.506s] INFO:colcon.colcon_core.shell:Creating package descriptor '/home/adam/opk/zadanie2/install/vacuum_core/share/vacuum_core/package.dsv'
[0.506s] INFO:colcon.colcon_core.shell:Creating package script '/home/adam/opk/zadanie2/install/vacuum_core/share/vacuum_core/package.sh'
[0.507s] INFO:colcon.colcon_core.shell:Creating package script '/home/adam/opk/zadanie2/install/vacuum_core/share/vacuum_core/package.bash'
[0.507s] INFO:colcon.colcon_core.shell:Creating package script '/home/adam/opk/zadanie2/install/vacuum_core/share/vacuum_core/package.zsh'
[0.507s] Level 1:colcon.colcon_core.environment:create_file_with_runtime_dependencies(/home/adam/opk/zadanie2/install/vacuum_core/share/colcon-core/packages/vacuum_core)
[0.508s] Level 1:colcon.colcon_core.environment:create_environment_scripts_only(vacuum_core)
[0.508s] Level 1:colcon.colcon_core.environment:checking '/home/adam/opk/zadanie2/install/vacuum_core' for CMake module files
[0.508s] Level 1:colcon.colcon_core.environment:checking '/home/adam/opk/zadanie2/install/vacuum_core' for CMake config files
[0.508s] Level 1:colcon.colcon_core.shell:create_environment_hook('vacuum_core', 'cmake_prefix_path')
[0.508s] INFO:colcon.colcon_core.shell:Creating environment hook '/home/adam/opk/zadanie2/install/vacuum_core/share/vacuum_core/hook/cmake_prefix_path.ps1'
[0.509s] INFO:colcon.colcon_core.shell:Creating environment descriptor '/home/adam/opk/zadanie2/install/vacuum_core/share/vacuum_core/hook/cmake_prefix_path.dsv'
[0.509s] INFO:colcon.colcon_core.shell:Creating environment hook '/home/adam/opk/zadanie2/install/vacuum_core/share/vacuum_core/hook/cmake_prefix_path.sh'
[0.509s] Level 1:colcon.colcon_core.environment:checking '/home/adam/opk/zadanie2/install/vacuum_core/lib'
[0.509s] Level 1:colcon.colcon_core.shell:create_environment_hook('vacuum_core', 'ld_library_path_lib')
[0.509s] INFO:colcon.colcon_core.shell:Creating environment hook '/home/adam/opk/zadanie2/install/vacuum_core/share/vacuum_core/hook/ld_library_path_lib.ps1'
[0.509s] INFO:colcon.colcon_core.shell:Creating environment descriptor '/home/adam/opk/zadanie2/install/vacuum_core/share/vacuum_core/hook/ld_library_path_lib.dsv'
[0.510s] INFO:colcon.colcon_core.shell:Creating environment hook '/home/adam/opk/zadanie2/install/vacuum_core/share/vacuum_core/hook/ld_library_path_lib.sh'
[0.510s] Level 1:colcon.colcon_core.environment:checking '/home/adam/opk/zadanie2/install/vacuum_core/bin'
[0.510s] Level 1:colcon.colcon_core.environment:checking '/home/adam/opk/zadanie2/install/vacuum_core/lib/pkgconfig/vacuum_core.pc'
[0.510s] Level 1:colcon.colcon_core.environment:checking '/home/adam/opk/zadanie2/install/vacuum_core/lib/python3.10/site-packages'
[0.510s] Level 1:colcon.colcon_core.environment:checking '/home/adam/opk/zadanie2/install/vacuum_core/bin'
[0.510s] INFO:colcon.colcon_core.shell:Creating package script '/home/adam/opk/zadanie2/install/vacuum_core/share/vacuum_core/package.ps1'
[0.511s] INFO:colcon.colcon_core.shell:Creating package descriptor '/home/adam/opk/zadanie2/install/vacuum_core/share/vacuum_core/package.dsv'
[0.511s] INFO:colcon.colcon_core.shell:Creating package script '/home/adam/opk/zadanie2/install/vacuum_core/share/vacuum_core/package.sh'
[0.511s] INFO:colcon.colcon_core.shell:Creating package script '/home/adam/opk/zadanie2/install/vacuum_core/share/vacuum_core/package.bash'
[0.511s] INFO:colcon.colcon_core.shell:Creating package script '/home/adam/opk/zadanie2/install/vacuum_core/share/vacuum_core/package.zsh'
[0.511s] Level 1:colcon.colcon_core.environment:create_file_with_runtime_dependencies(/home/adam/opk/zadanie2/install/vacuum_core/share/colcon-core/packages/vacuum_core)
[1.446s] DEBUG:colcon.colcon_core.event_handler.log_command:Invoked command in '/home/adam/opk/zadanie2/build/vacuum_msgs' returned '0': CMAKE_PREFIX_PATH=${CMAKE_PREFIX_PATH}:/opt/ros/humble /usr/bin/cmake /home/adam/opk/zadanie2/src/vacuum_msgs -DAMENT_CMAKE_SYMLINK_INSTALL=1 -DCMAKE_INSTALL_PREFIX=/home/adam/opk/zadanie2/install/vacuum_msgs
[1.448s] DEBUG:colcon.colcon_core.event_handler.log_command:Invoking command in '/home/adam/opk/zadanie2/build/vacuum_msgs': CMAKE_PREFIX_PATH=${CMAKE_PREFIX_PATH}:/opt/ros/humble /usr/bin/cmake --build /home/adam/opk/zadanie2/build/vacuum_msgs -- -j12 -l12
[1.501s] DEBUG:colcon.colcon_core.event_handler.log_command:Invoked command in '/home/adam/opk/zadanie2/build/vacuum_msgs' returned '2': CMAKE_PREFIX_PATH=${CMAKE_PREFIX_PATH}:/opt/ros/humble /usr/bin/cmake --build /home/adam/opk/zadanie2/build/vacuum_msgs -- -j12 -l12
[1.502s] Level 1:colcon.colcon_core.environment:create_environment_scripts_only(vacuum_msgs)
[1.502s] Level 1:colcon.colcon_core.environment:checking '/home/adam/opk/zadanie2/install/vacuum_msgs' for CMake module files
[1.502s] Level 1:colcon.colcon_core.environment:checking '/home/adam/opk/zadanie2/install/vacuum_msgs' for CMake config files
[1.503s] Level 1:colcon.colcon_core.shell:create_environment_hook('vacuum_msgs', 'cmake_prefix_path')
[1.503s] INFO:colcon.colcon_core.shell:Creating environment hook '/home/adam/opk/zadanie2/install/vacuum_msgs/share/vacuum_msgs/hook/cmake_prefix_path.ps1'
[1.503s] INFO:colcon.colcon_core.shell:Creating environment descriptor '/home/adam/opk/zadanie2/install/vacuum_msgs/share/vacuum_msgs/hook/cmake_prefix_path.dsv'
[1.503s] INFO:colcon.colcon_core.shell:Creating environment hook '/home/adam/opk/zadanie2/install/vacuum_msgs/share/vacuum_msgs/hook/cmake_prefix_path.sh'
[1.503s] Level 1:colcon.colcon_core.environment:checking '/home/adam/opk/zadanie2/install/vacuum_msgs/lib'
[1.503s] Level 1:colcon.colcon_core.shell:create_environment_hook('vacuum_msgs', 'ld_library_path_lib')
[1.504s] INFO:colcon.colcon_core.shell:Creating environment hook '/home/adam/opk/zadanie2/install/vacuum_msgs/share/vacuum_msgs/hook/ld_library_path_lib.ps1'
[1.504s] INFO:colcon.colcon_core.shell:Creating environment descriptor '/home/adam/opk/zadanie2/install/vacuum_msgs/share/vacuum_msgs/hook/ld_library_path_lib.dsv'
[1.504s] INFO:colcon.colcon_core.shell:Creating environment hook '/home/adam/opk/zadanie2/install/vacuum_msgs/share/vacuum_msgs/hook/ld_library_path_lib.sh'
[1.504s] Level 1:colcon.colcon_core.environment:checking '/home/adam/opk/zadanie2/install/vacuum_msgs/bin'
[1.504s] Level 1:colcon.colcon_core.environment:checking '/home/adam/opk/zadanie2/install/vacuum_msgs/lib/pkgconfig/vacuum_msgs.pc'
[1.504s] Level 1:colcon.colcon_core.environment:checking '/home/adam/opk/zadanie2/install/vacuum_msgs/lib/python3.10/site-packages'
[1.505s] Level 1:colcon.colcon_core.environment:checking '/home/adam/opk/zadanie2/install/vacuum_msgs/bin'
[1.505s] INFO:colcon.colcon_core.shell:Creating package script '/home/adam/opk/zadanie2/install/vacuum_msgs/share/vacuum_msgs/package.ps1'
[1.505s] INFO:colcon.colcon_core.shell:Creating package descriptor '/home/adam/opk/zadanie2/install/vacuum_msgs/share/vacuum_msgs/package.dsv'
[1.505s] INFO:colcon.colcon_core.shell:Creating package script '/home/adam/opk/zadanie2/install/vacuum_msgs/share/vacuum_msgs/package.sh'
[1.505s] INFO:colcon.colcon_core.shell:Creating package script '/home/adam/opk/zadanie2/install/vacuum_msgs/share/vacuum_msgs/package.bash'
[1.506s] INFO:colcon.colcon_core.shell:Creating package script '/home/adam/opk/zadanie2/install/vacuum_msgs/share/vacuum_msgs/package.zsh'
[1.506s] Level 1:colcon.colcon_core.environment:create_file_with_runtime_dependencies(/home/adam/opk/zadanie2/install/vacuum_msgs/share/colcon-core/packages/vacuum_msgs)
[1.516s] DEBUG:colcon.colcon_parallel_executor.executor.parallel:closing loop
[1.516s] DEBUG:colcon.colcon_parallel_executor.executor.parallel:loop closed
[1.516s] DEBUG:colcon.colcon_parallel_executor.executor.parallel:run_until_complete finished with '2'
[1.516s] DEBUG:colcon.colcon_core.event_reactor:joining thread
[1.522s] INFO:colcon.colcon_core.plugin_system:Skipping extension 'colcon_notification.desktop_notification.terminal_notifier': Not used on non-Darwin systems
[1.522s] INFO:colcon.colcon_core.plugin_system:Skipping extension 'colcon_notification.desktop_notification.win32': Not used on non-Windows systems
[1.522s] INFO:colcon.colcon_notification.desktop_notification:Sending desktop notification using 'notify2'
[1.533s] DEBUG:colcon.colcon_core.event_reactor:joined thread
[1.533s] INFO:colcon.colcon_core.shell:Creating prefix script '/home/adam/opk/zadanie2/install/local_setup.ps1'
[1.534s] INFO:colcon.colcon_core.shell:Creating prefix util module '/home/adam/opk/zadanie2/install/_local_setup_util_ps1.py'
[1.535s] INFO:colcon.colcon_core.shell:Creating prefix chain script '/home/adam/opk/zadanie2/install/setup.ps1'
[1.537s] INFO:colcon.colcon_core.shell:Creating prefix script '/home/adam/opk/zadanie2/install/local_setup.sh'
[1.537s] INFO:colcon.colcon_core.shell:Creating prefix util module '/home/adam/opk/zadanie2/install/_local_setup_util_sh.py'
[1.537s] INFO:colcon.colcon_core.shell:Creating prefix chain script '/home/adam/opk/zadanie2/install/setup.sh'
[1.538s] INFO:colcon.colcon_core.shell:Creating prefix script '/home/adam/opk/zadanie2/install/local_setup.bash'
[1.538s] INFO:colcon.colcon_core.shell:Creating prefix chain script '/home/adam/opk/zadanie2/install/setup.bash'
[1.539s] INFO:colcon.colcon_core.shell:Creating prefix script '/home/adam/opk/zadanie2/install/local_setup.zsh'
[1.539s] INFO:colcon.colcon_core.shell:Creating prefix chain script '/home/adam/opk/zadanie2/install/setup.zsh'
