-- The C compiler identification is GNU 11.4.0
-- The CXX compiler identification is GNU 11.4.0
-- Detecting C compiler ABI info
-- Detecting C compiler ABI info - done
-- Check for working C compiler: /usr/bin/cc - skipped
-- Detecting C compile features
-- Detecting C compile features - done
-- Detecting CXX compiler ABI info
-- Detecting CXX compiler ABI info - done
-- Check for working CXX compiler: /usr/bin/c++ - skipped
-- Detecting CXX compile features
-- Detecting CXX compile features - done
-- Found ament_cmake: 1.3.13 (/opt/ros/humble/share/ament_cmake/cmake)
-- Found Python3: /usr/bin/python3 (found version "3.10.12") found components: Interpreter 
-- Found rclcpp: 16.0.18 (/opt/ros/humble/share/rclcpp/cmake)
-- Found rosidl_generator_c: 3.1.8 (/opt/ros/humble/share/rosidl_generator_c/cmake)
-- Found rosidl_adapter: 3.1.8 (/opt/ros/humble/share/rosidl_adapter/cmake)
-- Found rosidl_generator_cpp: 3.1.8 (/opt/ros/humble/share/rosidl_generator_cpp/cmake)
-- Using all available rosidl_typesupport_c: rosidl_typesupport_fastrtps_c;rosidl_typesupport_introspection_c
-- Using all available rosidl_typesupport_cpp: rosidl_typesupport_fastrtps_cpp;rosidl_typesupport_introspection_cpp
-- Found rmw_implementation_cmake: 6.1.2 (/opt/ros/humble/share/rmw_implementation_cmake/cmake)
-- Found rmw_fastrtps_cpp: 6.2.10 (/opt/ros/humble/share/rmw_fastrtps_cpp/cmake)
-- Found OpenSSL: /usr/lib/x86_64-linux-gnu/libcrypto.so (found version "3.0.2")  
-- Found FastRTPS: /opt/ros/humble/include  
-- Using RMW implementation 'rmw_fastrtps_cpp' as default
-- Looking for pthread.h
-- Looking for pthread.h - found
-- Performing Test CMAKE_HAVE_LIBC_PTHREAD
-- Performing Test CMAKE_HAVE_LIBC_PTHREAD - Success
-- Found Threads: TRUE  
-- Found geometry_msgs: 4.9.1 (/opt/ros/humble/share/geometry_msgs/cmake)
-- Found sensor_msgs: 4.9.1 (/opt/ros/humble/share/sensor_msgs/cmake)
-- Found nav_msgs: 4.9.1 (/opt/ros/humble/share/nav_msgs/cmake)
-- Found tf2: 0.25.19 (/opt/ros/humble/share/tf2/cmake)
-- Found tf2_ros: 0.25.19 (/opt/ros/humble/share/tf2_ros/cmake)
-- Found tf2_geometry_msgs: 0.25.19 (/opt/ros/humble/share/tf2_geometry_msgs/cmake)
-- Found eigen3_cmake_module: 0.1.1 (/opt/ros/humble/share/eigen3_cmake_module/cmake)
-- Found Eigen3: TRUE (found version "3.4.0") 
-- Ensuring Eigen3 include directory is part of orocos-kdl CMake target
-- Found visualization_msgs: 4.9.1 (/opt/ros/humble/share/visualization_msgs/cmake)
-- Found core: 0.1.0 (/home/adam/opk/zadanie2/install/core/share/core/cmake)
-- Found msgs: 0.1.0 (/home/adam/opk/zadanie2/install/msgs/share/msgs/cmake)
-- Found ament_lint_auto: 0.12.15 (/opt/ros/humble/share/ament_lint_auto/cmake)
-- Added test 'cppcheck' to perform static code analysis on C / C++ code
-- Configured cppcheck include dirs: 
-- Configured cppcheck exclude dirs and/or files: 
-- Added test 'lint_cmake' to check CMake code style
-- Added test 'uncrustify' to check C / C++ code style
-- Configured uncrustify additional arguments: 
-- Added test 'xmllint' to check XML markup files
-- Configuring done
-- Generating done
-- Build files have been written to: /home/adam/opk/zadanie2/build/nodes
[  8%] [32mBuilding CXX object CMakeFiles/teleop_node.dir/src/teleop_node.cpp.o[0m
[ 16%] [32mBuilding CXX object CMakeFiles/lidar_node.dir/src/lidar_node.cpp.o[0m
[ 25%] [32mBuilding CXX object CMakeFiles/bot_node.dir/src/bot_node.cpp.o[0m
[ 33%] [32mBuilding CXX object CMakeFiles/game_node.dir/src/game_node.cpp.o[0m
[ 41%] [32mBuilding CXX object CMakeFiles/pvp_teleop_node.dir/src/pvp_teleop_node.cpp.o[0m
[ 50%] [32mBuilding CXX object CMakeFiles/robot_node.dir/src/robot_node.cpp.o[0m
[ 58%] [32m[1mLinking CXX executable teleop_node[0m
[ 58%] Built target teleop_node
[ 66%] [32m[1mLinking CXX executable pvp_teleop_node[0m
[ 66%] Built target pvp_teleop_node
[ 75%] [32m[1mLinking CXX executable game_node[0m
[ 75%] Built target game_node
[ 83%] [32m[1mLinking CXX executable bot_node[0m
[ 91%] [32m[1mLinking CXX executable lidar_node[0m
[ 91%] Built target lidar_node
[ 91%] Built target bot_node
[100%] [32m[1mLinking CXX executable robot_node[0m
[100%] Built target robot_node
-- Install configuration: ""
-- Installing: /home/adam/opk/zadanie2/install/nodes/lib/nodes/robot_node
-- Set runtime path of "/home/adam/opk/zadanie2/install/nodes/lib/nodes/robot_node" to ""
-- Installing: /home/adam/opk/zadanie2/install/nodes/lib/nodes/lidar_node
-- Set runtime path of "/home/adam/opk/zadanie2/install/nodes/lib/nodes/lidar_node" to ""
-- Installing: /home/adam/opk/zadanie2/install/nodes/lib/nodes/game_node
-- Set runtime path of "/home/adam/opk/zadanie2/install/nodes/lib/nodes/game_node" to ""
-- Installing: /home/adam/opk/zadanie2/install/nodes/lib/nodes/teleop_node
-- Set runtime path of "/home/adam/opk/zadanie2/install/nodes/lib/nodes/teleop_node" to ""
-- Installing: /home/adam/opk/zadanie2/install/nodes/lib/nodes/bot_node
-- Set runtime path of "/home/adam/opk/zadanie2/install/nodes/lib/nodes/bot_node" to ""
-- Installing: /home/adam/opk/zadanie2/install/nodes/lib/nodes/pvp_teleop_node
-- Set runtime path of "/home/adam/opk/zadanie2/install/nodes/lib/nodes/pvp_teleop_node" to ""
-- Installing: /home/adam/opk/zadanie2/install/nodes/share/ament_index/resource_index/package_run_dependencies/nodes
-- Installing: /home/adam/opk/zadanie2/install/nodes/share/ament_index/resource_index/parent_prefix_path/nodes
-- Installing: /home/adam/opk/zadanie2/install/nodes/share/nodes/environment/ament_prefix_path.sh
-- Installing: /home/adam/opk/zadanie2/install/nodes/share/nodes/environment/ament_prefix_path.dsv
-- Installing: /home/adam/opk/zadanie2/install/nodes/share/nodes/environment/path.sh
-- Installing: /home/adam/opk/zadanie2/install/nodes/share/nodes/environment/path.dsv
-- Installing: /home/adam/opk/zadanie2/install/nodes/share/nodes/local_setup.bash
-- Installing: /home/adam/opk/zadanie2/install/nodes/share/nodes/local_setup.sh
-- Installing: /home/adam/opk/zadanie2/install/nodes/share/nodes/local_setup.zsh
-- Installing: /home/adam/opk/zadanie2/install/nodes/share/nodes/local_setup.dsv
-- Installing: /home/adam/opk/zadanie2/install/nodes/share/nodes/package.dsv
-- Installing: /home/adam/opk/zadanie2/install/nodes/share/ament_index/resource_index/packages/nodes
-- Installing: /home/adam/opk/zadanie2/install/nodes/share/nodes/cmake/nodesConfig.cmake
-- Installing: /home/adam/opk/zadanie2/install/nodes/share/nodes/cmake/nodesConfig-version.cmake
-- Installing: /home/adam/opk/zadanie2/install/nodes/share/nodes/package.xml
