[0.012s] Invoking command in '/home/adam/opk/zadanie2/build/vacuum_bringup': CMAKE_PREFIX_PATH=/home/adam/opk/zadanie2/install/vacuum_robot:/home/adam/opk/zadanie2/install/vacuum_game:/home/adam/opk/zadanie2/install/vacuum_msgs:/home/adam/opk/zadanie2/install/vacuum_core:/home/adam/opk/zadanie2/install/vacuum_bringup:/home/adam/rrm_ws/install/rrm_projekt:/home/adam/rrm_ws/install/zadanie5_model:/home/adam/rrm_ws/install/zad6ik:/home/adam/rrm_ws/install/zad6fk:/home/adam/rrm_ws/install/zad4:/home/adam/rrm_ws/install/zad1:/home/adam/rrm_ws/install/rrm_simple_robot_model:/home/adam/rrm_ws/install/rrm_sim:/home/adam/rrm_ws/install/block1_elias:/home/adam/rrm_ws/install/rrm_msgs:/home/adam/rrm_ws/install/cv1:/opt/ros/humble /usr/bin/cmake --build /home/adam/opk/zadanie2/build/vacuum_bringup -- -j12 -l12
[0.046s] Invoked command in '/home/adam/opk/zadanie2/build/vacuum_bringup' returned '0': CMAKE_PREFIX_PATH=/home/adam/opk/zadanie2/install/vacuum_robot:/home/adam/opk/zadanie2/install/vacuum_game:/home/adam/opk/zadanie2/install/vacuum_msgs:/home/adam/opk/zadanie2/install/vacuum_core:/home/adam/opk/zadanie2/install/vacuum_bringup:/home/adam/rrm_ws/install/rrm_projekt:/home/adam/rrm_ws/install/zadanie5_model:/home/adam/rrm_ws/install/zad6ik:/home/adam/rrm_ws/install/zad6fk:/home/adam/rrm_ws/install/zad4:/home/adam/rrm_ws/install/zad1:/home/adam/rrm_ws/install/rrm_simple_robot_model:/home/adam/rrm_ws/install/rrm_sim:/home/adam/rrm_ws/install/block1_elias:/home/adam/rrm_ws/install/rrm_msgs:/home/adam/rrm_ws/install/cv1:/opt/ros/humble /usr/bin/cmake --build /home/adam/opk/zadanie2/build/vacuum_bringup -- -j12 -l12
[0.050s] Invoking command in '/home/adam/opk/zadanie2/build/vacuum_bringup': CMAKE_PREFIX_PATH=/home/adam/opk/zadanie2/install/vacuum_robot:/home/adam/opk/zadanie2/install/vacuum_game:/home/adam/opk/zadanie2/install/vacuum_msgs:/home/adam/opk/zadanie2/install/vacuum_core:/home/adam/opk/zadanie2/install/vacuum_bringup:/home/adam/rrm_ws/install/rrm_projekt:/home/adam/rrm_ws/install/zadanie5_model:/home/adam/rrm_ws/install/zad6ik:/home/adam/rrm_ws/install/zad6fk:/home/adam/rrm_ws/install/zad4:/home/adam/rrm_ws/install/zad1:/home/adam/rrm_ws/install/rrm_simple_robot_model:/home/adam/rrm_ws/install/rrm_sim:/home/adam/rrm_ws/install/block1_elias:/home/adam/rrm_ws/install/rrm_msgs:/home/adam/rrm_ws/install/cv1:/opt/ros/humble /usr/bin/cmake --install /home/adam/opk/zadanie2/build/vacuum_bringup
[0.059s] -- Install configuration: ""
[0.059s] -- Up-to-date: /home/adam/opk/zadanie2/install/vacuum_bringup/share/vacuum_bringup/launch
[0.059s] -- Installing: /home/adam/opk/zadanie2/install/vacuum_bringup/share/vacuum_bringup/launch/duel.launch.py
[0.059s] -- Up-to-date: /home/adam/opk/zadanie2/install/vacuum_bringup/share/vacuum_bringup/config
[0.059s] -- Up-to-date: /home/adam/opk/zadanie2/install/vacuum_bringup/share/vacuum_bringup/config/game_config.yaml
[0.059s] -- Up-to-date: /home/adam/opk/zadanie2/install/vacuum_bringup/share/vacuum_bringup/config/vacuum.rviz
[0.059s] -- Up-to-date: /home/adam/opk/zadanie2/install/vacuum_bringup/share/vacuum_bringup/maps
[0.059s] -- Up-to-date: /home/adam/opk/zadanie2/install/vacuum_bringup/share/vacuum_bringup/maps/opk-map.png
[0.059s] -- Up-to-date: /home/adam/opk/zadanie2/install/vacuum_bringup/share/ament_index/resource_index/package_run_dependencies/vacuum_bringup
[0.060s] -- Up-to-date: /home/adam/opk/zadanie2/install/vacuum_bringup/share/ament_index/resource_index/parent_prefix_path/vacuum_bringup
[0.061s] -- Up-to-date: /home/adam/opk/zadanie2/install/vacuum_bringup/share/vacuum_bringup/environment/ament_prefix_path.sh
[0.061s] -- Up-to-date: /home/adam/opk/zadanie2/install/vacuum_bringup/share/vacuum_bringup/environment/ament_prefix_path.dsv
[0.061s] -- Up-to-date: /home/adam/opk/zadanie2/install/vacuum_bringup/share/vacuum_bringup/environment/path.sh
[0.061s] -- Up-to-date: /home/adam/opk/zadanie2/install/vacuum_bringup/share/vacuum_bringup/environment/path.dsv
[0.061s] -- Up-to-date: /home/adam/opk/zadanie2/install/vacuum_bringup/share/vacuum_bringup/local_setup.bash
[0.061s] -- Up-to-date: /home/adam/opk/zadanie2/install/vacuum_bringup/share/vacuum_bringup/local_setup.sh
[0.061s] -- Up-to-date: /home/adam/opk/zadanie2/install/vacuum_bringup/share/vacuum_bringup/local_setup.zsh
[0.061s] -- Up-to-date: /home/adam/opk/zadanie2/install/vacuum_bringup/share/vacuum_bringup/local_setup.dsv
[0.062s] -- Up-to-date: /home/adam/opk/zadanie2/install/vacuum_bringup/share/vacuum_bringup/package.dsv
[0.062s] -- Up-to-date: /home/adam/opk/zadanie2/install/vacuum_bringup/share/ament_index/resource_index/packages/vacuum_bringup
[0.062s] -- Up-to-date: /home/adam/opk/zadanie2/install/vacuum_bringup/share/vacuum_bringup/cmake/vacuum_bringupConfig.cmake
[0.062s] -- Up-to-date: /home/adam/opk/zadanie2/install/vacuum_bringup/share/vacuum_bringup/cmake/vacuum_bringupConfig-version.cmake
[0.062s] -- Up-to-date: /home/adam/opk/zadanie2/install/vacuum_bringup/share/vacuum_bringup/package.xml
[0.062s] Invoked command in '/home/adam/opk/zadanie2/build/vacuum_bringup' returned '0': CMAKE_PREFIX_PATH=/home/adam/opk/zadanie2/install/vacuum_robot:/home/adam/opk/zadanie2/install/vacuum_game:/home/adam/opk/zadanie2/install/vacuum_msgs:/home/adam/opk/zadanie2/install/vacuum_core:/home/adam/opk/zadanie2/install/vacuum_bringup:/home/adam/rrm_ws/install/rrm_projekt:/home/adam/rrm_ws/install/zadanie5_model:/home/adam/rrm_ws/install/zad6ik:/home/adam/rrm_ws/install/zad6fk:/home/adam/rrm_ws/install/zad4:/home/adam/rrm_ws/install/zad1:/home/adam/rrm_ws/install/rrm_simple_robot_model:/home/adam/rrm_ws/install/rrm_sim:/home/adam/rrm_ws/install/block1_elias:/home/adam/rrm_ws/install/rrm_msgs:/home/adam/rrm_ws/install/cv1:/opt/ros/humble /usr/bin/cmake --install /home/adam/opk/zadanie2/build/vacuum_bringup
