-- The C compiler identification is GNU 11.4.0
-- The CXX compiler identification is GNU 11.4.0
-- Detecting C compiler ABI info
-- Detecting C compiler ABI info - done
-- Check for working C compiler: /usr/bin/cc - skipped
-- Detecting C compile features
-- Detecting C compile features - done
-- Detecting CXX compiler ABI info
-- Detecting CXX compiler ABI info - done
-- Check for working CXX compiler: /usr/bin/c++ - skipped
-- Detecting CXX compile features
-- Detecting CXX compile features - done
-- Found ament_cmake: 1.3.13 (/opt/ros/humble/share/ament_cmake/cmake)
-- Found Python3: /usr/bin/python3 (found version "3.10.12") found components: Interpreter 
-- Found rosidl_default_generators: 1.2.0 (/opt/ros/humble/share/rosidl_default_generators/cmake)
-- Using all available rosidl_typesupport_c: rosidl_typesupport_fastrtps_c;rosidl_typesupport_introspection_c
-- Found rosidl_adapter: 3.1.8 (/opt/ros/humble/share/rosidl_adapter/cmake)
-- Using all available rosidl_typesupport_cpp: rosidl_typesupport_fastrtps_cpp;rosidl_typesupport_introspection_cpp
-- Found std_msgs: 4.9.1 (/opt/ros/humble/share/std_msgs/cmake)
-- Found geometry_msgs: 4.9.1 (/opt/ros/humble/share/geometry_msgs/cmake)
-- Found ament_cmake_ros: 0.10.0 (/opt/ros/humble/share/ament_cmake_ros/cmake)
-- Using all available rosidl_typesupport_c: rosidl_typesupport_fastrtps_c;rosidl_typesupport_introspection_c
-- Using all available rosidl_typesupport_cpp: rosidl_typesupport_fastrtps_cpp;rosidl_typesupport_introspection_cpp
-- Found PythonInterp: /usr/bin/python3 (found suitable version "3.10.12", minimum required is "3.6") 
-- Found python_cmake_module: 0.10.0 (/opt/ros/humble/share/python_cmake_module/cmake)
-- Found PythonLibs: /usr/lib/x86_64-linux-gnu/libpython3.10.so (found suitable version "3.10.12", minimum required is "3.5") 
-- Using PYTHON_EXECUTABLE: /usr/bin/python3
-- Using PYTHON_INCLUDE_DIRS: /usr/include/python3.10
-- Using PYTHON_LIBRARIES: /usr/lib/x86_64-linux-gnu/libpython3.10.so
-- Found PythonExtra: .so  
-- Configuring done
-- Generating done
-- Build files have been written to: /home/adam/opk/zadanie2/build/msgs
[  1%] [34m[1mGenerating C code for ROS interfaces[0m
[  2%] [34m[1mGenerating C++ code for ROS interfaces[0m
[  2%] Built target ament_cmake_python_copy_msgs
running egg_info
creating msgs.egg-info
writing msgs.egg-info/PKG-INFO
writing dependency_links to msgs.egg-info/dependency_links.txt
writing top-level names to msgs.egg-info/top_level.txt
writing manifest file 'msgs.egg-info/SOURCES.txt'
reading manifest file 'msgs.egg-info/SOURCES.txt'
writing manifest file 'msgs.egg-info/SOURCES.txt'
[  2%] Built target ament_cmake_python_build_msgs_egg
[  3%] [32mBuilding C object CMakeFiles/msgs__rosidl_generator_c.dir/rosidl_generator_c/msgs/msg/detail/trash_item__functions.c.o[0m
[ 11%] [32mBuilding C object CMakeFiles/msgs__rosidl_generator_c.dir/rosidl_generator_c/msgs/srv/detail/reset_game__functions.c.o[0m
[ 11%] [32mBuilding C object CMakeFiles/msgs__rosidl_generator_c.dir/rosidl_generator_c/msgs/msg/detail/game_state__functions.c.o[0m
[ 11%] [32mBuilding C object CMakeFiles/msgs__rosidl_generator_c.dir/rosidl_generator_c/msgs/srv/detail/collect_trash__functions.c.o[0m
[ 11%] [32mBuilding C object CMakeFiles/msgs__rosidl_generator_c.dir/rosidl_generator_c/msgs/msg/detail/robot_status__functions.c.o[0m
[ 11%] [32mBuilding C object CMakeFiles/msgs__rosidl_generator_c.dir/rosidl_generator_c/msgs/srv/detail/unload_trash__functions.c.o[0m
[ 11%] [32mBuilding C object CMakeFiles/msgs__rosidl_generator_c.dir/rosidl_generator_c/msgs/msg/detail/trash_count__functions.c.o[0m
[ 12%] [32m[1mLinking C shared library libmsgs__rosidl_generator_c.so[0m
[ 12%] Built target msgs__cpp
[ 13%] [34m[1mGenerating C++ type support dispatch for ROS interfaces[0m
[ 16%] [34m[1mGenerating C++ introspection for ROS interfaces[0m
[ 16%] [34m[1mGenerating C++ type support for eProsima Fast-RTPS[0m
[ 16%] Built target msgs__rosidl_generator_c
[ 17%] [34m[1mGenerating C introspection for ROS interfaces[0m
[ 20%] [34m[1mGenerating C type support dispatch for ROS interfaces[0m
[ 20%] [34m[1mGenerating C type support for eProsima Fast-RTPS[0m
[ 21%] [32mBuilding CXX object CMakeFiles/msgs__rosidl_typesupport_cpp.dir/rosidl_typesupport_cpp/msgs/msg/robot_status__type_support.cpp.o[0m
[ 22%] [32mBuilding CXX object CMakeFiles/msgs__rosidl_typesupport_cpp.dir/rosidl_typesupport_cpp/msgs/msg/game_state__type_support.cpp.o[0m
[ 24%] [32mBuilding CXX object CMakeFiles/msgs__rosidl_typesupport_cpp.dir/rosidl_typesupport_cpp/msgs/msg/trash_count__type_support.cpp.o[0m
[ 26%] [32mBuilding CXX object CMakeFiles/msgs__rosidl_typesupport_cpp.dir/rosidl_typesupport_cpp/msgs/srv/collect_trash__type_support.cpp.o[0m
[ 26%] [32mBuilding CXX object CMakeFiles/msgs__rosidl_typesupport_cpp.dir/rosidl_typesupport_cpp/msgs/msg/trash_item__type_support.cpp.o[0m
[ 27%] [32mBuilding CXX object CMakeFiles/msgs__rosidl_typesupport_cpp.dir/rosidl_typesupport_cpp/msgs/srv/unload_trash__type_support.cpp.o[0m
[ 29%] [32mBuilding CXX object CMakeFiles/msgs__rosidl_typesupport_cpp.dir/rosidl_typesupport_cpp/msgs/srv/reset_game__type_support.cpp.o[0m
[ 30%] [32mBuilding CXX object CMakeFiles/msgs__rosidl_typesupport_c.dir/rosidl_typesupport_c/msgs/msg/trash_item__type_support.cpp.o[0m
[ 31%] [32mBuilding CXX object CMakeFiles/msgs__rosidl_typesupport_c.dir/rosidl_typesupport_c/msgs/msg/trash_count__type_support.cpp.o[0m
[ 32%] [32mBuilding CXX object CMakeFiles/msgs__rosidl_typesupport_c.dir/rosidl_typesupport_c/msgs/msg/robot_status__type_support.cpp.o[0m
[ 34%] [32mBuilding CXX object CMakeFiles/msgs__rosidl_typesupport_c.dir/rosidl_typesupport_c/msgs/msg/game_state__type_support.cpp.o[0m
[ 35%] [32mBuilding CXX object CMakeFiles/msgs__rosidl_typesupport_c.dir/rosidl_typesupport_c/msgs/srv/collect_trash__type_support.cpp.o[0m
[ 36%] [32mBuilding CXX object CMakeFiles/msgs__rosidl_typesupport_c.dir/rosidl_typesupport_c/msgs/srv/unload_trash__type_support.cpp.o[0m
[ 37%] [32mBuilding CXX object CMakeFiles/msgs__rosidl_typesupport_c.dir/rosidl_typesupport_c/msgs/srv/reset_game__type_support.cpp.o[0m
[ 39%] [32mBuilding CXX object CMakeFiles/msgs__rosidl_typesupport_fastrtps_c.dir/rosidl_typesupport_fastrtps_c/msgs/msg/detail/trash_item__type_support_c.cpp.o[0m
[ 40%] [32m[1mLinking CXX shared library libmsgs__rosidl_typesupport_c.so[0m
[ 41%] [32mBuilding CXX object CMakeFiles/msgs__rosidl_typesupport_fastrtps_c.dir/rosidl_typesupport_fastrtps_c/msgs/msg/detail/trash_count__type_support_c.cpp.o[0m
[ 43%] [32mBuilding CXX object CMakeFiles/msgs__rosidl_typesupport_fastrtps_c.dir/rosidl_typesupport_fastrtps_c/msgs/msg/detail/robot_status__type_support_c.cpp.o[0m
[ 44%] [32mBuilding CXX object CMakeFiles/msgs__rosidl_typesupport_fastrtps_c.dir/rosidl_typesupport_fastrtps_c/msgs/msg/detail/game_state__type_support_c.cpp.o[0m
[ 45%] [32mBuilding CXX object CMakeFiles/msgs__rosidl_typesupport_introspection_cpp.dir/rosidl_typesupport_introspection_cpp/msgs/msg/detail/trash_item__type_support.cpp.o[0m
[ 46%] [32mBuilding CXX object CMakeFiles/msgs__rosidl_typesupport_fastrtps_c.dir/rosidl_typesupport_fastrtps_c/msgs/srv/detail/collect_trash__type_support_c.cpp.o[0m
[ 48%] [32mBuilding CXX object CMakeFiles/msgs__rosidl_typesupport_fastrtps_cpp.dir/rosidl_typesupport_fastrtps_cpp/msgs/msg/detail/dds_fastrtps/trash_item__type_support.cpp.o[0m
[ 48%] Built target msgs__rosidl_typesupport_c
[ 49%] [32mBuilding CXX object CMakeFiles/msgs__rosidl_typesupport_fastrtps_c.dir/rosidl_typesupport_fastrtps_c/msgs/srv/detail/unload_trash__type_support_c.cpp.o[0m
[ 50%] [32mBuilding CXX object CMakeFiles/msgs__rosidl_typesupport_fastrtps_cpp.dir/rosidl_typesupport_fastrtps_cpp/msgs/msg/detail/dds_fastrtps/trash_count__type_support.cpp.o[0m
[ 51%] [32mBuilding CXX object CMakeFiles/msgs__rosidl_typesupport_fastrtps_c.dir/rosidl_typesupport_fastrtps_c/msgs/srv/detail/reset_game__type_support_c.cpp.o[0m
[ 53%] [32m[1mLinking CXX shared library libmsgs__rosidl_typesupport_cpp.so[0m
[ 54%] [32mBuilding C object CMakeFiles/msgs__rosidl_typesupport_introspection_c.dir/rosidl_typesupport_introspection_c/msgs/msg/detail/trash_item__type_support.c.o[0m
[ 54%] Built target msgs__rosidl_typesupport_cpp
[ 55%] [32mBuilding C object CMakeFiles/msgs__rosidl_typesupport_introspection_c.dir/rosidl_typesupport_introspection_c/msgs/msg/detail/trash_count__type_support.c.o[0m
[ 56%] [32mBuilding CXX object CMakeFiles/msgs__rosidl_typesupport_introspection_cpp.dir/rosidl_typesupport_introspection_cpp/msgs/msg/detail/trash_count__type_support.cpp.o[0m
[ 58%] [32mBuilding C object CMakeFiles/msgs__rosidl_typesupport_introspection_c.dir/rosidl_typesupport_introspection_c/msgs/msg/detail/robot_status__type_support.c.o[0m
[ 59%] [32mBuilding C object CMakeFiles/msgs__rosidl_typesupport_introspection_c.dir/rosidl_typesupport_introspection_c/msgs/msg/detail/game_state__type_support.c.o[0m
[ 60%] [32mBuilding CXX object CMakeFiles/msgs__rosidl_typesupport_introspection_cpp.dir/rosidl_typesupport_introspection_cpp/msgs/msg/detail/robot_status__type_support.cpp.o[0m
[ 62%] [32mBuilding C object CMakeFiles/msgs__rosidl_typesupport_introspection_c.dir/rosidl_typesupport_introspection_c/msgs/srv/detail/collect_trash__type_support.c.o[0m
[ 63%] [32mBuilding CXX object CMakeFiles/msgs__rosidl_typesupport_introspection_cpp.dir/rosidl_typesupport_introspection_cpp/msgs/msg/detail/game_state__type_support.cpp.o[0m
[ 64%] [32mBuilding CXX object CMakeFiles/msgs__rosidl_typesupport_fastrtps_cpp.dir/rosidl_typesupport_fastrtps_cpp/msgs/msg/detail/dds_fastrtps/robot_status__type_support.cpp.o[0m
[ 65%] [32mBuilding CXX object CMakeFiles/msgs__rosidl_typesupport_introspection_cpp.dir/rosidl_typesupport_introspection_cpp/msgs/srv/detail/collect_trash__type_support.cpp.o[0m
[ 67%] [32mBuilding C object CMakeFiles/msgs__rosidl_typesupport_introspection_c.dir/rosidl_typesupport_introspection_c/msgs/srv/detail/unload_trash__type_support.c.o[0m
[ 68%] [32mBuilding C object CMakeFiles/msgs__rosidl_typesupport_introspection_c.dir/rosidl_typesupport_introspection_c/msgs/srv/detail/reset_game__type_support.c.o[0m
[ 69%] [32mBuilding CXX object CMakeFiles/msgs__rosidl_typesupport_introspection_cpp.dir/rosidl_typesupport_introspection_cpp/msgs/srv/detail/unload_trash__type_support.cpp.o[0m
[ 70%] [32mBuilding CXX object CMakeFiles/msgs__rosidl_typesupport_introspection_cpp.dir/rosidl_typesupport_introspection_cpp/msgs/srv/detail/reset_game__type_support.cpp.o[0m
[ 72%] [32mBuilding CXX object CMakeFiles/msgs__rosidl_typesupport_fastrtps_cpp.dir/rosidl_typesupport_fastrtps_cpp/msgs/msg/detail/dds_fastrtps/game_state__type_support.cpp.o[0m
[ 73%] [32mBuilding CXX object CMakeFiles/msgs__rosidl_typesupport_fastrtps_cpp.dir/rosidl_typesupport_fastrtps_cpp/msgs/srv/detail/dds_fastrtps/collect_trash__type_support.cpp.o[0m
[ 74%] [32m[1mLinking C shared library libmsgs__rosidl_typesupport_introspection_c.so[0m
[ 75%] [32mBuilding CXX object CMakeFiles/msgs__rosidl_typesupport_fastrtps_cpp.dir/rosidl_typesupport_fastrtps_cpp/msgs/srv/detail/dds_fastrtps/unload_trash__type_support.cpp.o[0m
[ 77%] [32m[1mLinking CXX shared library libmsgs__rosidl_typesupport_fastrtps_c.so[0m
[ 77%] Built target msgs__rosidl_typesupport_introspection_c
[ 78%] [32mBuilding CXX object CMakeFiles/msgs__rosidl_typesupport_fastrtps_cpp.dir/rosidl_typesupport_fastrtps_cpp/msgs/srv/detail/dds_fastrtps/reset_game__type_support.cpp.o[0m
[ 78%] Built target msgs__rosidl_typesupport_fastrtps_c
[ 79%] [32m[1mLinking CXX shared library libmsgs__rosidl_typesupport_introspection_cpp.so[0m
[ 81%] [32m[1mLinking CXX shared library libmsgs__rosidl_typesupport_fastrtps_cpp.so[0m
[ 81%] Built target msgs__rosidl_typesupport_introspection_cpp
[ 81%] Built target msgs__rosidl_typesupport_fastrtps_cpp
[ 81%] Built target msgs
[ 82%] [34m[1mGenerating Python code for ROS interfaces[0m
[ 82%] Built target msgs__py
[ 83%] [32mBuilding C object CMakeFiles/msgs__rosidl_generator_py.dir/rosidl_generator_py/msgs/srv/_reset_game_s.c.o[0m
[ 84%] [32mBuilding C object CMakeFiles/msgs__rosidl_generator_py.dir/rosidl_generator_py/msgs/msg/_robot_status_s.c.o[0m
[ 87%] [32mBuilding C object CMakeFiles/msgs__rosidl_generator_py.dir/rosidl_generator_py/msgs/msg/_trash_item_s.c.o[0m
[ 87%] [32mBuilding C object CMakeFiles/msgs__rosidl_generator_py.dir/rosidl_generator_py/msgs/msg/_trash_count_s.c.o[0m
[ 88%] [32mBuilding C object CMakeFiles/msgs__rosidl_generator_py.dir/rosidl_generator_py/msgs/msg/_game_state_s.c.o[0m
[ 91%] [32mBuilding C object CMakeFiles/msgs__rosidl_generator_py.dir/rosidl_generator_py/msgs/srv/_collect_trash_s.c.o[0m
[ 91%] [32mBuilding C object CMakeFiles/msgs__rosidl_generator_py.dir/rosidl_generator_py/msgs/srv/_unload_trash_s.c.o[0m
[ 92%] [32m[1mLinking C shared library rosidl_generator_py/msgs/libmsgs__rosidl_generator_py.so[0m
[ 92%] Built target msgs__rosidl_generator_py
[ 93%] [32mBuilding C object CMakeFiles/msgs__rosidl_typesupport_fastrtps_c__pyext.dir/rosidl_generator_py/msgs/_msgs_s.ep.rosidl_typesupport_fastrtps_c.c.o[0m
[ 96%] [32mBuilding C object CMakeFiles/msgs__rosidl_typesupport_introspection_c__pyext.dir/rosidl_generator_py/msgs/_msgs_s.ep.rosidl_typesupport_introspection_c.c.o[0m
[ 96%] [32mBuilding C object CMakeFiles/msgs__rosidl_typesupport_c__pyext.dir/rosidl_generator_py/msgs/_msgs_s.ep.rosidl_typesupport_c.c.o[0m
[ 97%] [32m[1mLinking C shared library rosidl_generator_py/msgs/msgs_s__rosidl_typesupport_fastrtps_c.cpython-310-x86_64-linux-gnu.so[0m
[ 98%] [32m[1mLinking C shared library rosidl_generator_py/msgs/msgs_s__rosidl_typesupport_introspection_c.cpython-310-x86_64-linux-gnu.so[0m
[100%] [32m[1mLinking C shared library rosidl_generator_py/msgs/msgs_s__rosidl_typesupport_c.cpython-310-x86_64-linux-gnu.so[0m
[100%] Built target msgs__rosidl_typesupport_fastrtps_c__pyext
[100%] Built target msgs__rosidl_typesupport_introspection_c__pyext
[100%] Built target msgs__rosidl_typesupport_c__pyext
-- Install configuration: ""
-- Installing: /home/adam/opk/zadanie2/install/msgs/share/ament_index/resource_index/rosidl_interfaces/msgs
-- Installing: /home/adam/opk/zadanie2/install/msgs/include/msgs/msgs
-- Installing: /home/adam/opk/zadanie2/install/msgs/include/msgs/msgs/srv
-- Installing: /home/adam/opk/zadanie2/install/msgs/include/msgs/msgs/srv/unload_trash.h
-- Installing: /home/adam/opk/zadanie2/install/msgs/include/msgs/msgs/srv/collect_trash.h
-- Installing: /home/adam/opk/zadanie2/install/msgs/include/msgs/msgs/srv/reset_game.h
-- Installing: /home/adam/opk/zadanie2/install/msgs/include/msgs/msgs/srv/detail
-- Installing: /home/adam/opk/zadanie2/install/msgs/include/msgs/msgs/srv/detail/unload_trash__functions.h
-- Installing: /home/adam/opk/zadanie2/install/msgs/include/msgs/msgs/srv/detail/collect_trash__functions.c
-- Installing: /home/adam/opk/zadanie2/install/msgs/include/msgs/msgs/srv/detail/reset_game__functions.h
-- Installing: /home/adam/opk/zadanie2/install/msgs/include/msgs/msgs/srv/detail/reset_game__functions.c
-- Installing: /home/adam/opk/zadanie2/install/msgs/include/msgs/msgs/srv/detail/unload_trash__type_support.h
-- Installing: /home/adam/opk/zadanie2/install/msgs/include/msgs/msgs/srv/detail/reset_game__struct.h
-- Installing: /home/adam/opk/zadanie2/install/msgs/include/msgs/msgs/srv/detail/collect_trash__functions.h
-- Installing: /home/adam/opk/zadanie2/install/msgs/include/msgs/msgs/srv/detail/unload_trash__functions.c
-- Installing: /home/adam/opk/zadanie2/install/msgs/include/msgs/msgs/srv/detail/unload_trash__struct.h
-- Installing: /home/adam/opk/zadanie2/install/msgs/include/msgs/msgs/srv/detail/collect_trash__struct.h
-- Installing: /home/adam/opk/zadanie2/install/msgs/include/msgs/msgs/srv/detail/reset_game__type_support.h
-- Installing: /home/adam/opk/zadanie2/install/msgs/include/msgs/msgs/srv/detail/collect_trash__type_support.h
-- Installing: /home/adam/opk/zadanie2/install/msgs/include/msgs/msgs/msg
-- Installing: /home/adam/opk/zadanie2/install/msgs/include/msgs/msgs/msg/trash_count.h
-- Installing: /home/adam/opk/zadanie2/install/msgs/include/msgs/msgs/msg/trash_item.h
-- Installing: /home/adam/opk/zadanie2/install/msgs/include/msgs/msgs/msg/robot_status.h
-- Installing: /home/adam/opk/zadanie2/install/msgs/include/msgs/msgs/msg/game_state.h
-- Installing: /home/adam/opk/zadanie2/install/msgs/include/msgs/msgs/msg/rosidl_generator_c__visibility_control.h
-- Installing: /home/adam/opk/zadanie2/install/msgs/include/msgs/msgs/msg/detail
-- Installing: /home/adam/opk/zadanie2/install/msgs/include/msgs/msgs/msg/detail/trash_item__struct.h
-- Installing: /home/adam/opk/zadanie2/install/msgs/include/msgs/msgs/msg/detail/robot_status__struct.h
-- Installing: /home/adam/opk/zadanie2/install/msgs/include/msgs/msgs/msg/detail/trash_count__functions.c
-- Installing: /home/adam/opk/zadanie2/install/msgs/include/msgs/msgs/msg/detail/game_state__functions.h
-- Installing: /home/adam/opk/zadanie2/install/msgs/include/msgs/msgs/msg/detail/robot_status__functions.h
-- Installing: /home/adam/opk/zadanie2/install/msgs/include/msgs/msgs/msg/detail/trash_count__functions.h
-- Installing: /home/adam/opk/zadanie2/install/msgs/include/msgs/msgs/msg/detail/trash_item__functions.c
-- Installing: /home/adam/opk/zadanie2/install/msgs/include/msgs/msgs/msg/detail/trash_count__struct.h
-- Installing: /home/adam/opk/zadanie2/install/msgs/include/msgs/msgs/msg/detail/trash_count__type_support.h
-- Installing: /home/adam/opk/zadanie2/install/msgs/include/msgs/msgs/msg/detail/game_state__functions.c
-- Installing: /home/adam/opk/zadanie2/install/msgs/include/msgs/msgs/msg/detail/game_state__type_support.h
-- Installing: /home/adam/opk/zadanie2/install/msgs/include/msgs/msgs/msg/detail/trash_item__functions.h
-- Installing: /home/adam/opk/zadanie2/install/msgs/include/msgs/msgs/msg/detail/trash_item__type_support.h
-- Installing: /home/adam/opk/zadanie2/install/msgs/include/msgs/msgs/msg/detail/robot_status__functions.c
-- Installing: /home/adam/opk/zadanie2/install/msgs/include/msgs/msgs/msg/detail/game_state__struct.h
-- Installing: /home/adam/opk/zadanie2/install/msgs/include/msgs/msgs/msg/detail/robot_status__type_support.h
-- Installing: /home/adam/opk/zadanie2/install/msgs/share/msgs/environment/library_path.sh
-- Installing: /home/adam/opk/zadanie2/install/msgs/share/msgs/environment/library_path.dsv
-- Installing: /home/adam/opk/zadanie2/install/msgs/lib/libmsgs__rosidl_generator_c.so
-- Set runtime path of "/home/adam/opk/zadanie2/install/msgs/lib/libmsgs__rosidl_generator_c.so" to ""
-- Up-to-date: /home/adam/opk/zadanie2/install/msgs/include/msgs/msgs
-- Up-to-date: /home/adam/opk/zadanie2/install/msgs/include/msgs/msgs/srv
-- Up-to-date: /home/adam/opk/zadanie2/install/msgs/include/msgs/msgs/srv/detail
-- Installing: /home/adam/opk/zadanie2/install/msgs/include/msgs/msgs/srv/detail/reset_game__rosidl_typesupport_fastrtps_c.h
-- Installing: /home/adam/opk/zadanie2/install/msgs/include/msgs/msgs/srv/detail/unload_trash__rosidl_typesupport_fastrtps_c.h
-- Installing: /home/adam/opk/zadanie2/install/msgs/include/msgs/msgs/srv/detail/collect_trash__rosidl_typesupport_fastrtps_c.h
-- Up-to-date: /home/adam/opk/zadanie2/install/msgs/include/msgs/msgs/msg
-- Installing: /home/adam/opk/zadanie2/install/msgs/include/msgs/msgs/msg/rosidl_typesupport_fastrtps_c__visibility_control.h
-- Up-to-date: /home/adam/opk/zadanie2/install/msgs/include/msgs/msgs/msg/detail
-- Installing: /home/adam/opk/zadanie2/install/msgs/include/msgs/msgs/msg/detail/trash_item__rosidl_typesupport_fastrtps_c.h
-- Installing: /home/adam/opk/zadanie2/install/msgs/include/msgs/msgs/msg/detail/robot_status__rosidl_typesupport_fastrtps_c.h
-- Installing: /home/adam/opk/zadanie2/install/msgs/include/msgs/msgs/msg/detail/game_state__rosidl_typesupport_fastrtps_c.h
-- Installing: /home/adam/opk/zadanie2/install/msgs/include/msgs/msgs/msg/detail/trash_count__rosidl_typesupport_fastrtps_c.h
-- Installing: /home/adam/opk/zadanie2/install/msgs/lib/libmsgs__rosidl_typesupport_fastrtps_c.so
-- Set runtime path of "/home/adam/opk/zadanie2/install/msgs/lib/libmsgs__rosidl_typesupport_fastrtps_c.so" to ""
-- Up-to-date: /home/adam/opk/zadanie2/install/msgs/include/msgs/msgs
-- Up-to-date: /home/adam/opk/zadanie2/install/msgs/include/msgs/msgs/srv
-- Up-to-date: /home/adam/opk/zadanie2/install/msgs/include/msgs/msgs/srv/detail
-- Installing: /home/adam/opk/zadanie2/install/msgs/include/msgs/msgs/srv/detail/unload_trash__rosidl_typesupport_introspection_c.h
-- Installing: /home/adam/opk/zadanie2/install/msgs/include/msgs/msgs/srv/detail/reset_game__rosidl_typesupport_introspection_c.h
-- Installing: /home/adam/opk/zadanie2/install/msgs/include/msgs/msgs/srv/detail/unload_trash__type_support.c
-- Installing: /home/adam/opk/zadanie2/install/msgs/include/msgs/msgs/srv/detail/collect_trash__type_support.c
-- Installing: /home/adam/opk/zadanie2/install/msgs/include/msgs/msgs/srv/detail/reset_game__type_support.c
-- Installing: /home/adam/opk/zadanie2/install/msgs/include/msgs/msgs/srv/detail/collect_trash__rosidl_typesupport_introspection_c.h
-- Up-to-date: /home/adam/opk/zadanie2/install/msgs/include/msgs/msgs/msg
-- Installing: /home/adam/opk/zadanie2/install/msgs/include/msgs/msgs/msg/rosidl_typesupport_introspection_c__visibility_control.h
-- Up-to-date: /home/adam/opk/zadanie2/install/msgs/include/msgs/msgs/msg/detail
-- Installing: /home/adam/opk/zadanie2/install/msgs/include/msgs/msgs/msg/detail/game_state__type_support.c
-- Installing: /home/adam/opk/zadanie2/install/msgs/include/msgs/msgs/msg/detail/robot_status__rosidl_typesupport_introspection_c.h
-- Installing: /home/adam/opk/zadanie2/install/msgs/include/msgs/msgs/msg/detail/trash_item__type_support.c
-- Installing: /home/adam/opk/zadanie2/install/msgs/include/msgs/msgs/msg/detail/robot_status__type_support.c
-- Installing: /home/adam/opk/zadanie2/install/msgs/include/msgs/msgs/msg/detail/trash_count__type_support.c
-- Installing: /home/adam/opk/zadanie2/install/msgs/include/msgs/msgs/msg/detail/trash_item__rosidl_typesupport_introspection_c.h
-- Installing: /home/adam/opk/zadanie2/install/msgs/include/msgs/msgs/msg/detail/trash_count__rosidl_typesupport_introspection_c.h
-- Installing: /home/adam/opk/zadanie2/install/msgs/include/msgs/msgs/msg/detail/game_state__rosidl_typesupport_introspection_c.h
-- Installing: /home/adam/opk/zadanie2/install/msgs/lib/libmsgs__rosidl_typesupport_introspection_c.so
-- Set runtime path of "/home/adam/opk/zadanie2/install/msgs/lib/libmsgs__rosidl_typesupport_introspection_c.so" to ""
-- Installing: /home/adam/opk/zadanie2/install/msgs/lib/libmsgs__rosidl_typesupport_c.so
-- Set runtime path of "/home/adam/opk/zadanie2/install/msgs/lib/libmsgs__rosidl_typesupport_c.so" to ""
-- Up-to-date: /home/adam/opk/zadanie2/install/msgs/include/msgs/msgs
-- Up-to-date: /home/adam/opk/zadanie2/install/msgs/include/msgs/msgs/srv
-- Installing: /home/adam/opk/zadanie2/install/msgs/include/msgs/msgs/srv/collect_trash.hpp
-- Installing: /home/adam/opk/zadanie2/install/msgs/include/msgs/msgs/srv/unload_trash.hpp
-- Up-to-date: /home/adam/opk/zadanie2/install/msgs/include/msgs/msgs/srv/detail
-- Installing: /home/adam/opk/zadanie2/install/msgs/include/msgs/msgs/srv/detail/collect_trash__traits.hpp
-- Installing: /home/adam/opk/zadanie2/install/msgs/include/msgs/msgs/srv/detail/unload_trash__struct.hpp
-- Installing: /home/adam/opk/zadanie2/install/msgs/include/msgs/msgs/srv/detail/collect_trash__type_support.hpp
-- Installing: /home/adam/opk/zadanie2/install/msgs/include/msgs/msgs/srv/detail/unload_trash__builder.hpp
-- Installing: /home/adam/opk/zadanie2/install/msgs/include/msgs/msgs/srv/detail/collect_trash__builder.hpp
-- Installing: /home/adam/opk/zadanie2/install/msgs/include/msgs/msgs/srv/detail/reset_game__builder.hpp
-- Installing: /home/adam/opk/zadanie2/install/msgs/include/msgs/msgs/srv/detail/reset_game__type_support.hpp
-- Installing: /home/adam/opk/zadanie2/install/msgs/include/msgs/msgs/srv/detail/reset_game__struct.hpp
-- Installing: /home/adam/opk/zadanie2/install/msgs/include/msgs/msgs/srv/detail/unload_trash__type_support.hpp
-- Installing: /home/adam/opk/zadanie2/install/msgs/include/msgs/msgs/srv/detail/reset_game__traits.hpp
-- Installing: /home/adam/opk/zadanie2/install/msgs/include/msgs/msgs/srv/detail/collect_trash__struct.hpp
-- Installing: /home/adam/opk/zadanie2/install/msgs/include/msgs/msgs/srv/detail/unload_trash__traits.hpp
-- Installing: /home/adam/opk/zadanie2/install/msgs/include/msgs/msgs/srv/reset_game.hpp
-- Up-to-date: /home/adam/opk/zadanie2/install/msgs/include/msgs/msgs/msg
-- Installing: /home/adam/opk/zadanie2/install/msgs/include/msgs/msgs/msg/game_state.hpp
-- Installing: /home/adam/opk/zadanie2/install/msgs/include/msgs/msgs/msg/trash_count.hpp
-- Installing: /home/adam/opk/zadanie2/install/msgs/include/msgs/msgs/msg/trash_item.hpp
-- Installing: /home/adam/opk/zadanie2/install/msgs/include/msgs/msgs/msg/rosidl_generator_cpp__visibility_control.hpp
-- Up-to-date: /home/adam/opk/zadanie2/install/msgs/include/msgs/msgs/msg/detail
-- Installing: /home/adam/opk/zadanie2/install/msgs/include/msgs/msgs/msg/detail/game_state__traits.hpp
-- Installing: /home/adam/opk/zadanie2/install/msgs/include/msgs/msgs/msg/detail/trash_count__builder.hpp
-- Installing: /home/adam/opk/zadanie2/install/msgs/include/msgs/msgs/msg/detail/robot_status__traits.hpp
-- Installing: /home/adam/opk/zadanie2/install/msgs/include/msgs/msgs/msg/detail/trash_item__builder.hpp
-- Installing: /home/adam/opk/zadanie2/install/msgs/include/msgs/msgs/msg/detail/robot_status__type_support.hpp
-- Installing: /home/adam/opk/zadanie2/install/msgs/include/msgs/msgs/msg/detail/trash_count__type_support.hpp
-- Installing: /home/adam/opk/zadanie2/install/msgs/include/msgs/msgs/msg/detail/trash_item__traits.hpp
-- Installing: /home/adam/opk/zadanie2/install/msgs/include/msgs/msgs/msg/detail/trash_count__struct.hpp
-- Installing: /home/adam/opk/zadanie2/install/msgs/include/msgs/msgs/msg/detail/trash_item__type_support.hpp
-- Installing: /home/adam/opk/zadanie2/install/msgs/include/msgs/msgs/msg/detail/robot_status__struct.hpp
-- Installing: /home/adam/opk/zadanie2/install/msgs/include/msgs/msgs/msg/detail/trash_count__traits.hpp
-- Installing: /home/adam/opk/zadanie2/install/msgs/include/msgs/msgs/msg/detail/game_state__builder.hpp
-- Installing: /home/adam/opk/zadanie2/install/msgs/include/msgs/msgs/msg/detail/game_state__struct.hpp
-- Installing: /home/adam/opk/zadanie2/install/msgs/include/msgs/msgs/msg/detail/trash_item__struct.hpp
-- Installing: /home/adam/opk/zadanie2/install/msgs/include/msgs/msgs/msg/detail/robot_status__builder.hpp
-- Installing: /home/adam/opk/zadanie2/install/msgs/include/msgs/msgs/msg/detail/game_state__type_support.hpp
-- Installing: /home/adam/opk/zadanie2/install/msgs/include/msgs/msgs/msg/robot_status.hpp
-- Up-to-date: /home/adam/opk/zadanie2/install/msgs/include/msgs/msgs
-- Up-to-date: /home/adam/opk/zadanie2/install/msgs/include/msgs/msgs/srv
-- Up-to-date: /home/adam/opk/zadanie2/install/msgs/include/msgs/msgs/srv/detail
-- Installing: /home/adam/opk/zadanie2/install/msgs/include/msgs/msgs/srv/detail/dds_fastrtps
-- Installing: /home/adam/opk/zadanie2/install/msgs/include/msgs/msgs/srv/detail/reset_game__rosidl_typesupport_fastrtps_cpp.hpp
-- Installing: /home/adam/opk/zadanie2/install/msgs/include/msgs/msgs/srv/detail/collect_trash__rosidl_typesupport_fastrtps_cpp.hpp
-- Installing: /home/adam/opk/zadanie2/install/msgs/include/msgs/msgs/srv/detail/unload_trash__rosidl_typesupport_fastrtps_cpp.hpp
-- Up-to-date: /home/adam/opk/zadanie2/install/msgs/include/msgs/msgs/msg
-- Installing: /home/adam/opk/zadanie2/install/msgs/include/msgs/msgs/msg/rosidl_typesupport_fastrtps_cpp__visibility_control.h
-- Up-to-date: /home/adam/opk/zadanie2/install/msgs/include/msgs/msgs/msg/detail
-- Installing: /home/adam/opk/zadanie2/install/msgs/include/msgs/msgs/msg/detail/robot_status__rosidl_typesupport_fastrtps_cpp.hpp
-- Installing: /home/adam/opk/zadanie2/install/msgs/include/msgs/msgs/msg/detail/trash_item__rosidl_typesupport_fastrtps_cpp.hpp
-- Installing: /home/adam/opk/zadanie2/install/msgs/include/msgs/msgs/msg/detail/dds_fastrtps
-- Installing: /home/adam/opk/zadanie2/install/msgs/include/msgs/msgs/msg/detail/trash_count__rosidl_typesupport_fastrtps_cpp.hpp
-- Installing: /home/adam/opk/zadanie2/install/msgs/include/msgs/msgs/msg/detail/game_state__rosidl_typesupport_fastrtps_cpp.hpp
-- Installing: /home/adam/opk/zadanie2/install/msgs/lib/libmsgs__rosidl_typesupport_fastrtps_cpp.so
-- Set runtime path of "/home/adam/opk/zadanie2/install/msgs/lib/libmsgs__rosidl_typesupport_fastrtps_cpp.so" to ""
-- Up-to-date: /home/adam/opk/zadanie2/install/msgs/include/msgs/msgs
-- Up-to-date: /home/adam/opk/zadanie2/install/msgs/include/msgs/msgs/srv
-- Up-to-date: /home/adam/opk/zadanie2/install/msgs/include/msgs/msgs/srv/detail
-- Installing: /home/adam/opk/zadanie2/install/msgs/include/msgs/msgs/srv/detail/collect_trash__rosidl_typesupport_introspection_cpp.hpp
-- Installing: /home/adam/opk/zadanie2/install/msgs/include/msgs/msgs/srv/detail/reset_game__type_support.cpp
-- Installing: /home/adam/opk/zadanie2/install/msgs/include/msgs/msgs/srv/detail/reset_game__rosidl_typesupport_introspection_cpp.hpp
-- Installing: /home/adam/opk/zadanie2/install/msgs/include/msgs/msgs/srv/detail/unload_trash__rosidl_typesupport_introspection_cpp.hpp
-- Installing: /home/adam/opk/zadanie2/install/msgs/include/msgs/msgs/srv/detail/unload_trash__type_support.cpp
-- Installing: /home/adam/opk/zadanie2/install/msgs/include/msgs/msgs/srv/detail/collect_trash__type_support.cpp
-- Up-to-date: /home/adam/opk/zadanie2/install/msgs/include/msgs/msgs/msg
-- Up-to-date: /home/adam/opk/zadanie2/install/msgs/include/msgs/msgs/msg/detail
-- Installing: /home/adam/opk/zadanie2/install/msgs/include/msgs/msgs/msg/detail/trash_item__type_support.cpp
-- Installing: /home/adam/opk/zadanie2/install/msgs/include/msgs/msgs/msg/detail/game_state__rosidl_typesupport_introspection_cpp.hpp
-- Installing: /home/adam/opk/zadanie2/install/msgs/include/msgs/msgs/msg/detail/trash_item__rosidl_typesupport_introspection_cpp.hpp
-- Installing: /home/adam/opk/zadanie2/install/msgs/include/msgs/msgs/msg/detail/robot_status__type_support.cpp
-- Installing: /home/adam/opk/zadanie2/install/msgs/include/msgs/msgs/msg/detail/game_state__type_support.cpp
-- Installing: /home/adam/opk/zadanie2/install/msgs/include/msgs/msgs/msg/detail/trash_count__rosidl_typesupport_introspection_cpp.hpp
-- Installing: /home/adam/opk/zadanie2/install/msgs/include/msgs/msgs/msg/detail/trash_count__type_support.cpp
-- Installing: /home/adam/opk/zadanie2/install/msgs/include/msgs/msgs/msg/detail/robot_status__rosidl_typesupport_introspection_cpp.hpp
-- Installing: /home/adam/opk/zadanie2/install/msgs/lib/libmsgs__rosidl_typesupport_introspection_cpp.so
-- Set runtime path of "/home/adam/opk/zadanie2/install/msgs/lib/libmsgs__rosidl_typesupport_introspection_cpp.so" to ""
-- Installing: /home/adam/opk/zadanie2/install/msgs/lib/libmsgs__rosidl_typesupport_cpp.so
-- Set runtime path of "/home/adam/opk/zadanie2/install/msgs/lib/libmsgs__rosidl_typesupport_cpp.so" to ""
-- Installing: /home/adam/opk/zadanie2/install/msgs/share/msgs/environment/pythonpath.sh
-- Installing: /home/adam/opk/zadanie2/install/msgs/share/msgs/environment/pythonpath.dsv
-- Installing: /home/adam/opk/zadanie2/install/msgs/local/lib/python3.10/dist-packages/msgs-0.1.0-py3.10.egg-info
-- Installing: /home/adam/opk/zadanie2/install/msgs/local/lib/python3.10/dist-packages/msgs-0.1.0-py3.10.egg-info/dependency_links.txt
-- Installing: /home/adam/opk/zadanie2/install/msgs/local/lib/python3.10/dist-packages/msgs-0.1.0-py3.10.egg-info/SOURCES.txt
-- Installing: /home/adam/opk/zadanie2/install/msgs/local/lib/python3.10/dist-packages/msgs-0.1.0-py3.10.egg-info/top_level.txt
-- Installing: /home/adam/opk/zadanie2/install/msgs/local/lib/python3.10/dist-packages/msgs-0.1.0-py3.10.egg-info/PKG-INFO
-- Installing: /home/adam/opk/zadanie2/install/msgs/local/lib/python3.10/dist-packages/msgs
-- Installing: /home/adam/opk/zadanie2/install/msgs/local/lib/python3.10/dist-packages/msgs/_msgs_s.ep.rosidl_typesupport_c.c
-- Installing: /home/adam/opk/zadanie2/install/msgs/local/lib/python3.10/dist-packages/msgs/__init__.py
-- Installing: /home/adam/opk/zadanie2/install/msgs/local/lib/python3.10/dist-packages/msgs/libmsgs__rosidl_generator_py.so
-- Installing: /home/adam/opk/zadanie2/install/msgs/local/lib/python3.10/dist-packages/msgs/srv
-- Installing: /home/adam/opk/zadanie2/install/msgs/local/lib/python3.10/dist-packages/msgs/srv/_collect_trash_s.c
-- Installing: /home/adam/opk/zadanie2/install/msgs/local/lib/python3.10/dist-packages/msgs/srv/_unload_trash_s.c
-- Installing: /home/adam/opk/zadanie2/install/msgs/local/lib/python3.10/dist-packages/msgs/srv/__init__.py
-- Installing: /home/adam/opk/zadanie2/install/msgs/local/lib/python3.10/dist-packages/msgs/srv/_unload_trash.py
-- Installing: /home/adam/opk/zadanie2/install/msgs/local/lib/python3.10/dist-packages/msgs/srv/_reset_game_s.c
-- Installing: /home/adam/opk/zadanie2/install/msgs/local/lib/python3.10/dist-packages/msgs/srv/_collect_trash.py
-- Installing: /home/adam/opk/zadanie2/install/msgs/local/lib/python3.10/dist-packages/msgs/srv/_reset_game.py
-- Installing: /home/adam/opk/zadanie2/install/msgs/local/lib/python3.10/dist-packages/msgs/msgs_s__rosidl_typesupport_fastrtps_c.cpython-310-x86_64-linux-gnu.so
-- Installing: /home/adam/opk/zadanie2/install/msgs/local/lib/python3.10/dist-packages/msgs/msgs_s__rosidl_typesupport_c.cpython-310-x86_64-linux-gnu.so
-- Installing: /home/adam/opk/zadanie2/install/msgs/local/lib/python3.10/dist-packages/msgs/_msgs_s.ep.rosidl_typesupport_fastrtps_c.c
-- Installing: /home/adam/opk/zadanie2/install/msgs/local/lib/python3.10/dist-packages/msgs/_msgs_s.ep.rosidl_typesupport_introspection_c.c
-- Installing: /home/adam/opk/zadanie2/install/msgs/local/lib/python3.10/dist-packages/msgs/msg
-- Installing: /home/adam/opk/zadanie2/install/msgs/local/lib/python3.10/dist-packages/msgs/msg/_robot_status.py
-- Installing: /home/adam/opk/zadanie2/install/msgs/local/lib/python3.10/dist-packages/msgs/msg/_robot_status_s.c
-- Installing: /home/adam/opk/zadanie2/install/msgs/local/lib/python3.10/dist-packages/msgs/msg/_trash_count_s.c
-- Installing: /home/adam/opk/zadanie2/install/msgs/local/lib/python3.10/dist-packages/msgs/msg/__init__.py
-- Installing: /home/adam/opk/zadanie2/install/msgs/local/lib/python3.10/dist-packages/msgs/msg/_trash_item_s.c
-- Installing: /home/adam/opk/zadanie2/install/msgs/local/lib/python3.10/dist-packages/msgs/msg/_trash_count.py
-- Installing: /home/adam/opk/zadanie2/install/msgs/local/lib/python3.10/dist-packages/msgs/msg/_game_state.py
-- Installing: /home/adam/opk/zadanie2/install/msgs/local/lib/python3.10/dist-packages/msgs/msg/_trash_item.py
-- Installing: /home/adam/opk/zadanie2/install/msgs/local/lib/python3.10/dist-packages/msgs/msg/_game_state_s.c
-- Installing: /home/adam/opk/zadanie2/install/msgs/local/lib/python3.10/dist-packages/msgs/msgs_s__rosidl_typesupport_introspection_c.cpython-310-x86_64-linux-gnu.so
Listing '/home/adam/opk/zadanie2/install/msgs/local/lib/python3.10/dist-packages/msgs'...
Compiling '/home/adam/opk/zadanie2/install/msgs/local/lib/python3.10/dist-packages/msgs/__init__.py'...
Listing '/home/adam/opk/zadanie2/install/msgs/local/lib/python3.10/dist-packages/msgs/msg'...
Compiling '/home/adam/opk/zadanie2/install/msgs/local/lib/python3.10/dist-packages/msgs/msg/__init__.py'...
Compiling '/home/adam/opk/zadanie2/install/msgs/local/lib/python3.10/dist-packages/msgs/msg/_game_state.py'...
Compiling '/home/adam/opk/zadanie2/install/msgs/local/lib/python3.10/dist-packages/msgs/msg/_robot_status.py'...
Compiling '/home/adam/opk/zadanie2/install/msgs/local/lib/python3.10/dist-packages/msgs/msg/_trash_count.py'...
Compiling '/home/adam/opk/zadanie2/install/msgs/local/lib/python3.10/dist-packages/msgs/msg/_trash_item.py'...
Listing '/home/adam/opk/zadanie2/install/msgs/local/lib/python3.10/dist-packages/msgs/srv'...
Compiling '/home/adam/opk/zadanie2/install/msgs/local/lib/python3.10/dist-packages/msgs/srv/__init__.py'...
Compiling '/home/adam/opk/zadanie2/install/msgs/local/lib/python3.10/dist-packages/msgs/srv/_collect_trash.py'...
Compiling '/home/adam/opk/zadanie2/install/msgs/local/lib/python3.10/dist-packages/msgs/srv/_reset_game.py'...
Compiling '/home/adam/opk/zadanie2/install/msgs/local/lib/python3.10/dist-packages/msgs/srv/_unload_trash.py'...
-- Installing: /home/adam/opk/zadanie2/install/msgs/local/lib/python3.10/dist-packages/msgs/msgs_s__rosidl_typesupport_fastrtps_c.cpython-310-x86_64-linux-gnu.so
-- Set runtime path of "/home/adam/opk/zadanie2/install/msgs/local/lib/python3.10/dist-packages/msgs/msgs_s__rosidl_typesupport_fastrtps_c.cpython-310-x86_64-linux-gnu.so" to ""
-- Installing: /home/adam/opk/zadanie2/install/msgs/local/lib/python3.10/dist-packages/msgs/msgs_s__rosidl_typesupport_introspection_c.cpython-310-x86_64-linux-gnu.so
-- Set runtime path of "/home/adam/opk/zadanie2/install/msgs/local/lib/python3.10/dist-packages/msgs/msgs_s__rosidl_typesupport_introspection_c.cpython-310-x86_64-linux-gnu.so" to ""
-- Installing: /home/adam/opk/zadanie2/install/msgs/local/lib/python3.10/dist-packages/msgs/msgs_s__rosidl_typesupport_c.cpython-310-x86_64-linux-gnu.so
-- Set runtime path of "/home/adam/opk/zadanie2/install/msgs/local/lib/python3.10/dist-packages/msgs/msgs_s__rosidl_typesupport_c.cpython-310-x86_64-linux-gnu.so" to ""
-- Installing: /home/adam/opk/zadanie2/install/msgs/lib/libmsgs__rosidl_generator_py.so
-- Set runtime path of "/home/adam/opk/zadanie2/install/msgs/lib/libmsgs__rosidl_generator_py.so" to ""
-- Installing: /home/adam/opk/zadanie2/install/msgs/share/msgs/msg/TrashItem.idl
-- Installing: /home/adam/opk/zadanie2/install/msgs/share/msgs/msg/TrashCount.idl
-- Installing: /home/adam/opk/zadanie2/install/msgs/share/msgs/msg/RobotStatus.idl
-- Installing: /home/adam/opk/zadanie2/install/msgs/share/msgs/msg/GameState.idl
-- Installing: /home/adam/opk/zadanie2/install/msgs/share/msgs/srv/CollectTrash.idl
-- Installing: /home/adam/opk/zadanie2/install/msgs/share/msgs/srv/UnloadTrash.idl
-- Installing: /home/adam/opk/zadanie2/install/msgs/share/msgs/srv/ResetGame.idl
-- Installing: /home/adam/opk/zadanie2/install/msgs/share/msgs/msg/TrashItem.msg
-- Installing: /home/adam/opk/zadanie2/install/msgs/share/msgs/msg/TrashCount.msg
-- Installing: /home/adam/opk/zadanie2/install/msgs/share/msgs/msg/RobotStatus.msg
-- Installing: /home/adam/opk/zadanie2/install/msgs/share/msgs/msg/GameState.msg
-- Installing: /home/adam/opk/zadanie2/install/msgs/share/msgs/srv/CollectTrash.srv
-- Installing: /home/adam/opk/zadanie2/install/msgs/share/msgs/srv/CollectTrash_Request.msg
-- Installing: /home/adam/opk/zadanie2/install/msgs/share/msgs/srv/CollectTrash_Response.msg
-- Installing: /home/adam/opk/zadanie2/install/msgs/share/msgs/srv/UnloadTrash.srv
-- Installing: /home/adam/opk/zadanie2/install/msgs/share/msgs/srv/UnloadTrash_Request.msg
-- Installing: /home/adam/opk/zadanie2/install/msgs/share/msgs/srv/UnloadTrash_Response.msg
-- Installing: /home/adam/opk/zadanie2/install/msgs/share/msgs/srv/ResetGame.srv
-- Installing: /home/adam/opk/zadanie2/install/msgs/share/msgs/srv/ResetGame_Request.msg
-- Installing: /home/adam/opk/zadanie2/install/msgs/share/msgs/srv/ResetGame_Response.msg
-- Installing: /home/adam/opk/zadanie2/install/msgs/share/ament_index/resource_index/package_run_dependencies/msgs
-- Installing: /home/adam/opk/zadanie2/install/msgs/share/ament_index/resource_index/parent_prefix_path/msgs
-- Installing: /home/adam/opk/zadanie2/install/msgs/share/msgs/environment/ament_prefix_path.sh
-- Installing: /home/adam/opk/zadanie2/install/msgs/share/msgs/environment/ament_prefix_path.dsv
-- Installing: /home/adam/opk/zadanie2/install/msgs/share/msgs/environment/path.sh
-- Installing: /home/adam/opk/zadanie2/install/msgs/share/msgs/environment/path.dsv
-- Installing: /home/adam/opk/zadanie2/install/msgs/share/msgs/local_setup.bash
-- Installing: /home/adam/opk/zadanie2/install/msgs/share/msgs/local_setup.sh
-- Installing: /home/adam/opk/zadanie2/install/msgs/share/msgs/local_setup.zsh
-- Installing: /home/adam/opk/zadanie2/install/msgs/share/msgs/local_setup.dsv
-- Installing: /home/adam/opk/zadanie2/install/msgs/share/msgs/package.dsv
-- Installing: /home/adam/opk/zadanie2/install/msgs/share/ament_index/resource_index/packages/msgs
-- Installing: /home/adam/opk/zadanie2/install/msgs/share/msgs/cmake/export_msgs__rosidl_generator_cExport.cmake
-- Installing: /home/adam/opk/zadanie2/install/msgs/share/msgs/cmake/export_msgs__rosidl_generator_cExport-noconfig.cmake
-- Installing: /home/adam/opk/zadanie2/install/msgs/share/msgs/cmake/export_msgs__rosidl_typesupport_fastrtps_cExport.cmake
-- Installing: /home/adam/opk/zadanie2/install/msgs/share/msgs/cmake/export_msgs__rosidl_typesupport_fastrtps_cExport-noconfig.cmake
-- Installing: /home/adam/opk/zadanie2/install/msgs/share/msgs/cmake/msgs__rosidl_typesupport_introspection_cExport.cmake
-- Installing: /home/adam/opk/zadanie2/install/msgs/share/msgs/cmake/msgs__rosidl_typesupport_introspection_cExport-noconfig.cmake
-- Installing: /home/adam/opk/zadanie2/install/msgs/share/msgs/cmake/msgs__rosidl_typesupport_cExport.cmake
-- Installing: /home/adam/opk/zadanie2/install/msgs/share/msgs/cmake/msgs__rosidl_typesupport_cExport-noconfig.cmake
-- Installing: /home/adam/opk/zadanie2/install/msgs/share/msgs/cmake/export_msgs__rosidl_generator_cppExport.cmake
-- Installing: /home/adam/opk/zadanie2/install/msgs/share/msgs/cmake/export_msgs__rosidl_typesupport_fastrtps_cppExport.cmake
-- Installing: /home/adam/opk/zadanie2/install/msgs/share/msgs/cmake/export_msgs__rosidl_typesupport_fastrtps_cppExport-noconfig.cmake
-- Installing: /home/adam/opk/zadanie2/install/msgs/share/msgs/cmake/msgs__rosidl_typesupport_introspection_cppExport.cmake
-- Installing: /home/adam/opk/zadanie2/install/msgs/share/msgs/cmake/msgs__rosidl_typesupport_introspection_cppExport-noconfig.cmake
-- Installing: /home/adam/opk/zadanie2/install/msgs/share/msgs/cmake/msgs__rosidl_typesupport_cppExport.cmake
-- Installing: /home/adam/opk/zadanie2/install/msgs/share/msgs/cmake/msgs__rosidl_typesupport_cppExport-noconfig.cmake
-- Installing: /home/adam/opk/zadanie2/install/msgs/share/msgs/cmake/export_msgs__rosidl_generator_pyExport.cmake
-- Installing: /home/adam/opk/zadanie2/install/msgs/share/msgs/cmake/export_msgs__rosidl_generator_pyExport-noconfig.cmake
-- Installing: /home/adam/opk/zadanie2/install/msgs/share/msgs/cmake/rosidl_cmake-extras.cmake
-- Installing: /home/adam/opk/zadanie2/install/msgs/share/msgs/cmake/ament_cmake_export_dependencies-extras.cmake
-- Installing: /home/adam/opk/zadanie2/install/msgs/share/msgs/cmake/ament_cmake_export_include_directories-extras.cmake
-- Installing: /home/adam/opk/zadanie2/install/msgs/share/msgs/cmake/ament_cmake_export_libraries-extras.cmake
-- Installing: /home/adam/opk/zadanie2/install/msgs/share/msgs/cmake/ament_cmake_export_targets-extras.cmake
-- Installing: /home/adam/opk/zadanie2/install/msgs/share/msgs/cmake/rosidl_cmake_export_typesupport_targets-extras.cmake
-- Installing: /home/adam/opk/zadanie2/install/msgs/share/msgs/cmake/rosidl_cmake_export_typesupport_libraries-extras.cmake
-- Installing: /home/adam/opk/zadanie2/install/msgs/share/msgs/cmake/msgsConfig.cmake
-- Installing: /home/adam/opk/zadanie2/install/msgs/share/msgs/cmake/msgsConfig-version.cmake
-- Installing: /home/adam/opk/zadanie2/install/msgs/share/msgs/package.xml
