[0.008s] Invoking command in '/home/adam/opk/zadanie2/build/msgs': CMAKE_PREFIX_PATH=${CMAKE_PREFIX_PATH}:/opt/ros/humble /usr/bin/cmake /home/adam/opk/zadanie2/src/msgs -DCMAKE_INSTALL_PREFIX=/home/adam/opk/zadanie2/install/msgs
[0.273s] -- The C compiler identification is GNU 11.4.0
[0.334s] -- The CXX compiler identification is GNU 11.4.0
[0.349s] -- Detecting C compiler ABI info
[0.415s] -- Detecting C compiler ABI info - done
[0.421s] -- Check for working C compiler: /usr/bin/cc - skipped
[0.429s] -- Detecting C compile features
[0.430s] -- Detecting C compile features - done
[0.432s] -- Detecting CXX compiler ABI info
[0.506s] -- Detecting CXX compiler ABI info - done
[0.516s] -- Check for working CXX compiler: /usr/bin/c++ - skipped
[0.516s] -- Detecting CXX compile features
[0.516s] -- Detecting CXX compile features - done
[0.519s] -- Found ament_cmake: 1.3.13 (/opt/ros/humble/share/ament_cmake/cmake)
[0.660s] -- Found Python3: /usr/bin/python3 (found version "3.10.12") found components: Interpreter 
[0.756s] -- Found rosidl_default_generators: 1.2.0 (/opt/ros/humble/share/rosidl_default_generators/cmake)
[0.760s] -- Using all available rosidl_typesupport_c: rosidl_typesupport_fastrtps_c;rosidl_typesupport_introspection_c
[0.766s] -- Found rosidl_adapter: 3.1.8 (/opt/ros/humble/share/rosidl_adapter/cmake)
[0.807s] -- Using all available rosidl_typesupport_cpp: rosidl_typesupport_fastrtps_cpp;rosidl_typesupport_introspection_cpp
[0.842s] -- Found std_msgs: 4.9.1 (/opt/ros/humble/share/std_msgs/cmake)
[0.866s] -- Found geometry_msgs: 4.9.1 (/opt/ros/humble/share/geometry_msgs/cmake)
[1.189s] -- Found ament_cmake_ros: 0.10.0 (/opt/ros/humble/share/ament_cmake_ros/cmake)
[1.566s] -- Using all available rosidl_typesupport_c: rosidl_typesupport_fastrtps_c;rosidl_typesupport_introspection_c
[1.937s] -- Using all available rosidl_typesupport_cpp: rosidl_typesupport_fastrtps_cpp;rosidl_typesupport_introspection_cpp
[1.969s] -- Found PythonInterp: /usr/bin/python3 (found suitable version "3.10.12", minimum required is "3.6") 
[1.980s] -- Found python_cmake_module: 0.10.0 (/opt/ros/humble/share/python_cmake_module/cmake)
[2.013s] -- Found PythonLibs: /usr/lib/x86_64-linux-gnu/libpython3.10.so (found suitable version "3.10.12", minimum required is "3.5") 
[2.014s] -- Using PYTHON_EXECUTABLE: /usr/bin/python3
[2.014s] -- Using PYTHON_INCLUDE_DIRS: /usr/include/python3.10
[2.014s] -- Using PYTHON_LIBRARIES: /usr/lib/x86_64-linux-gnu/libpython3.10.so
[2.038s] -- Found PythonExtra: .so  
[2.108s] -- Configuring done
[2.136s] -- Generating done
[2.144s] -- Build files have been written to: /home/adam/opk/zadanie2/build/msgs
[2.150s] Invoked command in '/home/adam/opk/zadanie2/build/msgs' returned '0': CMAKE_PREFIX_PATH=${CMAKE_PREFIX_PATH}:/opt/ros/humble /usr/bin/cmake /home/adam/opk/zadanie2/src/msgs -DCMAKE_INSTALL_PREFIX=/home/adam/opk/zadanie2/install/msgs
[2.151s] Invoking command in '/home/adam/opk/zadanie2/build/msgs': CMAKE_PREFIX_PATH=${CMAKE_PREFIX_PATH}:/opt/ros/humble /usr/bin/cmake --build /home/adam/opk/zadanie2/build/msgs -- -j12 -l12
[2.197s] [  1%] [34m[1mGenerating C code for ROS interfaces[0m
[2.208s] [  2%] [34m[1mGenerating C++ code for ROS interfaces[0m
[2.216s] [  2%] Built target ament_cmake_python_copy_msgs
[2.392s] running egg_info
[2.392s] creating msgs.egg-info
[2.392s] writing msgs.egg-info/PKG-INFO
[2.392s] writing dependency_links to msgs.egg-info/dependency_links.txt
[2.392s] writing top-level names to msgs.egg-info/top_level.txt
[2.393s] writing manifest file 'msgs.egg-info/SOURCES.txt'
[2.394s] reading manifest file 'msgs.egg-info/SOURCES.txt'
[2.394s] writing manifest file 'msgs.egg-info/SOURCES.txt'
[2.420s] [  2%] Built target ament_cmake_python_build_msgs_egg
[2.683s] [  3%] [32mBuilding C object CMakeFiles/msgs__rosidl_generator_c.dir/rosidl_generator_c/msgs/msg/detail/trash_item__functions.c.o[0m
[2.683s] [ 11%] [32mBuilding C object CMakeFiles/msgs__rosidl_generator_c.dir/rosidl_generator_c/msgs/srv/detail/reset_game__functions.c.o[0m
[2.683s] [ 11%] [32mBuilding C object CMakeFiles/msgs__rosidl_generator_c.dir/rosidl_generator_c/msgs/msg/detail/game_state__functions.c.o[0m
[2.683s] [ 11%] [32mBuilding C object CMakeFiles/msgs__rosidl_generator_c.dir/rosidl_generator_c/msgs/srv/detail/collect_trash__functions.c.o[0m
[2.683s] [ 11%] [32mBuilding C object CMakeFiles/msgs__rosidl_generator_c.dir/rosidl_generator_c/msgs/msg/detail/robot_status__functions.c.o[0m
[2.683s] [ 11%] [32mBuilding C object CMakeFiles/msgs__rosidl_generator_c.dir/rosidl_generator_c/msgs/srv/detail/unload_trash__functions.c.o[0m
[2.683s] [ 11%] [32mBuilding C object CMakeFiles/msgs__rosidl_generator_c.dir/rosidl_generator_c/msgs/msg/detail/trash_count__functions.c.o[0m
[2.789s] [ 12%] [32m[1mLinking C shared library libmsgs__rosidl_generator_c.so[0m
[2.794s] [ 12%] Built target msgs__cpp
[2.805s] [ 13%] [34m[1mGenerating C++ type support dispatch for ROS interfaces[0m
[2.805s] [ 16%] [34m[1mGenerating C++ introspection for ROS interfaces[0m
[2.805s] [ 16%] [34m[1mGenerating C++ type support for eProsima Fast-RTPS[0m
[2.828s] [ 16%] Built target msgs__rosidl_generator_c
[2.838s] [ 17%] [34m[1mGenerating C introspection for ROS interfaces[0m
[2.838s] [ 20%] [34m[1mGenerating C type support dispatch for ROS interfaces[0m
[2.839s] [ 20%] [34m[1mGenerating C type support for eProsima Fast-RTPS[0m
[3.104s] [ 21%] [32mBuilding CXX object CMakeFiles/msgs__rosidl_typesupport_cpp.dir/rosidl_typesupport_cpp/msgs/msg/robot_status__type_support.cpp.o[0m
[3.104s] [ 22%] [32mBuilding CXX object CMakeFiles/msgs__rosidl_typesupport_cpp.dir/rosidl_typesupport_cpp/msgs/msg/game_state__type_support.cpp.o[0m
[3.106s] [ 24%] [32mBuilding CXX object CMakeFiles/msgs__rosidl_typesupport_cpp.dir/rosidl_typesupport_cpp/msgs/msg/trash_count__type_support.cpp.o[0m
[3.111s] [ 26%] [32mBuilding CXX object CMakeFiles/msgs__rosidl_typesupport_cpp.dir/rosidl_typesupport_cpp/msgs/srv/collect_trash__type_support.cpp.o[0m
[3.112s] [ 26%] [32mBuilding CXX object CMakeFiles/msgs__rosidl_typesupport_cpp.dir/rosidl_typesupport_cpp/msgs/msg/trash_item__type_support.cpp.o[0m
[3.112s] [ 27%] [32mBuilding CXX object CMakeFiles/msgs__rosidl_typesupport_cpp.dir/rosidl_typesupport_cpp/msgs/srv/unload_trash__type_support.cpp.o[0m
[3.114s] [ 29%] [32mBuilding CXX object CMakeFiles/msgs__rosidl_typesupport_cpp.dir/rosidl_typesupport_cpp/msgs/srv/reset_game__type_support.cpp.o[0m
[3.271s] [ 30%] [32mBuilding CXX object CMakeFiles/msgs__rosidl_typesupport_c.dir/rosidl_typesupport_c/msgs/msg/trash_item__type_support.cpp.o[0m
[3.331s] [ 31%] [32mBuilding CXX object CMakeFiles/msgs__rosidl_typesupport_c.dir/rosidl_typesupport_c/msgs/msg/trash_count__type_support.cpp.o[0m
[3.373s] [ 32%] [32mBuilding CXX object CMakeFiles/msgs__rosidl_typesupport_c.dir/rosidl_typesupport_c/msgs/msg/robot_status__type_support.cpp.o[0m
[3.382s] [ 34%] [32mBuilding CXX object CMakeFiles/msgs__rosidl_typesupport_c.dir/rosidl_typesupport_c/msgs/msg/game_state__type_support.cpp.o[0m
[3.414s] [ 35%] [32mBuilding CXX object CMakeFiles/msgs__rosidl_typesupport_c.dir/rosidl_typesupport_c/msgs/srv/collect_trash__type_support.cpp.o[0m
[3.426s] [ 36%] [32mBuilding CXX object CMakeFiles/msgs__rosidl_typesupport_c.dir/rosidl_typesupport_c/msgs/srv/unload_trash__type_support.cpp.o[0m
[3.466s] [ 37%] [32mBuilding CXX object CMakeFiles/msgs__rosidl_typesupport_c.dir/rosidl_typesupport_c/msgs/srv/reset_game__type_support.cpp.o[0m
[3.489s] [ 39%] [32mBuilding CXX object CMakeFiles/msgs__rosidl_typesupport_fastrtps_c.dir/rosidl_typesupport_fastrtps_c/msgs/msg/detail/trash_item__type_support_c.cpp.o[0m
[3.497s] [ 40%] [32m[1mLinking CXX shared library libmsgs__rosidl_typesupport_c.so[0m
[3.502s] [ 41%] [32mBuilding CXX object CMakeFiles/msgs__rosidl_typesupport_fastrtps_c.dir/rosidl_typesupport_fastrtps_c/msgs/msg/detail/trash_count__type_support_c.cpp.o[0m
[3.511s] [ 43%] [32mBuilding CXX object CMakeFiles/msgs__rosidl_typesupport_fastrtps_c.dir/rosidl_typesupport_fastrtps_c/msgs/msg/detail/robot_status__type_support_c.cpp.o[0m
[3.520s] [ 44%] [32mBuilding CXX object CMakeFiles/msgs__rosidl_typesupport_fastrtps_c.dir/rosidl_typesupport_fastrtps_c/msgs/msg/detail/game_state__type_support_c.cpp.o[0m
[3.527s] [ 45%] [32mBuilding CXX object CMakeFiles/msgs__rosidl_typesupport_introspection_cpp.dir/rosidl_typesupport_introspection_cpp/msgs/msg/detail/trash_item__type_support.cpp.o[0m
[3.531s] [ 46%] [32mBuilding CXX object CMakeFiles/msgs__rosidl_typesupport_fastrtps_c.dir/rosidl_typesupport_fastrtps_c/msgs/srv/detail/collect_trash__type_support_c.cpp.o[0m
[3.547s] [ 48%] [32mBuilding CXX object CMakeFiles/msgs__rosidl_typesupport_fastrtps_cpp.dir/rosidl_typesupport_fastrtps_cpp/msgs/msg/detail/dds_fastrtps/trash_item__type_support.cpp.o[0m
[3.547s] [ 48%] Built target msgs__rosidl_typesupport_c
[3.555s] [ 49%] [32mBuilding CXX object CMakeFiles/msgs__rosidl_typesupport_fastrtps_c.dir/rosidl_typesupport_fastrtps_c/msgs/srv/detail/unload_trash__type_support_c.cpp.o[0m
[3.555s] [ 50%] [32mBuilding CXX object CMakeFiles/msgs__rosidl_typesupport_fastrtps_cpp.dir/rosidl_typesupport_fastrtps_cpp/msgs/msg/detail/dds_fastrtps/trash_count__type_support.cpp.o[0m
[3.565s] [ 51%] [32mBuilding CXX object CMakeFiles/msgs__rosidl_typesupport_fastrtps_c.dir/rosidl_typesupport_fastrtps_c/msgs/srv/detail/reset_game__type_support_c.cpp.o[0m
[3.607s] [ 53%] [32m[1mLinking CXX shared library libmsgs__rosidl_typesupport_cpp.so[0m
[3.703s] [ 54%] [32mBuilding C object CMakeFiles/msgs__rosidl_typesupport_introspection_c.dir/rosidl_typesupport_introspection_c/msgs/msg/detail/trash_item__type_support.c.o[0m
[3.727s] [ 54%] Built target msgs__rosidl_typesupport_cpp
[3.754s] [ 55%] [32mBuilding C object CMakeFiles/msgs__rosidl_typesupport_introspection_c.dir/rosidl_typesupport_introspection_c/msgs/msg/detail/trash_count__type_support.c.o[0m
[3.792s] [ 56%] [32mBuilding CXX object CMakeFiles/msgs__rosidl_typesupport_introspection_cpp.dir/rosidl_typesupport_introspection_cpp/msgs/msg/detail/trash_count__type_support.cpp.o[0m
[3.814s] [ 58%] [32mBuilding C object CMakeFiles/msgs__rosidl_typesupport_introspection_c.dir/rosidl_typesupport_introspection_c/msgs/msg/detail/robot_status__type_support.c.o[0m
[3.877s] [ 59%] [32mBuilding C object CMakeFiles/msgs__rosidl_typesupport_introspection_c.dir/rosidl_typesupport_introspection_c/msgs/msg/detail/game_state__type_support.c.o[0m
[3.921s] [ 60%] [32mBuilding CXX object CMakeFiles/msgs__rosidl_typesupport_introspection_cpp.dir/rosidl_typesupport_introspection_cpp/msgs/msg/detail/robot_status__type_support.cpp.o[0m
[3.950s] [ 62%] [32mBuilding C object CMakeFiles/msgs__rosidl_typesupport_introspection_c.dir/rosidl_typesupport_introspection_c/msgs/srv/detail/collect_trash__type_support.c.o[0m
[3.981s] [ 63%] [32mBuilding CXX object CMakeFiles/msgs__rosidl_typesupport_introspection_cpp.dir/rosidl_typesupport_introspection_cpp/msgs/msg/detail/game_state__type_support.cpp.o[0m
[3.993s] [ 64%] [32mBuilding CXX object CMakeFiles/msgs__rosidl_typesupport_fastrtps_cpp.dir/rosidl_typesupport_fastrtps_cpp/msgs/msg/detail/dds_fastrtps/robot_status__type_support.cpp.o[0m
[4.005s] [ 65%] [32mBuilding CXX object CMakeFiles/msgs__rosidl_typesupport_introspection_cpp.dir/rosidl_typesupport_introspection_cpp/msgs/srv/detail/collect_trash__type_support.cpp.o[0m
[4.014s] [ 67%] [32mBuilding C object CMakeFiles/msgs__rosidl_typesupport_introspection_c.dir/rosidl_typesupport_introspection_c/msgs/srv/detail/unload_trash__type_support.c.o[0m
[4.054s] [ 68%] [32mBuilding C object CMakeFiles/msgs__rosidl_typesupport_introspection_c.dir/rosidl_typesupport_introspection_c/msgs/srv/detail/reset_game__type_support.c.o[0m
[4.059s] [ 69%] [32mBuilding CXX object CMakeFiles/msgs__rosidl_typesupport_introspection_cpp.dir/rosidl_typesupport_introspection_cpp/msgs/srv/detail/unload_trash__type_support.cpp.o[0m
[4.068s] [ 70%] [32mBuilding CXX object CMakeFiles/msgs__rosidl_typesupport_introspection_cpp.dir/rosidl_typesupport_introspection_cpp/msgs/srv/detail/reset_game__type_support.cpp.o[0m
[4.114s] [ 72%] [32mBuilding CXX object CMakeFiles/msgs__rosidl_typesupport_fastrtps_cpp.dir/rosidl_typesupport_fastrtps_cpp/msgs/msg/detail/dds_fastrtps/game_state__type_support.cpp.o[0m
[4.114s] [ 73%] [32mBuilding CXX object CMakeFiles/msgs__rosidl_typesupport_fastrtps_cpp.dir/rosidl_typesupport_fastrtps_cpp/msgs/srv/detail/dds_fastrtps/collect_trash__type_support.cpp.o[0m
[4.137s] [ 74%] [32m[1mLinking C shared library libmsgs__rosidl_typesupport_introspection_c.so[0m
[4.173s] [ 75%] [32mBuilding CXX object CMakeFiles/msgs__rosidl_typesupport_fastrtps_cpp.dir/rosidl_typesupport_fastrtps_cpp/msgs/srv/detail/dds_fastrtps/unload_trash__type_support.cpp.o[0m
[4.217s] [ 77%] [32m[1mLinking CXX shared library libmsgs__rosidl_typesupport_fastrtps_c.so[0m
[4.221s] [ 77%] Built target msgs__rosidl_typesupport_introspection_c
[4.246s] [ 78%] [32mBuilding CXX object CMakeFiles/msgs__rosidl_typesupport_fastrtps_cpp.dir/rosidl_typesupport_fastrtps_cpp/msgs/srv/detail/dds_fastrtps/reset_game__type_support.cpp.o[0m
[4.355s] [ 78%] Built target msgs__rosidl_typesupport_fastrtps_c
[4.699s] [ 79%] [32m[1mLinking CXX shared library libmsgs__rosidl_typesupport_introspection_cpp.so[0m
[4.746s] [ 81%] [32m[1mLinking CXX shared library libmsgs__rosidl_typesupport_fastrtps_cpp.so[0m
[4.772s] [ 81%] Built target msgs__rosidl_typesupport_introspection_cpp
[4.840s] [ 81%] Built target msgs__rosidl_typesupport_fastrtps_cpp
[4.863s] [ 81%] Built target msgs
[4.886s] [ 82%] [34m[1mGenerating Python code for ROS interfaces[0m
[5.718s] [ 82%] Built target msgs__py
[5.739s] [ 83%] [32mBuilding C object CMakeFiles/msgs__rosidl_generator_py.dir/rosidl_generator_py/msgs/srv/_reset_game_s.c.o[0m
[5.739s] [ 84%] [32mBuilding C object CMakeFiles/msgs__rosidl_generator_py.dir/rosidl_generator_py/msgs/msg/_robot_status_s.c.o[0m
[5.739s] [ 87%] [32mBuilding C object CMakeFiles/msgs__rosidl_generator_py.dir/rosidl_generator_py/msgs/msg/_trash_item_s.c.o[0m
[5.739s] [ 87%] [32mBuilding C object CMakeFiles/msgs__rosidl_generator_py.dir/rosidl_generator_py/msgs/msg/_trash_count_s.c.o[0m
[5.740s] [ 88%] [32mBuilding C object CMakeFiles/msgs__rosidl_generator_py.dir/rosidl_generator_py/msgs/msg/_game_state_s.c.o[0m
[5.740s] [ 91%] [32mBuilding C object CMakeFiles/msgs__rosidl_generator_py.dir/rosidl_generator_py/msgs/srv/_collect_trash_s.c.o[0m
[5.740s] [ 91%] [32mBuilding C object CMakeFiles/msgs__rosidl_generator_py.dir/rosidl_generator_py/msgs/srv/_unload_trash_s.c.o[0m
[5.861s] [ 92%] [32m[1mLinking C shared library rosidl_generator_py/msgs/libmsgs__rosidl_generator_py.so[0m
[5.897s] [ 92%] Built target msgs__rosidl_generator_py
[5.917s] [ 93%] [32mBuilding C object CMakeFiles/msgs__rosidl_typesupport_fastrtps_c__pyext.dir/rosidl_generator_py/msgs/_msgs_s.ep.rosidl_typesupport_fastrtps_c.c.o[0m
[5.918s] [ 96%] [32mBuilding C object CMakeFiles/msgs__rosidl_typesupport_introspection_c__pyext.dir/rosidl_generator_py/msgs/_msgs_s.ep.rosidl_typesupport_introspection_c.c.o[0m
[5.918s] [ 96%] [32mBuilding C object CMakeFiles/msgs__rosidl_typesupport_c__pyext.dir/rosidl_generator_py/msgs/_msgs_s.ep.rosidl_typesupport_c.c.o[0m
[6.012s] [ 97%] [32m[1mLinking C shared library rosidl_generator_py/msgs/msgs_s__rosidl_typesupport_fastrtps_c.cpython-310-x86_64-linux-gnu.so[0m
[6.014s] [ 98%] [32m[1mLinking C shared library rosidl_generator_py/msgs/msgs_s__rosidl_typesupport_introspection_c.cpython-310-x86_64-linux-gnu.so[0m
[6.016s] [100%] [32m[1mLinking C shared library rosidl_generator_py/msgs/msgs_s__rosidl_typesupport_c.cpython-310-x86_64-linux-gnu.so[0m
[6.049s] [100%] Built target msgs__rosidl_typesupport_fastrtps_c__pyext
[6.055s] [100%] Built target msgs__rosidl_typesupport_introspection_c__pyext
[6.056s] [100%] Built target msgs__rosidl_typesupport_c__pyext
[6.068s] Invoked command in '/home/adam/opk/zadanie2/build/msgs' returned '0': CMAKE_PREFIX_PATH=${CMAKE_PREFIX_PATH}:/opt/ros/humble /usr/bin/cmake --build /home/adam/opk/zadanie2/build/msgs -- -j12 -l12
[6.070s] Invoking command in '/home/adam/opk/zadanie2/build/msgs': CMAKE_PREFIX_PATH=${CMAKE_PREFIX_PATH}:/opt/ros/humble /usr/bin/cmake --install /home/adam/opk/zadanie2/build/msgs
[6.076s] -- Install configuration: ""
[6.076s] -- Installing: /home/adam/opk/zadanie2/install/msgs/share/ament_index/resource_index/rosidl_interfaces/msgs
[6.076s] -- Installing: /home/adam/opk/zadanie2/install/msgs/include/msgs/msgs
[6.076s] -- Installing: /home/adam/opk/zadanie2/install/msgs/include/msgs/msgs/srv
[6.076s] -- Installing: /home/adam/opk/zadanie2/install/msgs/include/msgs/msgs/srv/unload_trash.h
[6.076s] -- Installing: /home/adam/opk/zadanie2/install/msgs/include/msgs/msgs/srv/collect_trash.h
[6.076s] -- Installing: /home/adam/opk/zadanie2/install/msgs/include/msgs/msgs/srv/reset_game.h
[6.077s] -- Installing: /home/adam/opk/zadanie2/install/msgs/include/msgs/msgs/srv/detail
[6.077s] -- Installing: /home/adam/opk/zadanie2/install/msgs/include/msgs/msgs/srv/detail/unload_trash__functions.h
[6.077s] -- Installing: /home/adam/opk/zadanie2/install/msgs/include/msgs/msgs/srv/detail/collect_trash__functions.c
[6.077s] -- Installing: /home/adam/opk/zadanie2/install/msgs/include/msgs/msgs/srv/detail/reset_game__functions.h
[6.077s] -- Installing: /home/adam/opk/zadanie2/install/msgs/include/msgs/msgs/srv/detail/reset_game__functions.c
[6.077s] -- Installing: /home/adam/opk/zadanie2/install/msgs/include/msgs/msgs/srv/detail/unload_trash__type_support.h
[6.077s] -- Installing: /home/adam/opk/zadanie2/install/msgs/include/msgs/msgs/srv/detail/reset_game__struct.h
[6.077s] -- Installing: /home/adam/opk/zadanie2/install/msgs/include/msgs/msgs/srv/detail/collect_trash__functions.h
[6.077s] -- Installing: /home/adam/opk/zadanie2/install/msgs/include/msgs/msgs/srv/detail/unload_trash__functions.c
[6.077s] -- Installing: /home/adam/opk/zadanie2/install/msgs/include/msgs/msgs/srv/detail/unload_trash__struct.h
[6.077s] -- Installing: /home/adam/opk/zadanie2/install/msgs/include/msgs/msgs/srv/detail/collect_trash__struct.h
[6.077s] -- Installing: /home/adam/opk/zadanie2/install/msgs/include/msgs/msgs/srv/detail/reset_game__type_support.h
[6.077s] -- Installing: /home/adam/opk/zadanie2/install/msgs/include/msgs/msgs/srv/detail/collect_trash__type_support.h
[6.078s] -- Installing: /home/adam/opk/zadanie2/install/msgs/include/msgs/msgs/msg
[6.078s] -- Installing: /home/adam/opk/zadanie2/install/msgs/include/msgs/msgs/msg/trash_count.h
[6.078s] -- Installing: /home/adam/opk/zadanie2/install/msgs/include/msgs/msgs/msg/trash_item.h
[6.078s] -- Installing: /home/adam/opk/zadanie2/install/msgs/include/msgs/msgs/msg/robot_status.h
[6.078s] -- Installing: /home/adam/opk/zadanie2/install/msgs/include/msgs/msgs/msg/game_state.h
[6.078s] -- Installing: /home/adam/opk/zadanie2/install/msgs/include/msgs/msgs/msg/rosidl_generator_c__visibility_control.h
[6.078s] -- Installing: /home/adam/opk/zadanie2/install/msgs/include/msgs/msgs/msg/detail
[6.078s] -- Installing: /home/adam/opk/zadanie2/install/msgs/include/msgs/msgs/msg/detail/trash_item__struct.h
[6.078s] -- Installing: /home/adam/opk/zadanie2/install/msgs/include/msgs/msgs/msg/detail/robot_status__struct.h
[6.078s] -- Installing: /home/adam/opk/zadanie2/install/msgs/include/msgs/msgs/msg/detail/trash_count__functions.c
[6.078s] -- Installing: /home/adam/opk/zadanie2/install/msgs/include/msgs/msgs/msg/detail/game_state__functions.h
[6.078s] -- Installing: /home/adam/opk/zadanie2/install/msgs/include/msgs/msgs/msg/detail/robot_status__functions.h
[6.079s] -- Installing: /home/adam/opk/zadanie2/install/msgs/include/msgs/msgs/msg/detail/trash_count__functions.h
[6.079s] -- Installing: /home/adam/opk/zadanie2/install/msgs/include/msgs/msgs/msg/detail/trash_item__functions.c
[6.079s] -- Installing: /home/adam/opk/zadanie2/install/msgs/include/msgs/msgs/msg/detail/trash_count__struct.h
[6.079s] -- Installing: /home/adam/opk/zadanie2/install/msgs/include/msgs/msgs/msg/detail/trash_count__type_support.h
[6.079s] -- Installing: /home/adam/opk/zadanie2/install/msgs/include/msgs/msgs/msg/detail/game_state__functions.c
[6.079s] -- Installing: /home/adam/opk/zadanie2/install/msgs/include/msgs/msgs/msg/detail/game_state__type_support.h
[6.079s] -- Installing: /home/adam/opk/zadanie2/install/msgs/include/msgs/msgs/msg/detail/trash_item__functions.h
[6.079s] -- Installing: /home/adam/opk/zadanie2/install/msgs/include/msgs/msgs/msg/detail/trash_item__type_support.h
[6.079s] -- Installing: /home/adam/opk/zadanie2/install/msgs/include/msgs/msgs/msg/detail/robot_status__functions.c
[6.079s] -- Installing: /home/adam/opk/zadanie2/install/msgs/include/msgs/msgs/msg/detail/game_state__struct.h
[6.079s] -- Installing: /home/adam/opk/zadanie2/install/msgs/include/msgs/msgs/msg/detail/robot_status__type_support.h
[6.079s] -- Installing: /home/adam/opk/zadanie2/install/msgs/share/msgs/environment/library_path.sh
[6.080s] -- Installing: /home/adam/opk/zadanie2/install/msgs/share/msgs/environment/library_path.dsv
[6.080s] -- Installing: /home/adam/opk/zadanie2/install/msgs/lib/libmsgs__rosidl_generator_c.so
[6.080s] -- Set runtime path of "/home/adam/opk/zadanie2/install/msgs/lib/libmsgs__rosidl_generator_c.so" to ""
[6.080s] -- Up-to-date: /home/adam/opk/zadanie2/install/msgs/include/msgs/msgs
[6.080s] -- Up-to-date: /home/adam/opk/zadanie2/install/msgs/include/msgs/msgs/srv
[6.080s] -- Up-to-date: /home/adam/opk/zadanie2/install/msgs/include/msgs/msgs/srv/detail
[6.080s] -- Installing: /home/adam/opk/zadanie2/install/msgs/include/msgs/msgs/srv/detail/reset_game__rosidl_typesupport_fastrtps_c.h
[6.080s] -- Installing: /home/adam/opk/zadanie2/install/msgs/include/msgs/msgs/srv/detail/unload_trash__rosidl_typesupport_fastrtps_c.h
[6.080s] -- Installing: /home/adam/opk/zadanie2/install/msgs/include/msgs/msgs/srv/detail/collect_trash__rosidl_typesupport_fastrtps_c.h
[6.080s] -- Up-to-date: /home/adam/opk/zadanie2/install/msgs/include/msgs/msgs/msg
[6.080s] -- Installing: /home/adam/opk/zadanie2/install/msgs/include/msgs/msgs/msg/rosidl_typesupport_fastrtps_c__visibility_control.h
[6.080s] -- Up-to-date: /home/adam/opk/zadanie2/install/msgs/include/msgs/msgs/msg/detail
[6.081s] -- Installing: /home/adam/opk/zadanie2/install/msgs/include/msgs/msgs/msg/detail/trash_item__rosidl_typesupport_fastrtps_c.h
[6.081s] -- Installing: /home/adam/opk/zadanie2/install/msgs/include/msgs/msgs/msg/detail/robot_status__rosidl_typesupport_fastrtps_c.h
[6.081s] -- Installing: /home/adam/opk/zadanie2/install/msgs/include/msgs/msgs/msg/detail/game_state__rosidl_typesupport_fastrtps_c.h
[6.081s] -- Installing: /home/adam/opk/zadanie2/install/msgs/include/msgs/msgs/msg/detail/trash_count__rosidl_typesupport_fastrtps_c.h
[6.081s] -- Installing: /home/adam/opk/zadanie2/install/msgs/lib/libmsgs__rosidl_typesupport_fastrtps_c.so
[6.081s] -- Set runtime path of "/home/adam/opk/zadanie2/install/msgs/lib/libmsgs__rosidl_typesupport_fastrtps_c.so" to ""
[6.081s] -- Up-to-date: /home/adam/opk/zadanie2/install/msgs/include/msgs/msgs
[6.081s] -- Up-to-date: /home/adam/opk/zadanie2/install/msgs/include/msgs/msgs/srv
[6.081s] -- Up-to-date: /home/adam/opk/zadanie2/install/msgs/include/msgs/msgs/srv/detail
[6.081s] -- Installing: /home/adam/opk/zadanie2/install/msgs/include/msgs/msgs/srv/detail/unload_trash__rosidl_typesupport_introspection_c.h
[6.081s] -- Installing: /home/adam/opk/zadanie2/install/msgs/include/msgs/msgs/srv/detail/reset_game__rosidl_typesupport_introspection_c.h
[6.082s] -- Installing: /home/adam/opk/zadanie2/install/msgs/include/msgs/msgs/srv/detail/unload_trash__type_support.c
[6.082s] -- Installing: /home/adam/opk/zadanie2/install/msgs/include/msgs/msgs/srv/detail/collect_trash__type_support.c
[6.082s] -- Installing: /home/adam/opk/zadanie2/install/msgs/include/msgs/msgs/srv/detail/reset_game__type_support.c
[6.082s] -- Installing: /home/adam/opk/zadanie2/install/msgs/include/msgs/msgs/srv/detail/collect_trash__rosidl_typesupport_introspection_c.h
[6.082s] -- Up-to-date: /home/adam/opk/zadanie2/install/msgs/include/msgs/msgs/msg
[6.082s] -- Installing: /home/adam/opk/zadanie2/install/msgs/include/msgs/msgs/msg/rosidl_typesupport_introspection_c__visibility_control.h
[6.082s] -- Up-to-date: /home/adam/opk/zadanie2/install/msgs/include/msgs/msgs/msg/detail
[6.082s] -- Installing: /home/adam/opk/zadanie2/install/msgs/include/msgs/msgs/msg/detail/game_state__type_support.c
[6.082s] -- Installing: /home/adam/opk/zadanie2/install/msgs/include/msgs/msgs/msg/detail/robot_status__rosidl_typesupport_introspection_c.h
[6.082s] -- Installing: /home/adam/opk/zadanie2/install/msgs/include/msgs/msgs/msg/detail/trash_item__type_support.c
[6.082s] -- Installing: /home/adam/opk/zadanie2/install/msgs/include/msgs/msgs/msg/detail/robot_status__type_support.c
[6.082s] -- Installing: /home/adam/opk/zadanie2/install/msgs/include/msgs/msgs/msg/detail/trash_count__type_support.c
[6.082s] -- Installing: /home/adam/opk/zadanie2/install/msgs/include/msgs/msgs/msg/detail/trash_item__rosidl_typesupport_introspection_c.h
[6.082s] -- Installing: /home/adam/opk/zadanie2/install/msgs/include/msgs/msgs/msg/detail/trash_count__rosidl_typesupport_introspection_c.h
[6.082s] -- Installing: /home/adam/opk/zadanie2/install/msgs/include/msgs/msgs/msg/detail/game_state__rosidl_typesupport_introspection_c.h
[6.082s] -- Installing: /home/adam/opk/zadanie2/install/msgs/lib/libmsgs__rosidl_typesupport_introspection_c.so
[6.082s] -- Set runtime path of "/home/adam/opk/zadanie2/install/msgs/lib/libmsgs__rosidl_typesupport_introspection_c.so" to ""
[6.082s] -- Installing: /home/adam/opk/zadanie2/install/msgs/lib/libmsgs__rosidl_typesupport_c.so
[6.082s] -- Set runtime path of "/home/adam/opk/zadanie2/install/msgs/lib/libmsgs__rosidl_typesupport_c.so" to ""
[6.082s] -- Up-to-date: /home/adam/opk/zadanie2/install/msgs/include/msgs/msgs
[6.082s] -- Up-to-date: /home/adam/opk/zadanie2/install/msgs/include/msgs/msgs/srv
[6.082s] -- Installing: /home/adam/opk/zadanie2/install/msgs/include/msgs/msgs/srv/collect_trash.hpp
[6.082s] -- Installing: /home/adam/opk/zadanie2/install/msgs/include/msgs/msgs/srv/unload_trash.hpp
[6.082s] -- Up-to-date: /home/adam/opk/zadanie2/install/msgs/include/msgs/msgs/srv/detail
[6.083s] -- Installing: /home/adam/opk/zadanie2/install/msgs/include/msgs/msgs/srv/detail/collect_trash__traits.hpp
[6.083s] -- Installing: /home/adam/opk/zadanie2/install/msgs/include/msgs/msgs/srv/detail/unload_trash__struct.hpp
[6.083s] -- Installing: /home/adam/opk/zadanie2/install/msgs/include/msgs/msgs/srv/detail/collect_trash__type_support.hpp
[6.083s] -- Installing: /home/adam/opk/zadanie2/install/msgs/include/msgs/msgs/srv/detail/unload_trash__builder.hpp
[6.083s] -- Installing: /home/adam/opk/zadanie2/install/msgs/include/msgs/msgs/srv/detail/collect_trash__builder.hpp
[6.083s] -- Installing: /home/adam/opk/zadanie2/install/msgs/include/msgs/msgs/srv/detail/reset_game__builder.hpp
[6.083s] -- Installing: /home/adam/opk/zadanie2/install/msgs/include/msgs/msgs/srv/detail/reset_game__type_support.hpp
[6.083s] -- Installing: /home/adam/opk/zadanie2/install/msgs/include/msgs/msgs/srv/detail/reset_game__struct.hpp
[6.083s] -- Installing: /home/adam/opk/zadanie2/install/msgs/include/msgs/msgs/srv/detail/unload_trash__type_support.hpp
[6.083s] -- Installing: /home/adam/opk/zadanie2/install/msgs/include/msgs/msgs/srv/detail/reset_game__traits.hpp
[6.083s] -- Installing: /home/adam/opk/zadanie2/install/msgs/include/msgs/msgs/srv/detail/collect_trash__struct.hpp
[6.083s] -- Installing: /home/adam/opk/zadanie2/install/msgs/include/msgs/msgs/srv/detail/unload_trash__traits.hpp
[6.083s] -- Installing: /home/adam/opk/zadanie2/install/msgs/include/msgs/msgs/srv/reset_game.hpp
[6.083s] -- Up-to-date: /home/adam/opk/zadanie2/install/msgs/include/msgs/msgs/msg
[6.083s] -- Installing: /home/adam/opk/zadanie2/install/msgs/include/msgs/msgs/msg/game_state.hpp
[6.083s] -- Installing: /home/adam/opk/zadanie2/install/msgs/include/msgs/msgs/msg/trash_count.hpp
[6.083s] -- Installing: /home/adam/opk/zadanie2/install/msgs/include/msgs/msgs/msg/trash_item.hpp
[6.083s] -- Installing: /home/adam/opk/zadanie2/install/msgs/include/msgs/msgs/msg/rosidl_generator_cpp__visibility_control.hpp
[6.083s] -- Up-to-date: /home/adam/opk/zadanie2/install/msgs/include/msgs/msgs/msg/detail
[6.083s] -- Installing: /home/adam/opk/zadanie2/install/msgs/include/msgs/msgs/msg/detail/game_state__traits.hpp
[6.083s] -- Installing: /home/adam/opk/zadanie2/install/msgs/include/msgs/msgs/msg/detail/trash_count__builder.hpp
[6.083s] -- Installing: /home/adam/opk/zadanie2/install/msgs/include/msgs/msgs/msg/detail/robot_status__traits.hpp
[6.083s] -- Installing: /home/adam/opk/zadanie2/install/msgs/include/msgs/msgs/msg/detail/trash_item__builder.hpp
[6.083s] -- Installing: /home/adam/opk/zadanie2/install/msgs/include/msgs/msgs/msg/detail/robot_status__type_support.hpp
[6.083s] -- Installing: /home/adam/opk/zadanie2/install/msgs/include/msgs/msgs/msg/detail/trash_count__type_support.hpp
[6.083s] -- Installing: /home/adam/opk/zadanie2/install/msgs/include/msgs/msgs/msg/detail/trash_item__traits.hpp
[6.083s] -- Installing: /home/adam/opk/zadanie2/install/msgs/include/msgs/msgs/msg/detail/trash_count__struct.hpp
[6.083s] -- Installing: /home/adam/opk/zadanie2/install/msgs/include/msgs/msgs/msg/detail/trash_item__type_support.hpp
[6.083s] -- Installing: /home/adam/opk/zadanie2/install/msgs/include/msgs/msgs/msg/detail/robot_status__struct.hpp
[6.083s] -- Installing: /home/adam/opk/zadanie2/install/msgs/include/msgs/msgs/msg/detail/trash_count__traits.hpp
[6.083s] -- Installing: /home/adam/opk/zadanie2/install/msgs/include/msgs/msgs/msg/detail/game_state__builder.hpp
[6.084s] -- Installing: /home/adam/opk/zadanie2/install/msgs/include/msgs/msgs/msg/detail/game_state__struct.hpp
[6.084s] -- Installing: /home/adam/opk/zadanie2/install/msgs/include/msgs/msgs/msg/detail/trash_item__struct.hpp
[6.084s] -- Installing: /home/adam/opk/zadanie2/install/msgs/include/msgs/msgs/msg/detail/robot_status__builder.hpp
[6.084s] -- Installing: /home/adam/opk/zadanie2/install/msgs/include/msgs/msgs/msg/detail/game_state__type_support.hpp
[6.084s] -- Installing: /home/adam/opk/zadanie2/install/msgs/include/msgs/msgs/msg/robot_status.hpp
[6.084s] -- Up-to-date: /home/adam/opk/zadanie2/install/msgs/include/msgs/msgs
[6.084s] -- Up-to-date: /home/adam/opk/zadanie2/install/msgs/include/msgs/msgs/srv
[6.084s] -- Up-to-date: /home/adam/opk/zadanie2/install/msgs/include/msgs/msgs/srv/detail
[6.084s] -- Installing: /home/adam/opk/zadanie2/install/msgs/include/msgs/msgs/srv/detail/dds_fastrtps
[6.084s] -- Installing: /home/adam/opk/zadanie2/install/msgs/include/msgs/msgs/srv/detail/reset_game__rosidl_typesupport_fastrtps_cpp.hpp
[6.084s] -- Installing: /home/adam/opk/zadanie2/install/msgs/include/msgs/msgs/srv/detail/collect_trash__rosidl_typesupport_fastrtps_cpp.hpp
[6.086s] -- Installing: /home/adam/opk/zadanie2/install/msgs/include/msgs/msgs/srv/detail/unload_trash__rosidl_typesupport_fastrtps_cpp.hpp
[6.086s] -- Up-to-date: /home/adam/opk/zadanie2/install/msgs/include/msgs/msgs/msg
[6.086s] -- Installing: /home/adam/opk/zadanie2/install/msgs/include/msgs/msgs/msg/rosidl_typesupport_fastrtps_cpp__visibility_control.h
[6.086s] -- Up-to-date: /home/adam/opk/zadanie2/install/msgs/include/msgs/msgs/msg/detail
[6.086s] -- Installing: /home/adam/opk/zadanie2/install/msgs/include/msgs/msgs/msg/detail/robot_status__rosidl_typesupport_fastrtps_cpp.hpp
[6.086s] -- Installing: /home/adam/opk/zadanie2/install/msgs/include/msgs/msgs/msg/detail/trash_item__rosidl_typesupport_fastrtps_cpp.hpp
[6.086s] -- Installing: /home/adam/opk/zadanie2/install/msgs/include/msgs/msgs/msg/detail/dds_fastrtps
[6.086s] -- Installing: /home/adam/opk/zadanie2/install/msgs/include/msgs/msgs/msg/detail/trash_count__rosidl_typesupport_fastrtps_cpp.hpp
[6.086s] -- Installing: /home/adam/opk/zadanie2/install/msgs/include/msgs/msgs/msg/detail/game_state__rosidl_typesupport_fastrtps_cpp.hpp
[6.086s] -- Installing: /home/adam/opk/zadanie2/install/msgs/lib/libmsgs__rosidl_typesupport_fastrtps_cpp.so
[6.086s] -- Set runtime path of "/home/adam/opk/zadanie2/install/msgs/lib/libmsgs__rosidl_typesupport_fastrtps_cpp.so" to ""
[6.086s] -- Up-to-date: /home/adam/opk/zadanie2/install/msgs/include/msgs/msgs
[6.086s] -- Up-to-date: /home/adam/opk/zadanie2/install/msgs/include/msgs/msgs/srv
[6.086s] -- Up-to-date: /home/adam/opk/zadanie2/install/msgs/include/msgs/msgs/srv/detail
[6.086s] -- Installing: /home/adam/opk/zadanie2/install/msgs/include/msgs/msgs/srv/detail/collect_trash__rosidl_typesupport_introspection_cpp.hpp
[6.086s] -- Installing: /home/adam/opk/zadanie2/install/msgs/include/msgs/msgs/srv/detail/reset_game__type_support.cpp
[6.086s] -- Installing: /home/adam/opk/zadanie2/install/msgs/include/msgs/msgs/srv/detail/reset_game__rosidl_typesupport_introspection_cpp.hpp
[6.086s] -- Installing: /home/adam/opk/zadanie2/install/msgs/include/msgs/msgs/srv/detail/unload_trash__rosidl_typesupport_introspection_cpp.hpp
[6.086s] -- Installing: /home/adam/opk/zadanie2/install/msgs/include/msgs/msgs/srv/detail/unload_trash__type_support.cpp
[6.086s] -- Installing: /home/adam/opk/zadanie2/install/msgs/include/msgs/msgs/srv/detail/collect_trash__type_support.cpp
[6.086s] -- Up-to-date: /home/adam/opk/zadanie2/install/msgs/include/msgs/msgs/msg
[6.086s] -- Up-to-date: /home/adam/opk/zadanie2/install/msgs/include/msgs/msgs/msg/detail
[6.086s] -- Installing: /home/adam/opk/zadanie2/install/msgs/include/msgs/msgs/msg/detail/trash_item__type_support.cpp
[6.086s] -- Installing: /home/adam/opk/zadanie2/install/msgs/include/msgs/msgs/msg/detail/game_state__rosidl_typesupport_introspection_cpp.hpp
[6.086s] -- Installing: /home/adam/opk/zadanie2/install/msgs/include/msgs/msgs/msg/detail/trash_item__rosidl_typesupport_introspection_cpp.hpp
[6.086s] -- Installing: /home/adam/opk/zadanie2/install/msgs/include/msgs/msgs/msg/detail/robot_status__type_support.cpp
[6.086s] -- Installing: /home/adam/opk/zadanie2/install/msgs/include/msgs/msgs/msg/detail/game_state__type_support.cpp
[6.086s] -- Installing: /home/adam/opk/zadanie2/install/msgs/include/msgs/msgs/msg/detail/trash_count__rosidl_typesupport_introspection_cpp.hpp
[6.086s] -- Installing: /home/adam/opk/zadanie2/install/msgs/include/msgs/msgs/msg/detail/trash_count__type_support.cpp
[6.087s] -- Installing: /home/adam/opk/zadanie2/install/msgs/include/msgs/msgs/msg/detail/robot_status__rosidl_typesupport_introspection_cpp.hpp
[6.087s] -- Installing: /home/adam/opk/zadanie2/install/msgs/lib/libmsgs__rosidl_typesupport_introspection_cpp.so
[6.087s] -- Set runtime path of "/home/adam/opk/zadanie2/install/msgs/lib/libmsgs__rosidl_typesupport_introspection_cpp.so" to ""
[6.087s] -- Installing: /home/adam/opk/zadanie2/install/msgs/lib/libmsgs__rosidl_typesupport_cpp.so
[6.087s] -- Set runtime path of "/home/adam/opk/zadanie2/install/msgs/lib/libmsgs__rosidl_typesupport_cpp.so" to ""
[6.087s] -- Installing: /home/adam/opk/zadanie2/install/msgs/share/msgs/environment/pythonpath.sh
[6.087s] -- Installing: /home/adam/opk/zadanie2/install/msgs/share/msgs/environment/pythonpath.dsv
[6.087s] -- Installing: /home/adam/opk/zadanie2/install/msgs/local/lib/python3.10/dist-packages/msgs-0.1.0-py3.10.egg-info
[6.087s] -- Installing: /home/adam/opk/zadanie2/install/msgs/local/lib/python3.10/dist-packages/msgs-0.1.0-py3.10.egg-info/dependency_links.txt
[6.087s] -- Installing: /home/adam/opk/zadanie2/install/msgs/local/lib/python3.10/dist-packages/msgs-0.1.0-py3.10.egg-info/SOURCES.txt
[6.087s] -- Installing: /home/adam/opk/zadanie2/install/msgs/local/lib/python3.10/dist-packages/msgs-0.1.0-py3.10.egg-info/top_level.txt
[6.087s] -- Installing: /home/adam/opk/zadanie2/install/msgs/local/lib/python3.10/dist-packages/msgs-0.1.0-py3.10.egg-info/PKG-INFO
[6.087s] -- Installing: /home/adam/opk/zadanie2/install/msgs/local/lib/python3.10/dist-packages/msgs
[6.087s] -- Installing: /home/adam/opk/zadanie2/install/msgs/local/lib/python3.10/dist-packages/msgs/_msgs_s.ep.rosidl_typesupport_c.c
[6.087s] -- Installing: /home/adam/opk/zadanie2/install/msgs/local/lib/python3.10/dist-packages/msgs/__init__.py
[6.087s] -- Installing: /home/adam/opk/zadanie2/install/msgs/local/lib/python3.10/dist-packages/msgs/libmsgs__rosidl_generator_py.so
[6.087s] -- Installing: /home/adam/opk/zadanie2/install/msgs/local/lib/python3.10/dist-packages/msgs/srv
[6.087s] -- Installing: /home/adam/opk/zadanie2/install/msgs/local/lib/python3.10/dist-packages/msgs/srv/_collect_trash_s.c
[6.087s] -- Installing: /home/adam/opk/zadanie2/install/msgs/local/lib/python3.10/dist-packages/msgs/srv/_unload_trash_s.c
[6.087s] -- Installing: /home/adam/opk/zadanie2/install/msgs/local/lib/python3.10/dist-packages/msgs/srv/__init__.py
[6.087s] -- Installing: /home/adam/opk/zadanie2/install/msgs/local/lib/python3.10/dist-packages/msgs/srv/_unload_trash.py
[6.087s] -- Installing: /home/adam/opk/zadanie2/install/msgs/local/lib/python3.10/dist-packages/msgs/srv/_reset_game_s.c
[6.087s] -- Installing: /home/adam/opk/zadanie2/install/msgs/local/lib/python3.10/dist-packages/msgs/srv/_collect_trash.py
[6.087s] -- Installing: /home/adam/opk/zadanie2/install/msgs/local/lib/python3.10/dist-packages/msgs/srv/_reset_game.py
[6.087s] -- Installing: /home/adam/opk/zadanie2/install/msgs/local/lib/python3.10/dist-packages/msgs/msgs_s__rosidl_typesupport_fastrtps_c.cpython-310-x86_64-linux-gnu.so
[6.087s] -- Installing: /home/adam/opk/zadanie2/install/msgs/local/lib/python3.10/dist-packages/msgs/msgs_s__rosidl_typesupport_c.cpython-310-x86_64-linux-gnu.so
[6.087s] -- Installing: /home/adam/opk/zadanie2/install/msgs/local/lib/python3.10/dist-packages/msgs/_msgs_s.ep.rosidl_typesupport_fastrtps_c.c
[6.087s] -- Installing: /home/adam/opk/zadanie2/install/msgs/local/lib/python3.10/dist-packages/msgs/_msgs_s.ep.rosidl_typesupport_introspection_c.c
[6.087s] -- Installing: /home/adam/opk/zadanie2/install/msgs/local/lib/python3.10/dist-packages/msgs/msg
[6.087s] -- Installing: /home/adam/opk/zadanie2/install/msgs/local/lib/python3.10/dist-packages/msgs/msg/_robot_status.py
[6.087s] -- Installing: /home/adam/opk/zadanie2/install/msgs/local/lib/python3.10/dist-packages/msgs/msg/_robot_status_s.c
[6.087s] -- Installing: /home/adam/opk/zadanie2/install/msgs/local/lib/python3.10/dist-packages/msgs/msg/_trash_count_s.c
[6.087s] -- Installing: /home/adam/opk/zadanie2/install/msgs/local/lib/python3.10/dist-packages/msgs/msg/__init__.py
[6.087s] -- Installing: /home/adam/opk/zadanie2/install/msgs/local/lib/python3.10/dist-packages/msgs/msg/_trash_item_s.c
[6.087s] -- Installing: /home/adam/opk/zadanie2/install/msgs/local/lib/python3.10/dist-packages/msgs/msg/_trash_count.py
[6.087s] -- Installing: /home/adam/opk/zadanie2/install/msgs/local/lib/python3.10/dist-packages/msgs/msg/_game_state.py
[6.087s] -- Installing: /home/adam/opk/zadanie2/install/msgs/local/lib/python3.10/dist-packages/msgs/msg/_trash_item.py
[6.088s] -- Installing: /home/adam/opk/zadanie2/install/msgs/local/lib/python3.10/dist-packages/msgs/msg/_game_state_s.c
[6.088s] -- Installing: /home/adam/opk/zadanie2/install/msgs/local/lib/python3.10/dist-packages/msgs/msgs_s__rosidl_typesupport_introspection_c.cpython-310-x86_64-linux-gnu.so
[6.116s] Listing '/home/adam/opk/zadanie2/install/msgs/local/lib/python3.10/dist-packages/msgs'...
[6.116s] Compiling '/home/adam/opk/zadanie2/install/msgs/local/lib/python3.10/dist-packages/msgs/__init__.py'...
[6.116s] Listing '/home/adam/opk/zadanie2/install/msgs/local/lib/python3.10/dist-packages/msgs/msg'...
[6.116s] Compiling '/home/adam/opk/zadanie2/install/msgs/local/lib/python3.10/dist-packages/msgs/msg/__init__.py'...
[6.116s] Compiling '/home/adam/opk/zadanie2/install/msgs/local/lib/python3.10/dist-packages/msgs/msg/_game_state.py'...
[6.116s] Compiling '/home/adam/opk/zadanie2/install/msgs/local/lib/python3.10/dist-packages/msgs/msg/_robot_status.py'...
[6.116s] Compiling '/home/adam/opk/zadanie2/install/msgs/local/lib/python3.10/dist-packages/msgs/msg/_trash_count.py'...
[6.116s] Compiling '/home/adam/opk/zadanie2/install/msgs/local/lib/python3.10/dist-packages/msgs/msg/_trash_item.py'...
[6.116s] Listing '/home/adam/opk/zadanie2/install/msgs/local/lib/python3.10/dist-packages/msgs/srv'...
[6.116s] Compiling '/home/adam/opk/zadanie2/install/msgs/local/lib/python3.10/dist-packages/msgs/srv/__init__.py'...
[6.116s] Compiling '/home/adam/opk/zadanie2/install/msgs/local/lib/python3.10/dist-packages/msgs/srv/_collect_trash.py'...
[6.116s] Compiling '/home/adam/opk/zadanie2/install/msgs/local/lib/python3.10/dist-packages/msgs/srv/_reset_game.py'...
[6.116s] Compiling '/home/adam/opk/zadanie2/install/msgs/local/lib/python3.10/dist-packages/msgs/srv/_unload_trash.py'...
[6.119s] -- Installing: /home/adam/opk/zadanie2/install/msgs/local/lib/python3.10/dist-packages/msgs/msgs_s__rosidl_typesupport_fastrtps_c.cpython-310-x86_64-linux-gnu.so
[6.119s] -- Set runtime path of "/home/adam/opk/zadanie2/install/msgs/local/lib/python3.10/dist-packages/msgs/msgs_s__rosidl_typesupport_fastrtps_c.cpython-310-x86_64-linux-gnu.so" to ""
[6.120s] -- Installing: /home/adam/opk/zadanie2/install/msgs/local/lib/python3.10/dist-packages/msgs/msgs_s__rosidl_typesupport_introspection_c.cpython-310-x86_64-linux-gnu.so
[6.120s] -- Set runtime path of "/home/adam/opk/zadanie2/install/msgs/local/lib/python3.10/dist-packages/msgs/msgs_s__rosidl_typesupport_introspection_c.cpython-310-x86_64-linux-gnu.so" to ""
[6.120s] -- Installing: /home/adam/opk/zadanie2/install/msgs/local/lib/python3.10/dist-packages/msgs/msgs_s__rosidl_typesupport_c.cpython-310-x86_64-linux-gnu.so
[6.120s] -- Set runtime path of "/home/adam/opk/zadanie2/install/msgs/local/lib/python3.10/dist-packages/msgs/msgs_s__rosidl_typesupport_c.cpython-310-x86_64-linux-gnu.so" to ""
[6.120s] -- Installing: /home/adam/opk/zadanie2/install/msgs/lib/libmsgs__rosidl_generator_py.so
[6.121s] -- Set runtime path of "/home/adam/opk/zadanie2/install/msgs/lib/libmsgs__rosidl_generator_py.so" to ""
[6.121s] -- Installing: /home/adam/opk/zadanie2/install/msgs/share/msgs/msg/TrashItem.idl
[6.121s] -- Installing: /home/adam/opk/zadanie2/install/msgs/share/msgs/msg/TrashCount.idl
[6.121s] -- Installing: /home/adam/opk/zadanie2/install/msgs/share/msgs/msg/RobotStatus.idl
[6.121s] -- Installing: /home/adam/opk/zadanie2/install/msgs/share/msgs/msg/GameState.idl
[6.121s] -- Installing: /home/adam/opk/zadanie2/install/msgs/share/msgs/srv/CollectTrash.idl
[6.121s] -- Installing: /home/adam/opk/zadanie2/install/msgs/share/msgs/srv/UnloadTrash.idl
[6.122s] -- Installing: /home/adam/opk/zadanie2/install/msgs/share/msgs/srv/ResetGame.idl
[6.122s] -- Installing: /home/adam/opk/zadanie2/install/msgs/share/msgs/msg/TrashItem.msg
[6.122s] -- Installing: /home/adam/opk/zadanie2/install/msgs/share/msgs/msg/TrashCount.msg
[6.122s] -- Installing: /home/adam/opk/zadanie2/install/msgs/share/msgs/msg/RobotStatus.msg
[6.122s] -- Installing: /home/adam/opk/zadanie2/install/msgs/share/msgs/msg/GameState.msg
[6.122s] -- Installing: /home/adam/opk/zadanie2/install/msgs/share/msgs/srv/CollectTrash.srv
[6.122s] -- Installing: /home/adam/opk/zadanie2/install/msgs/share/msgs/srv/CollectTrash_Request.msg
[6.122s] -- Installing: /home/adam/opk/zadanie2/install/msgs/share/msgs/srv/CollectTrash_Response.msg
[6.122s] -- Installing: /home/adam/opk/zadanie2/install/msgs/share/msgs/srv/UnloadTrash.srv
[6.123s] -- Installing: /home/adam/opk/zadanie2/install/msgs/share/msgs/srv/UnloadTrash_Request.msg
[6.123s] -- Installing: /home/adam/opk/zadanie2/install/msgs/share/msgs/srv/UnloadTrash_Response.msg
[6.123s] -- Installing: /home/adam/opk/zadanie2/install/msgs/share/msgs/srv/ResetGame.srv
[6.123s] -- Installing: /home/adam/opk/zadanie2/install/msgs/share/msgs/srv/ResetGame_Request.msg
[6.123s] -- Installing: /home/adam/opk/zadanie2/install/msgs/share/msgs/srv/ResetGame_Response.msg
[6.123s] -- Installing: /home/adam/opk/zadanie2/install/msgs/share/ament_index/resource_index/package_run_dependencies/msgs
[6.123s] -- Installing: /home/adam/opk/zadanie2/install/msgs/share/ament_index/resource_index/parent_prefix_path/msgs
[6.123s] -- Installing: /home/adam/opk/zadanie2/install/msgs/share/msgs/environment/ament_prefix_path.sh
[6.124s] -- Installing: /home/adam/opk/zadanie2/install/msgs/share/msgs/environment/ament_prefix_path.dsv
[6.124s] -- Installing: /home/adam/opk/zadanie2/install/msgs/share/msgs/environment/path.sh
[6.124s] -- Installing: /home/adam/opk/zadanie2/install/msgs/share/msgs/environment/path.dsv
[6.124s] -- Installing: /home/adam/opk/zadanie2/install/msgs/share/msgs/local_setup.bash
[6.124s] -- Installing: /home/adam/opk/zadanie2/install/msgs/share/msgs/local_setup.sh
[6.124s] -- Installing: /home/adam/opk/zadanie2/install/msgs/share/msgs/local_setup.zsh
[6.124s] -- Installing: /home/adam/opk/zadanie2/install/msgs/share/msgs/local_setup.dsv
[6.124s] -- Installing: /home/adam/opk/zadanie2/install/msgs/share/msgs/package.dsv
[6.125s] -- Installing: /home/adam/opk/zadanie2/install/msgs/share/ament_index/resource_index/packages/msgs
[6.125s] -- Installing: /home/adam/opk/zadanie2/install/msgs/share/msgs/cmake/export_msgs__rosidl_generator_cExport.cmake
[6.125s] -- Installing: /home/adam/opk/zadanie2/install/msgs/share/msgs/cmake/export_msgs__rosidl_generator_cExport-noconfig.cmake
[6.125s] -- Installing: /home/adam/opk/zadanie2/install/msgs/share/msgs/cmake/export_msgs__rosidl_typesupport_fastrtps_cExport.cmake
[6.125s] -- Installing: /home/adam/opk/zadanie2/install/msgs/share/msgs/cmake/export_msgs__rosidl_typesupport_fastrtps_cExport-noconfig.cmake
[6.125s] -- Installing: /home/adam/opk/zadanie2/install/msgs/share/msgs/cmake/msgs__rosidl_typesupport_introspection_cExport.cmake
[6.125s] -- Installing: /home/adam/opk/zadanie2/install/msgs/share/msgs/cmake/msgs__rosidl_typesupport_introspection_cExport-noconfig.cmake
[6.125s] -- Installing: /home/adam/opk/zadanie2/install/msgs/share/msgs/cmake/msgs__rosidl_typesupport_cExport.cmake
[6.126s] -- Installing: /home/adam/opk/zadanie2/install/msgs/share/msgs/cmake/msgs__rosidl_typesupport_cExport-noconfig.cmake
[6.126s] -- Installing: /home/adam/opk/zadanie2/install/msgs/share/msgs/cmake/export_msgs__rosidl_generator_cppExport.cmake
[6.126s] -- Installing: /home/adam/opk/zadanie2/install/msgs/share/msgs/cmake/export_msgs__rosidl_typesupport_fastrtps_cppExport.cmake
[6.127s] -- Installing: /home/adam/opk/zadanie2/install/msgs/share/msgs/cmake/export_msgs__rosidl_typesupport_fastrtps_cppExport-noconfig.cmake
[6.127s] -- Installing: /home/adam/opk/zadanie2/install/msgs/share/msgs/cmake/msgs__rosidl_typesupport_introspection_cppExport.cmake
[6.127s] -- Installing: /home/adam/opk/zadanie2/install/msgs/share/msgs/cmake/msgs__rosidl_typesupport_introspection_cppExport-noconfig.cmake
[6.127s] -- Installing: /home/adam/opk/zadanie2/install/msgs/share/msgs/cmake/msgs__rosidl_typesupport_cppExport.cmake
[6.127s] -- Installing: /home/adam/opk/zadanie2/install/msgs/share/msgs/cmake/msgs__rosidl_typesupport_cppExport-noconfig.cmake
[6.127s] -- Installing: /home/adam/opk/zadanie2/install/msgs/share/msgs/cmake/export_msgs__rosidl_generator_pyExport.cmake
[6.127s] -- Installing: /home/adam/opk/zadanie2/install/msgs/share/msgs/cmake/export_msgs__rosidl_generator_pyExport-noconfig.cmake
[6.127s] -- Installing: /home/adam/opk/zadanie2/install/msgs/share/msgs/cmake/rosidl_cmake-extras.cmake
[6.127s] -- Installing: /home/adam/opk/zadanie2/install/msgs/share/msgs/cmake/ament_cmake_export_dependencies-extras.cmake
[6.127s] -- Installing: /home/adam/opk/zadanie2/install/msgs/share/msgs/cmake/ament_cmake_export_include_directories-extras.cmake
[6.127s] -- Installing: /home/adam/opk/zadanie2/install/msgs/share/msgs/cmake/ament_cmake_export_libraries-extras.cmake
[6.127s] -- Installing: /home/adam/opk/zadanie2/install/msgs/share/msgs/cmake/ament_cmake_export_targets-extras.cmake
[6.128s] -- Installing: /home/adam/opk/zadanie2/install/msgs/share/msgs/cmake/rosidl_cmake_export_typesupport_targets-extras.cmake
[6.128s] -- Installing: /home/adam/opk/zadanie2/install/msgs/share/msgs/cmake/rosidl_cmake_export_typesupport_libraries-extras.cmake
[6.128s] -- Installing: /home/adam/opk/zadanie2/install/msgs/share/msgs/cmake/msgsConfig.cmake
[6.128s] -- Installing: /home/adam/opk/zadanie2/install/msgs/share/msgs/cmake/msgsConfig-version.cmake
[6.128s] -- Installing: /home/adam/opk/zadanie2/install/msgs/share/msgs/package.xml
[6.131s] Invoked command in '/home/adam/opk/zadanie2/build/msgs' returned '0': CMAKE_PREFIX_PATH=${CMAKE_PREFIX_PATH}:/opt/ros/humble /usr/bin/cmake --install /home/adam/opk/zadanie2/build/msgs
