-- The C compiler identification is GNU 11.4.0
-- The CXX compiler identification is GNU 11.4.0
-- Detecting C compiler ABI info
-- Detecting C compiler ABI info - done
-- Check for working C compiler: /usr/bin/cc - skipped
-- Detecting C compile features
-- Detecting C compile features - done
-- Detecting CXX compiler ABI info
-- Detecting CXX compiler ABI info - done
-- Check for working CXX compiler: /usr/bin/c++ - skipped
-- Detecting CXX compile features
-- Detecting CXX compile features - done
-- Found ament_cmake: 1.3.13 (/opt/ros/humble/share/ament_cmake/cmake)
-- Found Python3: /usr/bin/python3 (found version "3.10.12") found components: Interpreter 
-- Found rosidl_default_generators: 1.2.0 (/opt/ros/humble/share/rosidl_default_generators/cmake)
-- Using all available rosidl_typesupport_c: rosidl_typesupport_fastrtps_c;rosidl_typesupport_introspection_c
-- Found rosidl_adapter: 3.1.8 (/opt/ros/humble/share/rosidl_adapter/cmake)
-- Using all available rosidl_typesupport_cpp: rosidl_typesupport_fastrtps_cpp;rosidl_typesupport_introspection_cpp
-- Found std_msgs: 4.9.1 (/opt/ros/humble/share/std_msgs/cmake)
-- Found geometry_msgs: 4.9.1 (/opt/ros/humble/share/geometry_msgs/cmake)
-- Found ament_cmake_ros: 0.10.0 (/opt/ros/humble/share/ament_cmake_ros/cmake)
-- Using all available rosidl_typesupport_c: rosidl_typesupport_fastrtps_c;rosidl_typesupport_introspection_c
-- Using all available rosidl_typesupport_cpp: rosidl_typesupport_fastrtps_cpp;rosidl_typesupport_introspection_cpp
-- Found PythonInterp: /usr/bin/python3 (found suitable version "3.10.12", minimum required is "3.6") 
-- Found python_cmake_module: 0.10.0 (/opt/ros/humble/share/python_cmake_module/cmake)
-- Found PythonLibs: /usr/lib/x86_64-linux-gnu/libpython3.10.so (found suitable version "3.10.12", minimum required is "3.5") 
-- Using PYTHON_EXECUTABLE: /usr/bin/python3
-- Using PYTHON_INCLUDE_DIRS: /usr/include/python3.10
-- Using PYTHON_LIBRARIES: /usr/lib/x86_64-linux-gnu/libpython3.10.so
-- Found PythonExtra: .so  
-- Configuring done
-- Generating done
-- Build files have been written to: /home/adam/opk/zadanie2/build/vacuum_msgs
[  1%] Generating C code for ROS interfaces
[  2%] Generating C++ code for ROS interfaces
[  2%] Built target ament_cmake_python_copy_vacuum_msgs
running egg_info
creating vacuum_msgs.egg-info
writing vacuum_msgs.egg-info/PKG-INFO
writing dependency_links to vacuum_msgs.egg-info/dependency_links.txt
writing top-level names to vacuum_msgs.egg-info/top_level.txt
writing manifest file 'vacuum_msgs.egg-info/SOURCES.txt'
reading manifest file 'vacuum_msgs.egg-info/SOURCES.txt'
writing manifest file 'vacuum_msgs.egg-info/SOURCES.txt'
[  2%] Built target ament_cmake_python_build_vacuum_msgs_egg
[  3%] Building C object CMakeFiles/vacuum_msgs__rosidl_generator_c.dir/rosidl_generator_c/vacuum_msgs/msg/detail/robot_status__functions.c.o
[  3%] Built target vacuum_msgs__cpp
[  5%] Building C object CMakeFiles/vacuum_msgs__rosidl_generator_c.dir/rosidl_generator_c/vacuum_msgs/srv/detail/reset_game__functions.c.o
[  7%] Building C object CMakeFiles/vacuum_msgs__rosidl_generator_c.dir/rosidl_generator_c/vacuum_msgs/msg/detail/trash_item__functions.c.o
[  7%] Building C object CMakeFiles/vacuum_msgs__rosidl_generator_c.dir/rosidl_generator_c/vacuum_msgs/msg/detail/trash_count__functions.c.o
[ 10%] Building C object CMakeFiles/vacuum_msgs__rosidl_generator_c.dir/rosidl_generator_c/vacuum_msgs/msg/detail/game_state__functions.c.o
[ 10%] Building C object CMakeFiles/vacuum_msgs__rosidl_generator_c.dir/rosidl_generator_c/vacuum_msgs/srv/detail/collect_trash__functions.c.o
[ 11%] Building C object CMakeFiles/vacuum_msgs__rosidl_generator_c.dir/rosidl_generator_c/vacuum_msgs/srv/detail/unload_trash__functions.c.o
[ 12%] Generating C++ type support dispatch for ROS interfaces
[ 13%] Generating C++ type support for eProsima Fast-RTPS
[ 15%] Generating C++ introspection for ROS interfaces
[ 16%] Linking C shared library libvacuum_msgs__rosidl_generator_c.so
[ 16%] Built target vacuum_msgs__rosidl_generator_c
[ 17%] Generating C introspection for ROS interfaces
[ 20%] Generating C type support dispatch for ROS interfaces
[ 20%] Generating C type support for eProsima Fast-RTPS
[ 21%] Building CXX object CMakeFiles/vacuum_msgs__rosidl_typesupport_introspection_cpp.dir/rosidl_typesupport_introspection_cpp/vacuum_msgs/msg/detail/trash_item__type_support.cpp.o
[ 24%] Building CXX object CMakeFiles/vacuum_msgs__rosidl_typesupport_introspection_cpp.dir/rosidl_typesupport_introspection_cpp/vacuum_msgs/msg/detail/trash_count__type_support.cpp.o
[ 24%] Building CXX object CMakeFiles/vacuum_msgs__rosidl_typesupport_introspection_cpp.dir/rosidl_typesupport_introspection_cpp/vacuum_msgs/msg/detail/game_state__type_support.cpp.o
[ 26%] Building CXX object CMakeFiles/vacuum_msgs__rosidl_typesupport_introspection_cpp.dir/rosidl_typesupport_introspection_cpp/vacuum_msgs/srv/detail/collect_trash__type_support.cpp.o
[ 25%] Building CXX object CMakeFiles/vacuum_msgs__rosidl_typesupport_introspection_cpp.dir/rosidl_typesupport_introspection_cpp/vacuum_msgs/msg/detail/robot_status__type_support.cpp.o
[ 27%] Building CXX object CMakeFiles/vacuum_msgs__rosidl_typesupport_introspection_cpp.dir/rosidl_typesupport_introspection_cpp/vacuum_msgs/srv/detail/unload_trash__type_support.cpp.o
[ 29%] Building CXX object CMakeFiles/vacuum_msgs__rosidl_typesupport_introspection_cpp.dir/rosidl_typesupport_introspection_cpp/vacuum_msgs/srv/detail/reset_game__type_support.cpp.o
[ 30%] Building CXX object CMakeFiles/vacuum_msgs__rosidl_typesupport_cpp.dir/rosidl_typesupport_cpp/vacuum_msgs/msg/trash_item__type_support.cpp.o
[ 31%] Building CXX object CMakeFiles/vacuum_msgs__rosidl_typesupport_fastrtps_cpp.dir/rosidl_typesupport_fastrtps_cpp/vacuum_msgs/msg/detail/dds_fastrtps/trash_item__type_support.cpp.o
[ 32%] Building CXX object CMakeFiles/vacuum_msgs__rosidl_typesupport_cpp.dir/rosidl_typesupport_cpp/vacuum_msgs/msg/trash_count__type_support.cpp.o
[ 34%] Building CXX object CMakeFiles/vacuum_msgs__rosidl_typesupport_c.dir/rosidl_typesupport_c/vacuum_msgs/msg/trash_item__type_support.cpp.o
[ 35%] Building CXX object CMakeFiles/vacuum_msgs__rosidl_typesupport_fastrtps_cpp.dir/rosidl_typesupport_fastrtps_cpp/vacuum_msgs/msg/detail/dds_fastrtps/trash_count__type_support.cpp.o
[ 36%] Building CXX object CMakeFiles/vacuum_msgs__rosidl_typesupport_c.dir/rosidl_typesupport_c/vacuum_msgs/msg/trash_count__type_support.cpp.o
[ 37%] Building CXX object CMakeFiles/vacuum_msgs__rosidl_typesupport_c.dir/rosidl_typesupport_c/vacuum_msgs/msg/robot_status__type_support.cpp.o
[ 39%] Building CXX object CMakeFiles/vacuum_msgs__rosidl_typesupport_cpp.dir/rosidl_typesupport_cpp/vacuum_msgs/msg/robot_status__type_support.cpp.o
[ 40%] Building C object CMakeFiles/vacuum_msgs__rosidl_typesupport_introspection_c.dir/rosidl_typesupport_introspection_c/vacuum_msgs/msg/detail/trash_item__type_support.c.o
[ 41%] Building CXX object CMakeFiles/vacuum_msgs__rosidl_typesupport_c.dir/rosidl_typesupport_c/vacuum_msgs/msg/game_state__type_support.cpp.o
[ 43%] Building CXX object CMakeFiles/vacuum_msgs__rosidl_typesupport_c.dir/rosidl_typesupport_c/vacuum_msgs/srv/collect_trash__type_support.cpp.o
[ 44%] Building C object CMakeFiles/vacuum_msgs__rosidl_typesupport_introspection_c.dir/rosidl_typesupport_introspection_c/vacuum_msgs/msg/detail/trash_count__type_support.c.o
[ 45%] Building CXX object CMakeFiles/vacuum_msgs__rosidl_typesupport_cpp.dir/rosidl_typesupport_cpp/vacuum_msgs/msg/game_state__type_support.cpp.o
[ 46%] Building CXX object CMakeFiles/vacuum_msgs__rosidl_typesupport_fastrtps_cpp.dir/rosidl_typesupport_fastrtps_cpp/vacuum_msgs/msg/detail/dds_fastrtps/robot_status__type_support.cpp.o
[ 48%] Building CXX object CMakeFiles/vacuum_msgs__rosidl_typesupport_fastrtps_c.dir/rosidl_typesupport_fastrtps_c/vacuum_msgs/msg/detail/trash_item__type_support_c.cpp.o
[ 49%] Building CXX object CMakeFiles/vacuum_msgs__rosidl_typesupport_fastrtps_c.dir/rosidl_typesupport_fastrtps_c/vacuum_msgs/msg/detail/trash_count__type_support_c.cpp.o
[ 50%] Building CXX object CMakeFiles/vacuum_msgs__rosidl_typesupport_c.dir/rosidl_typesupport_c/vacuum_msgs/srv/unload_trash__type_support.cpp.o
[ 51%] Building C object CMakeFiles/vacuum_msgs__rosidl_typesupport_introspection_c.dir/rosidl_typesupport_introspection_c/vacuum_msgs/msg/detail/robot_status__type_support.c.o
[ 53%] Building C object CMakeFiles/vacuum_msgs__rosidl_typesupport_introspection_c.dir/rosidl_typesupport_introspection_c/vacuum_msgs/msg/detail/game_state__type_support.c.o
[ 54%] Building CXX object CMakeFiles/vacuum_msgs__rosidl_typesupport_c.dir/rosidl_typesupport_c/vacuum_msgs/srv/reset_game__type_support.cpp.o
[ 55%] Building CXX object CMakeFiles/vacuum_msgs__rosidl_typesupport_cpp.dir/rosidl_typesupport_cpp/vacuum_msgs/srv/collect_trash__type_support.cpp.o
[ 56%] Building C object CMakeFiles/vacuum_msgs__rosidl_typesupport_introspection_c.dir/rosidl_typesupport_introspection_c/vacuum_msgs/srv/detail/collect_trash__type_support.c.o
[ 58%] Linking CXX shared library libvacuum_msgs__rosidl_typesupport_introspection_cpp.so
[ 59%] Linking CXX shared library libvacuum_msgs__rosidl_typesupport_c.so
[ 60%] Building CXX object CMakeFiles/vacuum_msgs__rosidl_typesupport_cpp.dir/rosidl_typesupport_cpp/vacuum_msgs/srv/unload_trash__type_support.cpp.o
[ 62%] Building C object CMakeFiles/vacuum_msgs__rosidl_typesupport_introspection_c.dir/rosidl_typesupport_introspection_c/vacuum_msgs/srv/detail/unload_trash__type_support.c.o
[ 63%] Building C object CMakeFiles/vacuum_msgs__rosidl_typesupport_introspection_c.dir/rosidl_typesupport_introspection_c/vacuum_msgs/srv/detail/reset_game__type_support.c.o
[ 64%] Building CXX object CMakeFiles/vacuum_msgs__rosidl_typesupport_fastrtps_c.dir/rosidl_typesupport_fastrtps_c/vacuum_msgs/msg/detail/robot_status__type_support_c.cpp.o
[ 64%] Built target vacuum_msgs__rosidl_typesupport_c
[ 65%] Building CXX object CMakeFiles/vacuum_msgs__rosidl_typesupport_cpp.dir/rosidl_typesupport_cpp/vacuum_msgs/srv/reset_game__type_support.cpp.o
[ 67%] Building CXX object CMakeFiles/vacuum_msgs__rosidl_typesupport_fastrtps_c.dir/rosidl_typesupport_fastrtps_c/vacuum_msgs/msg/detail/game_state__type_support_c.cpp.o
[ 68%] Linking C shared library libvacuum_msgs__rosidl_typesupport_introspection_c.so
[ 68%] Built target vacuum_msgs__rosidl_typesupport_introspection_cpp
[ 69%] Building CXX object CMakeFiles/vacuum_msgs__rosidl_typesupport_fastrtps_c.dir/rosidl_typesupport_fastrtps_c/vacuum_msgs/srv/detail/collect_trash__type_support_c.cpp.o
[ 70%] Building CXX object CMakeFiles/vacuum_msgs__rosidl_typesupport_fastrtps_cpp.dir/rosidl_typesupport_fastrtps_cpp/vacuum_msgs/msg/detail/dds_fastrtps/game_state__type_support.cpp.o
[ 70%] Built target vacuum_msgs__rosidl_typesupport_introspection_c
[ 72%] Building CXX object CMakeFiles/vacuum_msgs__rosidl_typesupport_fastrtps_c.dir/rosidl_typesupport_fastrtps_c/vacuum_msgs/srv/detail/unload_trash__type_support_c.cpp.o
[ 73%] Building CXX object CMakeFiles/vacuum_msgs__rosidl_typesupport_fastrtps_cpp.dir/rosidl_typesupport_fastrtps_cpp/vacuum_msgs/srv/detail/dds_fastrtps/collect_trash__type_support.cpp.o
[ 74%] Building CXX object CMakeFiles/vacuum_msgs__rosidl_typesupport_fastrtps_c.dir/rosidl_typesupport_fastrtps_c/vacuum_msgs/srv/detail/reset_game__type_support_c.cpp.o
[ 75%] Building CXX object CMakeFiles/vacuum_msgs__rosidl_typesupport_fastrtps_cpp.dir/rosidl_typesupport_fastrtps_cpp/vacuum_msgs/srv/detail/dds_fastrtps/unload_trash__type_support.cpp.o
[ 77%] Building CXX object CMakeFiles/vacuum_msgs__rosidl_typesupport_fastrtps_cpp.dir/rosidl_typesupport_fastrtps_cpp/vacuum_msgs/srv/detail/dds_fastrtps/reset_game__type_support.cpp.o
[ 78%] Linking CXX shared library libvacuum_msgs__rosidl_typesupport_cpp.so
[ 78%] Built target vacuum_msgs__rosidl_typesupport_cpp
[ 79%] Linking CXX shared library libvacuum_msgs__rosidl_typesupport_fastrtps_c.so
[ 81%] Linking CXX shared library libvacuum_msgs__rosidl_typesupport_fastrtps_cpp.so
[ 81%] Built target vacuum_msgs__rosidl_typesupport_fastrtps_c
[ 81%] Built target vacuum_msgs__rosidl_typesupport_fastrtps_cpp
[ 81%] Built target vacuum_msgs
[ 82%] Generating Python code for ROS interfaces
[ 82%] Built target vacuum_msgs__py
[ 83%] Building C object CMakeFiles/vacuum_msgs__rosidl_generator_py.dir/rosidl_generator_py/vacuum_msgs/srv/_reset_game_s.c.o
[ 84%] Building C object CMakeFiles/vacuum_msgs__rosidl_generator_py.dir/rosidl_generator_py/vacuum_msgs/msg/_robot_status_s.c.o
[ 87%] Building C object CMakeFiles/vacuum_msgs__rosidl_generator_py.dir/rosidl_generator_py/vacuum_msgs/msg/_trash_count_s.c.o
[ 87%] Building C object CMakeFiles/vacuum_msgs__rosidl_generator_py.dir/rosidl_generator_py/vacuum_msgs/msg/_trash_item_s.c.o
[ 88%] Building C object CMakeFiles/vacuum_msgs__rosidl_generator_py.dir/rosidl_generator_py/vacuum_msgs/srv/_collect_trash_s.c.o
[ 89%] Building C object CMakeFiles/vacuum_msgs__rosidl_generator_py.dir/rosidl_generator_py/vacuum_msgs/msg/_game_state_s.c.o
[ 91%] Building C object CMakeFiles/vacuum_msgs__rosidl_generator_py.dir/rosidl_generator_py/vacuum_msgs/srv/_unload_trash_s.c.o
[ 92%] Linking C shared library rosidl_generator_py/vacuum_msgs/libvacuum_msgs__rosidl_generator_py.so
[ 92%] Built target vacuum_msgs__rosidl_generator_py
[ 93%] Building C object CMakeFiles/vacuum_msgs__rosidl_typesupport_fastrtps_c__pyext.dir/rosidl_generator_py/vacuum_msgs/_vacuum_msgs_s.ep.rosidl_typesupport_fastrtps_c.c.o
[ 94%] Building C object CMakeFiles/vacuum_msgs__rosidl_typesupport_introspection_c__pyext.dir/rosidl_generator_py/vacuum_msgs/_vacuum_msgs_s.ep.rosidl_typesupport_introspection_c.c.o
[ 96%] Building C object CMakeFiles/vacuum_msgs__rosidl_typesupport_c__pyext.dir/rosidl_generator_py/vacuum_msgs/_vacuum_msgs_s.ep.rosidl_typesupport_c.c.o
[ 97%] Linking C shared library rosidl_generator_py/vacuum_msgs/vacuum_msgs_s__rosidl_typesupport_introspection_c.cpython-310-x86_64-linux-gnu.so
[ 98%] Linking C shared library rosidl_generator_py/vacuum_msgs/vacuum_msgs_s__rosidl_typesupport_c.cpython-310-x86_64-linux-gnu.so
[100%] Linking C shared library rosidl_generator_py/vacuum_msgs/vacuum_msgs_s__rosidl_typesupport_fastrtps_c.cpython-310-x86_64-linux-gnu.so
[100%] Built target vacuum_msgs__rosidl_typesupport_introspection_c__pyext
[100%] Built target vacuum_msgs__rosidl_typesupport_c__pyext
[100%] Built target vacuum_msgs__rosidl_typesupport_fastrtps_c__pyext
-- Install configuration: ""
-- Installing: /home/adam/opk/zadanie2/install/vacuum_msgs/share/ament_index/resource_index/rosidl_interfaces/vacuum_msgs
-- Installing: /home/adam/opk/zadanie2/install/vacuum_msgs/include/vacuum_msgs/vacuum_msgs
-- Installing: /home/adam/opk/zadanie2/install/vacuum_msgs/include/vacuum_msgs/vacuum_msgs/srv
-- Installing: /home/adam/opk/zadanie2/install/vacuum_msgs/include/vacuum_msgs/vacuum_msgs/srv/unload_trash.h
-- Installing: /home/adam/opk/zadanie2/install/vacuum_msgs/include/vacuum_msgs/vacuum_msgs/srv/collect_trash.h
-- Installing: /home/adam/opk/zadanie2/install/vacuum_msgs/include/vacuum_msgs/vacuum_msgs/srv/reset_game.h
-- Installing: /home/adam/opk/zadanie2/install/vacuum_msgs/include/vacuum_msgs/vacuum_msgs/srv/detail
-- Installing: /home/adam/opk/zadanie2/install/vacuum_msgs/include/vacuum_msgs/vacuum_msgs/srv/detail/unload_trash__functions.h
-- Installing: /home/adam/opk/zadanie2/install/vacuum_msgs/include/vacuum_msgs/vacuum_msgs/srv/detail/collect_trash__functions.c
-- Installing: /home/adam/opk/zadanie2/install/vacuum_msgs/include/vacuum_msgs/vacuum_msgs/srv/detail/reset_game__functions.h
-- Installing: /home/adam/opk/zadanie2/install/vacuum_msgs/include/vacuum_msgs/vacuum_msgs/srv/detail/reset_game__functions.c
-- Installing: /home/adam/opk/zadanie2/install/vacuum_msgs/include/vacuum_msgs/vacuum_msgs/srv/detail/unload_trash__type_support.h
-- Installing: /home/adam/opk/zadanie2/install/vacuum_msgs/include/vacuum_msgs/vacuum_msgs/srv/detail/reset_game__struct.h
-- Installing: /home/adam/opk/zadanie2/install/vacuum_msgs/include/vacuum_msgs/vacuum_msgs/srv/detail/collect_trash__functions.h
-- Installing: /home/adam/opk/zadanie2/install/vacuum_msgs/include/vacuum_msgs/vacuum_msgs/srv/detail/unload_trash__functions.c
-- Installing: /home/adam/opk/zadanie2/install/vacuum_msgs/include/vacuum_msgs/vacuum_msgs/srv/detail/unload_trash__struct.h
-- Installing: /home/adam/opk/zadanie2/install/vacuum_msgs/include/vacuum_msgs/vacuum_msgs/srv/detail/collect_trash__struct.h
-- Installing: /home/adam/opk/zadanie2/install/vacuum_msgs/include/vacuum_msgs/vacuum_msgs/srv/detail/reset_game__type_support.h
-- Installing: /home/adam/opk/zadanie2/install/vacuum_msgs/include/vacuum_msgs/vacuum_msgs/srv/detail/collect_trash__type_support.h
-- Installing: /home/adam/opk/zadanie2/install/vacuum_msgs/include/vacuum_msgs/vacuum_msgs/msg
-- Installing: /home/adam/opk/zadanie2/install/vacuum_msgs/include/vacuum_msgs/vacuum_msgs/msg/trash_count.h
-- Installing: /home/adam/opk/zadanie2/install/vacuum_msgs/include/vacuum_msgs/vacuum_msgs/msg/trash_item.h
-- Installing: /home/adam/opk/zadanie2/install/vacuum_msgs/include/vacuum_msgs/vacuum_msgs/msg/robot_status.h
-- Installing: /home/adam/opk/zadanie2/install/vacuum_msgs/include/vacuum_msgs/vacuum_msgs/msg/game_state.h
-- Installing: /home/adam/opk/zadanie2/install/vacuum_msgs/include/vacuum_msgs/vacuum_msgs/msg/rosidl_generator_c__visibility_control.h
-- Installing: /home/adam/opk/zadanie2/install/vacuum_msgs/include/vacuum_msgs/vacuum_msgs/msg/detail
-- Installing: /home/adam/opk/zadanie2/install/vacuum_msgs/include/vacuum_msgs/vacuum_msgs/msg/detail/trash_item__struct.h
-- Installing: /home/adam/opk/zadanie2/install/vacuum_msgs/include/vacuum_msgs/vacuum_msgs/msg/detail/robot_status__struct.h
-- Installing: /home/adam/opk/zadanie2/install/vacuum_msgs/include/vacuum_msgs/vacuum_msgs/msg/detail/trash_count__functions.c
-- Installing: /home/adam/opk/zadanie2/install/vacuum_msgs/include/vacuum_msgs/vacuum_msgs/msg/detail/game_state__functions.h
-- Installing: /home/adam/opk/zadanie2/install/vacuum_msgs/include/vacuum_msgs/vacuum_msgs/msg/detail/robot_status__functions.h
-- Installing: /home/adam/opk/zadanie2/install/vacuum_msgs/include/vacuum_msgs/vacuum_msgs/msg/detail/trash_count__functions.h
-- Installing: /home/adam/opk/zadanie2/install/vacuum_msgs/include/vacuum_msgs/vacuum_msgs/msg/detail/trash_item__functions.c
-- Installing: /home/adam/opk/zadanie2/install/vacuum_msgs/include/vacuum_msgs/vacuum_msgs/msg/detail/trash_count__struct.h
-- Installing: /home/adam/opk/zadanie2/install/vacuum_msgs/include/vacuum_msgs/vacuum_msgs/msg/detail/trash_count__type_support.h
-- Installing: /home/adam/opk/zadanie2/install/vacuum_msgs/include/vacuum_msgs/vacuum_msgs/msg/detail/game_state__functions.c
-- Installing: /home/adam/opk/zadanie2/install/vacuum_msgs/include/vacuum_msgs/vacuum_msgs/msg/detail/game_state__type_support.h
-- Installing: /home/adam/opk/zadanie2/install/vacuum_msgs/include/vacuum_msgs/vacuum_msgs/msg/detail/trash_item__functions.h
-- Installing: /home/adam/opk/zadanie2/install/vacuum_msgs/include/vacuum_msgs/vacuum_msgs/msg/detail/trash_item__type_support.h
-- Installing: /home/adam/opk/zadanie2/install/vacuum_msgs/include/vacuum_msgs/vacuum_msgs/msg/detail/robot_status__functions.c
-- Installing: /home/adam/opk/zadanie2/install/vacuum_msgs/include/vacuum_msgs/vacuum_msgs/msg/detail/game_state__struct.h
-- Installing: /home/adam/opk/zadanie2/install/vacuum_msgs/include/vacuum_msgs/vacuum_msgs/msg/detail/robot_status__type_support.h
-- Installing: /home/adam/opk/zadanie2/install/vacuum_msgs/share/vacuum_msgs/environment/library_path.sh
-- Installing: /home/adam/opk/zadanie2/install/vacuum_msgs/share/vacuum_msgs/environment/library_path.dsv
-- Installing: /home/adam/opk/zadanie2/install/vacuum_msgs/lib/libvacuum_msgs__rosidl_generator_c.so
-- Set runtime path of "/home/adam/opk/zadanie2/install/vacuum_msgs/lib/libvacuum_msgs__rosidl_generator_c.so" to ""
-- Up-to-date: /home/adam/opk/zadanie2/install/vacuum_msgs/include/vacuum_msgs/vacuum_msgs
-- Up-to-date: /home/adam/opk/zadanie2/install/vacuum_msgs/include/vacuum_msgs/vacuum_msgs/srv
-- Up-to-date: /home/adam/opk/zadanie2/install/vacuum_msgs/include/vacuum_msgs/vacuum_msgs/srv/detail
-- Installing: /home/adam/opk/zadanie2/install/vacuum_msgs/include/vacuum_msgs/vacuum_msgs/srv/detail/reset_game__rosidl_typesupport_fastrtps_c.h
-- Installing: /home/adam/opk/zadanie2/install/vacuum_msgs/include/vacuum_msgs/vacuum_msgs/srv/detail/unload_trash__rosidl_typesupport_fastrtps_c.h
-- Installing: /home/adam/opk/zadanie2/install/vacuum_msgs/include/vacuum_msgs/vacuum_msgs/srv/detail/collect_trash__rosidl_typesupport_fastrtps_c.h
-- Up-to-date: /home/adam/opk/zadanie2/install/vacuum_msgs/include/vacuum_msgs/vacuum_msgs/msg
-- Installing: /home/adam/opk/zadanie2/install/vacuum_msgs/include/vacuum_msgs/vacuum_msgs/msg/rosidl_typesupport_fastrtps_c__visibility_control.h
-- Up-to-date: /home/adam/opk/zadanie2/install/vacuum_msgs/include/vacuum_msgs/vacuum_msgs/msg/detail
-- Installing: /home/adam/opk/zadanie2/install/vacuum_msgs/include/vacuum_msgs/vacuum_msgs/msg/detail/trash_item__rosidl_typesupport_fastrtps_c.h
-- Installing: /home/adam/opk/zadanie2/install/vacuum_msgs/include/vacuum_msgs/vacuum_msgs/msg/detail/robot_status__rosidl_typesupport_fastrtps_c.h
-- Installing: /home/adam/opk/zadanie2/install/vacuum_msgs/include/vacuum_msgs/vacuum_msgs/msg/detail/game_state__rosidl_typesupport_fastrtps_c.h
-- Installing: /home/adam/opk/zadanie2/install/vacuum_msgs/include/vacuum_msgs/vacuum_msgs/msg/detail/trash_count__rosidl_typesupport_fastrtps_c.h
-- Installing: /home/adam/opk/zadanie2/install/vacuum_msgs/lib/libvacuum_msgs__rosidl_typesupport_fastrtps_c.so
-- Set runtime path of "/home/adam/opk/zadanie2/install/vacuum_msgs/lib/libvacuum_msgs__rosidl_typesupport_fastrtps_c.so" to ""
-- Up-to-date: /home/adam/opk/zadanie2/install/vacuum_msgs/include/vacuum_msgs/vacuum_msgs
-- Up-to-date: /home/adam/opk/zadanie2/install/vacuum_msgs/include/vacuum_msgs/vacuum_msgs/srv
-- Up-to-date: /home/adam/opk/zadanie2/install/vacuum_msgs/include/vacuum_msgs/vacuum_msgs/srv/detail
-- Installing: /home/adam/opk/zadanie2/install/vacuum_msgs/include/vacuum_msgs/vacuum_msgs/srv/detail/unload_trash__rosidl_typesupport_introspection_c.h
-- Installing: /home/adam/opk/zadanie2/install/vacuum_msgs/include/vacuum_msgs/vacuum_msgs/srv/detail/reset_game__rosidl_typesupport_introspection_c.h
-- Installing: /home/adam/opk/zadanie2/install/vacuum_msgs/include/vacuum_msgs/vacuum_msgs/srv/detail/unload_trash__type_support.c
-- Installing: /home/adam/opk/zadanie2/install/vacuum_msgs/include/vacuum_msgs/vacuum_msgs/srv/detail/collect_trash__type_support.c
-- Installing: /home/adam/opk/zadanie2/install/vacuum_msgs/include/vacuum_msgs/vacuum_msgs/srv/detail/reset_game__type_support.c
-- Installing: /home/adam/opk/zadanie2/install/vacuum_msgs/include/vacuum_msgs/vacuum_msgs/srv/detail/collect_trash__rosidl_typesupport_introspection_c.h
-- Up-to-date: /home/adam/opk/zadanie2/install/vacuum_msgs/include/vacuum_msgs/vacuum_msgs/msg
-- Installing: /home/adam/opk/zadanie2/install/vacuum_msgs/include/vacuum_msgs/vacuum_msgs/msg/rosidl_typesupport_introspection_c__visibility_control.h
-- Up-to-date: /home/adam/opk/zadanie2/install/vacuum_msgs/include/vacuum_msgs/vacuum_msgs/msg/detail
-- Installing: /home/adam/opk/zadanie2/install/vacuum_msgs/include/vacuum_msgs/vacuum_msgs/msg/detail/game_state__type_support.c
-- Installing: /home/adam/opk/zadanie2/install/vacuum_msgs/include/vacuum_msgs/vacuum_msgs/msg/detail/robot_status__rosidl_typesupport_introspection_c.h
-- Installing: /home/adam/opk/zadanie2/install/vacuum_msgs/include/vacuum_msgs/vacuum_msgs/msg/detail/trash_item__type_support.c
-- Installing: /home/adam/opk/zadanie2/install/vacuum_msgs/include/vacuum_msgs/vacuum_msgs/msg/detail/robot_status__type_support.c
-- Installing: /home/adam/opk/zadanie2/install/vacuum_msgs/include/vacuum_msgs/vacuum_msgs/msg/detail/trash_count__type_support.c
-- Installing: /home/adam/opk/zadanie2/install/vacuum_msgs/include/vacuum_msgs/vacuum_msgs/msg/detail/trash_item__rosidl_typesupport_introspection_c.h
-- Installing: /home/adam/opk/zadanie2/install/vacuum_msgs/include/vacuum_msgs/vacuum_msgs/msg/detail/trash_count__rosidl_typesupport_introspection_c.h
-- Installing: /home/adam/opk/zadanie2/install/vacuum_msgs/include/vacuum_msgs/vacuum_msgs/msg/detail/game_state__rosidl_typesupport_introspection_c.h
-- Installing: /home/adam/opk/zadanie2/install/vacuum_msgs/lib/libvacuum_msgs__rosidl_typesupport_introspection_c.so
-- Set runtime path of "/home/adam/opk/zadanie2/install/vacuum_msgs/lib/libvacuum_msgs__rosidl_typesupport_introspection_c.so" to ""
-- Installing: /home/adam/opk/zadanie2/install/vacuum_msgs/lib/libvacuum_msgs__rosidl_typesupport_c.so
-- Set runtime path of "/home/adam/opk/zadanie2/install/vacuum_msgs/lib/libvacuum_msgs__rosidl_typesupport_c.so" to ""
-- Up-to-date: /home/adam/opk/zadanie2/install/vacuum_msgs/include/vacuum_msgs/vacuum_msgs
-- Up-to-date: /home/adam/opk/zadanie2/install/vacuum_msgs/include/vacuum_msgs/vacuum_msgs/srv
-- Installing: /home/adam/opk/zadanie2/install/vacuum_msgs/include/vacuum_msgs/vacuum_msgs/srv/collect_trash.hpp
-- Installing: /home/adam/opk/zadanie2/install/vacuum_msgs/include/vacuum_msgs/vacuum_msgs/srv/unload_trash.hpp
-- Up-to-date: /home/adam/opk/zadanie2/install/vacuum_msgs/include/vacuum_msgs/vacuum_msgs/srv/detail
-- Installing: /home/adam/opk/zadanie2/install/vacuum_msgs/include/vacuum_msgs/vacuum_msgs/srv/detail/collect_trash__traits.hpp
-- Installing: /home/adam/opk/zadanie2/install/vacuum_msgs/include/vacuum_msgs/vacuum_msgs/srv/detail/unload_trash__struct.hpp
-- Installing: /home/adam/opk/zadanie2/install/vacuum_msgs/include/vacuum_msgs/vacuum_msgs/srv/detail/collect_trash__type_support.hpp
-- Installing: /home/adam/opk/zadanie2/install/vacuum_msgs/include/vacuum_msgs/vacuum_msgs/srv/detail/unload_trash__builder.hpp
-- Installing: /home/adam/opk/zadanie2/install/vacuum_msgs/include/vacuum_msgs/vacuum_msgs/srv/detail/collect_trash__builder.hpp
-- Installing: /home/adam/opk/zadanie2/install/vacuum_msgs/include/vacuum_msgs/vacuum_msgs/srv/detail/reset_game__builder.hpp
-- Installing: /home/adam/opk/zadanie2/install/vacuum_msgs/include/vacuum_msgs/vacuum_msgs/srv/detail/reset_game__type_support.hpp
-- Installing: /home/adam/opk/zadanie2/install/vacuum_msgs/include/vacuum_msgs/vacuum_msgs/srv/detail/reset_game__struct.hpp
-- Installing: /home/adam/opk/zadanie2/install/vacuum_msgs/include/vacuum_msgs/vacuum_msgs/srv/detail/unload_trash__type_support.hpp
-- Installing: /home/adam/opk/zadanie2/install/vacuum_msgs/include/vacuum_msgs/vacuum_msgs/srv/detail/reset_game__traits.hpp
-- Installing: /home/adam/opk/zadanie2/install/vacuum_msgs/include/vacuum_msgs/vacuum_msgs/srv/detail/collect_trash__struct.hpp
-- Installing: /home/adam/opk/zadanie2/install/vacuum_msgs/include/vacuum_msgs/vacuum_msgs/srv/detail/unload_trash__traits.hpp
-- Installing: /home/adam/opk/zadanie2/install/vacuum_msgs/include/vacuum_msgs/vacuum_msgs/srv/reset_game.hpp
-- Up-to-date: /home/adam/opk/zadanie2/install/vacuum_msgs/include/vacuum_msgs/vacuum_msgs/msg
-- Installing: /home/adam/opk/zadanie2/install/vacuum_msgs/include/vacuum_msgs/vacuum_msgs/msg/game_state.hpp
-- Installing: /home/adam/opk/zadanie2/install/vacuum_msgs/include/vacuum_msgs/vacuum_msgs/msg/trash_count.hpp
-- Installing: /home/adam/opk/zadanie2/install/vacuum_msgs/include/vacuum_msgs/vacuum_msgs/msg/trash_item.hpp
-- Installing: /home/adam/opk/zadanie2/install/vacuum_msgs/include/vacuum_msgs/vacuum_msgs/msg/rosidl_generator_cpp__visibility_control.hpp
-- Up-to-date: /home/adam/opk/zadanie2/install/vacuum_msgs/include/vacuum_msgs/vacuum_msgs/msg/detail
-- Installing: /home/adam/opk/zadanie2/install/vacuum_msgs/include/vacuum_msgs/vacuum_msgs/msg/detail/game_state__traits.hpp
-- Installing: /home/adam/opk/zadanie2/install/vacuum_msgs/include/vacuum_msgs/vacuum_msgs/msg/detail/trash_count__builder.hpp
-- Installing: /home/adam/opk/zadanie2/install/vacuum_msgs/include/vacuum_msgs/vacuum_msgs/msg/detail/robot_status__traits.hpp
-- Installing: /home/adam/opk/zadanie2/install/vacuum_msgs/include/vacuum_msgs/vacuum_msgs/msg/detail/trash_item__builder.hpp
-- Installing: /home/adam/opk/zadanie2/install/vacuum_msgs/include/vacuum_msgs/vacuum_msgs/msg/detail/robot_status__type_support.hpp
-- Installing: /home/adam/opk/zadanie2/install/vacuum_msgs/include/vacuum_msgs/vacuum_msgs/msg/detail/trash_count__type_support.hpp
-- Installing: /home/adam/opk/zadanie2/install/vacuum_msgs/include/vacuum_msgs/vacuum_msgs/msg/detail/trash_item__traits.hpp
-- Installing: /home/adam/opk/zadanie2/install/vacuum_msgs/include/vacuum_msgs/vacuum_msgs/msg/detail/trash_count__struct.hpp
-- Installing: /home/adam/opk/zadanie2/install/vacuum_msgs/include/vacuum_msgs/vacuum_msgs/msg/detail/trash_item__type_support.hpp
-- Installing: /home/adam/opk/zadanie2/install/vacuum_msgs/include/vacuum_msgs/vacuum_msgs/msg/detail/robot_status__struct.hpp
-- Installing: /home/adam/opk/zadanie2/install/vacuum_msgs/include/vacuum_msgs/vacuum_msgs/msg/detail/trash_count__traits.hpp
-- Installing: /home/adam/opk/zadanie2/install/vacuum_msgs/include/vacuum_msgs/vacuum_msgs/msg/detail/game_state__builder.hpp
-- Installing: /home/adam/opk/zadanie2/install/vacuum_msgs/include/vacuum_msgs/vacuum_msgs/msg/detail/game_state__struct.hpp
-- Installing: /home/adam/opk/zadanie2/install/vacuum_msgs/include/vacuum_msgs/vacuum_msgs/msg/detail/trash_item__struct.hpp
-- Installing: /home/adam/opk/zadanie2/install/vacuum_msgs/include/vacuum_msgs/vacuum_msgs/msg/detail/robot_status__builder.hpp
-- Installing: /home/adam/opk/zadanie2/install/vacuum_msgs/include/vacuum_msgs/vacuum_msgs/msg/detail/game_state__type_support.hpp
-- Installing: /home/adam/opk/zadanie2/install/vacuum_msgs/include/vacuum_msgs/vacuum_msgs/msg/robot_status.hpp
-- Up-to-date: /home/adam/opk/zadanie2/install/vacuum_msgs/include/vacuum_msgs/vacuum_msgs
-- Up-to-date: /home/adam/opk/zadanie2/install/vacuum_msgs/include/vacuum_msgs/vacuum_msgs/srv
-- Up-to-date: /home/adam/opk/zadanie2/install/vacuum_msgs/include/vacuum_msgs/vacuum_msgs/srv/detail
-- Installing: /home/adam/opk/zadanie2/install/vacuum_msgs/include/vacuum_msgs/vacuum_msgs/srv/detail/dds_fastrtps
-- Installing: /home/adam/opk/zadanie2/install/vacuum_msgs/include/vacuum_msgs/vacuum_msgs/srv/detail/reset_game__rosidl_typesupport_fastrtps_cpp.hpp
-- Installing: /home/adam/opk/zadanie2/install/vacuum_msgs/include/vacuum_msgs/vacuum_msgs/srv/detail/collect_trash__rosidl_typesupport_fastrtps_cpp.hpp
-- Installing: /home/adam/opk/zadanie2/install/vacuum_msgs/include/vacuum_msgs/vacuum_msgs/srv/detail/unload_trash__rosidl_typesupport_fastrtps_cpp.hpp
-- Up-to-date: /home/adam/opk/zadanie2/install/vacuum_msgs/include/vacuum_msgs/vacuum_msgs/msg
-- Installing: /home/adam/opk/zadanie2/install/vacuum_msgs/include/vacuum_msgs/vacuum_msgs/msg/rosidl_typesupport_fastrtps_cpp__visibility_control.h
-- Up-to-date: /home/adam/opk/zadanie2/install/vacuum_msgs/include/vacuum_msgs/vacuum_msgs/msg/detail
-- Installing: /home/adam/opk/zadanie2/install/vacuum_msgs/include/vacuum_msgs/vacuum_msgs/msg/detail/robot_status__rosidl_typesupport_fastrtps_cpp.hpp
-- Installing: /home/adam/opk/zadanie2/install/vacuum_msgs/include/vacuum_msgs/vacuum_msgs/msg/detail/trash_item__rosidl_typesupport_fastrtps_cpp.hpp
-- Installing: /home/adam/opk/zadanie2/install/vacuum_msgs/include/vacuum_msgs/vacuum_msgs/msg/detail/dds_fastrtps
-- Installing: /home/adam/opk/zadanie2/install/vacuum_msgs/include/vacuum_msgs/vacuum_msgs/msg/detail/trash_count__rosidl_typesupport_fastrtps_cpp.hpp
-- Installing: /home/adam/opk/zadanie2/install/vacuum_msgs/include/vacuum_msgs/vacuum_msgs/msg/detail/game_state__rosidl_typesupport_fastrtps_cpp.hpp
-- Installing: /home/adam/opk/zadanie2/install/vacuum_msgs/lib/libvacuum_msgs__rosidl_typesupport_fastrtps_cpp.so
-- Set runtime path of "/home/adam/opk/zadanie2/install/vacuum_msgs/lib/libvacuum_msgs__rosidl_typesupport_fastrtps_cpp.so" to ""
-- Up-to-date: /home/adam/opk/zadanie2/install/vacuum_msgs/include/vacuum_msgs/vacuum_msgs
-- Up-to-date: /home/adam/opk/zadanie2/install/vacuum_msgs/include/vacuum_msgs/vacuum_msgs/srv
-- Up-to-date: /home/adam/opk/zadanie2/install/vacuum_msgs/include/vacuum_msgs/vacuum_msgs/srv/detail
-- Installing: /home/adam/opk/zadanie2/install/vacuum_msgs/include/vacuum_msgs/vacuum_msgs/srv/detail/collect_trash__rosidl_typesupport_introspection_cpp.hpp
-- Installing: /home/adam/opk/zadanie2/install/vacuum_msgs/include/vacuum_msgs/vacuum_msgs/srv/detail/reset_game__type_support.cpp
-- Installing: /home/adam/opk/zadanie2/install/vacuum_msgs/include/vacuum_msgs/vacuum_msgs/srv/detail/reset_game__rosidl_typesupport_introspection_cpp.hpp
-- Installing: /home/adam/opk/zadanie2/install/vacuum_msgs/include/vacuum_msgs/vacuum_msgs/srv/detail/unload_trash__rosidl_typesupport_introspection_cpp.hpp
-- Installing: /home/adam/opk/zadanie2/install/vacuum_msgs/include/vacuum_msgs/vacuum_msgs/srv/detail/unload_trash__type_support.cpp
-- Installing: /home/adam/opk/zadanie2/install/vacuum_msgs/include/vacuum_msgs/vacuum_msgs/srv/detail/collect_trash__type_support.cpp
-- Up-to-date: /home/adam/opk/zadanie2/install/vacuum_msgs/include/vacuum_msgs/vacuum_msgs/msg
-- Up-to-date: /home/adam/opk/zadanie2/install/vacuum_msgs/include/vacuum_msgs/vacuum_msgs/msg/detail
-- Installing: /home/adam/opk/zadanie2/install/vacuum_msgs/include/vacuum_msgs/vacuum_msgs/msg/detail/trash_item__type_support.cpp
-- Installing: /home/adam/opk/zadanie2/install/vacuum_msgs/include/vacuum_msgs/vacuum_msgs/msg/detail/game_state__rosidl_typesupport_introspection_cpp.hpp
-- Installing: /home/adam/opk/zadanie2/install/vacuum_msgs/include/vacuum_msgs/vacuum_msgs/msg/detail/trash_item__rosidl_typesupport_introspection_cpp.hpp
-- Installing: /home/adam/opk/zadanie2/install/vacuum_msgs/include/vacuum_msgs/vacuum_msgs/msg/detail/robot_status__type_support.cpp
-- Installing: /home/adam/opk/zadanie2/install/vacuum_msgs/include/vacuum_msgs/vacuum_msgs/msg/detail/game_state__type_support.cpp
-- Installing: /home/adam/opk/zadanie2/install/vacuum_msgs/include/vacuum_msgs/vacuum_msgs/msg/detail/trash_count__rosidl_typesupport_introspection_cpp.hpp
-- Installing: /home/adam/opk/zadanie2/install/vacuum_msgs/include/vacuum_msgs/vacuum_msgs/msg/detail/trash_count__type_support.cpp
-- Installing: /home/adam/opk/zadanie2/install/vacuum_msgs/include/vacuum_msgs/vacuum_msgs/msg/detail/robot_status__rosidl_typesupport_introspection_cpp.hpp
-- Installing: /home/adam/opk/zadanie2/install/vacuum_msgs/lib/libvacuum_msgs__rosidl_typesupport_introspection_cpp.so
-- Set runtime path of "/home/adam/opk/zadanie2/install/vacuum_msgs/lib/libvacuum_msgs__rosidl_typesupport_introspection_cpp.so" to ""
-- Installing: /home/adam/opk/zadanie2/install/vacuum_msgs/lib/libvacuum_msgs__rosidl_typesupport_cpp.so
-- Set runtime path of "/home/adam/opk/zadanie2/install/vacuum_msgs/lib/libvacuum_msgs__rosidl_typesupport_cpp.so" to ""
-- Installing: /home/adam/opk/zadanie2/install/vacuum_msgs/share/vacuum_msgs/environment/pythonpath.sh
-- Installing: /home/adam/opk/zadanie2/install/vacuum_msgs/share/vacuum_msgs/environment/pythonpath.dsv
-- Installing: /home/adam/opk/zadanie2/install/vacuum_msgs/local/lib/python3.10/dist-packages/vacuum_msgs-0.1.0-py3.10.egg-info
-- Installing: /home/adam/opk/zadanie2/install/vacuum_msgs/local/lib/python3.10/dist-packages/vacuum_msgs-0.1.0-py3.10.egg-info/dependency_links.txt
-- Installing: /home/adam/opk/zadanie2/install/vacuum_msgs/local/lib/python3.10/dist-packages/vacuum_msgs-0.1.0-py3.10.egg-info/SOURCES.txt
-- Installing: /home/adam/opk/zadanie2/install/vacuum_msgs/local/lib/python3.10/dist-packages/vacuum_msgs-0.1.0-py3.10.egg-info/top_level.txt
-- Installing: /home/adam/opk/zadanie2/install/vacuum_msgs/local/lib/python3.10/dist-packages/vacuum_msgs-0.1.0-py3.10.egg-info/PKG-INFO
-- Installing: /home/adam/opk/zadanie2/install/vacuum_msgs/local/lib/python3.10/dist-packages/vacuum_msgs
-- Installing: /home/adam/opk/zadanie2/install/vacuum_msgs/local/lib/python3.10/dist-packages/vacuum_msgs/_vacuum_msgs_s.ep.rosidl_typesupport_c.c
-- Installing: /home/adam/opk/zadanie2/install/vacuum_msgs/local/lib/python3.10/dist-packages/vacuum_msgs/_vacuum_msgs_s.ep.rosidl_typesupport_fastrtps_c.c
-- Installing: /home/adam/opk/zadanie2/install/vacuum_msgs/local/lib/python3.10/dist-packages/vacuum_msgs/__init__.py
-- Installing: /home/adam/opk/zadanie2/install/vacuum_msgs/local/lib/python3.10/dist-packages/vacuum_msgs/srv
-- Installing: /home/adam/opk/zadanie2/install/vacuum_msgs/local/lib/python3.10/dist-packages/vacuum_msgs/srv/_collect_trash_s.c
-- Installing: /home/adam/opk/zadanie2/install/vacuum_msgs/local/lib/python3.10/dist-packages/vacuum_msgs/srv/_unload_trash_s.c
-- Installing: /home/adam/opk/zadanie2/install/vacuum_msgs/local/lib/python3.10/dist-packages/vacuum_msgs/srv/__init__.py
-- Installing: /home/adam/opk/zadanie2/install/vacuum_msgs/local/lib/python3.10/dist-packages/vacuum_msgs/srv/_unload_trash.py
-- Installing: /home/adam/opk/zadanie2/install/vacuum_msgs/local/lib/python3.10/dist-packages/vacuum_msgs/srv/_reset_game_s.c
-- Installing: /home/adam/opk/zadanie2/install/vacuum_msgs/local/lib/python3.10/dist-packages/vacuum_msgs/srv/_collect_trash.py
-- Installing: /home/adam/opk/zadanie2/install/vacuum_msgs/local/lib/python3.10/dist-packages/vacuum_msgs/srv/_reset_game.py
-- Installing: /home/adam/opk/zadanie2/install/vacuum_msgs/local/lib/python3.10/dist-packages/vacuum_msgs/vacuum_msgs_s__rosidl_typesupport_c.cpython-310-x86_64-linux-gnu.so
-- Installing: /home/adam/opk/zadanie2/install/vacuum_msgs/local/lib/python3.10/dist-packages/vacuum_msgs/vacuum_msgs_s__rosidl_typesupport_fastrtps_c.cpython-310-x86_64-linux-gnu.so
-- Installing: /home/adam/opk/zadanie2/install/vacuum_msgs/local/lib/python3.10/dist-packages/vacuum_msgs/vacuum_msgs_s__rosidl_typesupport_introspection_c.cpython-310-x86_64-linux-gnu.so
-- Installing: /home/adam/opk/zadanie2/install/vacuum_msgs/local/lib/python3.10/dist-packages/vacuum_msgs/libvacuum_msgs__rosidl_generator_py.so
-- Installing: /home/adam/opk/zadanie2/install/vacuum_msgs/local/lib/python3.10/dist-packages/vacuum_msgs/msg
-- Installing: /home/adam/opk/zadanie2/install/vacuum_msgs/local/lib/python3.10/dist-packages/vacuum_msgs/msg/_robot_status.py
-- Installing: /home/adam/opk/zadanie2/install/vacuum_msgs/local/lib/python3.10/dist-packages/vacuum_msgs/msg/_robot_status_s.c
-- Installing: /home/adam/opk/zadanie2/install/vacuum_msgs/local/lib/python3.10/dist-packages/vacuum_msgs/msg/_trash_count_s.c
-- Installing: /home/adam/opk/zadanie2/install/vacuum_msgs/local/lib/python3.10/dist-packages/vacuum_msgs/msg/__init__.py
-- Installing: /home/adam/opk/zadanie2/install/vacuum_msgs/local/lib/python3.10/dist-packages/vacuum_msgs/msg/_trash_item_s.c
-- Installing: /home/adam/opk/zadanie2/install/vacuum_msgs/local/lib/python3.10/dist-packages/vacuum_msgs/msg/_trash_count.py
-- Installing: /home/adam/opk/zadanie2/install/vacuum_msgs/local/lib/python3.10/dist-packages/vacuum_msgs/msg/_game_state.py
-- Installing: /home/adam/opk/zadanie2/install/vacuum_msgs/local/lib/python3.10/dist-packages/vacuum_msgs/msg/_trash_item.py
-- Installing: /home/adam/opk/zadanie2/install/vacuum_msgs/local/lib/python3.10/dist-packages/vacuum_msgs/msg/_game_state_s.c
-- Installing: /home/adam/opk/zadanie2/install/vacuum_msgs/local/lib/python3.10/dist-packages/vacuum_msgs/_vacuum_msgs_s.ep.rosidl_typesupport_introspection_c.c
Listing '/home/adam/opk/zadanie2/install/vacuum_msgs/local/lib/python3.10/dist-packages/vacuum_msgs'...
Compiling '/home/adam/opk/zadanie2/install/vacuum_msgs/local/lib/python3.10/dist-packages/vacuum_msgs/__init__.py'...
Listing '/home/adam/opk/zadanie2/install/vacuum_msgs/local/lib/python3.10/dist-packages/vacuum_msgs/msg'...
Compiling '/home/adam/opk/zadanie2/install/vacuum_msgs/local/lib/python3.10/dist-packages/vacuum_msgs/msg/__init__.py'...
Compiling '/home/adam/opk/zadanie2/install/vacuum_msgs/local/lib/python3.10/dist-packages/vacuum_msgs/msg/_game_state.py'...
Compiling '/home/adam/opk/zadanie2/install/vacuum_msgs/local/lib/python3.10/dist-packages/vacuum_msgs/msg/_robot_status.py'...
Compiling '/home/adam/opk/zadanie2/install/vacuum_msgs/local/lib/python3.10/dist-packages/vacuum_msgs/msg/_trash_count.py'...
Compiling '/home/adam/opk/zadanie2/install/vacuum_msgs/local/lib/python3.10/dist-packages/vacuum_msgs/msg/_trash_item.py'...
Listing '/home/adam/opk/zadanie2/install/vacuum_msgs/local/lib/python3.10/dist-packages/vacuum_msgs/srv'...
Compiling '/home/adam/opk/zadanie2/install/vacuum_msgs/local/lib/python3.10/dist-packages/vacuum_msgs/srv/__init__.py'...
Compiling '/home/adam/opk/zadanie2/install/vacuum_msgs/local/lib/python3.10/dist-packages/vacuum_msgs/srv/_collect_trash.py'...
Compiling '/home/adam/opk/zadanie2/install/vacuum_msgs/local/lib/python3.10/dist-packages/vacuum_msgs/srv/_reset_game.py'...
Compiling '/home/adam/opk/zadanie2/install/vacuum_msgs/local/lib/python3.10/dist-packages/vacuum_msgs/srv/_unload_trash.py'...
-- Installing: /home/adam/opk/zadanie2/install/vacuum_msgs/local/lib/python3.10/dist-packages/vacuum_msgs/vacuum_msgs_s__rosidl_typesupport_fastrtps_c.cpython-310-x86_64-linux-gnu.so
-- Set runtime path of "/home/adam/opk/zadanie2/install/vacuum_msgs/local/lib/python3.10/dist-packages/vacuum_msgs/vacuum_msgs_s__rosidl_typesupport_fastrtps_c.cpython-310-x86_64-linux-gnu.so" to ""
-- Installing: /home/adam/opk/zadanie2/install/vacuum_msgs/local/lib/python3.10/dist-packages/vacuum_msgs/vacuum_msgs_s__rosidl_typesupport_introspection_c.cpython-310-x86_64-linux-gnu.so
-- Set runtime path of "/home/adam/opk/zadanie2/install/vacuum_msgs/local/lib/python3.10/dist-packages/vacuum_msgs/vacuum_msgs_s__rosidl_typesupport_introspection_c.cpython-310-x86_64-linux-gnu.so" to ""
-- Installing: /home/adam/opk/zadanie2/install/vacuum_msgs/local/lib/python3.10/dist-packages/vacuum_msgs/vacuum_msgs_s__rosidl_typesupport_c.cpython-310-x86_64-linux-gnu.so
-- Set runtime path of "/home/adam/opk/zadanie2/install/vacuum_msgs/local/lib/python3.10/dist-packages/vacuum_msgs/vacuum_msgs_s__rosidl_typesupport_c.cpython-310-x86_64-linux-gnu.so" to ""
-- Installing: /home/adam/opk/zadanie2/install/vacuum_msgs/lib/libvacuum_msgs__rosidl_generator_py.so
-- Set runtime path of "/home/adam/opk/zadanie2/install/vacuum_msgs/lib/libvacuum_msgs__rosidl_generator_py.so" to ""
-- Installing: /home/adam/opk/zadanie2/install/vacuum_msgs/share/vacuum_msgs/msg/TrashItem.idl
-- Installing: /home/adam/opk/zadanie2/install/vacuum_msgs/share/vacuum_msgs/msg/TrashCount.idl
-- Installing: /home/adam/opk/zadanie2/install/vacuum_msgs/share/vacuum_msgs/msg/RobotStatus.idl
-- Installing: /home/adam/opk/zadanie2/install/vacuum_msgs/share/vacuum_msgs/msg/GameState.idl
-- Installing: /home/adam/opk/zadanie2/install/vacuum_msgs/share/vacuum_msgs/srv/CollectTrash.idl
-- Installing: /home/adam/opk/zadanie2/install/vacuum_msgs/share/vacuum_msgs/srv/UnloadTrash.idl
-- Installing: /home/adam/opk/zadanie2/install/vacuum_msgs/share/vacuum_msgs/srv/ResetGame.idl
-- Installing: /home/adam/opk/zadanie2/install/vacuum_msgs/share/vacuum_msgs/msg/TrashItem.msg
-- Installing: /home/adam/opk/zadanie2/install/vacuum_msgs/share/vacuum_msgs/msg/TrashCount.msg
-- Installing: /home/adam/opk/zadanie2/install/vacuum_msgs/share/vacuum_msgs/msg/RobotStatus.msg
-- Installing: /home/adam/opk/zadanie2/install/vacuum_msgs/share/vacuum_msgs/msg/GameState.msg
-- Installing: /home/adam/opk/zadanie2/install/vacuum_msgs/share/vacuum_msgs/srv/CollectTrash.srv
-- Installing: /home/adam/opk/zadanie2/install/vacuum_msgs/share/vacuum_msgs/srv/CollectTrash_Request.msg
-- Installing: /home/adam/opk/zadanie2/install/vacuum_msgs/share/vacuum_msgs/srv/CollectTrash_Response.msg
-- Installing: /home/adam/opk/zadanie2/install/vacuum_msgs/share/vacuum_msgs/srv/UnloadTrash.srv
-- Installing: /home/adam/opk/zadanie2/install/vacuum_msgs/share/vacuum_msgs/srv/UnloadTrash_Request.msg
-- Installing: /home/adam/opk/zadanie2/install/vacuum_msgs/share/vacuum_msgs/srv/UnloadTrash_Response.msg
-- Installing: /home/adam/opk/zadanie2/install/vacuum_msgs/share/vacuum_msgs/srv/ResetGame.srv
-- Installing: /home/adam/opk/zadanie2/install/vacuum_msgs/share/vacuum_msgs/srv/ResetGame_Request.msg
-- Installing: /home/adam/opk/zadanie2/install/vacuum_msgs/share/vacuum_msgs/srv/ResetGame_Response.msg
-- Installing: /home/adam/opk/zadanie2/install/vacuum_msgs/share/ament_index/resource_index/package_run_dependencies/vacuum_msgs
-- Installing: /home/adam/opk/zadanie2/install/vacuum_msgs/share/ament_index/resource_index/parent_prefix_path/vacuum_msgs
-- Installing: /home/adam/opk/zadanie2/install/vacuum_msgs/share/vacuum_msgs/environment/ament_prefix_path.sh
-- Installing: /home/adam/opk/zadanie2/install/vacuum_msgs/share/vacuum_msgs/environment/ament_prefix_path.dsv
-- Installing: /home/adam/opk/zadanie2/install/vacuum_msgs/share/vacuum_msgs/environment/path.sh
-- Installing: /home/adam/opk/zadanie2/install/vacuum_msgs/share/vacuum_msgs/environment/path.dsv
-- Installing: /home/adam/opk/zadanie2/install/vacuum_msgs/share/vacuum_msgs/local_setup.bash
-- Installing: /home/adam/opk/zadanie2/install/vacuum_msgs/share/vacuum_msgs/local_setup.sh
-- Installing: /home/adam/opk/zadanie2/install/vacuum_msgs/share/vacuum_msgs/local_setup.zsh
-- Installing: /home/adam/opk/zadanie2/install/vacuum_msgs/share/vacuum_msgs/local_setup.dsv
-- Installing: /home/adam/opk/zadanie2/install/vacuum_msgs/share/vacuum_msgs/package.dsv
-- Installing: /home/adam/opk/zadanie2/install/vacuum_msgs/share/ament_index/resource_index/packages/vacuum_msgs
-- Installing: /home/adam/opk/zadanie2/install/vacuum_msgs/share/vacuum_msgs/cmake/export_vacuum_msgs__rosidl_generator_cExport.cmake
-- Installing: /home/adam/opk/zadanie2/install/vacuum_msgs/share/vacuum_msgs/cmake/export_vacuum_msgs__rosidl_generator_cExport-noconfig.cmake
-- Installing: /home/adam/opk/zadanie2/install/vacuum_msgs/share/vacuum_msgs/cmake/export_vacuum_msgs__rosidl_typesupport_fastrtps_cExport.cmake
-- Installing: /home/adam/opk/zadanie2/install/vacuum_msgs/share/vacuum_msgs/cmake/export_vacuum_msgs__rosidl_typesupport_fastrtps_cExport-noconfig.cmake
-- Installing: /home/adam/opk/zadanie2/install/vacuum_msgs/share/vacuum_msgs/cmake/vacuum_msgs__rosidl_typesupport_introspection_cExport.cmake
-- Installing: /home/adam/opk/zadanie2/install/vacuum_msgs/share/vacuum_msgs/cmake/vacuum_msgs__rosidl_typesupport_introspection_cExport-noconfig.cmake
-- Installing: /home/adam/opk/zadanie2/install/vacuum_msgs/share/vacuum_msgs/cmake/vacuum_msgs__rosidl_typesupport_cExport.cmake
-- Installing: /home/adam/opk/zadanie2/install/vacuum_msgs/share/vacuum_msgs/cmake/vacuum_msgs__rosidl_typesupport_cExport-noconfig.cmake
-- Installing: /home/adam/opk/zadanie2/install/vacuum_msgs/share/vacuum_msgs/cmake/export_vacuum_msgs__rosidl_generator_cppExport.cmake
-- Installing: /home/adam/opk/zadanie2/install/vacuum_msgs/share/vacuum_msgs/cmake/export_vacuum_msgs__rosidl_typesupport_fastrtps_cppExport.cmake
-- Installing: /home/adam/opk/zadanie2/install/vacuum_msgs/share/vacuum_msgs/cmake/export_vacuum_msgs__rosidl_typesupport_fastrtps_cppExport-noconfig.cmake
-- Installing: /home/adam/opk/zadanie2/install/vacuum_msgs/share/vacuum_msgs/cmake/vacuum_msgs__rosidl_typesupport_introspection_cppExport.cmake
-- Installing: /home/adam/opk/zadanie2/install/vacuum_msgs/share/vacuum_msgs/cmake/vacuum_msgs__rosidl_typesupport_introspection_cppExport-noconfig.cmake
-- Installing: /home/adam/opk/zadanie2/install/vacuum_msgs/share/vacuum_msgs/cmake/vacuum_msgs__rosidl_typesupport_cppExport.cmake
-- Installing: /home/adam/opk/zadanie2/install/vacuum_msgs/share/vacuum_msgs/cmake/vacuum_msgs__rosidl_typesupport_cppExport-noconfig.cmake
-- Installing: /home/adam/opk/zadanie2/install/vacuum_msgs/share/vacuum_msgs/cmake/export_vacuum_msgs__rosidl_generator_pyExport.cmake
-- Installing: /home/adam/opk/zadanie2/install/vacuum_msgs/share/vacuum_msgs/cmake/export_vacuum_msgs__rosidl_generator_pyExport-noconfig.cmake
-- Installing: /home/adam/opk/zadanie2/install/vacuum_msgs/share/vacuum_msgs/cmake/rosidl_cmake-extras.cmake
-- Installing: /home/adam/opk/zadanie2/install/vacuum_msgs/share/vacuum_msgs/cmake/ament_cmake_export_dependencies-extras.cmake
-- Installing: /home/adam/opk/zadanie2/install/vacuum_msgs/share/vacuum_msgs/cmake/ament_cmake_export_include_directories-extras.cmake
-- Installing: /home/adam/opk/zadanie2/install/vacuum_msgs/share/vacuum_msgs/cmake/ament_cmake_export_libraries-extras.cmake
-- Installing: /home/adam/opk/zadanie2/install/vacuum_msgs/share/vacuum_msgs/cmake/ament_cmake_export_targets-extras.cmake
-- Installing: /home/adam/opk/zadanie2/install/vacuum_msgs/share/vacuum_msgs/cmake/rosidl_cmake_export_typesupport_targets-extras.cmake
-- Installing: /home/adam/opk/zadanie2/install/vacuum_msgs/share/vacuum_msgs/cmake/rosidl_cmake_export_typesupport_libraries-extras.cmake
-- Installing: /home/adam/opk/zadanie2/install/vacuum_msgs/share/vacuum_msgs/cmake/vacuum_msgsConfig.cmake
-- Installing: /home/adam/opk/zadanie2/install/vacuum_msgs/share/vacuum_msgs/cmake/vacuum_msgsConfig-version.cmake
-- Installing: /home/adam/opk/zadanie2/install/vacuum_msgs/share/vacuum_msgs/package.xml
