[0.010s] Invoking command in '/home/adam/opk/zadanie2/build/vacuum_robot': AMENT_PREFIX_PATH=/home/adam/opk/zadanie2/install/vacuum_msgs:/home/adam/opk/zadanie2/install/vacuum_core:${AMENT_PREFIX_PATH} CMAKE_PREFIX_PATH=/home/adam/opk/zadanie2/install/vacuum_msgs:/home/adam/opk/zadanie2/install/vacuum_core:/home/adam/rrm_ws/install/zadanie5_model:/home/adam/rrm_ws/install/zad6ik:/home/adam/rrm_ws/install/zad6fk:/home/adam/rrm_ws/install/zad4:/home/adam/rrm_ws/install/zad1:/home/adam/rrm_ws/install/rrm_simple_robot_model:/home/adam/rrm_ws/install/rrm_sim:/home/adam/rrm_ws/install/rrm_projekt:/home/adam/rrm_ws/install/block1_elias:/home/adam/rrm_ws/install/rrm_msgs:/home/adam/rrm_ws/install/cv1:/opt/ros/humble LD_LIBRARY_PATH=/home/adam/opk/zadanie2/install/vacuum_msgs/lib:/home/adam/opk/zadanie2/install/vacuum_core/lib:${LD_LIBRARY_PATH} PYTHONPATH=/home/adam/opk/zadanie2/install/vacuum_msgs/local/lib/python3.10/dist-packages:${PYTHONPATH} /usr/bin/cmake --build /home/adam/opk/zadanie2/build/vacuum_robot -- -j12 -l12
[0.042s] Consolidate compiler generated dependencies of target robot_node
[0.053s] [ 25%] Building CXX object CMakeFiles/robot_node.dir/src/robot_node.cpp.o
[0.109s] Consolidate compiler generated dependencies of target lidar_node
[0.124s] [ 75%] Built target lidar_node
[8.919s] [100%] Linking CXX executable robot_node
[9.631s] [100%] Built target robot_node
[9.640s] Invoked command in '/home/adam/opk/zadanie2/build/vacuum_robot' returned '0': AMENT_PREFIX_PATH=/home/adam/opk/zadanie2/install/vacuum_msgs:/home/adam/opk/zadanie2/install/vacuum_core:${AMENT_PREFIX_PATH} CMAKE_PREFIX_PATH=/home/adam/opk/zadanie2/install/vacuum_msgs:/home/adam/opk/zadanie2/install/vacuum_core:/home/adam/rrm_ws/install/zadanie5_model:/home/adam/rrm_ws/install/zad6ik:/home/adam/rrm_ws/install/zad6fk:/home/adam/rrm_ws/install/zad4:/home/adam/rrm_ws/install/zad1:/home/adam/rrm_ws/install/rrm_simple_robot_model:/home/adam/rrm_ws/install/rrm_sim:/home/adam/rrm_ws/install/rrm_projekt:/home/adam/rrm_ws/install/block1_elias:/home/adam/rrm_ws/install/rrm_msgs:/home/adam/rrm_ws/install/cv1:/opt/ros/humble LD_LIBRARY_PATH=/home/adam/opk/zadanie2/install/vacuum_msgs/lib:/home/adam/opk/zadanie2/install/vacuum_core/lib:${LD_LIBRARY_PATH} PYTHONPATH=/home/adam/opk/zadanie2/install/vacuum_msgs/local/lib/python3.10/dist-packages:${PYTHONPATH} /usr/bin/cmake --build /home/adam/opk/zadanie2/build/vacuum_robot -- -j12 -l12
[9.641s] Invoking command in '/home/adam/opk/zadanie2/build/vacuum_robot': AMENT_PREFIX_PATH=/home/adam/opk/zadanie2/install/vacuum_msgs:/home/adam/opk/zadanie2/install/vacuum_core:${AMENT_PREFIX_PATH} CMAKE_PREFIX_PATH=/home/adam/opk/zadanie2/install/vacuum_msgs:/home/adam/opk/zadanie2/install/vacuum_core:/home/adam/rrm_ws/install/zadanie5_model:/home/adam/rrm_ws/install/zad6ik:/home/adam/rrm_ws/install/zad6fk:/home/adam/rrm_ws/install/zad4:/home/adam/rrm_ws/install/zad1:/home/adam/rrm_ws/install/rrm_simple_robot_model:/home/adam/rrm_ws/install/rrm_sim:/home/adam/rrm_ws/install/rrm_projekt:/home/adam/rrm_ws/install/block1_elias:/home/adam/rrm_ws/install/rrm_msgs:/home/adam/rrm_ws/install/cv1:/opt/ros/humble LD_LIBRARY_PATH=/home/adam/opk/zadanie2/install/vacuum_msgs/lib:/home/adam/opk/zadanie2/install/vacuum_core/lib:${LD_LIBRARY_PATH} PYTHONPATH=/home/adam/opk/zadanie2/install/vacuum_msgs/local/lib/python3.10/dist-packages:${PYTHONPATH} /usr/bin/cmake --install /home/adam/opk/zadanie2/build/vacuum_robot
[9.646s] -- Install configuration: ""
[9.646s] -- Execute custom install script
[9.646s] -- Up-to-date symlink: /home/adam/opk/zadanie2/install/vacuum_robot/lib/vacuum_robot/robot_node
[9.647s] -- Up-to-date symlink: /home/adam/opk/zadanie2/install/vacuum_robot/lib/vacuum_robot/lidar_node
[9.647s] -- Up-to-date symlink: /home/adam/opk/zadanie2/install/vacuum_robot/share/ament_index/resource_index/package_run_dependencies/vacuum_robot
[9.647s] -- Up-to-date symlink: /home/adam/opk/zadanie2/install/vacuum_robot/share/ament_index/resource_index/parent_prefix_path/vacuum_robot
[9.647s] -- Up-to-date symlink: /home/adam/opk/zadanie2/install/vacuum_robot/share/vacuum_robot/environment/ament_prefix_path.sh
[9.647s] -- Up-to-date symlink: /home/adam/opk/zadanie2/install/vacuum_robot/share/vacuum_robot/environment/ament_prefix_path.dsv
[9.647s] -- Up-to-date symlink: /home/adam/opk/zadanie2/install/vacuum_robot/share/vacuum_robot/environment/path.sh
[9.647s] -- Up-to-date symlink: /home/adam/opk/zadanie2/install/vacuum_robot/share/vacuum_robot/environment/path.dsv
[9.647s] -- Up-to-date symlink: /home/adam/opk/zadanie2/install/vacuum_robot/share/vacuum_robot/local_setup.bash
[9.647s] -- Up-to-date symlink: /home/adam/opk/zadanie2/install/vacuum_robot/share/vacuum_robot/local_setup.sh
[9.647s] -- Up-to-date symlink: /home/adam/opk/zadanie2/install/vacuum_robot/share/vacuum_robot/local_setup.zsh
[9.647s] -- Up-to-date symlink: /home/adam/opk/zadanie2/install/vacuum_robot/share/vacuum_robot/local_setup.dsv
[9.648s] -- Symlinking: /home/adam/opk/zadanie2/install/vacuum_robot/share/vacuum_robot/package.dsv
[9.652s] -- Up-to-date symlink: /home/adam/opk/zadanie2/install/vacuum_robot/share/ament_index/resource_index/packages/vacuum_robot
[9.653s] -- Up-to-date symlink: /home/adam/opk/zadanie2/install/vacuum_robot/share/vacuum_robot/cmake/vacuum_robotConfig.cmake
[9.653s] -- Up-to-date symlink: /home/adam/opk/zadanie2/install/vacuum_robot/share/vacuum_robot/cmake/vacuum_robotConfig-version.cmake
[9.653s] -- Up-to-date symlink: /home/adam/opk/zadanie2/install/vacuum_robot/share/vacuum_robot/package.xml
[9.654s] Invoked command in '/home/adam/opk/zadanie2/build/vacuum_robot' returned '0': AMENT_PREFIX_PATH=/home/adam/opk/zadanie2/install/vacuum_msgs:/home/adam/opk/zadanie2/install/vacuum_core:${AMENT_PREFIX_PATH} CMAKE_PREFIX_PATH=/home/adam/opk/zadanie2/install/vacuum_msgs:/home/adam/opk/zadanie2/install/vacuum_core:/home/adam/rrm_ws/install/zadanie5_model:/home/adam/rrm_ws/install/zad6ik:/home/adam/rrm_ws/install/zad6fk:/home/adam/rrm_ws/install/zad4:/home/adam/rrm_ws/install/zad1:/home/adam/rrm_ws/install/rrm_simple_robot_model:/home/adam/rrm_ws/install/rrm_sim:/home/adam/rrm_ws/install/rrm_projekt:/home/adam/rrm_ws/install/block1_elias:/home/adam/rrm_ws/install/rrm_msgs:/home/adam/rrm_ws/install/cv1:/opt/ros/humble LD_LIBRARY_PATH=/home/adam/opk/zadanie2/install/vacuum_msgs/lib:/home/adam/opk/zadanie2/install/vacuum_core/lib:${LD_LIBRARY_PATH} PYTHONPATH=/home/adam/opk/zadanie2/install/vacuum_msgs/local/lib/python3.10/dist-packages:${PYTHONPATH} /usr/bin/cmake --install /home/adam/opk/zadanie2/build/vacuum_robot
